<?xml version="1.0" encoding="UTF-8"?>
<coverage generated="1582568128142" clover="3.2.0">
  <project timestamp="1582568128142" name="All files">
    <metrics statements="200" coveredstatements="181" conditionals="83" coveredconditionals="54" methods="27" coveredmethods="21" elements="310" coveredelements="256" complexity="0" loc="200" ncloc="200" packages="2" files="14" classes="14"/>
    <package name="lib">
      <metrics statements="81" coveredstatements="72" conditionals="34" coveredconditionals="20" methods="13" coveredmethods="10"/>
      <file name="messages.js" path="/Users/kevinries/Development/Fachwerk/weave/weave/packages/validator/lib/messages.js">
        <metrics statements="1" coveredstatements="1" conditionals="0" coveredconditionals="0" methods="0" coveredmethods="0"/>
        <line num="1" count="11" type="stmt"/>
      </file>
      <file name="validator.js" path="/Users/kevinries/Development/Fachwerk/weave/weave/packages/validator/lib/validator.js">
        <metrics statements="80" coveredstatements="71" conditionals="34" coveredconditionals="20" methods="13" coveredmethods="10"/>
        <line num="1" count="11" type="stmt"/>
        <line num="2" count="11" type="stmt"/>
        <line num="3" count="11" type="stmt"/>
        <line num="5" count="11" type="stmt"/>
        <line num="8" count="46" type="stmt"/>
        <line num="9" count="46" type="stmt"/>
        <line num="10" count="46" type="stmt"/>
        <line num="12" count="46" type="stmt"/>
        <line num="14" count="244" type="stmt"/>
        <line num="19" count="244" type="cond" truecount="1" falsecount="1"/>
        <line num="20" count="0" type="stmt"/>
        <line num="22" count="244" type="stmt"/>
        <line num="25" count="244" type="cond" truecount="2" falsecount="0"/>
        <line num="26" count="14" type="stmt"/>
        <line num="29" count="244" type="cond" truecount="2" falsecount="0"/>
        <line num="30" count="235" type="stmt"/>
        <line num="32" count="244" type="stmt"/>
        <line num="33" count="981" type="stmt"/>
        <line num="36" count="244" type="stmt"/>
        <line num="73" count="113" type="cond" truecount="2" falsecount="0"/>
        <line num="74" count="3" type="stmt"/>
        <line num="79" count="113" type="stmt"/>
        <line num="81" count="113" type="cond" truecount="1" falsecount="1"/>
        <line num="82" count="0" type="stmt"/>
        <line num="85" count="113" type="stmt"/>
        <line num="92" count="113" type="stmt"/>
        <line num="94" count="113" type="stmt"/>
        <line num="96" count="113" type="cond" truecount="1" falsecount="1"/>
        <line num="99" count="113" type="stmt"/>
        <line num="100" count="113" type="stmt"/>
        <line num="101" count="113" type="stmt"/>
        <line num="103" count="113" type="stmt"/>
        <line num="105" count="113" type="cond" truecount="2" falsecount="0"/>
        <line num="106" count="111" type="stmt"/>
        <line num="107" count="111" type="stmt"/>
        <line num="109" count="2" type="stmt"/>
        <line num="113" count="113" type="stmt"/>
        <line num="116" count="46" type="cond" truecount="1" falsecount="1"/>
        <line num="117" count="0" type="stmt"/>
        <line num="120" count="46" type="stmt"/>
        <line num="122" count="46" type="stmt"/>
        <line num="128" count="46" type="stmt"/>
        <line num="134" count="46" type="cond" truecount="1" falsecount="1"/>
        <line num="137" count="46" type="stmt"/>
        <line num="138" count="46" type="stmt"/>
        <line num="144" count="46" type="stmt"/>
        <line num="145" count="46" type="stmt"/>
        <line num="147" count="46" type="stmt"/>
        <line num="148" count="46" type="stmt"/>
        <line num="160" count="46" type="stmt"/>
        <line num="161" count="46" type="stmt"/>
        <line num="163" count="46" type="stmt"/>
        <line num="164" count="46" type="stmt"/>
        <line num="166" count="46" type="stmt"/>
        <line num="167" count="46" type="stmt"/>
        <line num="169" count="46" type="stmt"/>
        <line num="175" count="113" type="stmt"/>
        <line num="176" count="113" type="cond" truecount="1" falsecount="1"/>
        <line num="178" count="113" type="stmt"/>
        <line num="181" count="113" type="cond" truecount="1" falsecount="1"/>
        <line num="182" count="0" type="cond" truecount="0" falsecount="4"/>
        <line num="183" count="0" type="stmt"/>
        <line num="186" count="113" type="cond" truecount="2" falsecount="2"/>
        <line num="187" count="0" type="stmt"/>
        <line num="189" count="113" type="stmt"/>
        <line num="193" count="113" type="stmt"/>
        <line num="195" count="113" type="cond" truecount="2" falsecount="0"/>
        <line num="196" count="111" type="stmt"/>
        <line num="199" count="113" type="stmt"/>
        <line num="201" count="113" type="stmt"/>
        <line num="205" count="46" type="stmt"/>
        <line num="206" count="552" type="stmt"/>
        <line num="207" count="552" type="stmt"/>
        <line num="269" count="46" type="stmt"/>
        <line num="272" count="0" type="stmt"/>
        <line num="273" count="0" type="stmt"/>
        <line num="276" count="1" type="cond" truecount="1" falsecount="1"/>
        <line num="277" count="0" type="stmt"/>
        <line num="279" count="1" type="stmt"/>
        <line num="284" count="11" type="stmt"/>
      </file>
    </package>
    <package name="lib.rules">
      <metrics statements="119" coveredstatements="109" conditionals="49" coveredconditionals="34" methods="14" coveredmethods="11"/>
      <file name="any.js" path="/Users/kevinries/Development/Fachwerk/weave/weave/packages/validator/lib/rules/any.js">
        <metrics statements="2" coveredstatements="2" conditionals="0" coveredconditionals="0" methods="1" coveredmethods="1"/>
        <line num="1" count="11" type="stmt"/>
        <line num="2" count="1" type="stmt"/>
      </file>
      <file name="array.js" path="/Users/kevinries/Development/Fachwerk/weave/weave/packages/validator/lib/rules/array.js">
        <metrics statements="16" coveredstatements="16" conditionals="8" coveredconditionals="8" methods="1" coveredmethods="1"/>
        <line num="1" count="11" type="stmt"/>
        <line num="2" count="9" type="stmt"/>
        <line num="4" count="9" type="stmt"/>
        <line num="13" count="9" type="cond" truecount="2" falsecount="0"/>
        <line num="14" count="1" type="stmt"/>
        <line num="21" count="9" type="cond" truecount="2" falsecount="0"/>
        <line num="22" count="2" type="stmt"/>
        <line num="29" count="9" type="cond" truecount="2" falsecount="0"/>
        <line num="30" count="2" type="stmt"/>
        <line num="37" count="9" type="cond" truecount="2" falsecount="0"/>
        <line num="38" count="2" type="stmt"/>
        <line num="44" count="2" type="stmt"/>
        <line num="45" count="2" type="stmt"/>
        <line num="46" count="2" type="stmt"/>
        <line num="51" count="9" type="stmt"/>
        <line num="55" count="9" type="stmt"/>
      </file>
      <file name="boolean.js" path="/Users/kevinries/Development/Fachwerk/weave/weave/packages/validator/lib/rules/boolean.js">
        <metrics statements="9" coveredstatements="9" conditionals="2" coveredconditionals="2" methods="1" coveredmethods="1"/>
        <line num="1" count="11" type="stmt"/>
        <line num="2" count="8" type="stmt"/>
        <line num="3" count="8" type="stmt"/>
        <line num="5" count="8" type="cond" truecount="2" falsecount="0"/>
        <line num="6" count="7" type="stmt"/>
        <line num="7" count="7" type="stmt"/>
        <line num="18" count="8" type="stmt"/>
        <line num="25" count="8" type="stmt"/>
        <line num="29" count="8" type="stmt"/>
      </file>
      <file name="custom.js" path="/Users/kevinries/Development/Fachwerk/weave/weave/packages/validator/lib/rules/custom.js">
        <metrics statements="2" coveredstatements="1" conditionals="0" coveredconditionals="0" methods="1" coveredmethods="0"/>
        <line num="1" count="11" type="stmt"/>
        <line num="2" count="0" type="stmt"/>
      </file>
      <file name="date.js" path="/Users/kevinries/Development/Fachwerk/weave/weave/packages/validator/lib/rules/date.js">
        <metrics statements="9" coveredstatements="9" conditionals="2" coveredconditionals="2" methods="1" coveredmethods="1"/>
        <line num="1" count="11" type="stmt"/>
        <line num="2" count="4" type="stmt"/>
        <line num="3" count="4" type="stmt"/>
        <line num="5" count="4" type="stmt"/>
        <line num="9" count="4" type="cond" truecount="2" falsecount="0"/>
        <line num="10" count="1" type="stmt"/>
        <line num="11" count="1" type="stmt"/>
        <line num="18" count="4" type="stmt"/>
        <line num="25" count="4" type="stmt"/>
      </file>
      <file name="email.js" path="/Users/kevinries/Development/Fachwerk/weave/weave/packages/validator/lib/rules/email.js">
        <metrics statements="8" coveredstatements="8" conditionals="2" coveredconditionals="1" methods="1" coveredmethods="1"/>
        <line num="2" count="11" type="stmt"/>
        <line num="3" count="11" type="stmt"/>
        <line num="5" count="11" type="stmt"/>
        <line num="6" count="3" type="stmt"/>
        <line num="7" count="3" type="cond" truecount="1" falsecount="1"/>
        <line num="9" count="3" type="stmt"/>
        <line num="16" count="3" type="stmt"/>
        <line num="23" count="3" type="stmt"/>
      </file>
      <file name="enum.js" path="/Users/kevinries/Development/Fachwerk/weave/weave/packages/validator/lib/rules/enum.js">
        <metrics statements="3" coveredstatements="3" conditionals="2" coveredconditionals="1" methods="1" coveredmethods="1"/>
        <line num="1" count="11" type="stmt"/>
        <line num="2" count="2" type="cond" truecount="1" falsecount="1"/>
        <line num="4" count="2" type="stmt"/>
      </file>
      <file name="forbidden.js" path="/Users/kevinries/Development/Fachwerk/weave/weave/packages/validator/lib/rules/forbidden.js">
        <metrics statements="4" coveredstatements="1" conditionals="4" coveredconditionals="0" methods="1" coveredmethods="0"/>
        <line num="1" count="11" type="stmt"/>
        <line num="2" count="0" type="cond" truecount="0" falsecount="4"/>
        <line num="3" count="0" type="stmt"/>
        <line num="5" count="0" type="stmt"/>
      </file>
      <file name="number.js" path="/Users/kevinries/Development/Fachwerk/weave/weave/packages/validator/lib/rules/number.js">
        <metrics statements="17" coveredstatements="17" conditionals="10" coveredconditionals="10" methods="1" coveredmethods="1"/>
        <line num="1" count="11" type="stmt"/>
        <line num="2" count="14" type="stmt"/>
        <line num="3" count="14" type="stmt"/>
        <line num="5" count="14" type="cond" truecount="2" falsecount="0"/>
        <line num="6" count="7" type="stmt"/>
        <line num="7" count="7" type="stmt"/>
        <line num="14" count="14" type="stmt"/>
        <line num="21" count="14" type="cond" truecount="2" falsecount="0"/>
        <line num="22" count="1" type="stmt"/>
        <line num="30" count="14" type="cond" truecount="2" falsecount="0"/>
        <line num="31" count="1" type="stmt"/>
        <line num="39" count="14" type="cond" truecount="2" falsecount="0"/>
        <line num="40" count="1" type="stmt"/>
        <line num="48" count="14" type="cond" truecount="2" falsecount="0"/>
        <line num="49" count="1" type="stmt"/>
        <line num="57" count="14" type="stmt"/>
        <line num="61" count="14" type="stmt"/>
      </file>
      <file name="object.js" path="/Users/kevinries/Development/Fachwerk/weave/weave/packages/validator/lib/rules/object.js">
        <metrics statements="31" coveredstatements="25" conditionals="13" coveredconditionals="4" methods="3" coveredmethods="2"/>
        <line num="4" count="11" type="stmt"/>
        <line num="7" count="11" type="stmt"/>
        <line num="11" count="130" type="stmt"/>
        <line num="12" count="0" type="cond" truecount="0" falsecount="7"/>
        <line num="16" count="0" type="stmt"/>
        <line num="19" count="0" type="stmt"/>
        <line num="21" count="0" type="stmt"/>
        <line num="23" count="0" type="stmt"/>
        <line num="25" count="0" type="stmt"/>
        <line num="30" count="11" type="stmt"/>
        <line num="31" count="47" type="stmt"/>
        <line num="34" count="47" type="stmt"/>
        <line num="41" count="47" type="stmt"/>
        <line num="43" count="47" type="cond" truecount="2" falsecount="0"/>
        <line num="44" count="46" type="stmt"/>
        <line num="45" count="46" type="stmt"/>
        <line num="47" count="46" type="stmt"/>
        <line num="48" count="46" type="stmt"/>
        <line num="49" count="65" type="stmt"/>
        <line num="50" count="65" type="stmt"/>
        <line num="51" count="65" type="cond" truecount="1" falsecount="1"/>
        <line num="52" count="65" type="stmt"/>
        <line num="53" count="65" type="cond" truecount="1" falsecount="1"/>
        <line num="55" count="65" type="stmt"/>
        <line num="56" count="65" type="stmt"/>
        <line num="57" count="65" type="stmt"/>
        <line num="59" count="65" type="stmt"/>
        <line num="60" count="65" type="stmt"/>
        <line num="63" count="46" type="stmt"/>
        <line num="67" count="1" type="stmt"/>
        <line num="72" count="47" type="stmt"/>
      </file>
      <file name="string.js" path="/Users/kevinries/Development/Fachwerk/weave/weave/packages/validator/lib/rules/string.js">
        <metrics statements="11" coveredstatements="11" conditionals="6" coveredconditionals="6" methods="1" coveredmethods="1"/>
        <line num="1" count="11" type="stmt"/>
        <line num="2" count="21" type="stmt"/>
        <line num="4" count="21" type="stmt"/>
        <line num="12" count="21" type="cond" truecount="2" falsecount="0"/>
        <line num="13" count="2" type="stmt"/>
        <line num="21" count="21" type="cond" truecount="2" falsecount="0"/>
        <line num="22" count="1" type="stmt"/>
        <line num="30" count="21" type="cond" truecount="2" falsecount="0"/>
        <line num="31" count="2" type="stmt"/>
        <line num="43" count="21" type="stmt"/>
        <line num="47" count="21" type="stmt"/>
      </file>
      <file name="url.js" path="/Users/kevinries/Development/Fachwerk/weave/weave/packages/validator/lib/rules/url.js">
        <metrics statements="7" coveredstatements="7" conditionals="0" coveredconditionals="0" methods="1" coveredmethods="1"/>
        <line num="1" count="11" type="stmt"/>
        <line num="3" count="11" type="stmt"/>
        <line num="4" count="3" type="stmt"/>
        <line num="6" count="3" type="stmt"/>
        <line num="13" count="3" type="stmt"/>
        <line num="20" count="3" type="stmt"/>
        <line num="24" count="3" type="stmt"/>
      </file>
    </package>
  </project>
</coverage>
