{"/Users/kevinries/Development/Fachwerk/weave/weave/packages/validator/lib/messages.js": {"path":"/Users/kevinries/Development/Fachwerk/weave/weave/packages/validator/lib/messages.js","statementMap":{"0":{"start":{"line":1,"column":0},"end":{"line":27,"column":1}}},"fnMap":{},"branchMap":{},"s":{"0":11},"f":{},"b":{},"_coverageSchema":"43e27e138ebf9cfc5966b082cf9a028302ed4184","hash":"d38c06ce2a0526bb12ba3ef70023e9708f14da9c"}
,"/Users/kevinries/Development/Fachwerk/weave/weave/packages/validator/lib/validator.js": {"path":"/Users/kevinries/Development/Fachwerk/weave/weave/packages/validator/lib/validator.js","statementMap":{"0":{"start":{"line":1,"column":11},"end":{"line":1,"column":24}},"1":{"start":{"line":2,"column":13},"end":{"line":2,"column":28}},"2":{"start":{"line":3,"column":24},"end":{"line":3,"column":45}},"3":{"start":{"line":5,"column":16},"end":{"line":5,"column":66}},"4":{"start":{"line":5,"column":26},"end":{"line":5,"column":66}},"5":{"start":{"line":5,"column":50},"end":{"line":5,"column":61}},"6":{"start":{"line":8,"column":18},"end":{"line":8,"column":20}},"7":{"start":{"line":9,"column":21},"end":{"line":9,"column":36}},"8":{"start":{"line":10,"column":18},"end":{"line":10,"column":27}},"9":{"start":{"line":12,"column":21},"end":{"line":203,"column":5}},"10":{"start":{"line":14,"column":26},"end":{"line":17,"column":13}},"11":{"start":{"line":19,"column":12},"end":{"line":23,"column":13}},"12":{"start":{"line":20,"column":16},"end":{"line":20,"column":42}},"13":{"start":{"line":22,"column":16},"end":{"line":22,"column":37}},"14":{"start":{"line":25,"column":12},"end":{"line":27,"column":13}},"15":{"start":{"line":26,"column":16},"end":{"line":26,"column":41}},"16":{"start":{"line":29,"column":12},"end":{"line":31,"column":13}},"17":{"start":{"line":30,"column":16},"end":{"line":30,"column":37}},"18":{"start":{"line":32,"column":24},"end":{"line":34,"column":27}},"19":{"start":{"line":33,"column":28},"end":{"line":33,"column":51}},"20":{"start":{"line":36,"column":12},"end":{"line":36,"column":44}},"21":{"start":{"line":73,"column":12},"end":{"line":77,"column":13}},"22":{"start":{"line":74,"column":16},"end":{"line":76,"column":17}},"23":{"start":{"line":79,"column":42},"end":{"line":79,"column":60}},"24":{"start":{"line":81,"column":12},"end":{"line":83,"column":13}},"25":{"start":{"line":82,"column":16},"end":{"line":82,"column":85}},"26":{"start":{"line":85,"column":12},"end":{"line":89,"column":13}},"27":{"start":{"line":92,"column":31},"end":{"line":92,"column":33}},"28":{"start":{"line":94,"column":25},"end":{"line":94,"column":47}},"29":{"start":{"line":96,"column":12},"end":{"line":111,"column":13}},"30":{"start":{"line":99,"column":16},"end":{"line":99,"column":42}},"31":{"start":{"line":100,"column":16},"end":{"line":100,"column":51}},"32":{"start":{"line":101,"column":16},"end":{"line":101,"column":31}},"33":{"start":{"line":103,"column":31},"end":{"line":103,"column":93}},"34":{"start":{"line":105,"column":16},"end":{"line":110,"column":17}},"35":{"start":{"line":106,"column":20},"end":{"line":106,"column":121}},"36":{"start":{"line":107,"column":20},"end":{"line":107,"column":116}},"37":{"start":{"line":109,"column":20},"end":{"line":109,"column":62}},"38":{"start":{"line":113,"column":12},"end":{"line":113,"column":40}},"39":{"start":{"line":116,"column":12},"end":{"line":118,"column":13}},"40":{"start":{"line":117,"column":16},"end":{"line":117,"column":50}},"41":{"start":{"line":120,"column":25},"end":{"line":120,"column":29}},"42":{"start":{"line":122,"column":28},"end":{"line":126,"column":13}},"43":{"start":{"line":128,"column":25},"end":{"line":131,"column":13}},"44":{"start":{"line":134,"column":12},"end":{"line":142,"column":13}},"45":{"start":{"line":137,"column":35},"end":{"line":137,"column":60}},"46":{"start":{"line":138,"column":16},"end":{"line":141,"column":17}},"47":{"start":{"line":144,"column":25},"end":{"line":144,"column":59}},"48":{"start":{"line":145,"column":12},"end":{"line":145,"column":137}},"49":{"start":{"line":147,"column":12},"end":{"line":147,"column":45}},"50":{"start":{"line":148,"column":12},"end":{"line":159,"column":14}},"51":{"start":{"line":160,"column":12},"end":{"line":160,"column":26}},"52":{"start":{"line":161,"column":12},"end":{"line":161,"column":36}},"53":{"start":{"line":163,"column":24},"end":{"line":163,"column":39}},"54":{"start":{"line":164,"column":28},"end":{"line":164,"column":65}},"55":{"start":{"line":166,"column":12},"end":{"line":170,"column":13}},"56":{"start":{"line":167,"column":16},"end":{"line":167,"column":35}},"57":{"start":{"line":169,"column":16},"end":{"line":169,"column":56}},"58":{"start":{"line":175,"column":25},"end":{"line":175,"column":27}},"59":{"start":{"line":176,"column":33},"end":{"line":176,"column":105}},"60":{"start":{"line":178,"column":12},"end":{"line":180,"column":14}},"61":{"start":{"line":181,"column":12},"end":{"line":191,"column":13}},"62":{"start":{"line":182,"column":16},"end":{"line":184,"column":17}},"63":{"start":{"line":183,"column":20},"end":{"line":183,"column":64}},"64":{"start":{"line":186,"column":16},"end":{"line":190,"column":17}},"65":{"start":{"line":187,"column":20},"end":{"line":187,"column":64}},"66":{"start":{"line":189,"column":20},"end":{"line":189,"column":113}},"67":{"start":{"line":193,"column":12},"end":{"line":193,"column":33}},"68":{"start":{"line":195,"column":12},"end":{"line":197,"column":13}},"69":{"start":{"line":196,"column":16},"end":{"line":196,"column":35}},"70":{"start":{"line":199,"column":12},"end":{"line":199,"column":26}},"71":{"start":{"line":201,"column":12},"end":{"line":201,"column":34}},"72":{"start":{"line":205,"column":4},"end":{"line":208,"column":6}},"73":{"start":{"line":206,"column":25},"end":{"line":206,"column":46}},"74":{"start":{"line":207,"column":8},"end":{"line":207,"column":70}},"75":{"start":{"line":269,"column":4},"end":{"line":281,"column":5}},"76":{"start":{"line":272,"column":26},"end":{"line":272,"column":46}},"77":{"start":{"line":273,"column":12},"end":{"line":273,"column":29}},"78":{"start":{"line":276,"column":12},"end":{"line":278,"column":13}},"79":{"start":{"line":277,"column":16},"end":{"line":277,"column":59}},"80":{"start":{"line":279,"column":12},"end":{"line":279,"column":32}},"81":{"start":{"line":284,"column":0},"end":{"line":284,"column":31}}},"fnMap":{"0":{"name":"(anonymous_0)","decl":{"start":{"line":5,"column":16},"end":{"line":5,"column":17}},"loc":{"start":{"line":5,"column":26},"end":{"line":5,"column":66}},"line":5},"1":{"name":"(anonymous_1)","decl":{"start":{"line":5,"column":40},"end":{"line":5,"column":41}},"loc":{"start":{"line":5,"column":50},"end":{"line":5,"column":61}},"line":5},"2":{"name":"ModelValidator","decl":{"start":{"line":7,"column":9},"end":{"line":7,"column":23}},"loc":{"start":{"line":7,"column":27},"end":{"line":282,"column":1}},"line":7},"3":{"name":"(anonymous_3)","decl":{"start":{"line":13,"column":8},"end":{"line":13,"column":9}},"loc":{"start":{"line":13,"column":68},"end":{"line":37,"column":9}},"line":13},"4":{"name":"(anonymous_4)","decl":{"start":{"line":33,"column":21},"end":{"line":33,"column":22}},"loc":{"start":{"line":33,"column":28},"end":{"line":33,"column":51}},"line":33},"5":{"name":"(anonymous_5)","decl":{"start":{"line":72,"column":8},"end":{"line":72,"column":9}},"loc":{"start":{"line":72,"column":35},"end":{"line":90,"column":9}},"line":72},"6":{"name":"(anonymous_6)","decl":{"start":{"line":91,"column":8},"end":{"line":91,"column":9}},"loc":{"start":{"line":91,"column":63},"end":{"line":114,"column":9}},"line":91},"7":{"name":"(anonymous_7)","decl":{"start":{"line":115,"column":8},"end":{"line":115,"column":9}},"loc":{"start":{"line":115,"column":25},"end":{"line":173,"column":9}},"line":115},"8":{"name":"(anonymous_8)","decl":{"start":{"line":166,"column":19},"end":{"line":166,"column":20}},"loc":{"start":{"line":166,"column":35},"end":{"line":170,"column":13}},"line":166},"9":{"name":"(anonymous_9)","decl":{"start":{"line":174,"column":8},"end":{"line":174,"column":9}},"loc":{"start":{"line":174,"column":52},"end":{"line":202,"column":9}},"line":174},"10":{"name":"(anonymous_10)","decl":{"start":{"line":205,"column":58},"end":{"line":205,"column":59}},"loc":{"start":{"line":205,"column":66},"end":{"line":208,"column":5}},"line":205},"11":{"name":"(anonymous_11)","decl":{"start":{"line":271,"column":8},"end":{"line":271,"column":9}},"loc":{"start":{"line":271,"column":31},"end":{"line":274,"column":9}},"line":271},"12":{"name":"(anonymous_12)","decl":{"start":{"line":275,"column":8},"end":{"line":275,"column":9}},"loc":{"start":{"line":275,"column":31},"end":{"line":280,"column":9}},"line":275}},"branchMap":{"0":{"loc":{"start":{"line":19,"column":12},"end":{"line":23,"column":13}},"type":"if","locations":[{"start":{"line":19,"column":12},"end":{"line":23,"column":13}},{"start":{"line":19,"column":12},"end":{"line":23,"column":13}}],"line":19},"1":{"loc":{"start":{"line":25,"column":12},"end":{"line":27,"column":13}},"type":"if","locations":[{"start":{"line":25,"column":12},"end":{"line":27,"column":13}},{"start":{"line":25,"column":12},"end":{"line":27,"column":13}}],"line":25},"2":{"loc":{"start":{"line":29,"column":12},"end":{"line":31,"column":13}},"type":"if","locations":[{"start":{"line":29,"column":12},"end":{"line":31,"column":13}},{"start":{"line":29,"column":12},"end":{"line":31,"column":13}}],"line":29},"3":{"loc":{"start":{"line":73,"column":12},"end":{"line":77,"column":13}},"type":"if","locations":[{"start":{"line":73,"column":12},"end":{"line":77,"column":13}},{"start":{"line":73,"column":12},"end":{"line":77,"column":13}}],"line":73},"4":{"loc":{"start":{"line":81,"column":12},"end":{"line":83,"column":13}},"type":"if","locations":[{"start":{"line":81,"column":12},"end":{"line":83,"column":13}},{"start":{"line":81,"column":12},"end":{"line":83,"column":13}}],"line":81},"5":{"loc":{"start":{"line":96,"column":12},"end":{"line":111,"column":13}},"type":"if","locations":[{"start":{"line":96,"column":12},"end":{"line":111,"column":13}},{"start":{"line":96,"column":12},"end":{"line":111,"column":13}}],"line":96},"6":{"loc":{"start":{"line":105,"column":16},"end":{"line":110,"column":17}},"type":"if","locations":[{"start":{"line":105,"column":16},"end":{"line":110,"column":17}},{"start":{"line":105,"column":16},"end":{"line":110,"column":17}}],"line":105},"7":{"loc":{"start":{"line":116,"column":12},"end":{"line":118,"column":13}},"type":"if","locations":[{"start":{"line":116,"column":12},"end":{"line":118,"column":13}},{"start":{"line":116,"column":12},"end":{"line":118,"column":13}}],"line":116},"8":{"loc":{"start":{"line":134,"column":12},"end":{"line":142,"column":13}},"type":"if","locations":[{"start":{"line":134,"column":12},"end":{"line":142,"column":13}},{"start":{"line":134,"column":12},"end":{"line":142,"column":13}}],"line":134},"9":{"loc":{"start":{"line":176,"column":33},"end":{"line":176,"column":105}},"type":"cond-expr","locations":[{"start":{"line":176,"column":63},"end":{"line":176,"column":98}},{"start":{"line":176,"column":101},"end":{"line":176,"column":105}}],"line":176},"10":{"loc":{"start":{"line":181,"column":12},"end":{"line":191,"column":13}},"type":"if","locations":[{"start":{"line":181,"column":12},"end":{"line":191,"column":13}},{"start":{"line":181,"column":12},"end":{"line":191,"column":13}}],"line":181},"11":{"loc":{"start":{"line":182,"column":16},"end":{"line":184,"column":17}},"type":"if","locations":[{"start":{"line":182,"column":16},"end":{"line":184,"column":17}},{"start":{"line":182,"column":16},"end":{"line":184,"column":17}}],"line":182},"12":{"loc":{"start":{"line":182,"column":20},"end":{"line":182,"column":46}},"type":"binary-expr","locations":[{"start":{"line":182,"column":20},"end":{"line":182,"column":32}},{"start":{"line":182,"column":36},"end":{"line":182,"column":46}}],"line":182},"13":{"loc":{"start":{"line":186,"column":16},"end":{"line":190,"column":17}},"type":"if","locations":[{"start":{"line":186,"column":16},"end":{"line":190,"column":17}},{"start":{"line":186,"column":16},"end":{"line":190,"column":17}}],"line":186},"14":{"loc":{"start":{"line":186,"column":20},"end":{"line":186,"column":46}},"type":"binary-expr","locations":[{"start":{"line":186,"column":20},"end":{"line":186,"column":32}},{"start":{"line":186,"column":36},"end":{"line":186,"column":46}}],"line":186},"15":{"loc":{"start":{"line":195,"column":12},"end":{"line":197,"column":13}},"type":"if","locations":[{"start":{"line":195,"column":12},"end":{"line":197,"column":13}},{"start":{"line":195,"column":12},"end":{"line":197,"column":13}}],"line":195},"16":{"loc":{"start":{"line":276,"column":12},"end":{"line":278,"column":13}},"type":"if","locations":[{"start":{"line":276,"column":12},"end":{"line":278,"column":13}},{"start":{"line":276,"column":12},"end":{"line":278,"column":13}}],"line":276}},"s":{"0":11,"1":11,"2":11,"3":11,"4":0,"5":0,"6":46,"7":46,"8":46,"9":46,"10":244,"11":244,"12":0,"13":244,"14":244,"15":14,"16":244,"17":235,"18":244,"19":981,"20":244,"21":113,"22":3,"23":113,"24":113,"25":0,"26":113,"27":113,"28":113,"29":113,"30":113,"31":113,"32":113,"33":113,"34":113,"35":111,"36":111,"37":2,"38":113,"39":46,"40":0,"41":46,"42":46,"43":46,"44":46,"45":46,"46":46,"47":46,"48":46,"49":46,"50":46,"51":46,"52":46,"53":46,"54":46,"55":46,"56":46,"57":46,"58":113,"59":113,"60":113,"61":113,"62":0,"63":0,"64":113,"65":0,"66":113,"67":113,"68":113,"69":111,"70":113,"71":113,"72":46,"73":552,"74":552,"75":46,"76":0,"77":0,"78":1,"79":0,"80":1,"81":11},"f":{"0":0,"1":0,"2":46,"3":244,"4":981,"5":113,"6":113,"7":46,"8":46,"9":113,"10":552,"11":0,"12":1},"b":{"0":[0,244],"1":[14,230],"2":[235,9],"3":[3,110],"4":[0,113],"5":[0,113],"6":[111,2],"7":[0,46],"8":[0,46],"9":[0,113],"10":[0,113],"11":[0,0],"12":[0,0],"13":[0,113],"14":[113,0],"15":[111,2],"16":[0,1]},"_coverageSchema":"43e27e138ebf9cfc5966b082cf9a028302ed4184","hash":"709618d6b4234ad0a23256f2a68b3fad549b96fd"}
,"/Users/kevinries/Development/Fachwerk/weave/weave/packages/validator/lib/rules/any.js": {"path":"/Users/kevinries/Development/Fachwerk/weave/weave/packages/validator/lib/rules/any.js","statementMap":{"0":{"start":{"line":1,"column":0},"end":{"line":3,"column":1}},"1":{"start":{"line":2,"column":4},"end":{"line":2,"column":13}}},"fnMap":{"0":{"name":"checkAny","decl":{"start":{"line":1,"column":26},"end":{"line":1,"column":34}},"loc":{"start":{"line":1,"column":38},"end":{"line":3,"column":1}},"line":1}},"branchMap":{},"s":{"0":11,"1":1},"f":{"0":1},"b":{},"_coverageSchema":"43e27e138ebf9cfc5966b082cf9a028302ed4184","hash":"9c277d1a52d5825fec33d48b7cfe82bef9f900a0"}
,"/Users/kevinries/Development/Fachwerk/weave/weave/packages/validator/lib/rules/array.js": {"path":"/Users/kevinries/Development/Fachwerk/weave/weave/packages/validator/lib/rules/array.js","statementMap":{"0":{"start":{"line":1,"column":0},"end":{"line":58,"column":1}},"1":{"start":{"line":2,"column":17},"end":{"line":2,"column":19}},"2":{"start":{"line":4,"column":4},"end":{"line":11,"column":6}},"3":{"start":{"line":13,"column":4},"end":{"line":19,"column":5}},"4":{"start":{"line":14,"column":8},"end":{"line":18,"column":10}},"5":{"start":{"line":21,"column":4},"end":{"line":27,"column":5}},"6":{"start":{"line":22,"column":8},"end":{"line":26,"column":10}},"7":{"start":{"line":29,"column":4},"end":{"line":35,"column":5}},"8":{"start":{"line":30,"column":8},"end":{"line":34,"column":10}},"9":{"start":{"line":37,"column":4},"end":{"line":49,"column":5}},"10":{"start":{"line":38,"column":8},"end":{"line":42,"column":10}},"11":{"start":{"line":44,"column":21},"end":{"line":44,"column":60}},"12":{"start":{"line":45,"column":8},"end":{"line":45,"column":191}},"13":{"start":{"line":46,"column":8},"end":{"line":48,"column":10}},"14":{"start":{"line":51,"column":4},"end":{"line":53,"column":6}},"15":{"start":{"line":55,"column":4},"end":{"line":57,"column":5}}},"fnMap":{"0":{"name":"checkArray","decl":{"start":{"line":1,"column":26},"end":{"line":1,"column":36}},"loc":{"start":{"line":1,"column":75},"end":{"line":58,"column":1}},"line":1}},"branchMap":{"0":{"loc":{"start":{"line":13,"column":4},"end":{"line":19,"column":5}},"type":"if","locations":[{"start":{"line":13,"column":4},"end":{"line":19,"column":5}},{"start":{"line":13,"column":4},"end":{"line":19,"column":5}}],"line":13},"1":{"loc":{"start":{"line":21,"column":4},"end":{"line":27,"column":5}},"type":"if","locations":[{"start":{"line":21,"column":4},"end":{"line":27,"column":5}},{"start":{"line":21,"column":4},"end":{"line":27,"column":5}}],"line":21},"2":{"loc":{"start":{"line":29,"column":4},"end":{"line":35,"column":5}},"type":"if","locations":[{"start":{"line":29,"column":4},"end":{"line":35,"column":5}},{"start":{"line":29,"column":4},"end":{"line":35,"column":5}}],"line":29},"3":{"loc":{"start":{"line":37,"column":4},"end":{"line":49,"column":5}},"type":"if","locations":[{"start":{"line":37,"column":4},"end":{"line":49,"column":5}},{"start":{"line":37,"column":4},"end":{"line":49,"column":5}}],"line":37}},"s":{"0":11,"1":9,"2":9,"3":9,"4":1,"5":9,"6":2,"7":9,"8":2,"9":9,"10":2,"11":2,"12":2,"13":2,"14":9,"15":9},"f":{"0":9},"b":{"0":[1,8],"1":[2,7],"2":[2,7],"3":[2,7]},"_coverageSchema":"43e27e138ebf9cfc5966b082cf9a028302ed4184","hash":"27dd6a904b74e861122c76087c7c704c76cc4a10"}
,"/Users/kevinries/Development/Fachwerk/weave/weave/packages/validator/lib/rules/boolean.js": {"path":"/Users/kevinries/Development/Fachwerk/weave/weave/packages/validator/lib/rules/boolean.js","statementMap":{"0":{"start":{"line":1,"column":0},"end":{"line":33,"column":1}},"1":{"start":{"line":2,"column":17},"end":{"line":2,"column":19}},"2":{"start":{"line":3,"column":20},"end":{"line":3,"column":25}},"3":{"start":{"line":5,"column":4},"end":{"line":16,"column":5}},"4":{"start":{"line":6,"column":8},"end":{"line":6,"column":24}},"5":{"start":{"line":7,"column":8},"end":{"line":15,"column":10}},"6":{"start":{"line":18,"column":4},"end":{"line":23,"column":6}},"7":{"start":{"line":25,"column":4},"end":{"line":27,"column":6}},"8":{"start":{"line":29,"column":4},"end":{"line":32,"column":5}}},"fnMap":{"0":{"name":"checkBoolean","decl":{"start":{"line":1,"column":26},"end":{"line":1,"column":38}},"loc":{"start":{"line":1,"column":62},"end":{"line":33,"column":1}},"line":1}},"branchMap":{"0":{"loc":{"start":{"line":5,"column":4},"end":{"line":16,"column":5}},"type":"if","locations":[{"start":{"line":5,"column":4},"end":{"line":16,"column":5}},{"start":{"line":5,"column":4},"end":{"line":16,"column":5}}],"line":5}},"s":{"0":11,"1":8,"2":8,"3":8,"4":7,"5":7,"6":8,"7":8,"8":8},"f":{"0":8},"b":{"0":[7,1]},"_coverageSchema":"43e27e138ebf9cfc5966b082cf9a028302ed4184","hash":"d77204e357e127a297dd8aca93c87e199265a405"}
,"/Users/kevinries/Development/Fachwerk/weave/weave/packages/validator/lib/rules/custom.js": {"path":"/Users/kevinries/Development/Fachwerk/weave/weave/packages/validator/lib/rules/custom.js","statementMap":{"0":{"start":{"line":1,"column":0},"end":{"line":3,"column":1}},"1":{"start":{"line":2,"column":4},"end":{"line":2,"column":52}}},"fnMap":{"0":{"name":"customCheck","decl":{"start":{"line":1,"column":26},"end":{"line":1,"column":37}},"loc":{"start":{"line":1,"column":54},"end":{"line":3,"column":1}},"line":1}},"branchMap":{},"s":{"0":11,"1":0},"f":{"0":0},"b":{},"_coverageSchema":"43e27e138ebf9cfc5966b082cf9a028302ed4184","hash":"554c9b1df045194dbd9b98a54d1a2386951057bc"}
,"/Users/kevinries/Development/Fachwerk/weave/weave/packages/validator/lib/rules/date.js": {"path":"/Users/kevinries/Development/Fachwerk/weave/weave/packages/validator/lib/rules/date.js","statementMap":{"0":{"start":{"line":1,"column":0},"end":{"line":29,"column":1}},"1":{"start":{"line":2,"column":17},"end":{"line":2,"column":19}},"2":{"start":{"line":3,"column":20},"end":{"line":3,"column":25}},"3":{"start":{"line":5,"column":4},"end":{"line":7,"column":6}},"4":{"start":{"line":9,"column":4},"end":{"line":16,"column":5}},"5":{"start":{"line":10,"column":8},"end":{"line":10,"column":24}},"6":{"start":{"line":11,"column":8},"end":{"line":15,"column":10}},"7":{"start":{"line":18,"column":4},"end":{"line":23,"column":6}},"8":{"start":{"line":25,"column":4},"end":{"line":28,"column":5}}},"fnMap":{"0":{"name":"checkDate","decl":{"start":{"line":1,"column":26},"end":{"line":1,"column":35}},"loc":{"start":{"line":1,"column":59},"end":{"line":29,"column":1}},"line":1}},"branchMap":{"0":{"loc":{"start":{"line":9,"column":4},"end":{"line":16,"column":5}},"type":"if","locations":[{"start":{"line":9,"column":4},"end":{"line":16,"column":5}},{"start":{"line":9,"column":4},"end":{"line":16,"column":5}}],"line":9}},"s":{"0":11,"1":4,"2":4,"3":4,"4":4,"5":1,"6":1,"7":4,"8":4},"f":{"0":4},"b":{"0":[1,3]},"_coverageSchema":"43e27e138ebf9cfc5966b082cf9a028302ed4184","hash":"5d0cb87864c687a7f06ea7a8c03981db3e4bb679"}
,"/Users/kevinries/Development/Fachwerk/weave/weave/packages/validator/lib/rules/email.js": {"path":"/Users/kevinries/Development/Fachwerk/weave/weave/packages/validator/lib/rules/email.js","statementMap":{"0":{"start":{"line":2,"column":24},"end":{"line":2,"column":179}},"1":{"start":{"line":3,"column":22},"end":{"line":3,"column":38}},"2":{"start":{"line":5,"column":0},"end":{"line":26,"column":1}},"3":{"start":{"line":6,"column":17},"end":{"line":6,"column":19}},"4":{"start":{"line":7,"column":20},"end":{"line":7,"column":79}},"5":{"start":{"line":9,"column":4},"end":{"line":14,"column":6}},"6":{"start":{"line":16,"column":4},"end":{"line":21,"column":6}},"7":{"start":{"line":23,"column":4},"end":{"line":25,"column":5}}},"fnMap":{"0":{"name":"checkEmail","decl":{"start":{"line":5,"column":26},"end":{"line":5,"column":36}},"loc":{"start":{"line":5,"column":60},"end":{"line":26,"column":1}},"line":5}},"branchMap":{"0":{"loc":{"start":{"line":7,"column":20},"end":{"line":7,"column":79}},"type":"cond-expr","locations":[{"start":{"line":7,"column":48},"end":{"line":7,"column":63}},{"start":{"line":7,"column":66},"end":{"line":7,"column":79}}],"line":7}},"s":{"0":11,"1":11,"2":11,"3":3,"4":3,"5":3,"6":3,"7":3},"f":{"0":3},"b":{"0":[0,3]},"_coverageSchema":"43e27e138ebf9cfc5966b082cf9a028302ed4184","hash":"fbb1d359ce63b4c07fb711f44c2fbf5697560eb0"}
,"/Users/kevinries/Development/Fachwerk/weave/weave/packages/validator/lib/rules/enum.js": {"path":"/Users/kevinries/Development/Fachwerk/weave/weave/packages/validator/lib/rules/enum.js","statementMap":{"0":{"start":{"line":1,"column":0},"end":{"line":12,"column":1}},"1":{"start":{"line":2,"column":23},"end":{"line":2,"column":58}},"2":{"start":{"line":4,"column":4},"end":{"line":11,"column":5}}},"fnMap":{"0":{"name":"checkArray","decl":{"start":{"line":1,"column":26},"end":{"line":1,"column":36}},"loc":{"start":{"line":1,"column":60},"end":{"line":12,"column":1}},"line":1}},"branchMap":{"0":{"loc":{"start":{"line":2,"column":38},"end":{"line":2,"column":57}},"type":"binary-expr","locations":[{"start":{"line":2,"column":38},"end":{"line":2,"column":51}},{"start":{"line":2,"column":55},"end":{"line":2,"column":57}}],"line":2}},"s":{"0":11,"1":2,"2":2},"f":{"0":2},"b":{"0":[2,0]},"_coverageSchema":"43e27e138ebf9cfc5966b082cf9a028302ed4184","hash":"c0784c8c05d68c8336c487986e6da6dfb051b084"}
,"/Users/kevinries/Development/Fachwerk/weave/weave/packages/validator/lib/rules/forbidden.js": {"path":"/Users/kevinries/Development/Fachwerk/weave/weave/packages/validator/lib/rules/forbidden.js","statementMap":{"0":{"start":{"line":1,"column":0},"end":{"line":6,"column":1}},"1":{"start":{"line":2,"column":4},"end":{"line":4,"column":5}},"2":{"start":{"line":3,"column":8},"end":{"line":3,"column":42}},"3":{"start":{"line":5,"column":4},"end":{"line":5,"column":15}}},"fnMap":{"0":{"name":"forbiddenCheck","decl":{"start":{"line":1,"column":26},"end":{"line":1,"column":40}},"loc":{"start":{"line":1,"column":57},"end":{"line":6,"column":1}},"line":1}},"branchMap":{"0":{"loc":{"start":{"line":2,"column":4},"end":{"line":4,"column":5}},"type":"if","locations":[{"start":{"line":2,"column":4},"end":{"line":4,"column":5}},{"start":{"line":2,"column":4},"end":{"line":4,"column":5}}],"line":2},"1":{"loc":{"start":{"line":2,"column":8},"end":{"line":2,"column":45}},"type":"binary-expr","locations":[{"start":{"line":2,"column":8},"end":{"line":2,"column":22}},{"start":{"line":2,"column":26},"end":{"line":2,"column":45}}],"line":2}},"s":{"0":11,"1":0,"2":0,"3":0},"f":{"0":0},"b":{"0":[0,0],"1":[0,0]},"_coverageSchema":"43e27e138ebf9cfc5966b082cf9a028302ed4184","hash":"f8f4f4b47f20d7a7a1807640643c3618d7cb816e"}
,"/Users/kevinries/Development/Fachwerk/weave/weave/packages/validator/lib/rules/number.js": {"path":"/Users/kevinries/Development/Fachwerk/weave/weave/packages/validator/lib/rules/number.js","statementMap":{"0":{"start":{"line":1,"column":0},"end":{"line":65,"column":1}},"1":{"start":{"line":2,"column":17},"end":{"line":2,"column":19}},"2":{"start":{"line":3,"column":20},"end":{"line":3,"column":25}},"3":{"start":{"line":5,"column":4},"end":{"line":12,"column":5}},"4":{"start":{"line":6,"column":8},"end":{"line":6,"column":24}},"5":{"start":{"line":7,"column":8},"end":{"line":11,"column":10}},"6":{"start":{"line":14,"column":4},"end":{"line":19,"column":6}},"7":{"start":{"line":21,"column":4},"end":{"line":28,"column":5}},"8":{"start":{"line":22,"column":8},"end":{"line":27,"column":10}},"9":{"start":{"line":30,"column":4},"end":{"line":37,"column":5}},"10":{"start":{"line":31,"column":8},"end":{"line":36,"column":10}},"11":{"start":{"line":39,"column":4},"end":{"line":46,"column":5}},"12":{"start":{"line":40,"column":8},"end":{"line":45,"column":10}},"13":{"start":{"line":48,"column":4},"end":{"line":55,"column":5}},"14":{"start":{"line":49,"column":8},"end":{"line":54,"column":10}},"15":{"start":{"line":57,"column":4},"end":{"line":59,"column":6}},"16":{"start":{"line":61,"column":4},"end":{"line":64,"column":5}}},"fnMap":{"0":{"name":"checkNumber","decl":{"start":{"line":1,"column":26},"end":{"line":1,"column":37}},"loc":{"start":{"line":1,"column":76},"end":{"line":65,"column":1}},"line":1}},"branchMap":{"0":{"loc":{"start":{"line":5,"column":4},"end":{"line":12,"column":5}},"type":"if","locations":[{"start":{"line":5,"column":4},"end":{"line":12,"column":5}},{"start":{"line":5,"column":4},"end":{"line":12,"column":5}}],"line":5},"1":{"loc":{"start":{"line":21,"column":4},"end":{"line":28,"column":5}},"type":"if","locations":[{"start":{"line":21,"column":4},"end":{"line":28,"column":5}},{"start":{"line":21,"column":4},"end":{"line":28,"column":5}}],"line":21},"2":{"loc":{"start":{"line":30,"column":4},"end":{"line":37,"column":5}},"type":"if","locations":[{"start":{"line":30,"column":4},"end":{"line":37,"column":5}},{"start":{"line":30,"column":4},"end":{"line":37,"column":5}}],"line":30},"3":{"loc":{"start":{"line":39,"column":4},"end":{"line":46,"column":5}},"type":"if","locations":[{"start":{"line":39,"column":4},"end":{"line":46,"column":5}},{"start":{"line":39,"column":4},"end":{"line":46,"column":5}}],"line":39},"4":{"loc":{"start":{"line":48,"column":4},"end":{"line":55,"column":5}},"type":"if","locations":[{"start":{"line":48,"column":4},"end":{"line":55,"column":5}},{"start":{"line":48,"column":4},"end":{"line":55,"column":5}}],"line":48}},"s":{"0":11,"1":14,"2":14,"3":14,"4":7,"5":7,"6":14,"7":14,"8":1,"9":14,"10":1,"11":14,"12":1,"13":14,"14":1,"15":14,"16":14},"f":{"0":14},"b":{"0":[7,7],"1":[1,13],"2":[1,13],"3":[1,13],"4":[1,13]},"_coverageSchema":"43e27e138ebf9cfc5966b082cf9a028302ed4184","hash":"c9061d6317c7492d126d96d122a88689e440d381"}
,"/Users/kevinries/Development/Fachwerk/weave/weave/packages/validator/lib/rules/object.js": {"path":"/Users/kevinries/Development/Fachwerk/weave/weave/packages/validator/lib/rules/object.js","statementMap":{"0":{"start":{"line":4,"column":24},"end":{"line":4,"column":52}},"1":{"start":{"line":7,"column":24},"end":{"line":7,"column":49}},"2":{"start":{"line":11,"column":4},"end":{"line":27,"column":6}},"3":{"start":{"line":12,"column":8},"end":{"line":26,"column":9}},"4":{"start":{"line":16,"column":16},"end":{"line":16,"column":39}},"5":{"start":{"line":19,"column":16},"end":{"line":19,"column":28}},"6":{"start":{"line":21,"column":16},"end":{"line":21,"column":28}},"7":{"start":{"line":23,"column":16},"end":{"line":23,"column":32}},"8":{"start":{"line":25,"column":16},"end":{"line":25,"column":32}},"9":{"start":{"line":30,"column":0},"end":{"line":75,"column":1}},"10":{"start":{"line":31,"column":17},"end":{"line":31,"column":19}},"11":{"start":{"line":34,"column":4},"end":{"line":39,"column":6}},"12":{"start":{"line":41,"column":22},"end":{"line":41,"column":34}},"13":{"start":{"line":43,"column":4},"end":{"line":70,"column":5}},"14":{"start":{"line":44,"column":8},"end":{"line":44,"column":45}},"15":{"start":{"line":45,"column":8},"end":{"line":45,"column":44}},"16":{"start":{"line":47,"column":21},"end":{"line":47,"column":43}},"17":{"start":{"line":48,"column":8},"end":{"line":61,"column":9}},"18":{"start":{"line":48,"column":21},"end":{"line":48,"column":22}},"19":{"start":{"line":49,"column":29},"end":{"line":49,"column":36}},"20":{"start":{"line":50,"column":25},"end":{"line":50,"column":51}},"21":{"start":{"line":51,"column":32},"end":{"line":51,"column":87}},"22":{"start":{"line":52,"column":33},"end":{"line":52,"column":61}},"23":{"start":{"line":53,"column":28},"end":{"line":53,"column":63}},"24":{"start":{"line":55,"column":12},"end":{"line":55,"column":65}},"25":{"start":{"line":56,"column":12},"end":{"line":56,"column":90}},"26":{"start":{"line":57,"column":12},"end":{"line":57,"column":49}},"27":{"start":{"line":59,"column":25},"end":{"line":59,"column":68}},"28":{"start":{"line":60,"column":12},"end":{"line":60,"column":167}},"29":{"start":{"line":63,"column":8},"end":{"line":65,"column":4}},"30":{"start":{"line":67,"column":8},"end":{"line":69,"column":10}},"31":{"start":{"line":72,"column":4},"end":{"line":74,"column":5}}},"fnMap":{"0":{"name":"escapeEvalString","decl":{"start":{"line":9,"column":9},"end":{"line":9,"column":25}},"loc":{"start":{"line":9,"column":32},"end":{"line":28,"column":1}},"line":9},"1":{"name":"(anonymous_1)","decl":{"start":{"line":11,"column":40},"end":{"line":11,"column":41}},"loc":{"start":{"line":11,"column":53},"end":{"line":27,"column":5}},"line":11},"2":{"name":"checkObject","decl":{"start":{"line":30,"column":26},"end":{"line":30,"column":37}},"loc":{"start":{"line":30,"column":76},"end":{"line":75,"column":1}},"line":30}},"branchMap":{"0":{"loc":{"start":{"line":12,"column":8},"end":{"line":26,"column":9}},"type":"switch","locations":[{"start":{"line":13,"column":12},"end":{"line":13,"column":22}},{"start":{"line":14,"column":12},"end":{"line":14,"column":20}},{"start":{"line":15,"column":12},"end":{"line":16,"column":39}},{"start":{"line":18,"column":12},"end":{"line":19,"column":28}},{"start":{"line":20,"column":12},"end":{"line":21,"column":28}},{"start":{"line":22,"column":12},"end":{"line":23,"column":32}},{"start":{"line":24,"column":12},"end":{"line":25,"column":32}}],"line":12},"1":{"loc":{"start":{"line":43,"column":4},"end":{"line":70,"column":5}},"type":"if","locations":[{"start":{"line":43,"column":4},"end":{"line":70,"column":5}},{"start":{"line":43,"column":4},"end":{"line":70,"column":5}}],"line":43},"2":{"loc":{"start":{"line":51,"column":32},"end":{"line":51,"column":87}},"type":"cond-expr","locations":[{"start":{"line":51,"column":61},"end":{"line":51,"column":71}},{"start":{"line":51,"column":74},"end":{"line":51,"column":87}}],"line":51},"3":{"loc":{"start":{"line":53,"column":29},"end":{"line":53,"column":51}},"type":"cond-expr","locations":[{"start":{"line":53,"column":36},"end":{"line":53,"column":46}},{"start":{"line":53,"column":49},"end":{"line":53,"column":51}}],"line":53}},"s":{"0":11,"1":11,"2":130,"3":0,"4":0,"5":0,"6":0,"7":0,"8":0,"9":11,"10":47,"11":47,"12":47,"13":47,"14":46,"15":46,"16":46,"17":46,"18":46,"19":65,"20":65,"21":65,"22":65,"23":65,"24":65,"25":65,"26":65,"27":65,"28":65,"29":46,"30":1,"31":47},"f":{"0":130,"1":0,"2":47},"b":{"0":[0,0,0,0,0,0,0],"1":[46,1],"2":[65,0],"3":[0,65]},"_coverageSchema":"43e27e138ebf9cfc5966b082cf9a028302ed4184","hash":"80673a641952306358fcd7e34b5baf90069ed559"}
,"/Users/kevinries/Development/Fachwerk/weave/weave/packages/validator/lib/rules/string.js": {"path":"/Users/kevinries/Development/Fachwerk/weave/weave/packages/validator/lib/rules/string.js","statementMap":{"0":{"start":{"line":1,"column":0},"end":{"line":50,"column":1}},"1":{"start":{"line":2,"column":17},"end":{"line":2,"column":19}},"2":{"start":{"line":4,"column":4},"end":{"line":10,"column":6}},"3":{"start":{"line":12,"column":4},"end":{"line":19,"column":5}},"4":{"start":{"line":13,"column":8},"end":{"line":18,"column":10}},"5":{"start":{"line":21,"column":4},"end":{"line":28,"column":5}},"6":{"start":{"line":22,"column":8},"end":{"line":27,"column":10}},"7":{"start":{"line":30,"column":4},"end":{"line":37,"column":5}},"8":{"start":{"line":31,"column":8},"end":{"line":36,"column":10}},"9":{"start":{"line":43,"column":4},"end":{"line":45,"column":6}},"10":{"start":{"line":47,"column":4},"end":{"line":49,"column":5}}},"fnMap":{"0":{"name":"cheackString","decl":{"start":{"line":1,"column":26},"end":{"line":1,"column":38}},"loc":{"start":{"line":1,"column":77},"end":{"line":50,"column":1}},"line":1}},"branchMap":{"0":{"loc":{"start":{"line":12,"column":4},"end":{"line":19,"column":5}},"type":"if","locations":[{"start":{"line":12,"column":4},"end":{"line":19,"column":5}},{"start":{"line":12,"column":4},"end":{"line":19,"column":5}}],"line":12},"1":{"loc":{"start":{"line":21,"column":4},"end":{"line":28,"column":5}},"type":"if","locations":[{"start":{"line":21,"column":4},"end":{"line":28,"column":5}},{"start":{"line":21,"column":4},"end":{"line":28,"column":5}}],"line":21},"2":{"loc":{"start":{"line":30,"column":4},"end":{"line":37,"column":5}},"type":"if","locations":[{"start":{"line":30,"column":4},"end":{"line":37,"column":5}},{"start":{"line":30,"column":4},"end":{"line":37,"column":5}}],"line":30}},"s":{"0":11,"1":21,"2":21,"3":21,"4":2,"5":21,"6":1,"7":21,"8":2,"9":21,"10":21},"f":{"0":21},"b":{"0":[2,19],"1":[1,20],"2":[2,19]},"_coverageSchema":"43e27e138ebf9cfc5966b082cf9a028302ed4184","hash":"7823c8d5d08e1f28543b90346885e515ddcc9bba"}
,"/Users/kevinries/Development/Fachwerk/weave/weave/packages/validator/lib/rules/url.js": {"path":"/Users/kevinries/Development/Fachwerk/weave/weave/packages/validator/lib/rules/url.js","statementMap":{"0":{"start":{"line":1,"column":16},"end":{"line":1,"column":33}},"1":{"start":{"line":3,"column":0},"end":{"line":27,"column":1}},"2":{"start":{"line":4,"column":17},"end":{"line":4,"column":19}},"3":{"start":{"line":6,"column":4},"end":{"line":11,"column":6}},"4":{"start":{"line":13,"column":4},"end":{"line":18,"column":6}},"5":{"start":{"line":20,"column":4},"end":{"line":22,"column":6}},"6":{"start":{"line":24,"column":4},"end":{"line":26,"column":5}}},"fnMap":{"0":{"name":"checkUrl","decl":{"start":{"line":3,"column":26},"end":{"line":3,"column":34}},"loc":{"start":{"line":3,"column":58},"end":{"line":27,"column":1}},"line":3}},"branchMap":{},"s":{"0":11,"1":11,"2":3,"3":3,"4":3,"5":3,"6":3},"f":{"0":3},"b":{},"_coverageSchema":"43e27e138ebf9cfc5966b082cf9a028302ed4184","hash":"84ed509c0dccb23dc8dc5465954b2e1093be5d21"}
}
