TN:
SF:/Users/kevinries/Development/Fachwerk/weave/weave/packages/validator/lib/messages.js
FNF:0
FNH:0
DA:1,11
LF:1
LH:1
BRF:0
BRH:0
end_of_record
TN:
SF:/Users/kevinries/Development/Fachwerk/weave/weave/packages/validator/lib/validator.js
FN:5,(anonymous_0)
FN:5,(anonymous_1)
FN:7,ModelValidator
FN:13,(anonymous_3)
FN:33,(anonymous_4)
FN:72,(anonymous_5)
FN:91,(anonymous_6)
FN:115,(anonymous_7)
FN:166,(anonymous_8)
FN:174,(anonymous_9)
FN:205,(anonymous_10)
FN:271,(anonymous_11)
FN:275,(anonymous_12)
FNF:13
FNH:10
FNDA:0,(anonymous_0)
FNDA:0,(anonymous_1)
FNDA:46,ModelValidator
FNDA:244,(anonymous_3)
FNDA:981,(anonymous_4)
FNDA:113,(anonymous_5)
FNDA:113,(anonymous_6)
FNDA:46,(anonymous_7)
FNDA:46,(anonymous_8)
FNDA:113,(anonymous_9)
FNDA:552,(anonymous_10)
FNDA:0,(anonymous_11)
FNDA:1,(anonymous_12)
DA:1,11
DA:2,11
DA:3,11
DA:5,11
DA:8,46
DA:9,46
DA:10,46
DA:12,46
DA:14,244
DA:19,244
DA:20,0
DA:22,244
DA:25,244
DA:26,14
DA:29,244
DA:30,235
DA:32,244
DA:33,981
DA:36,244
DA:73,113
DA:74,3
DA:79,113
DA:81,113
DA:82,0
DA:85,113
DA:92,113
DA:94,113
DA:96,113
DA:99,113
DA:100,113
DA:101,113
DA:103,113
DA:105,113
DA:106,111
DA:107,111
DA:109,2
DA:113,113
DA:116,46
DA:117,0
DA:120,46
DA:122,46
DA:128,46
DA:134,46
DA:137,46
DA:138,46
DA:144,46
DA:145,46
DA:147,46
DA:148,46
DA:160,46
DA:161,46
DA:163,46
DA:164,46
DA:166,46
DA:167,46
DA:169,46
DA:175,113
DA:176,113
DA:178,113
DA:181,113
DA:182,0
DA:183,0
DA:186,113
DA:187,0
DA:189,113
DA:193,113
DA:195,113
DA:196,111
DA:199,113
DA:201,113
DA:205,46
DA:206,552
DA:207,552
DA:269,46
DA:272,0
DA:273,0
DA:276,1
DA:277,0
DA:279,1
DA:284,11
LF:80
LH:71
BRDA:19,0,0,0
BRDA:19,0,1,244
BRDA:25,1,0,14
BRDA:25,1,1,230
BRDA:29,2,0,235
BRDA:29,2,1,9
BRDA:73,3,0,3
BRDA:73,3,1,110
BRDA:81,4,0,0
BRDA:81,4,1,113
BRDA:96,5,0,0
BRDA:96,5,1,113
BRDA:105,6,0,111
BRDA:105,6,1,2
BRDA:116,7,0,0
BRDA:116,7,1,46
BRDA:134,8,0,0
BRDA:134,8,1,46
BRDA:176,9,0,0
BRDA:176,9,1,113
BRDA:181,10,0,0
BRDA:181,10,1,113
BRDA:182,11,0,0
BRDA:182,11,1,0
BRDA:182,12,0,0
BRDA:182,12,1,0
BRDA:186,13,0,0
BRDA:186,13,1,113
BRDA:186,14,0,113
BRDA:186,14,1,0
BRDA:195,15,0,111
BRDA:195,15,1,2
BRDA:276,16,0,0
BRDA:276,16,1,1
BRF:34
BRH:20
end_of_record
TN:
SF:/Users/kevinries/Development/Fachwerk/weave/weave/packages/validator/lib/rules/any.js
FN:1,checkAny
FNF:1
FNH:1
FNDA:1,checkAny
DA:1,11
DA:2,1
LF:2
LH:2
BRF:0
BRH:0
end_of_record
TN:
SF:/Users/kevinries/Development/Fachwerk/weave/weave/packages/validator/lib/rules/array.js
FN:1,checkArray
FNF:1
FNH:1
FNDA:9,checkArray
DA:1,11
DA:2,9
DA:4,9
DA:13,9
DA:14,1
DA:21,9
DA:22,2
DA:29,9
DA:30,2
DA:37,9
DA:38,2
DA:44,2
DA:45,2
DA:46,2
DA:51,9
DA:55,9
LF:16
LH:16
BRDA:13,0,0,1
BRDA:13,0,1,8
BRDA:21,1,0,2
BRDA:21,1,1,7
BRDA:29,2,0,2
BRDA:29,2,1,7
BRDA:37,3,0,2
BRDA:37,3,1,7
BRF:8
BRH:8
end_of_record
TN:
SF:/Users/kevinries/Development/Fachwerk/weave/weave/packages/validator/lib/rules/boolean.js
FN:1,checkBoolean
FNF:1
FNH:1
FNDA:8,checkBoolean
DA:1,11
DA:2,8
DA:3,8
DA:5,8
DA:6,7
DA:7,7
DA:18,8
DA:25,8
DA:29,8
LF:9
LH:9
BRDA:5,0,0,7
BRDA:5,0,1,1
BRF:2
BRH:2
end_of_record
TN:
SF:/Users/kevinries/Development/Fachwerk/weave/weave/packages/validator/lib/rules/custom.js
FN:1,customCheck
FNF:1
FNH:0
FNDA:0,customCheck
DA:1,11
DA:2,0
LF:2
LH:1
BRF:0
BRH:0
end_of_record
TN:
SF:/Users/kevinries/Development/Fachwerk/weave/weave/packages/validator/lib/rules/date.js
FN:1,checkDate
FNF:1
FNH:1
FNDA:4,checkDate
DA:1,11
DA:2,4
DA:3,4
DA:5,4
DA:9,4
DA:10,1
DA:11,1
DA:18,4
DA:25,4
LF:9
LH:9
BRDA:9,0,0,1
BRDA:9,0,1,3
BRF:2
BRH:2
end_of_record
TN:
SF:/Users/kevinries/Development/Fachwerk/weave/weave/packages/validator/lib/rules/email.js
FN:5,checkEmail
FNF:1
FNH:1
FNDA:3,checkEmail
DA:2,11
DA:3,11
DA:5,11
DA:6,3
DA:7,3
DA:9,3
DA:16,3
DA:23,3
LF:8
LH:8
BRDA:7,0,0,0
BRDA:7,0,1,3
BRF:2
BRH:1
end_of_record
TN:
SF:/Users/kevinries/Development/Fachwerk/weave/weave/packages/validator/lib/rules/enum.js
FN:1,checkArray
FNF:1
FNH:1
FNDA:2,checkArray
DA:1,11
DA:2,2
DA:4,2
LF:3
LH:3
BRDA:2,0,0,2
BRDA:2,0,1,0
BRF:2
BRH:1
end_of_record
TN:
SF:/Users/kevinries/Development/Fachwerk/weave/weave/packages/validator/lib/rules/forbidden.js
FN:1,forbiddenCheck
FNF:1
FNH:0
FNDA:0,forbiddenCheck
DA:1,11
DA:2,0
DA:3,0
DA:5,0
LF:4
LH:1
BRDA:2,0,0,0
BRDA:2,0,1,0
BRDA:2,1,0,0
BRDA:2,1,1,0
BRF:4
BRH:0
end_of_record
TN:
SF:/Users/kevinries/Development/Fachwerk/weave/weave/packages/validator/lib/rules/number.js
FN:1,checkNumber
FNF:1
FNH:1
FNDA:14,checkNumber
DA:1,11
DA:2,14
DA:3,14
DA:5,14
DA:6,7
DA:7,7
DA:14,14
DA:21,14
DA:22,1
DA:30,14
DA:31,1
DA:39,14
DA:40,1
DA:48,14
DA:49,1
DA:57,14
DA:61,14
LF:17
LH:17
BRDA:5,0,0,7
BRDA:5,0,1,7
BRDA:21,1,0,1
BRDA:21,1,1,13
BRDA:30,2,0,1
BRDA:30,2,1,13
BRDA:39,3,0,1
BRDA:39,3,1,13
BRDA:48,4,0,1
BRDA:48,4,1,13
BRF:10
BRH:10
end_of_record
TN:
SF:/Users/kevinries/Development/Fachwerk/weave/weave/packages/validator/lib/rules/object.js
FN:9,escapeEvalString
FN:11,(anonymous_1)
FN:30,checkObject
FNF:3
FNH:2
FNDA:130,escapeEvalString
FNDA:0,(anonymous_1)
FNDA:47,checkObject
DA:4,11
DA:7,11
DA:11,130
DA:12,0
DA:16,0
DA:19,0
DA:21,0
DA:23,0
DA:25,0
DA:30,11
DA:31,47
DA:34,47
DA:41,47
DA:43,47
DA:44,46
DA:45,46
DA:47,46
DA:48,46
DA:49,65
DA:50,65
DA:51,65
DA:52,65
DA:53,65
DA:55,65
DA:56,65
DA:57,65
DA:59,65
DA:60,65
DA:63,46
DA:67,1
DA:72,47
LF:31
LH:25
BRDA:12,0,0,0
BRDA:12,0,1,0
BRDA:12,0,2,0
BRDA:12,0,3,0
BRDA:12,0,4,0
BRDA:12,0,5,0
BRDA:12,0,6,0
BRDA:43,1,0,46
BRDA:43,1,1,1
BRDA:51,2,0,65
BRDA:51,2,1,0
BRDA:53,3,0,0
BRDA:53,3,1,65
BRF:13
BRH:4
end_of_record
TN:
SF:/Users/kevinries/Development/Fachwerk/weave/weave/packages/validator/lib/rules/string.js
FN:1,cheackString
FNF:1
FNH:1
FNDA:21,cheackString
DA:1,11
DA:2,21
DA:4,21
DA:12,21
DA:13,2
DA:21,21
DA:22,1
DA:30,21
DA:31,2
DA:43,21
DA:47,21
LF:11
LH:11
BRDA:12,0,0,2
BRDA:12,0,1,19
BRDA:21,1,0,1
BRDA:21,1,1,20
BRDA:30,2,0,2
BRDA:30,2,1,19
BRF:6
BRH:6
end_of_record
TN:
SF:/Users/kevinries/Development/Fachwerk/weave/weave/packages/validator/lib/rules/url.js
FN:3,checkUrl
FNF:1
FNH:1
FNDA:3,checkUrl
DA:1,11
DA:3,11
DA:4,3
DA:6,3
DA:13,3
DA:20,3
DA:24,3
LF:7
LH:7
BRF:0
BRH:0
end_of_record
