<?xml version="1.0" encoding="UTF-8"?>
<coverage generated="1601453312128" clover="3.2.0">
  <project timestamp="1601453312128" name="All files">
    <metrics statements="2838" coveredstatements="1929" conditionals="1344" coveredconditionals="734" methods="713" coveredmethods="481" elements="4895" coveredelements="3144" complexity="0" loc="2838" ncloc="2838" packages="17" files="69" classes="69"/>
    <package name="lib">
      <metrics statements="41" coveredstatements="41" conditionals="19" coveredconditionals="14" methods="9" coveredmethods="9"/>
      <file name="constants.js" path="/Users/kevinries/Development/Fachwerk/weave/weave/packages/core/lib/constants.js">
        <metrics statements="3" coveredstatements="3" conditionals="0" coveredconditionals="0" methods="0" coveredmethods="0"/>
        <line num="7" count="24" type="stmt"/>
        <line num="12" count="24" type="stmt"/>
        <line num="18" count="24" type="stmt"/>
      </file>
      <file name="errors.js" path="/Users/kevinries/Development/Fachwerk/weave/weave/packages/core/lib/errors.js">
        <metrics statements="32" coveredstatements="32" conditionals="19" coveredconditionals="14" methods="9" coveredmethods="9"/>
        <line num="9" count="37" type="stmt"/>
        <line num="10" count="37" type="stmt"/>
        <line num="11" count="37" type="cond" truecount="2" falsecount="0"/>
        <line num="12" count="37" type="stmt"/>
        <line num="13" count="37" type="stmt"/>
        <line num="14" count="37" type="stmt"/>
        <line num="20" count="9" type="stmt"/>
        <line num="21" count="9" type="cond" truecount="2" falsecount="0"/>
        <line num="22" count="9" type="stmt"/>
        <line num="23" count="9" type="stmt"/>
        <line num="24" count="9" type="stmt"/>
        <line num="32" count="2" type="cond" truecount="4" falsecount="0"/>
        <line num="33" count="1" type="stmt"/>
        <line num="34" count="1" type="cond" truecount="1" falsecount="1"/>
        <line num="35" count="1" type="stmt"/>
        <line num="38" count="2" type="stmt"/>
        <line num="45" count="3" type="cond" truecount="2" falsecount="0"/>
        <line num="46" count="1" type="stmt"/>
        <line num="48" count="2" type="stmt"/>
        <line num="51" count="3" type="stmt"/>
        <line num="57" count="1" type="cond" truecount="1" falsecount="1"/>
        <line num="58" count="1" type="stmt"/>
        <line num="62" count="1" type="stmt"/>
        <line num="68" count="3" type="stmt"/>
        <line num="74" count="5" type="stmt"/>
        <line num="80" count="8" type="stmt"/>
        <line num="84" count="26" type="stmt"/>
        <line num="85" count="4" type="stmt"/>
        <line num="87" count="4" type="cond" truecount="1" falsecount="1"/>
        <line num="88" count="4" type="cond" truecount="1" falsecount="0"/>
        <line num="90" count="4" type="stmt"/>
        <line num="97" count="26" type="stmt"/>
      </file>
      <file name="index.js" path="/Users/kevinries/Development/Fachwerk/weave/weave/packages/core/lib/index.js">
        <metrics statements="6" coveredstatements="6" conditionals="0" coveredconditionals="0" methods="0" coveredmethods="0"/>
        <line num="1" count="24" type="stmt"/>
        <line num="2" count="24" type="stmt"/>
        <line num="3" count="24" type="stmt"/>
        <line num="4" count="24" type="stmt"/>
        <line num="6" count="24" type="stmt"/>
        <line num="9" count="24" type="stmt"/>
      </file>
    </package>
    <package name="lib.broker">
      <metrics statements="487" coveredstatements="422" conditionals="230" coveredconditionals="168" methods="116" coveredmethods="98"/>
      <file name="broker-metrics.js" path="/Users/kevinries/Development/Fachwerk/weave/weave/packages/core/lib/broker/broker-metrics.js">
        <metrics statements="7" coveredstatements="7" conditionals="2" coveredconditionals="1" methods="1" coveredmethods="1"/>
        <line num="1" count="24" type="stmt"/>
        <line num="3" count="24" type="stmt"/>
        <line num="4" count="103" type="cond" truecount="1" falsecount="1"/>
        <line num="5" count="103" type="stmt"/>
        <line num="6" count="103" type="stmt"/>
        <line num="7" count="103" type="stmt"/>
        <line num="8" count="103" type="stmt"/>
      </file>
      <file name="broker.js" path="/Users/kevinries/Development/Fachwerk/weave/weave/packages/core/lib/broker/broker.js">
        <metrics statements="340" coveredstatements="280" conditionals="154" coveredconditionals="104" methods="72" coveredmethods="54"/>
        <line num="7" count="24" type="stmt"/>
        <line num="8" count="24" type="stmt"/>
        <line num="9" count="24" type="stmt"/>
        <line num="10" count="24" type="stmt"/>
        <line num="11" count="24" type="stmt"/>
        <line num="12" count="24" type="stmt"/>
        <line num="13" count="24" type="stmt"/>
        <line num="14" count="24" type="stmt"/>
        <line num="15" count="24" type="stmt"/>
        <line num="16" count="24" type="stmt"/>
        <line num="17" count="24" type="stmt"/>
        <line num="18" count="24" type="stmt"/>
        <line num="19" count="24" type="stmt"/>
        <line num="20" count="24" type="stmt"/>
        <line num="21" count="24" type="stmt"/>
        <line num="22" count="24" type="stmt"/>
        <line num="23" count="24" type="stmt"/>
        <line num="24" count="24" type="stmt"/>
        <line num="25" count="24" type="stmt"/>
        <line num="26" count="24" type="stmt"/>
        <line num="27" count="24" type="stmt"/>
        <line num="28" count="24" type="stmt"/>
        <line num="29" count="24" type="stmt"/>
        <line num="30" count="24" type="stmt"/>
        <line num="38" count="24" type="cond" truecount="0" falsecount="1"/>
        <line num="40" count="105" type="cond" truecount="2" falsecount="0"/>
        <line num="41" count="1" type="stmt"/>
        <line num="47" count="105" type="stmt"/>
        <line num="50" count="105" type="stmt"/>
        <line num="53" count="105" type="cond" truecount="4" falsecount="0"/>
        <line num="54" count="1" type="stmt"/>
        <line num="58" count="104" type="cond" truecount="4" falsecount="0"/>
        <line num="59" count="1" type="stmt"/>
        <line num="63" count="103" type="cond" truecount="2" falsecount="0"/>
        <line num="66" count="103" type="stmt"/>
        <line num="76" count="103" type="stmt"/>
        <line num="77" count="766" type="stmt"/>
        <line num="81" count="766" type="cond" truecount="2" falsecount="0"/>
        <line num="82" count="153" type="stmt"/>
        <line num="83" count="153" type="cond" truecount="1" falsecount="1"/>
        <line num="84" count="0" type="stmt"/>
        <line num="87" count="613" type="stmt"/>
        <line num="90" count="766" type="cond" truecount="1" falsecount="1"/>
        <line num="91" count="0" type="stmt"/>
        <line num="95" count="766" type="cond" truecount="1" falsecount="1"/>
        <line num="96" count="0" type="cond" truecount="0" falsecount="2"/>
        <line num="97" count="766" type="cond" truecount="1" falsecount="1"/>
        <line num="98" count="766" type="cond" truecount="1" falsecount="1"/>
        <line num="100" count="0" type="cond" truecount="0" falsecount="2"/>
        <line num="103" count="766" type="stmt"/>
        <line num="107" count="103" type="stmt"/>
        <line num="110" count="103" type="stmt"/>
        <line num="111" count="103" type="stmt"/>
        <line num="112" count="103" type="stmt"/>
        <line num="113" count="103" type="stmt"/>
        <line num="114" count="103" type="stmt"/>
        <line num="115" count="103" type="stmt"/>
        <line num="118" count="103" type="stmt"/>
        <line num="119" count="152" type="stmt"/>
        <line num="122" count="103" type="stmt"/>
        <line num="124" count="686" type="stmt"/>
        <line num="127" count="686" type="cond" truecount="3" falsecount="2"/>
        <line num="128" count="0" type="stmt"/>
        <line num="132" count="103" type="cond" truecount="1" falsecount="0"/>
        <line num="133" count="125" type="stmt"/>
        <line num="134" count="125" type="stmt"/>
        <line num="137" count="103" type="stmt"/>
        <line num="138" count="0" type="cond" truecount="0" falsecount="4"/>
        <line num="139" count="0" type="stmt"/>
        <line num="141" count="0" type="stmt"/>
        <line num="142" count="0" type="stmt"/>
        <line num="143" count="0" type="stmt"/>
        <line num="144" count="0" type="stmt"/>
        <line num="149" count="103" type="stmt"/>
        <line num="150" count="0" type="stmt"/>
        <line num="151" count="0" type="stmt"/>
        <line num="153" count="0" type="stmt"/>
        <line num="154" count="0" type="stmt"/>
        <line num="156" count="0" type="stmt"/>
        <line num="158" count="0" type="stmt"/>
        <line num="159" count="0" type="stmt"/>
        <line num="161" count="0" type="stmt"/>
        <line num="163" count="103" type="stmt"/>
        <line num="164" count="0" type="stmt"/>
        <line num="167" count="0" type="stmt"/>
        <line num="168" count="0" type="cond" truecount="0" falsecount="2"/>
        <line num="169" count="0" type="stmt"/>
        <line num="173" count="0" type="stmt"/>
        <line num="174" count="0" type="stmt"/>
        <line num="178" count="103" type="stmt"/>
        <line num="179" count="103" type="stmt"/>
        <line num="181" count="103" type="cond" truecount="2" falsecount="0"/>
        <line num="182" count="18" type="stmt"/>
        <line num="186" count="103" type="stmt"/>
        <line num="204" count="0" type="stmt"/>
        <line num="205" count="0" type="stmt"/>
        <line num="210" count="0" type="stmt"/>
        <line num="220" count="48" type="stmt"/>
        <line num="222" count="48" type="cond" truecount="2" falsecount="0"/>
        <line num="223" count="2" type="stmt"/>
        <line num="226" count="46" type="stmt"/>
        <line num="227" count="46" type="stmt"/>
        <line num="230" count="46" type="cond" truecount="1" falsecount="1"/>
        <line num="231" count="0" type="stmt"/>
        <line num="232" count="0" type="stmt"/>
        <line num="234" count="46" type="stmt"/>
        <line num="237" count="46" type="cond" truecount="2" falsecount="0"/>
        <line num="238" count="30" type="stmt"/>
        <line num="240" count="16" type="stmt"/>
        <line num="243" count="46" type="stmt"/>
        <line num="245" count="46" type="stmt"/>
        <line num="247" count="46" type="stmt"/>
        <line num="255" count="0" type="cond" truecount="0" falsecount="2"/>
        <line num="256" count="0" type="stmt"/>
        <line num="258" count="0" type="stmt"/>
        <line num="269" count="16" type="cond" truecount="2" falsecount="0"/>
        <line num="270" count="2" type="stmt"/>
        <line num="271" count="14" type="cond" truecount="1" falsecount="1"/>
        <line num="272" count="14" type="stmt"/>
        <line num="275" count="16" type="stmt"/>
        <line num="276" count="16" type="stmt"/>
        <line num="277" count="16" type="stmt"/>
        <line num="278" count="16" type="stmt"/>
        <line num="279" count="16" type="stmt"/>
        <line num="282" count="16" type="cond" truecount="2" falsecount="0"/>
        <line num="283" count="8" type="stmt"/>
        <line num="286" count="16" type="stmt"/>
        <line num="287" count="16" type="stmt"/>
        <line num="289" count="16" type="stmt"/>
        <line num="290" count="22" type="cond" truecount="1" falsecount="1"/>
        <line num="291" count="22" type="cond" truecount="2" falsecount="0"/>
        <line num="293" count="9" type="stmt"/>
        <line num="295" count="13" type="stmt"/>
        <line num="296" count="13" type="cond" truecount="1" falsecount="1"/>
        <line num="297" count="0" type="stmt"/>
        <line num="299" count="13" type="stmt"/>
        <line num="309" count="16" type="cond" truecount="2" falsecount="0"/>
        <line num="310" count="15" type="stmt"/>
        <line num="312" count="13" type="stmt"/>
        <line num="313" count="13" type="stmt"/>
        <line num="314" count="13" type="stmt"/>
        <line num="315" count="13" type="stmt"/>
        <line num="320" count="16" type="stmt"/>
        <line num="330" count="4" type="cond" truecount="2" falsecount="0"/>
        <line num="331" count="2" type="stmt"/>
        <line num="332" count="2" type="cond" truecount="1" falsecount="1"/>
        <line num="333" count="2" type="stmt"/>
        <line num="336" count="4" type="stmt"/>
        <line num="338" count="4" type="cond" truecount="2" falsecount="0"/>
        <line num="341" count="3" type="stmt"/>
        <line num="342" count="3" type="stmt"/>
        <line num="343" count="3" type="stmt"/>
        <line num="344" count="3" type="stmt"/>
        <line num="347" count="3" type="cond" truecount="1" falsecount="1"/>
        <line num="348" count="3" type="stmt"/>
        <line num="350" count="3" type="stmt"/>
        <line num="351" count="17" type="cond" truecount="1" falsecount="1"/>
        <line num="352" count="17" type="stmt"/>
        <line num="353" count="17" type="stmt"/>
        <line num="354" count="17" type="stmt"/>
        <line num="360" count="4" type="stmt"/>
        <line num="361" count="4" type="stmt"/>
        <line num="372" count="1413" type="cond" truecount="1" falsecount="1"/>
        <line num="373" count="0" type="stmt"/>
        <line num="374" count="1413" type="cond" truecount="2" falsecount="0"/>
        <line num="375" count="1409" type="stmt"/>
        <line num="378" count="1413" type="stmt"/>
        <line num="379" count="1413" type="stmt"/>
        <line num="380" count="1413" type="stmt"/>
        <line num="383" count="1413" type="cond" truecount="2" falsecount="0"/>
        <line num="384" count="1409" type="stmt"/>
        <line num="387" count="1413" type="stmt"/>
        <line num="397" count="153" type="stmt"/>
        <line num="398" count="153" type="stmt"/>
        <line num="401" count="152" type="cond" truecount="1" falsecount="1"/>
        <line num="402" count="0" type="stmt"/>
        <line num="403" count="0" type="stmt"/>
        <line num="405" count="152" type="stmt"/>
        <line num="407" count="1" type="stmt"/>
        <line num="408" count="1" type="stmt"/>
        <line num="417" count="0" type="stmt"/>
        <line num="418" count="0" type="stmt"/>
        <line num="419" count="0" type="stmt"/>
        <line num="422" count="0" type="cond" truecount="0" falsecount="2"/>
        <line num="423" count="0" type="stmt"/>
        <line num="424" count="0" type="stmt"/>
        <line num="427" count="0" type="stmt"/>
        <line num="436" count="0" type="stmt"/>
        <line num="437" count="0" type="stmt"/>
        <line num="438" count="0" type="stmt"/>
        <line num="439" count="0" type="stmt"/>
        <line num="440" count="0" type="stmt"/>
        <line num="450" count="2" type="cond" truecount="1" falsecount="1"/>
        <line num="451" count="0" type="stmt"/>
        <line num="454" count="2" type="stmt"/>
        <line num="455" count="2" type="stmt"/>
        <line num="457" count="2" type="stmt"/>
        <line num="459" count="2" type="stmt"/>
        <line num="460" count="2" type="stmt"/>
        <line num="462" count="2" type="stmt"/>
        <line num="464" count="2" type="cond" truecount="1" falsecount="1"/>
        <line num="465" count="2" type="stmt"/>
        <line num="468" count="0" type="cond" truecount="0" falsecount="4"/>
        <line num="469" count="0" type="stmt"/>
        <line num="472" count="0" type="stmt"/>
        <line num="474" count="2" type="stmt"/>
        <line num="482" count="78" type="stmt"/>
        <line num="483" count="78" type="stmt"/>
        <line num="484" count="78" type="stmt"/>
        <line num="486" count="78" type="cond" truecount="2" falsecount="0"/>
        <line num="487" count="41" type="stmt"/>
        <line num="491" count="126" type="stmt"/>
        <line num="493" count="1" type="stmt"/>
        <line num="494" count="1" type="stmt"/>
        <line num="495" count="1" type="stmt"/>
        <line num="499" count="76" type="stmt"/>
        <line num="500" count="76" type="stmt"/>
        <line num="503" count="76" type="cond" truecount="2" falsecount="0"/>
        <line num="504" count="40" type="stmt"/>
        <line num="507" count="76" type="stmt"/>
        <line num="509" count="76" type="cond" truecount="4" falsecount="0"/>
        <line num="510" count="1" type="stmt"/>
        <line num="514" count="76" type="stmt"/>
        <line num="515" count="76" type="stmt"/>
        <line num="523" count="58" type="stmt"/>
        <line num="524" count="58" type="stmt"/>
        <line num="526" count="58" type="stmt"/>
        <line num="528" count="58" type="stmt"/>
        <line num="529" count="96" type="stmt"/>
        <line num="531" count="1" type="stmt"/>
        <line num="532" count="1" type="stmt"/>
        <line num="535" count="56" type="cond" truecount="2" falsecount="0"/>
        <line num="536" count="38" type="stmt"/>
        <line num="540" count="56" type="cond" truecount="1" falsecount="1"/>
        <line num="541" count="0" type="stmt"/>
        <line num="544" count="56" type="stmt"/>
        <line num="546" count="56" type="cond" truecount="1" falsecount="1"/>
        <line num="547" count="56" type="cond" truecount="2" falsecount="0"/>
        <line num="548" count="1" type="stmt"/>
        <line num="553" count="56" type="stmt"/>
        <line num="555" count="56" type="stmt"/>
        <line num="557" count="56" type="stmt"/>
        <line num="558" count="54" type="stmt"/>
        <line num="559" count="54" type="stmt"/>
        <line num="560" count="54" type="stmt"/>
        <line num="570" count="6" type="cond" truecount="4" falsecount="0"/>
        <line num="571" count="5" type="cond" truecount="2" falsecount="0"/>
        <line num="572" count="3" type="stmt"/>
        <line num="573" count="3" type="stmt"/>
        <line num="574" count="1" type="stmt"/>
        <line num="575" count="1" type="stmt"/>
        <line num="578" count="3" type="stmt"/>
        <line num="579" count="2" type="stmt"/>
        <line num="580" count="2" type="stmt"/>
        <line num="581" count="2" type="stmt"/>
        <line num="584" count="3" type="stmt"/>
        <line num="585" count="3" type="stmt"/>
        <line num="589" count="2" type="stmt"/>
        <line num="591" count="2" type="stmt"/>
        <line num="592" count="3" type="stmt"/>
        <line num="593" count="1" type="stmt"/>
        <line num="595" count="2" type="stmt"/>
        <line num="597" count="2" type="stmt"/>
        <line num="598" count="1" type="stmt"/>
        <line num="601" count="2" type="stmt"/>
        <line num="603" count="2" type="stmt"/>
        <line num="604" count="1" type="stmt"/>
        <line num="605" count="1" type="stmt"/>
        <line num="608" count="2" type="stmt"/>
        <line num="609" count="1" type="stmt"/>
        <line num="610" count="1" type="stmt"/>
        <line num="611" count="1" type="cond" truecount="1" falsecount="1"/>
        <line num="612" count="1" type="stmt"/>
        <line num="613" count="1" type="stmt"/>
        <line num="614" count="1" type="stmt"/>
        <line num="618" count="2" type="stmt"/>
        <line num="619" count="2" type="stmt"/>
        <line num="623" count="1" type="cond" truecount="1" falsecount="1"/>
        <line num="626" count="1" type="cond" truecount="1" falsecount="1"/>
        <line num="627" count="0" type="stmt"/>
        <line num="629" count="1" type="stmt"/>
        <line num="632" count="1" type="cond" truecount="1" falsecount="1"/>
        <line num="633" count="1" type="stmt"/>
        <line num="639" count="103" type="stmt"/>
        <line num="640" count="235" type="stmt"/>
        <line num="641" count="235" type="stmt"/>
        <line num="645" count="103" type="cond" truecount="2" falsecount="0"/>
        <line num="646" count="12" type="stmt"/>
        <line num="651" count="103" type="cond" truecount="2" falsecount="0"/>
        <line num="652" count="42" type="stmt"/>
        <line num="653" count="42" type="cond" truecount="1" falsecount="1"/>
        <line num="654" count="42" type="stmt"/>
        <line num="661" count="103" type="stmt"/>
        <line num="662" count="103" type="stmt"/>
        <line num="663" count="103" type="stmt"/>
        <line num="666" count="103" type="stmt"/>
        <line num="667" count="103" type="stmt"/>
        <line num="668" count="103" type="stmt"/>
        <line num="669" count="103" type="stmt"/>
        <line num="670" count="103" type="stmt"/>
        <line num="673" count="103" type="cond" truecount="1" falsecount="1"/>
        <line num="674" count="0" type="stmt"/>
        <line num="675" count="0" type="stmt"/>
        <line num="676" count="0" type="stmt"/>
        <line num="677" count="0" type="stmt"/>
        <line num="685" count="103" type="stmt"/>
        <line num="687" count="103" type="cond" truecount="4" falsecount="0"/>
        <line num="688" count="6" type="stmt"/>
        <line num="692" count="103" type="cond" truecount="2" falsecount="0"/>
        <line num="693" count="102" type="stmt"/>
        <line num="696" count="102" type="cond" truecount="3" falsecount="1"/>
        <line num="697" count="102" type="stmt"/>
        <line num="700" count="102" type="stmt"/>
        <line num="702" count="102" type="cond" truecount="1" falsecount="1"/>
        <line num="703" count="0" type="stmt"/>
        <line num="706" count="102" type="stmt"/>
        <line num="707" count="102" type="stmt"/>
        <line num="708" count="102" type="stmt"/>
        <line num="709" count="102" type="stmt"/>
        <line num="710" count="102" type="stmt"/>
        <line num="712" count="102" type="cond" truecount="2" falsecount="0"/>
        <line num="713" count="1" type="stmt"/>
        <line num="718" count="103" type="stmt"/>
        <line num="719" count="103" type="stmt"/>
        <line num="720" count="103" type="stmt"/>
        <line num="721" count="103" type="stmt"/>
        <line num="722" count="103" type="stmt"/>
        <line num="723" count="103" type="stmt"/>
        <line num="724" count="103" type="stmt"/>
        <line num="727" count="103" type="stmt"/>
        <line num="735" count="103" type="stmt"/>
        <line num="736" count="103" type="stmt"/>
        <line num="737" count="103" type="stmt"/>
        <line num="738" count="103" type="stmt"/>
        <line num="739" count="103" type="stmt"/>
        <line num="742" count="103" type="cond" truecount="2" falsecount="0"/>
        <line num="743" count="97" type="stmt"/>
        <line num="747" count="103" type="stmt"/>
        <line num="749" count="103" type="stmt"/>
        <line num="752" count="24" type="stmt"/>
      </file>
      <file name="context-factory.js" path="/Users/kevinries/Development/Fachwerk/weave/weave/packages/core/lib/broker/context-factory.js">
        <metrics statements="31" coveredstatements="29" conditionals="26" coveredconditionals="23" methods="3" coveredmethods="3"/>
        <line num="8" count="24" type="stmt"/>
        <line num="10" count="108" type="stmt"/>
        <line num="12" count="110" type="stmt"/>
        <line num="15" count="1512" type="stmt"/>
        <line num="17" count="1512" type="cond" truecount="2" falsecount="0"/>
        <line num="18" count="1512" type="stmt"/>
        <line num="19" count="1512" type="cond" truecount="2" falsecount="0"/>
        <line num="20" count="1512" type="stmt"/>
        <line num="21" count="1512" type="stmt"/>
        <line num="24" count="1512" type="cond" truecount="2" falsecount="0"/>
        <line num="25" count="1" type="stmt"/>
        <line num="26" count="1511" type="cond" truecount="4" falsecount="0"/>
        <line num="27" count="4" type="stmt"/>
        <line num="31" count="1512" type="cond" truecount="4" falsecount="0"/>
        <line num="32" count="4" type="stmt"/>
        <line num="33" count="1508" type="cond" truecount="2" falsecount="0"/>
        <line num="34" count="1" type="stmt"/>
        <line num="38" count="1512" type="cond" truecount="2" falsecount="0"/>
        <line num="39" count="4" type="stmt"/>
        <line num="40" count="4" type="stmt"/>
        <line num="41" count="4" type="stmt"/>
        <line num="42" count="4" type="stmt"/>
        <line num="46" count="1512" type="cond" truecount="3" falsecount="1"/>
        <line num="47" count="0" type="cond" truecount="0" falsecount="2"/>
        <line num="48" count="0" type="stmt"/>
        <line num="52" count="1512" type="cond" truecount="2" falsecount="0"/>
        <line num="53" count="78" type="stmt"/>
        <line num="54" count="78" type="stmt"/>
        <line num="55" count="78" type="stmt"/>
        <line num="56" count="78" type="stmt"/>
        <line num="59" count="1512" type="stmt"/>
      </file>
      <file name="context.js" path="/Users/kevinries/Development/Fachwerk/weave/weave/packages/core/lib/broker/context.js">
        <metrics statements="41" coveredstatements="39" conditionals="15" coveredconditionals="9" methods="9" coveredmethods="9"/>
        <line num="8" count="24" type="stmt"/>
        <line num="9" count="24" type="stmt"/>
        <line num="11" count="24" type="stmt"/>
        <line num="12" count="1588" type="stmt"/>
        <line num="32" count="1560" type="cond" truecount="2" falsecount="0"/>
        <line num="35" count="46" type="stmt"/>
        <line num="36" count="46" type="stmt"/>
        <line num="37" count="46" type="stmt"/>
        <line num="38" count="46" type="stmt"/>
        <line num="41" count="1" type="stmt"/>
        <line num="44" count="1" type="stmt"/>
        <line num="54" count="4" type="stmt"/>
        <line num="55" count="4" type="cond" truecount="1" falsecount="1"/>
        <line num="56" count="0" type="stmt"/>
        <line num="59" count="4" type="stmt"/>
        <line num="61" count="4" type="stmt"/>
        <line num="62" count="3" type="cond" truecount="1" falsecount="1"/>
        <line num="63" count="3" type="stmt"/>
        <line num="65" count="3" type="stmt"/>
        <line num="69" count="3" type="cond" truecount="1" falsecount="1"/>
        <line num="70" count="0" type="stmt"/>
        <line num="72" count="3" type="stmt"/>
        <line num="74" count="3" type="stmt"/>
        <line num="77" count="30" type="stmt"/>
        <line num="79" count="30" type="stmt"/>
        <line num="80" count="30" type="stmt"/>
        <line num="81" count="30" type="stmt"/>
        <line num="82" count="30" type="stmt"/>
        <line num="83" count="30" type="stmt"/>
        <line num="84" count="30" type="stmt"/>
        <line num="85" count="30" type="stmt"/>
        <line num="86" count="30" type="stmt"/>
        <line num="87" count="30" type="stmt"/>
        <line num="88" count="30" type="stmt"/>
        <line num="89" count="30" type="stmt"/>
        <line num="91" count="30" type="stmt"/>
        <line num="96" count="1588" type="cond" truecount="1" falsecount="1"/>
        <line num="97" count="1588" type="stmt"/>
        <line num="98" count="1588" type="cond" truecount="1" falsecount="1"/>
        <line num="99" count="1588" type="stmt"/>
        <line num="103" count="1588" type="stmt"/>
      </file>
      <file name="default-options.js" path="/Users/kevinries/Development/Fachwerk/weave/weave/packages/core/lib/broker/default-options.js">
        <metrics statements="2" coveredstatements="2" conditionals="0" coveredconditionals="0" methods="1" coveredmethods="1"/>
        <line num="9" count="24" type="stmt"/>
        <line num="133" count="105" type="stmt"/>
      </file>
      <file name="health.js" path="/Users/kevinries/Development/Fachwerk/weave/weave/packages/core/lib/broker/health.js">
        <metrics statements="18" coveredstatements="18" conditionals="2" coveredconditionals="2" methods="9" coveredmethods="9"/>
        <line num="7" count="24" type="stmt"/>
        <line num="8" count="24" type="stmt"/>
        <line num="10" count="24" type="stmt"/>
        <line num="11" count="104" type="stmt"/>
        <line num="13" count="104" type="stmt"/>
        <line num="14" count="104" type="stmt"/>
        <line num="17" count="3" type="stmt"/>
        <line num="24" count="3" type="stmt"/>
        <line num="32" count="3" type="stmt"/>
        <line num="33" count="3" type="stmt"/>
        <line num="35" count="3" type="stmt"/>
        <line num="41" count="3" type="stmt"/>
        <line num="42" count="3" type="stmt"/>
        <line num="53" count="3" type="stmt"/>
        <line num="59" count="3" type="cond" truecount="2" falsecount="0"/>
        <line num="60" count="2" type="stmt"/>
        <line num="66" count="2" type="stmt"/>
        <line num="79" count="24" type="stmt"/>
      </file>
      <file name="middleware-manager.js" path="/Users/kevinries/Development/Fachwerk/weave/weave/packages/core/lib/broker/middleware-manager.js">
        <metrics statements="33" coveredstatements="32" conditionals="25" coveredconditionals="23" methods="17" coveredmethods="17"/>
        <line num="7" count="24" type="stmt"/>
        <line num="8" count="103" type="stmt"/>
        <line num="9" count="103" type="stmt"/>
        <line num="11" count="103" type="stmt"/>
        <line num="14" count="823" type="cond" truecount="1" falsecount="1"/>
        <line num="15" count="0" type="stmt"/>
        <line num="18" count="823" type="cond" truecount="2" falsecount="0"/>
        <line num="19" count="102" type="stmt"/>
        <line num="24" count="823" type="stmt"/>
        <line num="27" count="721" type="cond" truecount="2" falsecount="0"/>
        <line num="28" count="5761" type="stmt"/>
        <line num="29" count="714" type="cond" truecount="2" falsecount="0"/>
        <line num="30" count="5" type="stmt"/>
        <line num="33" count="721" type="stmt"/>
        <line num="36" count="952" type="cond" truecount="2" falsecount="0"/>
        <line num="37" count="950" type="stmt"/>
        <line num="38" count="7633" type="cond" truecount="2" falsecount="0"/>
        <line num="39" count="7306" type="stmt"/>
        <line num="41" count="327" type="stmt"/>
        <line num="45" count="952" type="stmt"/>
        <line num="48" count="709" type="cond" truecount="2" falsecount="0"/>
        <line num="49" count="701" type="cond" truecount="2" falsecount="0"/>
        <line num="50" count="701" type="stmt"/>
        <line num="51" count="5637" type="stmt"/>
        <line num="52" count="12" type="stmt"/>
        <line num="54" count="701" type="cond" truecount="2" falsecount="0"/>
        <line num="55" count="12" type="stmt"/>
        <line num="60" count="408" type="cond" truecount="2" falsecount="0"/>
        <line num="61" count="405" type="cond" truecount="1" falsecount="1"/>
        <line num="62" count="405" type="stmt"/>
        <line num="63" count="3259" type="stmt"/>
        <line num="64" count="108" type="stmt"/>
        <line num="65" count="108" type="stmt"/>
      </file>
      <file name="validator.js" path="/Users/kevinries/Development/Fachwerk/weave/weave/packages/core/lib/broker/validator.js">
        <metrics statements="15" coveredstatements="15" conditionals="6" coveredconditionals="6" methods="4" coveredmethods="4"/>
        <line num="7" count="24" type="stmt"/>
        <line num="8" count="24" type="stmt"/>
        <line num="10" count="24" type="stmt"/>
        <line num="11" count="103" type="stmt"/>
        <line num="14" count="103" type="stmt"/>
        <line num="16" count="908" type="cond" truecount="4" falsecount="0"/>
        <line num="17" count="179" type="stmt"/>
        <line num="19" count="179" type="stmt"/>
        <line num="20" count="7" type="stmt"/>
        <line num="22" count="7" type="cond" truecount="2" falsecount="0"/>
        <line num="23" count="5" type="stmt"/>
        <line num="25" count="2" type="stmt"/>
        <line num="26" count="2" type="stmt"/>
        <line num="31" count="729" type="stmt"/>
        <line num="35" count="103" type="stmt"/>
      </file>
    </package>
    <package name="lib.cache">
      <metrics statements="156" coveredstatements="121" conditionals="68" coveredconditionals="39" methods="47" coveredmethods="37"/>
      <file name="base.js" path="/Users/kevinries/Development/Fachwerk/weave/weave/packages/core/lib/cache/base.js">
        <metrics statements="50" coveredstatements="26" conditionals="28" coveredconditionals="12" methods="18" coveredmethods="12"/>
        <line num="6" count="25" type="stmt"/>
        <line num="7" count="25" type="stmt"/>
        <line num="10" count="4" type="cond" truecount="1" falsecount="1"/>
        <line num="11" count="0" type="stmt"/>
        <line num="12" count="4" type="cond" truecount="2" falsecount="0"/>
        <line num="13" count="1" type="stmt"/>
        <line num="14" count="3" type="stmt"/>
        <line num="16" count="3" type="cond" truecount="1" falsecount="1"/>
        <line num="17" count="3" type="stmt"/>
        <line num="19" count="0" type="stmt"/>
        <line num="24" count="1" type="stmt"/>
        <line num="34" count="25" type="stmt"/>
        <line num="35" count="15" type="stmt"/>
        <line num="40" count="2" type="stmt"/>
        <line num="41" count="2" type="stmt"/>
        <line num="43" count="2" type="cond" truecount="1" falsecount="1"/>
        <line num="44" count="2" type="stmt"/>
        <line num="69" count="2" type="cond" truecount="4" falsecount="0"/>
        <line num="70" count="1" type="stmt"/>
        <line num="72" count="1" type="cond" truecount="1" falsecount="1"/>
        <line num="73" count="0" type="cond" truecount="0" falsecount="2"/>
        <line num="74" count="0" type="stmt"/>
        <line num="75" count="0" type="stmt"/>
        <line num="76" count="0" type="cond" truecount="0" falsecount="2"/>
        <line num="79" count="0" type="cond" truecount="0" falsecount="2"/>
        <line num="80" count="0" type="stmt"/>
        <line num="81" count="0" type="stmt"/>
        <line num="83" count="0" type="cond" truecount="0" falsecount="2"/>
        <line num="84" count="0" type="stmt"/>
        <line num="85" count="0" type="stmt"/>
        <line num="87" count="0" type="stmt"/>
        <line num="90" count="0" type="cond" truecount="0" falsecount="2"/>
        <line num="92" count="0" type="stmt"/>
        <line num="95" count="1" type="stmt"/>
        <line num="99" count="1" type="stmt"/>
        <line num="103" count="15" type="stmt"/>
        <line num="104" count="3" type="cond" truecount="2" falsecount="0"/>
        <line num="105" count="1" type="stmt"/>
        <line num="106" count="0" type="stmt"/>
        <line num="107" count="0" type="stmt"/>
        <line num="109" count="0" type="stmt"/>
        <line num="110" count="0" type="cond" truecount="0" falsecount="2"/>
        <line num="111" count="0" type="stmt"/>
        <line num="112" count="0" type="stmt"/>
        <line num="115" count="0" type="stmt"/>
        <line num="116" count="0" type="stmt"/>
        <line num="117" count="0" type="stmt"/>
        <line num="122" count="2" type="stmt"/>
        <line num="125" count="15" type="stmt"/>
        <line num="127" count="25" type="stmt"/>
      </file>
      <file name="index.js" path="/Users/kevinries/Development/Fachwerk/weave/weave/packages/core/lib/cache/index.js">
        <metrics statements="21" coveredstatements="21" conditionals="14" coveredconditionals="12" methods="3" coveredmethods="3"/>
        <line num="7" count="25" type="stmt"/>
        <line num="8" count="25" type="stmt"/>
        <line num="10" count="25" type="stmt"/>
        <line num="15" count="25" type="stmt"/>
        <line num="18" count="6" type="stmt"/>
        <line num="19" count="4" type="cond" truecount="2" falsecount="0"/>
        <line num="20" count="1" type="stmt"/>
        <line num="23" count="5" type="stmt"/>
        <line num="24" count="3" type="cond" truecount="2" falsecount="0"/>
        <line num="25" count="2" type="stmt"/>
        <line num="31" count="6" type="cond" truecount="2" falsecount="0"/>
        <line num="32" count="1" type="stmt"/>
        <line num="33" count="5" type="cond" truecount="2" falsecount="0"/>
        <line num="34" count="4" type="stmt"/>
        <line num="36" count="4" type="cond" truecount="2" falsecount="0"/>
        <line num="37" count="2" type="stmt"/>
        <line num="39" count="2" type="stmt"/>
        <line num="41" count="1" type="cond" truecount="1" falsecount="1"/>
        <line num="42" count="1" type="stmt"/>
        <line num="44" count="4" type="cond" truecount="1" falsecount="1"/>
        <line num="45" count="4" type="stmt"/>
      </file>
      <file name="memory.js" path="/Users/kevinries/Development/Fachwerk/weave/weave/packages/core/lib/cache/memory.js">
        <metrics statements="39" coveredstatements="32" conditionals="16" coveredconditionals="8" methods="10" coveredmethods="7"/>
        <line num="7" count="25" type="stmt"/>
        <line num="8" count="25" type="stmt"/>
        <line num="10" count="25" type="cond" truecount="1" falsecount="0"/>
        <line num="11" count="5" type="stmt"/>
        <line num="12" count="5" type="stmt"/>
        <line num="13" count="5" type="stmt"/>
        <line num="15" count="5" type="stmt"/>
        <line num="16" count="0" type="stmt"/>
        <line num="19" count="5" type="stmt"/>
        <line num="22" count="5" type="stmt"/>
        <line num="24" count="5" type="stmt"/>
        <line num="25" count="0" type="stmt"/>
        <line num="27" count="0" type="stmt"/>
        <line num="28" count="0" type="cond" truecount="0" falsecount="4"/>
        <line num="29" count="0" type="stmt"/>
        <line num="30" count="0" type="stmt"/>
        <line num="35" count="5" type="stmt"/>
        <line num="38" count="4" type="stmt"/>
        <line num="40" count="4" type="cond" truecount="2" falsecount="0"/>
        <line num="41" count="2" type="cond" truecount="1" falsecount="1"/>
        <line num="42" count="0" type="stmt"/>
        <line num="45" count="2" type="stmt"/>
        <line num="47" count="2" type="stmt"/>
        <line num="49" count="2" type="stmt"/>
        <line num="52" count="4" type="cond" truecount="1" falsecount="1"/>
        <line num="53" count="4" type="stmt"/>
        <line num="56" count="4" type="stmt"/>
        <line num="61" count="4" type="stmt"/>
        <line num="63" count="4" type="stmt"/>
        <line num="66" count="3" type="stmt"/>
        <line num="67" count="3" type="stmt"/>
        <line num="69" count="3" type="stmt"/>
        <line num="72" count="1" type="stmt"/>
        <line num="73" count="2" type="cond" truecount="1" falsecount="1"/>
        <line num="74" count="2" type="stmt"/>
        <line num="75" count="2" type="stmt"/>
        <line num="78" count="1" type="stmt"/>
        <line num="82" count="5" type="stmt"/>
        <line num="85" count="25" type="stmt"/>
      </file>
      <file name="redis.js" path="/Users/kevinries/Development/Fachwerk/weave/weave/packages/core/lib/cache/redis.js">
        <metrics statements="46" coveredstatements="42" conditionals="10" coveredconditionals="7" methods="16" coveredmethods="15"/>
        <line num="7" count="25" type="stmt"/>
        <line num="9" count="25" type="cond" truecount="1" falsecount="0"/>
        <line num="11" count="5" type="stmt"/>
        <line num="17" count="5" type="stmt"/>
        <line num="18" count="5" type="stmt"/>
        <line num="21" count="5" type="stmt"/>
        <line num="23" count="5" type="stmt"/>
        <line num="27" count="2" type="stmt"/>
        <line num="28" count="2" type="stmt"/>
        <line num="30" count="0" type="stmt"/>
        <line num="31" count="0" type="stmt"/>
        <line num="33" count="2" type="stmt"/>
        <line num="35" count="2" type="stmt"/>
        <line num="40" count="2" type="stmt"/>
        <line num="46" count="4" type="stmt"/>
        <line num="47" count="4" type="cond" truecount="1" falsecount="1"/>
        <line num="48" count="4" type="stmt"/>
        <line num="51" count="4" type="cond" truecount="1" falsecount="1"/>
        <line num="52" count="0" type="stmt"/>
        <line num="54" count="4" type="stmt"/>
        <line num="56" count="4" type="stmt"/>
        <line num="57" count="4" type="stmt"/>
        <line num="60" count="4" type="stmt"/>
        <line num="61" count="4" type="cond" truecount="2" falsecount="0"/>
        <line num="62" count="2" type="stmt"/>
        <line num="63" count="2" type="stmt"/>
        <line num="64" count="2" type="stmt"/>
        <line num="65" count="2" type="stmt"/>
        <line num="67" count="0" type="stmt"/>
        <line num="70" count="2" type="stmt"/>
        <line num="74" count="1" type="stmt"/>
        <line num="76" count="1" type="stmt"/>
        <line num="80" count="1" type="stmt"/>
        <line num="81" count="1" type="stmt"/>
        <line num="85" count="1" type="stmt"/>
        <line num="86" count="1" type="cond" truecount="1" falsecount="1"/>
        <line num="87" count="1" type="stmt"/>
        <line num="88" count="1" type="stmt"/>
        <line num="89" count="2" type="stmt"/>
        <line num="91" count="1" type="stmt"/>
        <line num="95" count="1" type="stmt"/>
        <line num="96" count="1" type="stmt"/>
        <line num="97" count="1" type="stmt"/>
        <line num="102" count="2" type="stmt"/>
        <line num="106" count="5" type="stmt"/>
        <line num="109" count="25" type="stmt"/>
      </file>
    </package>
    <package name="lib.log">
      <metrics statements="108" coveredstatements="87" conditionals="54" coveredconditionals="32" methods="31" coveredmethods="24"/>
      <file name="logger.js" path="/Users/kevinries/Development/Fachwerk/weave/weave/packages/core/lib/log/logger.js">
        <metrics statements="106" coveredstatements="85" conditionals="54" coveredconditionals="32" methods="31" coveredmethods="24"/>
        <line num="10" count="24" type="stmt"/>
        <line num="13" count="24" type="stmt"/>
        <line num="14" count="24" type="stmt"/>
        <line num="15" count="24" type="stmt"/>
        <line num="18" count="24" type="stmt"/>
        <line num="20" count="24" type="stmt"/>
        <line num="23" count="24" type="stmt"/>
        <line num="32" count="24" type="stmt"/>
        <line num="34" count="24" type="stmt"/>
        <line num="35" count="766" type="stmt"/>
        <line num="37" count="766" type="stmt"/>
        <line num="38" count="9536" type="stmt"/>
        <line num="41" count="766" type="stmt"/>
        <line num="44" count="24" type="stmt"/>
        <line num="45" count="10724" type="stmt"/>
        <line num="46" count="9958" type="cond" truecount="2" falsecount="0"/>
        <line num="49" count="24" type="stmt"/>
        <line num="50" count="10724" type="stmt"/>
        <line num="51" count="9958" type="cond" truecount="2" falsecount="0"/>
        <line num="54" count="24" type="stmt"/>
        <line num="55" count="90" type="stmt"/>
        <line num="56" count="90" type="stmt"/>
        <line num="59" count="24" type="stmt"/>
        <line num="60" count="766" type="stmt"/>
        <line num="62" count="766" type="stmt"/>
        <line num="63" count="766" type="stmt"/>
        <line num="66" count="766" type="stmt"/>
        <line num="67" count="10724" type="cond" truecount="2" falsecount="0"/>
        <line num="68" count="10724" type="cond" truecount="2" falsecount="0"/>
        <line num="71" count="766" type="stmt"/>
        <line num="72" count="766" type="stmt"/>
        <line num="74" count="766" type="stmt"/>
        <line num="76" count="90" type="cond" truecount="2" falsecount="0"/>
        <line num="77" count="18" type="stmt"/>
        <line num="78" count="72" type="cond" truecount="1" falsecount="1"/>
        <line num="79" count="72" type="stmt"/>
        <line num="81" count="90" type="stmt"/>
        <line num="84" count="766" type="stmt"/>
        <line num="85" count="0" type="stmt"/>
        <line num="87" count="0" type="stmt"/>
        <line num="89" count="0" type="stmt"/>
        <line num="91" count="0" type="stmt"/>
        <line num="93" count="0" type="stmt"/>
        <line num="95" count="0" type="stmt"/>
        <line num="97" count="0" type="cond" truecount="0" falsecount="2"/>
        <line num="100" count="766" type="stmt"/>
        <line num="102" count="766" type="stmt"/>
        <line num="104" count="766" type="cond" truecount="2" falsecount="0"/>
        <line num="106" count="766" type="stmt"/>
        <line num="108" count="766" type="stmt"/>
        <line num="109" count="90" type="stmt"/>
        <line num="111" count="90" type="cond" truecount="1" falsecount="1"/>
        <line num="112" count="90" type="stmt"/>
        <line num="113" count="90" type="stmt"/>
        <line num="114" count="90" type="stmt"/>
        <line num="117" count="90" type="cond" truecount="1" falsecount="1"/>
        <line num="118" count="90" type="stmt"/>
        <line num="119" count="180" type="stmt"/>
        <line num="122" count="0" type="stmt"/>
        <line num="125" count="766" type="stmt"/>
        <line num="127" count="766" type="stmt"/>
        <line num="128" count="0" type="cond" truecount="0" falsecount="4"/>
        <line num="131" count="766" type="stmt"/>
        <line num="132" count="90" type="stmt"/>
        <line num="135" count="766" type="stmt"/>
        <line num="136" count="90" type="stmt"/>
        <line num="138" count="90" type="cond" truecount="3" falsecount="2"/>
        <line num="139" count="0" type="cond" truecount="0" falsecount="2"/>
        <line num="140" count="0" type="stmt"/>
        <line num="142" count="0" type="stmt"/>
        <line num="143" count="0" type="stmt"/>
        <line num="144" count="0" type="cond" truecount="0" falsecount="2"/>
        <line num="147" count="90" type="stmt"/>
        <line num="150" count="90" type="stmt"/>
        <line num="151" count="90" type="stmt"/>
        <line num="153" count="90" type="cond" truecount="1" falsecount="1"/>
        <line num="154" count="0" type="stmt"/>
        <line num="155" count="0" type="stmt"/>
        <line num="158" count="90" type="cond" truecount="3" falsecount="1"/>
        <line num="159" count="90" type="stmt"/>
        <line num="160" count="90" type="stmt"/>
        <line num="163" count="90" type="cond" truecount="2" falsecount="2"/>
        <line num="164" count="0" type="stmt"/>
        <line num="166" count="0" type="stmt"/>
        <line num="167" count="0" type="stmt"/>
        <line num="169" count="0" type="stmt"/>
        <line num="172" count="90" type="cond" truecount="3" falsecount="1"/>
        <line num="173" count="90" type="stmt"/>
        <line num="174" count="90" type="stmt"/>
        <line num="177" count="90" type="cond" truecount="1" falsecount="1"/>
        <line num="178" count="90" type="stmt"/>
        <line num="179" count="90" type="stmt"/>
        <line num="180" count="90" type="stmt"/>
        <line num="183" count="90" type="stmt"/>
        <line num="185" count="90" type="cond" truecount="1" falsecount="1"/>
        <line num="186" count="0" type="stmt"/>
        <line num="189" count="90" type="cond" truecount="2" falsecount="0"/>
        <line num="190" count="6" type="stmt"/>
        <line num="193" count="90" type="stmt"/>
        <line num="196" count="766" type="cond" truecount="1" falsecount="0"/>
        <line num="197" count="90" type="stmt"/>
        <line num="198" count="90" type="stmt"/>
        <line num="202" count="90" type="stmt"/>
        <line num="203" count="90" type="stmt"/>
        <line num="205" count="90" type="stmt"/>
        <line num="208" count="766" type="stmt"/>
      </file>
      <file name="types.js" path="/Users/kevinries/Development/Fachwerk/weave/weave/packages/core/lib/log/types.js">
        <metrics statements="2" coveredstatements="2" conditionals="0" coveredconditionals="0" methods="0" coveredmethods="0"/>
        <line num="1" count="24" type="stmt"/>
        <line num="3" count="24" type="stmt"/>
      </file>
    </package>
    <package name="lib.metrics">
      <metrics statements="58" coveredstatements="35" conditionals="21" coveredconditionals="6" methods="9" coveredmethods="3"/>
      <file name="constants.js" path="/Users/kevinries/Development/Fachwerk/weave/weave/packages/core/lib/metrics/constants.js">
        <metrics statements="16" coveredstatements="16" conditionals="0" coveredconditionals="0" methods="0" coveredmethods="0"/>
        <line num="2" count="24" type="stmt"/>
        <line num="3" count="24" type="stmt"/>
        <line num="4" count="24" type="stmt"/>
        <line num="5" count="24" type="stmt"/>
        <line num="8" count="24" type="stmt"/>
        <line num="9" count="24" type="stmt"/>
        <line num="10" count="24" type="stmt"/>
        <line num="13" count="24" type="stmt"/>
        <line num="14" count="24" type="stmt"/>
        <line num="15" count="24" type="stmt"/>
        <line num="16" count="24" type="stmt"/>
        <line num="19" count="24" type="stmt"/>
        <line num="20" count="24" type="stmt"/>
        <line num="21" count="24" type="stmt"/>
        <line num="22" count="24" type="stmt"/>
        <line num="25" count="24" type="stmt"/>
      </file>
      <file name="index.js" path="/Users/kevinries/Development/Fachwerk/weave/weave/packages/core/lib/metrics/index.js">
        <metrics statements="2" coveredstatements="2" conditionals="0" coveredconditionals="0" methods="0" coveredmethods="0"/>
        <line num="1" count="24" type="stmt"/>
        <line num="3" count="24" type="stmt"/>
      </file>
      <file name="registry.js" path="/Users/kevinries/Development/Fachwerk/weave/weave/packages/core/lib/metrics/registry.js">
        <metrics statements="40" coveredstatements="17" conditionals="21" coveredconditionals="6" methods="9" coveredmethods="3"/>
        <line num="1" count="24" type="stmt"/>
        <line num="2" count="24" type="stmt"/>
        <line num="4" count="24" type="stmt"/>
        <line num="5" count="103" type="stmt"/>
        <line num="9" count="103" type="stmt"/>
        <line num="11" count="103" type="cond" truecount="1" falsecount="1"/>
        <line num="12" count="103" type="cond" truecount="1" falsecount="1"/>
        <line num="13" count="0" type="stmt"/>
        <line num="16" count="103" type="stmt"/>
        <line num="17" count="0" type="stmt"/>
        <line num="18" count="0" type="stmt"/>
        <line num="22" count="103" type="stmt"/>
        <line num="25" count="420" type="cond" truecount="1" falsecount="1"/>
        <line num="26" count="0" type="stmt"/>
        <line num="29" count="420" type="cond" truecount="1" falsecount="1"/>
        <line num="30" count="0" type="stmt"/>
        <line num="33" count="420" type="cond" truecount="1" falsecount="1"/>
        <line num="34" count="0" type="stmt"/>
        <line num="37" count="420" type="stmt"/>
        <line num="39" count="420" type="cond" truecount="1" falsecount="1"/>
        <line num="40" count="0" type="stmt"/>
        <line num="43" count="420" type="stmt"/>
        <line num="45" count="420" type="stmt"/>
        <line num="47" count="420" type="stmt"/>
        <line num="50" count="0" type="stmt"/>
        <line num="52" count="0" type="cond" truecount="0" falsecount="2"/>
        <line num="53" count="0" type="stmt"/>
        <line num="56" count="0" type="stmt"/>
        <line num="59" count="0" type="stmt"/>
        <line num="61" count="0" type="cond" truecount="0" falsecount="2"/>
        <line num="62" count="0" type="stmt"/>
        <line num="65" count="0" type="stmt"/>
        <line num="68" count="0" type="stmt"/>
        <line num="70" count="0" type="cond" truecount="0" falsecount="2"/>
        <line num="71" count="0" type="stmt"/>
        <line num="74" count="0" type="stmt"/>
        <line num="77" count="0" type="stmt"/>
        <line num="79" count="0" type="stmt"/>
        <line num="80" count="0" type="stmt"/>
        <line num="83" count="0" type="stmt"/>
      </file>
    </package>
    <package name="lib.metrics.types">
      <metrics statements="68" coveredstatements="33" conditionals="28" coveredconditionals="8" methods="20" coveredmethods="8"/>
      <file name="base.js" path="/Users/kevinries/Development/Fachwerk/weave/weave/packages/core/lib/metrics/types/base.js">
        <metrics statements="19" coveredstatements="7" conditionals="10" coveredconditionals="4" methods="6" coveredmethods="2"/>
        <line num="1" count="24" type="stmt"/>
        <line num="3" count="420" type="stmt"/>
        <line num="4" count="420" type="stmt"/>
        <line num="5" count="420" type="cond" truecount="2" falsecount="0"/>
        <line num="6" count="420" type="stmt"/>
        <line num="10" count="412" type="cond" truecount="2" falsecount="2"/>
        <line num="11" count="412" type="stmt"/>
        <line num="14" count="0" type="stmt"/>
        <line num="16" count="0" type="stmt"/>
        <line num="17" count="0" type="cond" truecount="0" falsecount="2"/>
        <line num="18" count="0" type="stmt"/>
        <line num="19" count="0" type="cond" truecount="0" falsecount="2"/>
        <line num="20" count="0" type="stmt"/>
        <line num="22" count="0" type="stmt"/>
        <line num="25" count="0" type="stmt"/>
        <line num="29" count="0" type="stmt"/>
        <line num="30" count="0" type="stmt"/>
        <line num="34" count="0" type="stmt"/>
        <line num="38" count="0" type="stmt"/>
      </file>
      <file name="counter.js" path="/Users/kevinries/Development/Fachwerk/weave/weave/packages/core/lib/metrics/types/counter.js">
        <metrics statements="3" coveredstatements="2" conditionals="0" coveredconditionals="0" methods="1" coveredmethods="0"/>
        <line num="1" count="24" type="stmt"/>
        <line num="3" count="24" type="stmt"/>
        <line num="9" count="0" type="stmt"/>
      </file>
      <file name="gauge.js" path="/Users/kevinries/Development/Fachwerk/weave/weave/packages/core/lib/metrics/types/gauge.js">
        <metrics statements="21" coveredstatements="5" conditionals="8" coveredconditionals="0" methods="6" coveredmethods="1"/>
        <line num="1" count="24" type="stmt"/>
        <line num="3" count="24" type="stmt"/>
        <line num="5" count="8" type="stmt"/>
        <line num="6" count="8" type="stmt"/>
        <line num="7" count="8" type="stmt"/>
        <line num="11" count="0" type="stmt"/>
        <line num="13" count="0" type="cond" truecount="0" falsecount="2"/>
        <line num="17" count="0" type="stmt"/>
        <line num="19" count="0" type="cond" truecount="0" falsecount="2"/>
        <line num="23" count="0" type="stmt"/>
        <line num="25" count="0" type="stmt"/>
        <line num="33" count="0" type="stmt"/>
        <line num="34" count="0" type="stmt"/>
        <line num="36" count="0" type="stmt"/>
        <line num="38" count="0" type="cond" truecount="0" falsecount="2"/>
        <line num="39" count="0" type="cond" truecount="0" falsecount="2"/>
        <line num="40" count="0" type="stmt"/>
        <line num="41" count="0" type="stmt"/>
        <line num="44" count="0" type="stmt"/>
        <line num="49" count="0" type="stmt"/>
        <line num="51" count="0" type="stmt"/>
      </file>
      <file name="index.js" path="/Users/kevinries/Development/Fachwerk/weave/weave/packages/core/lib/metrics/types/index.js">
        <metrics statements="7" coveredstatements="7" conditionals="2" coveredconditionals="1" methods="3" coveredmethods="3"/>
        <line num="1" count="24" type="stmt"/>
        <line num="7" count="24" type="stmt"/>
        <line num="8" count="1246" type="stmt"/>
        <line num="10" count="420" type="cond" truecount="1" falsecount="1"/>
        <line num="11" count="420" type="stmt"/>
        <line num="15" count="24" type="stmt"/>
        <line num="17" count="420" type="stmt"/>
      </file>
      <file name="info.js" path="/Users/kevinries/Development/Fachwerk/weave/weave/packages/core/lib/metrics/types/info.js">
        <metrics statements="18" coveredstatements="12" conditionals="8" coveredconditionals="3" methods="4" coveredmethods="2"/>
        <line num="1" count="24" type="stmt"/>
        <line num="3" count="24" type="stmt"/>
        <line num="5" count="412" type="stmt"/>
        <line num="6" count="412" type="stmt"/>
        <line num="7" count="412" type="stmt"/>
        <line num="11" count="0" type="stmt"/>
        <line num="13" count="0" type="stmt"/>
        <line num="21" count="412" type="stmt"/>
        <line num="22" count="412" type="stmt"/>
        <line num="24" count="412" type="stmt"/>
        <line num="26" count="412" type="cond" truecount="1" falsecount="1"/>
        <line num="27" count="0" type="cond" truecount="0" falsecount="2"/>
        <line num="28" count="0" type="stmt"/>
        <line num="29" count="0" type="stmt"/>
        <line num="30" count="0" type="cond" truecount="0" falsecount="2"/>
        <line num="33" count="412" type="stmt"/>
        <line num="39" count="412" type="stmt"/>
        <line num="41" count="412" type="stmt"/>
      </file>
    </package>
    <package name="lib.middlewares">
      <metrics statements="250" coveredstatements="200" conditionals="140" coveredconditionals="93" methods="75" coveredmethods="59"/>
      <file name="action-hooks.js" path="/Users/kevinries/Development/Fachwerk/weave/weave/packages/core/lib/middlewares/action-hooks.js">
        <metrics statements="42" coveredstatements="42" conditionals="52" coveredconditionals="34" methods="15" coveredmethods="15"/>
        <line num="8" count="18" type="cond" truecount="2" falsecount="0"/>
        <line num="9" count="12" type="stmt"/>
        <line num="10" count="6" type="cond" truecount="1" falsecount="1"/>
        <line num="11" count="12" type="stmt"/>
        <line num="16" count="36" type="cond" truecount="2" falsecount="0"/>
        <line num="17" count="10" type="stmt"/>
        <line num="20" count="36" type="cond" truecount="2" falsecount="0"/>
        <line num="21" count="12" type="stmt"/>
        <line num="22" count="16" type="cond" truecount="2" falsecount="0"/>
        <line num="23" count="14" type="cond" truecount="3" falsecount="1"/>
        <line num="25" count="2" type="stmt"/>
        <line num="28" count="24" type="stmt"/>
        <line num="31" count="24" type="stmt"/>
        <line num="32" count="102" type="stmt"/>
        <line num="33" count="908" type="stmt"/>
        <line num="34" count="908" type="cond" truecount="3" falsecount="1"/>
        <line num="36" count="908" type="cond" truecount="2" falsecount="0"/>
        <line num="37" count="6" type="cond" truecount="1" falsecount="1"/>
        <line num="38" count="6" type="cond" truecount="1" falsecount="1"/>
        <line num="39" count="6" type="cond" truecount="1" falsecount="1"/>
        <line num="40" count="6" type="cond" truecount="1" falsecount="1"/>
        <line num="41" count="6" type="cond" truecount="1" falsecount="1"/>
        <line num="42" count="6" type="cond" truecount="1" falsecount="1"/>
        <line num="44" count="6" type="cond" truecount="2" falsecount="6"/>
        <line num="45" count="6" type="stmt"/>
        <line num="46" count="5" type="stmt"/>
        <line num="49" count="5" type="cond" truecount="1" falsecount="1"/>
        <line num="50" count="5" type="stmt"/>
        <line num="54" count="5" type="cond" truecount="2" falsecount="0"/>
        <line num="55" count="3" type="stmt"/>
        <line num="59" count="5" type="stmt"/>
        <line num="62" count="5" type="cond" truecount="2" falsecount="0"/>
        <line num="63" count="4" type="stmt"/>
        <line num="67" count="5" type="cond" truecount="1" falsecount="1"/>
        <line num="68" count="5" type="stmt"/>
        <line num="72" count="5" type="cond" truecount="2" falsecount="0"/>
        <line num="73" count="1" type="stmt"/>
        <line num="76" count="5" type="cond" truecount="1" falsecount="1"/>
        <line num="77" count="5" type="stmt"/>
        <line num="80" count="5" type="stmt"/>
        <line num="84" count="902" type="stmt"/>
        <line num="87" count="24" type="stmt"/>
      </file>
      <file name="bulkhead.js" path="/Users/kevinries/Development/Fachwerk/weave/weave/packages/core/lib/middlewares/bulkhead.js">
        <metrics statements="35" coveredstatements="29" conditionals="14" coveredconditionals="12" methods="9" coveredmethods="7"/>
        <line num="7" count="24" type="stmt"/>
        <line num="9" count="24" type="stmt"/>
        <line num="10" count="912" type="stmt"/>
        <line num="11" count="912" type="cond" truecount="1" falsecount="1"/>
        <line num="13" count="912" type="cond" truecount="2" falsecount="0"/>
        <line num="14" count="3" type="stmt"/>
        <line num="15" count="3" type="stmt"/>
        <line num="17" count="3" type="stmt"/>
        <line num="18" count="23" type="cond" truecount="2" falsecount="0"/>
        <line num="19" count="19" type="cond" truecount="1" falsecount="1"/>
        <line num="21" count="19" type="stmt"/>
        <line num="23" count="19" type="stmt"/>
        <line num="24" count="19" type="stmt"/>
        <line num="26" count="19" type="stmt"/>
        <line num="27" count="19" type="stmt"/>
        <line num="28" count="19" type="stmt"/>
        <line num="31" count="0" type="stmt"/>
        <line num="32" count="0" type="stmt"/>
        <line num="33" count="0" type="stmt"/>
        <line num="37" count="3" type="stmt"/>
        <line num="39" count="30" type="cond" truecount="2" falsecount="0"/>
        <line num="40" count="4" type="stmt"/>
        <line num="41" count="4" type="stmt"/>
        <line num="43" count="4" type="stmt"/>
        <line num="44" count="4" type="stmt"/>
        <line num="45" count="4" type="stmt"/>
        <line num="48" count="0" type="stmt"/>
        <line num="49" count="0" type="stmt"/>
        <line num="50" count="0" type="stmt"/>
        <line num="55" count="26" type="cond" truecount="4" falsecount="0"/>
        <line num="56" count="7" type="stmt"/>
        <line num="64" count="19" type="stmt"/>
        <line num="67" count="909" type="stmt"/>
        <line num="69" count="24" type="stmt"/>
        <line num="70" count="103" type="stmt"/>
      </file>
      <file name="circuit-breaker.js" path="/Users/kevinries/Development/Fachwerk/weave/weave/packages/core/lib/middlewares/circuit-breaker.js">
        <metrics statements="60" coveredstatements="44" conditionals="16" coveredconditionals="11" methods="19" coveredmethods="14"/>
        <line num="7" count="24" type="stmt"/>
        <line num="8" count="102" type="stmt"/>
        <line num="9" count="102" type="stmt"/>
        <line num="10" count="102" type="stmt"/>
        <line num="13" count="1" type="stmt"/>
        <line num="14" count="1" type="stmt"/>
        <line num="18" count="0" type="stmt"/>
        <line num="19" count="0" type="cond" truecount="0" falsecount="2"/>
        <line num="20" count="0" type="stmt"/>
        <line num="21" count="0" type="stmt"/>
        <line num="24" count="0" type="stmt"/>
        <line num="25" count="0" type="stmt"/>
        <line num="30" count="18" type="stmt"/>
        <line num="31" count="18" type="cond" truecount="2" falsecount="0"/>
        <line num="32" count="2" type="stmt"/>
        <line num="40" count="2" type="stmt"/>
        <line num="43" count="18" type="stmt"/>
        <line num="47" count="7" type="stmt"/>
        <line num="49" count="7" type="cond" truecount="1" falsecount="1"/>
        <line num="50" count="0" type="stmt"/>
        <line num="52" count="7" type="stmt"/>
        <line num="57" count="4" type="stmt"/>
        <line num="58" count="4" type="stmt"/>
        <line num="60" count="4" type="stmt"/>
        <line num="64" count="11" type="cond" truecount="2" falsecount="0"/>
        <line num="65" count="3" type="stmt"/>
        <line num="70" count="3" type="stmt"/>
        <line num="71" count="3" type="stmt"/>
        <line num="72" count="3" type="stmt"/>
        <line num="74" count="3" type="stmt"/>
        <line num="78" count="2" type="stmt"/>
        <line num="79" count="2" type="stmt"/>
        <line num="81" count="2" type="stmt"/>
        <line num="85" count="0" type="stmt"/>
        <line num="86" count="0" type="stmt"/>
        <line num="87" count="0" type="stmt"/>
        <line num="88" count="0" type="stmt"/>
        <line num="90" count="0" type="cond" truecount="0" falsecount="2"/>
        <line num="91" count="0" type="stmt"/>
        <line num="92" count="0" type="stmt"/>
        <line num="95" count="0" type="stmt"/>
        <line num="99" count="916" type="stmt"/>
        <line num="100" count="916" type="cond" truecount="2" falsecount="0"/>
        <line num="102" count="916" type="cond" truecount="2" falsecount="0"/>
        <line num="103" count="13" type="stmt"/>
        <line num="104" count="11" type="stmt"/>
        <line num="105" count="11" type="stmt"/>
        <line num="107" count="11" type="stmt"/>
        <line num="109" count="7" type="stmt"/>
        <line num="110" count="7" type="stmt"/>
        <line num="112" count="7" type="stmt"/>
        <line num="115" count="4" type="stmt"/>
        <line num="117" count="4" type="stmt"/>
        <line num="121" count="903" type="stmt"/>
        <line num="124" count="102" type="stmt"/>
        <line num="126" count="102" type="stmt"/>
        <line num="127" count="102" type="stmt"/>
        <line num="129" count="102" type="cond" truecount="2" falsecount="0"/>
        <line num="132" count="1" type="stmt"/>
        <line num="138" count="0" type="stmt"/>
      </file>
      <file name="error-handler.js" path="/Users/kevinries/Development/Fachwerk/weave/weave/packages/core/lib/middlewares/error-handler.js">
        <metrics statements="13" coveredstatements="12" conditionals="4" coveredconditionals="3" methods="4" coveredmethods="4"/>
        <line num="7" count="24" type="stmt"/>
        <line num="9" count="24" type="stmt"/>
        <line num="10" count="916" type="stmt"/>
        <line num="11" count="916" type="stmt"/>
        <line num="12" count="61" type="stmt"/>
        <line num="14" count="15" type="cond" truecount="1" falsecount="1"/>
        <line num="15" count="0" type="stmt"/>
        <line num="17" count="15" type="cond" truecount="2" falsecount="0"/>
        <line num="18" count="4" type="stmt"/>
        <line num="21" count="15" type="stmt"/>
        <line num="22" count="15" type="stmt"/>
        <line num="26" count="24" type="stmt"/>
        <line num="27" count="102" type="stmt"/>
      </file>
      <file name="index.js" path="/Users/kevinries/Development/Fachwerk/weave/weave/packages/core/lib/middlewares/index.js">
        <metrics statements="1" coveredstatements="1" conditionals="0" coveredconditionals="0" methods="0" coveredmethods="0"/>
        <line num="7" count="24" type="stmt"/>
      </file>
      <file name="metrics.js" path="/Users/kevinries/Development/Fachwerk/weave/weave/packages/core/lib/middlewares/metrics.js">
        <metrics statements="46" coveredstatements="26" conditionals="18" coveredconditionals="8" methods="14" coveredmethods="7"/>
        <line num="6" count="24" type="stmt"/>
        <line num="8" count="24" type="stmt"/>
        <line num="10" count="5" type="stmt"/>
        <line num="11" count="5" type="cond" truecount="1" falsecount="1"/>
        <line num="13" count="5" type="cond" truecount="1" falsecount="1"/>
        <line num="14" count="5" type="stmt"/>
        <line num="16" count="5" type="cond" truecount="1" falsecount="1"/>
        <line num="17" count="5" type="stmt"/>
        <line num="18" count="0" type="stmt"/>
        <line num="20" count="0" type="stmt"/>
        <line num="21" count="0" type="stmt"/>
        <line num="23" count="0" type="stmt"/>
        <line num="25" count="0" type="stmt"/>
        <line num="26" count="0" type="stmt"/>
        <line num="29" count="0" type="stmt"/>
        <line num="30" count="0" type="stmt"/>
        <line num="31" count="0" type="stmt"/>
        <line num="35" count="0" type="stmt"/>
        <line num="38" count="2" type="stmt"/>
        <line num="40" count="1" type="cond" truecount="1" falsecount="1"/>
        <line num="42" count="1" type="cond" truecount="1" falsecount="1"/>
        <line num="44" count="1" type="stmt"/>
        <line num="45" count="1" type="stmt"/>
        <line num="46" count="1" type="stmt"/>
        <line num="49" count="1" type="stmt"/>
        <line num="50" count="1" type="stmt"/>
        <line num="51" count="1" type="stmt"/>
        <line num="52" count="1" type="stmt"/>
        <line num="55" count="1" type="stmt"/>
        <line num="59" count="6" type="cond" truecount="1" falsecount="1"/>
        <line num="61" count="6" type="cond" truecount="2" falsecount="0"/>
        <line num="62" count="5" type="stmt"/>
        <line num="65" count="1" type="stmt"/>
        <line num="68" count="0" type="cond" truecount="0" falsecount="2"/>
        <line num="70" count="0" type="cond" truecount="0" falsecount="2"/>
        <line num="71" count="0" type="stmt"/>
        <line num="74" count="0" type="stmt"/>
        <line num="77" count="1" type="stmt"/>
        <line num="78" count="0" type="stmt"/>
        <line num="79" count="0" type="stmt"/>
        <line num="83" count="1" type="stmt"/>
        <line num="84" count="0" type="stmt"/>
        <line num="85" count="0" type="stmt"/>
        <line num="89" count="1" type="stmt"/>
        <line num="90" count="0" type="stmt"/>
        <line num="91" count="0" type="stmt"/>
      </file>
      <file name="retry.js" path="/Users/kevinries/Development/Fachwerk/weave/weave/packages/core/lib/middlewares/retry.js">
        <metrics statements="18" coveredstatements="18" conditionals="12" coveredconditionals="10" methods="5" coveredmethods="5"/>
        <line num="8" count="24" type="stmt"/>
        <line num="10" count="24" type="stmt"/>
        <line num="11" count="920" type="stmt"/>
        <line num="12" count="920" type="cond" truecount="2" falsecount="0"/>
        <line num="15" count="920" type="cond" truecount="2" falsecount="0"/>
        <line num="17" count="3" type="stmt"/>
        <line num="19" count="2" type="cond" truecount="1" falsecount="1"/>
        <line num="20" count="2" type="stmt"/>
        <line num="23" count="2" type="cond" truecount="1" falsecount="1"/>
        <line num="24" count="2" type="stmt"/>
        <line num="25" count="2" type="cond" truecount="4" falsecount="0"/>
        <line num="26" count="1" type="stmt"/>
        <line num="27" count="1" type="stmt"/>
        <line num="28" count="1" type="stmt"/>
        <line num="30" count="1" type="stmt"/>
        <line num="34" count="917" type="stmt"/>
        <line num="37" count="24" type="stmt"/>
        <line num="38" count="103" type="stmt"/>
      </file>
      <file name="timeout.js" path="/Users/kevinries/Development/Fachwerk/weave/weave/packages/core/lib/middlewares/timeout.js">
        <metrics statements="19" coveredstatements="14" conditionals="16" coveredconditionals="10" methods="4" coveredmethods="3"/>
        <line num="7" count="24" type="stmt"/>
        <line num="8" count="24" type="stmt"/>
        <line num="10" count="24" type="stmt"/>
        <line num="11" count="916" type="stmt"/>
        <line num="12" count="916" type="cond" truecount="1" falsecount="1"/>
        <line num="14" count="916" type="stmt"/>
        <line num="15" count="61" type="cond" truecount="4" falsecount="0"/>
        <line num="16" count="45" type="cond" truecount="2" falsecount="0"/>
        <line num="19" count="61" type="cond" truecount="2" falsecount="2"/>
        <line num="20" count="0" type="stmt"/>
        <line num="23" count="61" type="stmt"/>
        <line num="25" count="61" type="cond" truecount="1" falsecount="1"/>
        <line num="26" count="0" type="stmt"/>
        <line num="28" count="0" type="cond" truecount="0" falsecount="2"/>
        <line num="29" count="0" type="stmt"/>
        <line num="32" count="0" type="stmt"/>
        <line num="35" count="61" type="stmt"/>
        <line num="39" count="24" type="stmt"/>
        <line num="40" count="102" type="stmt"/>
      </file>
      <file name="tracing.js" path="/Users/kevinries/Development/Fachwerk/weave/weave/packages/core/lib/middlewares/tracing.js">
        <metrics statements="16" coveredstatements="14" conditionals="8" coveredconditionals="5" methods="5" coveredmethods="4"/>
        <line num="7" count="24" type="stmt"/>
        <line num="8" count="908" type="stmt"/>
        <line num="9" count="908" type="cond" truecount="1" falsecount="1"/>
        <line num="11" count="908" type="cond" truecount="2" falsecount="0"/>
        <line num="12" count="22" type="stmt"/>
        <line num="13" count="3" type="stmt"/>
        <line num="20" count="3" type="stmt"/>
        <line num="34" count="3" type="stmt"/>
        <line num="36" count="3" type="stmt"/>
        <line num="38" count="3" type="stmt"/>
        <line num="39" count="3" type="stmt"/>
        <line num="42" count="0" type="stmt"/>
        <line num="45" count="0" type="stmt"/>
        <line num="49" count="886" type="stmt"/>
        <line num="62" count="24" type="stmt"/>
        <line num="63" count="102" type="stmt"/>
      </file>
    </package>
    <package name="lib.registry">
      <metrics statements="363" coveredstatements="299" conditionals="206" coveredconditionals="129" methods="79" coveredmethods="66"/>
      <file name="action-endpoint.js" path="/Users/kevinries/Development/Fachwerk/weave/weave/packages/core/lib/registry/action-endpoint.js">
        <metrics statements="7" coveredstatements="6" conditionals="0" coveredconditionals="0" methods="3" coveredmethods="2"/>
        <line num="7" count="24" type="stmt"/>
        <line num="8" count="1168" type="stmt"/>
        <line num="17" count="1168" type="stmt"/>
        <line num="18" count="0" type="stmt"/>
        <line num="21" count="1168" type="stmt"/>
        <line num="22" count="164" type="stmt"/>
        <line num="25" count="1168" type="stmt"/>
      </file>
      <file name="define-service.js" path="/Users/kevinries/Development/Fachwerk/weave/weave/packages/core/lib/registry/define-service.js">
        <metrics statements="2" coveredstatements="2" conditionals="0" coveredconditionals="0" methods="1" coveredmethods="1"/>
        <line num="6" count="24" type="stmt"/>
        <line num="7" count="1" type="stmt"/>
      </file>
      <file name="node.js" path="/Users/kevinries/Development/Fachwerk/weave/weave/packages/core/lib/registry/node.js">
        <metrics statements="28" coveredstatements="26" conditionals="18" coveredconditionals="13" methods="6" coveredmethods="6"/>
        <line num="7" count="24" type="stmt"/>
        <line num="9" count="24" type="stmt"/>
        <line num="10" count="269" type="stmt"/>
        <line num="28" count="244" type="cond" truecount="1" falsecount="1"/>
        <line num="30" count="244" type="stmt"/>
        <line num="31" count="244" type="stmt"/>
        <line num="32" count="244" type="cond" truecount="1" falsecount="1"/>
        <line num="33" count="244" type="cond" truecount="1" falsecount="1"/>
        <line num="35" count="244" type="cond" truecount="4" falsecount="0"/>
        <line num="36" count="201" type="stmt"/>
        <line num="37" count="201" type="stmt"/>
        <line num="39" count="201" type="stmt"/>
        <line num="41" count="43" type="stmt"/>
        <line num="44" count="12504" type="stmt"/>
        <line num="45" count="12504" type="stmt"/>
        <line num="47" count="12504" type="cond" truecount="2" falsecount="0"/>
        <line num="48" count="666" type="stmt"/>
        <line num="49" count="666" type="stmt"/>
        <line num="54" count="22692" type="cond" truecount="1" falsecount="1"/>
        <line num="55" count="0" type="stmt"/>
        <line num="56" count="0" type="stmt"/>
        <line num="59" count="22692" type="stmt"/>
        <line num="60" count="22692" type="stmt"/>
        <line num="61" count="22692" type="cond" truecount="2" falsecount="0"/>
        <line num="64" count="235" type="cond" truecount="1" falsecount="1"/>
        <line num="65" count="235" type="stmt"/>
        <line num="66" count="235" type="stmt"/>
        <line num="69" count="235" type="stmt"/>
      </file>
      <file name="registry.js" path="/Users/kevinries/Development/Fachwerk/weave/weave/packages/core/lib/registry/registry.js">
        <metrics statements="168" coveredstatements="127" conditionals="94" coveredconditionals="51" methods="33" coveredmethods="25"/>
        <line num="8" count="24" type="stmt"/>
        <line num="9" count="24" type="stmt"/>
        <line num="10" count="24" type="stmt"/>
        <line num="11" count="24" type="stmt"/>
        <line num="12" count="24" type="stmt"/>
        <line num="13" count="24" type="stmt"/>
        <line num="14" count="24" type="stmt"/>
        <line num="15" count="24" type="stmt"/>
        <line num="17" count="24" type="stmt"/>
        <line num="19" count="24" type="stmt"/>
        <line num="21" count="103" type="stmt"/>
        <line num="23" count="103" type="stmt"/>
        <line num="25" count="103" type="stmt"/>
        <line num="26" count="103" type="stmt"/>
        <line num="29" count="103" type="stmt"/>
        <line num="32" count="103" type="stmt"/>
        <line num="33" count="103" type="stmt"/>
        <line num="34" count="103" type="stmt"/>
        <line num="35" count="103" type="stmt"/>
        <line num="38" count="103" type="stmt"/>
        <line num="39" count="76" type="cond" truecount="1" falsecount="1"/>
        <line num="40" count="76" type="stmt"/>
        <line num="53" count="399" type="cond" truecount="2" falsecount="2"/>
        <line num="54" count="399" type="stmt"/>
        <line num="56" count="0" type="cond" truecount="0" falsecount="4"/>
        <line num="57" count="0" type="stmt"/>
        <line num="59" count="0" type="stmt"/>
        <line num="68" count="125" type="cond" truecount="1" falsecount="1"/>
        <line num="69" count="125" type="stmt"/>
        <line num="71" count="125" type="cond" truecount="1" falsecount="1"/>
        <line num="72" count="125" type="stmt"/>
        <line num="74" count="125" type="cond" truecount="1" falsecount="1"/>
        <line num="75" count="125" type="stmt"/>
        <line num="78" count="125" type="stmt"/>
        <line num="80" count="125" type="stmt"/>
        <line num="82" count="125" type="cond" truecount="1" falsecount="1"/>
        <line num="83" count="0" type="stmt"/>
        <line num="85" count="125" type="stmt"/>
        <line num="88" count="125" type="stmt"/>
        <line num="99" count="201" type="stmt"/>
        <line num="102" count="173" type="stmt"/>
        <line num="104" count="173" type="cond" truecount="1" falsecount="1"/>
        <line num="105" count="173" type="stmt"/>
        <line num="107" count="0" type="stmt"/>
        <line num="108" count="0" type="stmt"/>
        <line num="111" count="173" type="cond" truecount="1" falsecount="1"/>
        <line num="112" count="173" type="stmt"/>
        <line num="115" count="173" type="cond" truecount="1" falsecount="1"/>
        <line num="116" count="173" type="stmt"/>
        <line num="119" count="173" type="cond" truecount="1" falsecount="1"/>
        <line num="121" count="0" type="stmt"/>
[...]
        <line num="295" count="0" type="cond" truecount="0" falsecount="2"/>
        <line num="296" count="0" type="stmt"/>
        <line num="298" count="0" type="stmt"/>
        <line num="299" count="0" type="cond" truecount="0" falsecount="2"/>
        <line num="301" count="0" type="stmt"/>
        <line num="302" count="0" type="stmt"/>
        <line num="303" count="0" type="cond" truecount="0" falsecount="2"/>
        <line num="304" count="0" type="stmt"/>
        <line num="305" count="0" type="stmt"/>
        <line num="306" count="0" type="cond" truecount="0" falsecount="4"/>
        <line num="308" count="0" type="cond" truecount="0" falsecount="2"/>
        <line num="309" count="0" type="cond" truecount="0" falsecount="2"/>
        <line num="310" count="0" type="cond" truecount="0" falsecount="2"/>
        <line num="311" count="0" type="stmt"/>
        <line num="315" count="0" type="cond" truecount="0" falsecount="2"/>
        <line num="316" count="0" type="cond" truecount="0" falsecount="4"/>
        <line num="319" count="0" type="stmt"/>
        <line num="324" count="0" type="cond" truecount="0" falsecount="2"/>
        <line num="325" count="0" type="stmt"/>
        <line num="328" count="0" type="cond" truecount="0" falsecount="2"/>
        <line num="329" count="0" type="stmt"/>
        <line num="332" count="0" type="cond" truecount="0" falsecount="4"/>
        <line num="333" count="0" type="stmt"/>
        <line num="334" count="0" type="stmt"/>
        <line num="335" count="0" type="stmt"/>
        <line num="338" count="0" type="stmt"/>
        <line num="343" count="0" type="stmt"/>
        <line num="344" count="0" type="stmt"/>
        <line num="345" count="0" type="stmt"/>
        <line num="348" count="0" type="cond" truecount="0" falsecount="2"/>
        <line num="349" count="0" type="stmt"/>
        <line num="350" count="0" type="cond" truecount="0" falsecount="2"/>
        <line num="351" count="0" type="stmt"/>
        <line num="354" count="0" type="stmt"/>
        <line num="356" count="0" type="cond" truecount="0" falsecount="2"/>
        <line num="357" count="0" type="stmt"/>
        <line num="364" count="0" type="cond" truecount="0" falsecount="2"/>
        <line num="365" count="0" type="stmt"/>
        <line num="366" count="0" type="cond" truecount="0" falsecount="2"/>
        <line num="367" count="0" type="stmt"/>
        <line num="368" count="0" type="cond" truecount="0" falsecount="2"/>
        <line num="369" count="0" type="stmt"/>
        <line num="372" count="0" type="stmt"/>
        <line num="373" count="0" type="cond" truecount="0" falsecount="5"/>
        <line num="375" count="0" type="stmt"/>
        <line num="376" count="0" type="stmt"/>
        <line num="379" count="0" type="cond" truecount="0" falsecount="5"/>
        <line num="380" count="0" type="stmt"/>
        <line num="389" count="0" type="cond" truecount="0" falsecount="2"/>
        <line num="390" count="0" type="stmt"/>
        <line num="391" count="0" type="cond" truecount="0" falsecount="2"/>
        <line num="393" count="0" type="stmt"/>
        <line num="394" count="0" type="stmt"/>
        <line num="396" count="0" type="cond" truecount="0" falsecount="2"/>
        <line num="397" count="0" type="stmt"/>
        <line num="401" count="0" type="cond" truecount="0" falsecount="2"/>
        <line num="402" count="0" type="cond" truecount="0" falsecount="2"/>
        <line num="403" count="0" type="stmt"/>
        <line num="405" count="0" type="stmt"/>
        <line num="410" count="0" type="stmt"/>
        <line num="415" count="0" type="stmt"/>
        <line num="418" count="0" type="stmt"/>
        <line num="420" count="0" type="stmt"/>
        <line num="424" count="0" type="stmt"/>
      </file>
      <file name="tcp-messagetypes.js" path="/Users/kevinries/Development/Fachwerk/weave/weave/packages/core/lib/transport/adapters/tcp/tcp-messagetypes.js">
        <metrics statements="7" coveredstatements="1" conditionals="0" coveredconditionals="0" methods="5" coveredmethods="0"/>
        <line num="1" count="25" type="stmt"/>
        <line num="2" count="0" type="stmt"/>
        <line num="4" count="0" type="stmt"/>
        <line num="7" count="0" type="stmt"/>
        <line num="10" count="0" type="stmt"/>
        <line num="12" count="0" type="stmt"/>
        <line num="15" count="0" type="stmt"/>
      </file>
      <file name="tcpReader.js" path="/Users/kevinries/Development/Fachwerk/weave/weave/packages/core/lib/transport/adapters/tcp/tcpReader.js">
        <metrics statements="38" coveredstatements="4" conditionals="4" coveredconditionals="0" methods="14" coveredmethods="0"/>
        <line num="1" count="25" type="stmt"/>
        <line num="2" count="25" type="stmt"/>
        <line num="3" count="25" type="stmt"/>
        <line num="5" count="25" type="stmt"/>
        <line num="6" count="0" type="stmt"/>
        <line num="7" count="0" type="stmt"/>
        <line num="10" count="0" type="stmt"/>
        <line num="12" count="0" type="stmt"/>
        <line num="13" count="0" type="stmt"/>
        <line num="14" count="0" type="stmt"/>
        <line num="16" count="0" type="stmt"/>
        <line num="17" count="0" type="stmt"/>
        <line num="18" count="0" type="stmt"/>
        <line num="21" count="0" type="stmt"/>
        <line num="22" count="0" type="stmt"/>
        <line num="23" count="0" type="stmt"/>
        <line num="24" count="0" type="stmt"/>
        <line num="25" count="0" type="stmt"/>
        <line num="30" count="0" type="stmt"/>
        <line num="31" count="0" type="cond" truecount="0" falsecount="4"/>
        <line num="32" count="0" type="stmt"/>
        <line num="33" count="0" type="stmt"/>
        <line num="38" count="0" type="stmt"/>
        <line num="40" count="0" type="stmt"/>
        <line num="41" count="0" type="stmt"/>
        <line num="43" count="0" type="stmt"/>
        <line num="44" count="0" type="stmt"/>
        <line num="45" count="0" type="stmt"/>
        <line num="48" count="0" type="stmt"/>
        <line num="49" count="0" type="stmt"/>
        <line num="52" count="0" type="stmt"/>
        <line num="53" count="0" type="stmt"/>
        <line num="54" count="0" type="stmt"/>
        <line num="57" count="0" type="stmt"/>
        <line num="58" count="0" type="stmt"/>
        <line num="63" count="0" type="stmt"/>
        <line num="64" count="0" type="stmt"/>
        <line num="67" count="0" type="stmt"/>
      </file>
      <file name="tcpWriteStream.js" path="/Users/kevinries/Development/Fachwerk/weave/weave/packages/core/lib/transport/adapters/tcp/tcpWriteStream.js">
        <metrics statements="32" coveredstatements="5" conditionals="12" coveredconditionals="0" methods="2" coveredmethods="0"/>
        <line num="2" count="25" type="stmt"/>
        <line num="3" count="25" type="stmt"/>
        <line num="4" count="25" type="stmt"/>
        <line num="5" count="25" type="stmt"/>
        <line num="7" count="25" type="stmt"/>
        <line num="9" count="0" type="stmt"/>
        <line num="10" count="0" type="stmt"/>
        <line num="11" count="0" type="stmt"/>
        <line num="12" count="0" type="stmt"/>
        <line num="13" count="0" type="stmt"/>
        <line num="17" count="0" type="stmt"/>
        <line num="19" count="0" type="cond" truecount="0" falsecount="4"/>
        <line num="20" count="0" type="stmt"/>
        <line num="21" count="0" type="stmt"/>
        <line num="24" count="0" type="stmt"/>
        <line num="25" count="0" type="cond" truecount="0" falsecount="2"/>
        <line num="26" count="0" type="stmt"/>
        <line num="27" count="0" type="stmt"/>
        <line num="30" count="0" type="cond" truecount="0" falsecount="2"/>
        <line num="31" count="0" type="stmt"/>
        <line num="34" count="0" type="stmt"/>
        <line num="36" count="0" type="cond" truecount="0" falsecount="2"/>
        <line num="37" count="0" type="stmt"/>
        <line num="40" count="0" type="stmt"/>
        <line num="41" count="0" type="cond" truecount="0" falsecount="2"/>
        <line num="42" count="0" type="stmt"/>
        <line num="43" count="0" type="stmt"/>
        <line num="45" count="0" type="stmt"/>
        <line num="46" count="0" type="stmt"/>
        <line num="48" count="0" type="stmt"/>
        <line num="49" count="0" type="stmt"/>
        <line num="52" count="0" type="stmt"/>
      </file>
      <file name="tcpWriter.js" path="/Users/kevinries/Development/Fachwerk/weave/weave/packages/core/lib/transport/adapters/tcp/tcpWriter.js">
        <metrics statements="68" coveredstatements="5" conditionals="21" coveredconditionals="0" methods="16" coveredmethods="0"/>
        <line num="1" count="25" type="stmt"/>
        <line num="2" count="25" type="stmt"/>
        <line num="3" count="25" type="stmt"/>
        <line num="4" count="25" type="stmt"/>
        <line num="6" count="25" type="stmt"/>
        <line num="7" count="0" type="stmt"/>
        <line num="8" count="0" type="stmt"/>
        <line num="9" count="0" type="stmt"/>
        <line num="10" count="0" type="stmt"/>
        <line num="12" count="0" type="stmt"/>
        <line num="13" count="0" type="stmt"/>
        <line num="14" count="0" type="cond" truecount="0" falsecount="2"/>
        <line num="15" count="0" type="stmt"/>
        <line num="18" count="0" type="stmt"/>
        <line num="19" count="0" type="stmt"/>
        <line num="21" count="0" type="stmt"/>
        <line num="22" count="0" type="stmt"/>
        <line num="23" count="0" type="stmt"/>
        <line num="25" count="0" type="stmt"/>
        <line num="26" count="0" type="stmt"/>
        <line num="27" count="0" type="stmt"/>
        <line num="29" count="0" type="stmt"/>
        <line num="31" count="0" type="stmt"/>
        <line num="32" count="0" type="stmt"/>
        <line num="33" count="0" type="stmt"/>
        <line num="36" count="0" type="stmt"/>
        <line num="37" count="0" type="stmt"/>
        <line num="39" count="0" type="stmt"/>
        <line num="41" count="0" type="cond" truecount="0" falsecount="2"/>
        <line num="42" count="0" type="stmt"/>
        <line num="46" count="0" type="stmt"/>
        <line num="48" count="0" type="cond" truecount="0" falsecount="2"/>
        <line num="49" count="0" type="stmt"/>
        <line num="55" count="0" type="stmt"/>
        <line num="56" count="0" type="stmt"/>
        <line num="58" count="0" type="cond" truecount="0" falsecount="5"/>
        <line num="59" count="0" type="stmt"/>
        <line num="62" count="0" type="stmt"/>
        <line num="65" count="0" type="stmt"/>
        <line num="66" count="0" type="stmt"/>
        <line num="67" count="0" type="cond" truecount="0" falsecount="4"/>
        <line num="68" count="0" type="stmt"/>
        <line num="71" count="0" type="stmt"/>
        <line num="74" count="0" type="stmt"/>
        <line num="75" count="0" type="stmt"/>
        <line num="77" count="0" type="stmt"/>
        <line num="79" count="0" type="cond" truecount="0" falsecount="4"/>
        <line num="80" count="0" type="stmt"/>
        <line num="82" count="0" type="stmt"/>
        <line num="85" count="0" type="stmt"/>
        <line num="86" count="0" type="stmt"/>
        <line num="88" count="0" type="stmt"/>
        <line num="89" count="0" type="stmt"/>
        <line num="91" count="0" type="stmt"/>
        <line num="92" count="0" type="stmt"/>
        <line num="94" count="0" type="stmt"/>
        <line num="96" count="0" type="stmt"/>
        <line num="97" count="0" type="stmt"/>
        <line num="98" count="0" type="stmt"/>
        <line num="101" count="0" type="stmt"/>
        <line num="102" count="0" type="stmt"/>
        <line num="108" count="0" type="stmt"/>
        <line num="109" count="0" type="stmt"/>
        <line num="110" count="0" type="cond" truecount="0" falsecount="2"/>
        <line num="111" count="0" type="stmt"/>
        <line num="113" count="0" type="stmt"/>
        <line num="115" count="0" type="stmt"/>
        <line num="118" count="0" type="stmt"/>
      </file>
    </package>
    <package name="lib.transport.adapters.tcp.discovery">
      <metrics statements="66" coveredstatements="11" conditionals="8" coveredconditionals="0" methods="25" coveredmethods="3"/>
      <file name="codec.js" path="/Users/kevinries/Development/Fachwerk/weave/weave/packages/core/lib/transport/adapters/tcp/discovery/codec.js">
        <metrics statements="4" coveredstatements="4" conditionals="0" coveredconditionals="0" methods="3" coveredmethods="3"/>
        <line num="1" count="26" type="stmt"/>
        <line num="2" count="1" type="stmt"/>
        <line num="4" count="1" type="stmt"/>
        <line num="7" count="1" type="stmt"/>
      </file>
      <file name="index.js" path="/Users/kevinries/Development/Fachwerk/weave/weave/packages/core/lib/transport/adapters/tcp/discovery/index.js">
        <metrics statements="62" coveredstatements="7" conditionals="8" coveredconditionals="0" methods="22" coveredmethods="0"/>
        <line num="1" count="25" type="stmt"/>
        <line num="2" count="25" type="stmt"/>
        <line num="3" count="25" type="stmt"/>
        <line num="4" count="25" type="stmt"/>
        <line num="6" count="25" type="stmt"/>
        <line num="10" count="25" type="stmt"/>
        <line num="11" count="0" type="stmt"/>
        <line num="12" count="0" type="stmt"/>
        <line num="13" count="0" type="stmt"/>
        <line num="14" count="0" type="stmt"/>
        <line num="16" count="0" type="stmt"/>
        <line num="19" count="0" type="stmt"/>
        <line num="20" count="0" type="stmt"/>
        <line num="21" count="0" type="stmt"/>
        <line num="22" count="0" type="stmt"/>
        <line num="24" count="0" type="stmt"/>
        <line num="25" count="0" type="stmt"/>
        <line num="26" count="0" type="stmt"/>
        <line num="28" count="0" type="cond" truecount="0" falsecount="2"/>
        <line num="30" count="0" type="stmt"/>
        <line num="31" count="0" type="stmt"/>
        <line num="33" count="0" type="stmt"/>
        <line num="37" count="0" type="stmt"/>
        <line num="38" count="0" type="stmt"/>
        <line num="39" count="0" type="stmt"/>
        <line num="40" count="0" type="stmt"/>
        <line num="41" count="0" type="stmt"/>
        <line num="42" count="0" type="stmt"/>
        <line num="45" count="0" type="stmt"/>
        <line num="47" count="0" type="stmt"/>
        <line num="49" count="0" type="stmt"/>
        <line num="54" count="0" type="stmt"/>
        <line num="55" count="0" type="stmt"/>
        <line num="56" count="0" type="stmt"/>
        <line num="57" count="0" type="stmt"/>
        <line num="60" count="0" type="stmt"/>
        <line num="61" count="0" type="stmt"/>
        <line num="65" count="0" type="stmt"/>
        <line num="66" count="0" type="stmt"/>
        <line num="68" count="0" type="stmt"/>
        <line num="70" count="0" type="stmt"/>
        <line num="71" count="0" type="stmt"/>
        <line num="72" count="0" type="stmt"/>
        <line num="73" count="0" type="cond" truecount="0" falsecount="2"/>
        <line num="74" count="0" type="stmt"/>
        <line num="82" count="0" type="stmt"/>
        <line num="90" count="0" type="stmt"/>
        <line num="92" count="0" type="stmt"/>
        <line num="96" count="0" type="cond" truecount="0" falsecount="2"/>
        <line num="97" count="0" type="stmt"/>
        <line num="98" count="0" type="stmt"/>
        <line num="99" count="0" type="stmt"/>
        <line num="103" count="0" type="stmt"/>
        <line num="106" count="0" type="cond" truecount="0" falsecount="2"/>
        <line num="107" count="0" type="stmt"/>
        <line num="110" count="0" type="stmt"/>
        <line num="111" count="0" type="stmt"/>
        <line num="112" count="0" type="stmt"/>
        <line num="115" count="0" type="stmt"/>
        <line num="116" count="0" type="stmt"/>
        <line num="117" count="0" type="stmt"/>
        <line num="122" count="25" type="stmt"/>
      </file>
    </package>
    <package name="lib.utils">
      <metrics statements="57" coveredstatements="55" conditionals="42" coveredconditionals="36" methods="14" coveredmethods="14"/>
      <file name="options.js" path="/Users/kevinries/Development/Fachwerk/weave/weave/packages/core/lib/utils/options.js">
        <metrics statements="57" coveredstatements="55" conditionals="42" coveredconditionals="36" methods="14" coveredmethods="14"/>
        <line num="10" count="25" type="stmt"/>
        <line num="13" count="9" type="stmt"/>
        <line num="17" count="9" type="stmt"/>
        <line num="21" count="16" type="stmt"/>
        <line num="25" count="11" type="stmt"/>
        <line num="27" count="20" type="cond" truecount="4" falsecount="0"/>
        <line num="28" count="9" type="stmt"/>
        <line num="29" count="9" type="stmt"/>
        <line num="32" count="11" type="stmt"/>
        <line num="33" count="11" type="stmt"/>
        <line num="35" count="11" type="stmt"/>
        <line num="38" count="11" type="stmt"/>
        <line num="42" count="15" type="stmt"/>
        <line num="43" count="21" type="stmt"/>
        <line num="44" count="21" type="stmt"/>
        <line num="46" count="21" type="cond" truecount="3" falsecount="1"/>
        <line num="47" count="21" type="cond" truecount="2" falsecount="0"/>
        <line num="48" count="6" type="stmt"/>
        <line num="51" count="21" type="stmt"/>
        <line num="52" count="21" type="stmt"/>
        <line num="54" count="15" type="stmt"/>
        <line num="58" count="9" type="stmt"/>
        <line num="62" count="9" type="stmt"/>
        <line num="63" count="18" type="cond" truecount="1" falsecount="1"/>
        <line num="64" count="0" type="stmt"/>
        <line num="67" count="18" type="stmt"/>
        <line num="68" count="18" type="stmt"/>
        <line num="69" count="18" type="stmt"/>
        <line num="70" count="18" type="stmt"/>
        <line num="74" count="9" type="stmt"/>
        <line num="78" count="33" type="stmt"/>
        <line num="81" count="25" type="stmt"/>
        <line num="82" count="25" type="stmt"/>
        <line num="83" count="25" type="stmt"/>
        <line num="85" count="25" type="stmt"/>
        <line num="86" count="134" type="cond" truecount="2" falsecount="0"/>
        <line num="88" count="23" type="stmt"/>
        <line num="89" count="111" type="cond" truecount="2" falsecount="0"/>
        <line num="90" count="2" type="stmt"/>
        <line num="91" count="109" type="cond" truecount="2" falsecount="0"/>
        <line num="92" count="14" type="cond" truecount="2" falsecount="0"/>
        <line num="93" count="95" type="cond" truecount="2" falsecount="0"/>
        <line num="94" count="9" type="stmt"/>
        <line num="95" count="86" type="cond" truecount="2" falsecount="0"/>
        <line num="96" count="9" type="stmt"/>
        <line num="97" count="77" type="cond" truecount="2" falsecount="0"/>
        <line num="98" count="11" type="cond" truecount="1" falsecount="1"/>
        <line num="99" count="66" type="cond" truecount="2" falsecount="0"/>
        <line num="100" count="9" type="cond" truecount="1" falsecount="1"/>
        <line num="101" count="57" type="cond" truecount="2" falsecount="0"/>
        <line num="102" count="15" type="cond" truecount="1" falsecount="1"/>
        <line num="103" count="42" type="cond" truecount="2" falsecount="0"/>
        <line num="104" count="9" type="cond" truecount="2" falsecount="0"/>
        <line num="105" count="33" type="cond" truecount="1" falsecount="1"/>
        <line num="106" count="33" type="stmt"/>
        <line num="109" count="0" type="stmt"/>
        <line num="113" count="25" type="stmt"/>
      </file>
    </package>
  </project>
</coverage>
