{"/Users/kevinries/Development/Fachwerk/weave/weave/packages/core/lib/constants.js": {"path":"/Users/kevinries/Development/Fachwerk/weave/weave/packages/core/lib/constants.js","statementMap":{"0":{"start":{"line":7,"column":0},"end":{"line":10,"column":1}},"1":{"start":{"line":12,"column":0},"end":{"line":16,"column":1}},"2":{"start":{"line":18,"column":0},"end":{"line":25,"column":1}}},"fnMap":{},"branchMap":{},"s":{"0":24,"1":24,"2":24},"f":{},"b":{},"_coverageSchema":"1a1c01bbd47fc00a2c39e90264f33305004495a9","hash":"00ec4a2946a9aecd601d861e74236c5185c76df5"}
,"/Users/kevinries/Development/Fachwerk/weave/weave/packages/core/lib/errors.js": {"path":"/Users/kevinries/Development/Fachwerk/weave/weave/packages/core/lib/errors.js","statementMap":{"0":{"start":{"line":9,"column":4},"end":{"line":9,"column":18}},"1":{"start":{"line":10,"column":4},"end":{"line":10,"column":37}},"2":{"start":{"line":11,"column":4},"end":{"line":11,"column":27}},"3":{"start":{"line":12,"column":4},"end":{"line":12,"column":20}},"4":{"start":{"line":13,"column":4},"end":{"line":13,"column":20}},"5":{"start":{"line":14,"column":4},"end":{"line":14,"column":26}},"6":{"start":{"line":20,"column":4},"end":{"line":20,"column":18}},"7":{"start":{"line":21,"column":4},"end":{"line":21,"column":27}},"8":{"start":{"line":22,"column":4},"end":{"line":22,"column":20}},"9":{"start":{"line":23,"column":4},"end":{"line":23,"column":20}},"10":{"start":{"line":24,"column":4},"end":{"line":24,"column":25}},"11":{"start":{"line":32,"column":4},"end":{"line":36,"column":5}},"12":{"start":{"line":33,"column":6},"end":{"line":33,"column":82}},"13":{"start":{"line":34,"column":11},"end":{"line":36,"column":5}},"14":{"start":{"line":35,"column":6},"end":{"line":35,"column":57}},"15":{"start":{"line":38,"column":4},"end":{"line":38,"column":62}},"16":{"start":{"line":45,"column":4},"end":{"line":49,"column":5}},"17":{"start":{"line":46,"column":6},"end":{"line":46,"column":86}},"18":{"start":{"line":48,"column":6},"end":{"line":48,"column":61}},"19":{"start":{"line":51,"column":4},"end":{"line":51,"column":66}},"20":{"start":{"line":57,"column":20},"end":{"line":57,"column":81}},"21":{"start":{"line":58,"column":4},"end":{"line":61,"column":6}},"22":{"start":{"line":62,"column":4},"end":{"line":62,"column":25}},"23":{"start":{"line":68,"column":4},"end":{"line":68,"column":65}},"24":{"start":{"line":74,"column":4},"end":{"line":74,"column":59}},"25":{"start":{"line":80,"column":4},"end":{"line":80,"column":107}},"26":{"start":{"line":84,"column":21},"end":{"line":95,"column":1}},"27":{"start":{"line":85,"column":21},"end":{"line":85,"column":47}},"28":{"start":{"line":87,"column":2},"end":{"line":94,"column":3}},"29":{"start":{"line":88,"column":4},"end":{"line":93,"column":5}},"30":{"start":{"line":90,"column":6},"end":{"line":90,"column":78}},"31":{"start":{"line":97,"column":0},"end":{"line":107,"column":1}}},"fnMap":{"0":{"name":"(anonymous_0)","decl":{"start":{"line":8,"column":2},"end":{"line":8,"column":3}},"loc":{"start":{"line":8,"column":42},"end":{"line":15,"column":3}},"line":8},"1":{"name":"(anonymous_1)","decl":{"start":{"line":19,"column":2},"end":{"line":19,"column":3}},"loc":{"start":{"line":19,"column":42},"end":{"line":25,"column":3}},"line":19},"2":{"name":"(anonymous_2)","decl":{"start":{"line":29,"column":2},"end":{"line":29,"column":3}},"loc":{"start":{"line":29,"column":26},"end":{"line":39,"column":3}},"line":29},"3":{"name":"(anonymous_3)","decl":{"start":{"line":43,"column":2},"end":{"line":43,"column":3}},"loc":{"start":{"line":43,"column":26},"end":{"line":52,"column":3}},"line":43},"4":{"name":"(anonymous_4)","decl":{"start":{"line":56,"column":2},"end":{"line":56,"column":3}},"loc":{"start":{"line":56,"column":44},"end":{"line":63,"column":3}},"line":56},"5":{"name":"(anonymous_5)","decl":{"start":{"line":67,"column":2},"end":{"line":67,"column":3}},"loc":{"start":{"line":67,"column":30},"end":{"line":69,"column":3}},"line":67},"6":{"name":"(anonymous_6)","decl":{"start":{"line":73,"column":2},"end":{"line":73,"column":3}},"loc":{"start":{"line":73,"column":30},"end":{"line":75,"column":3}},"line":73},"7":{"name":"(anonymous_7)","decl":{"start":{"line":79,"column":2},"end":{"line":79,"column":3}},"loc":{"start":{"line":79,"column":21},"end":{"line":81,"column":3}},"line":79},"8":{"name":"(anonymous_8)","decl":{"start":{"line":84,"column":21},"end":{"line":84,"column":22}},"loc":{"start":{"line":84,"column":30},"end":{"line":95,"column":1}},"line":84}},"branchMap":{"0":{"loc":{"start":{"line":11,"column":16},"end":{"line":11,"column":27}},"type":"binary-expr","locations":[{"start":{"line":11,"column":16},"end":{"line":11,"column":20}},{"start":{"line":11,"column":24},"end":{"line":11,"column":27}}],"line":11},"1":{"loc":{"start":{"line":21,"column":16},"end":{"line":21,"column":27}},"type":"binary-expr","locations":[{"start":{"line":21,"column":16},"end":{"line":21,"column":20}},{"start":{"line":21,"column":24},"end":{"line":21,"column":27}}],"line":21},"2":{"loc":{"start":{"line":29,"column":15},"end":{"line":29,"column":24}},"type":"default-arg","locations":[{"start":{"line":29,"column":22},"end":{"line":29,"column":24}}],"line":29},"3":{"loc":{"start":{"line":32,"column":4},"end":{"line":36,"column":5}},"type":"if","locations":[{"start":{"line":32,"column":4},"end":{"line":36,"column":5}},{"start":{"line":32,"column":4},"end":{"line":36,"column":5}}],"line":32},"4":{"loc":{"start":{"line":32,"column":8},"end":{"line":32,"column":38}},"type":"binary-expr","locations":[{"start":{"line":32,"column":8},"end":{"line":32,"column":23}},{"start":{"line":32,"column":27},"end":{"line":32,"column":38}}],"line":32},"5":{"loc":{"start":{"line":34,"column":11},"end":{"line":36,"column":5}},"type":"if","locations":[{"start":{"line":34,"column":11},"end":{"line":36,"column":5}},{"start":{"line":34,"column":11},"end":{"line":36,"column":5}}],"line":34},"6":{"loc":{"start":{"line":43,"column":15},"end":{"line":43,"column":24}},"type":"default-arg","locations":[{"start":{"line":43,"column":22},"end":{"line":43,"column":24}}],"line":43},"7":{"loc":{"start":{"line":45,"column":4},"end":{"line":49,"column":5}},"type":"if","locations":[{"start":{"line":45,"column":4},"end":{"line":49,"column":5}},{"start":{"line":45,"column":4},"end":{"line":49,"column":5}}],"line":45},"8":{"loc":{"start":{"line":57,"column":59},"end":{"line":57,"column":78}},"type":"binary-expr","locations":[{"start":{"line":57,"column":59},"end":{"line":57,"column":65}},{"start":{"line":57,"column":69},"end":{"line":57,"column":78}}],"line":57},"9":{"loc":{"start":{"line":87,"column":2},"end":{"line":94,"column":3}},"type":"if","locations":[{"start":{"line":87,"column":2},"end":{"line":94,"column":3}},{"start":{"line":87,"column":2},"end":{"line":94,"column":3}}],"line":87},"10":{"loc":{"start":{"line":88,"column":4},"end":{"line":93,"column":5}},"type":"switch","locations":[{"start":{"line":89,"column":4},"end":{"line":90,"column":78}}],"line":88}},"s":{"0":37,"1":37,"2":37,"3":37,"4":37,"5":37,"6":9,"7":9,"8":9,"9":9,"10":9,"11":2,"12":1,"13":1,"14":1,"15":2,"16":3,"17":1,"18":2,"19":3,"20":1,"21":1,"22":1,"23":3,"24":5,"25":8,"26":26,"27":4,"28":4,"29":4,"30":4,"31":26},"f":{"0":37,"1":9,"2":2,"3":3,"4":1,"5":3,"6":5,"7":8,"8":4},"b":{"0":[37,12],"1":[9,2],"2":[0],"3":[1,1],"4":[2,2],"5":[1,0],"6":[0],"7":[1,2],"8":[1,0],"9":[4,0],"10":[4]},"_coverageSchema":"1a1c01bbd47fc00a2c39e90264f33305004495a9","hash":"9c49134dc0515d73f6ca43cf8dd7057da7e0ff63"}
,"/Users/kevinries/Development/Fachwerk/weave/weave/packages/core/lib/index.js": {"path":"/Users/kevinries/Development/Fachwerk/weave/weave/packages/core/lib/index.js","statementMap":{"0":{"start":{"line":1,"column":0},"end":{"line":1,"column":42}},"1":{"start":{"line":2,"column":0},"end":{"line":2,"column":36}},"2":{"start":{"line":3,"column":0},"end":{"line":3,"column":59}},"3":{"start":{"line":4,"column":0},"end":{"line":4,"column":42}},"4":{"start":{"line":6,"column":0},"end":{"line":6,"column":60}},"5":{"start":{"line":9,"column":0},"end":{"line":9,"column":60}}},"fnMap":{},"branchMap":{},"s":{"0":24,"1":24,"2":24,"3":24,"4":24,"5":24},"f":{},"b":{},"_coverageSchema":"1a1c01bbd47fc00a2c39e90264f33305004495a9","hash":"28d020c9e70516de7d212c3e8b3960ad643e2dbf"}
,"/Users/kevinries/Development/Fachwerk/weave/weave/packages/core/lib/broker/broker-metrics.js": {"path":"/Users/kevinries/Development/Fachwerk/weave/weave/packages/core/lib/broker/broker-metrics.js","statementMap":{"0":{"start":{"line":1,"column":22},"end":{"line":1,"column":43}},"1":{"start":{"line":3,"column":0},"end":{"line":10,"column":1}},"2":{"start":{"line":4,"column":2},"end":{"line":9,"column":3}},"3":{"start":{"line":5,"column":4},"end":{"line":5,"column":128}},"4":{"start":{"line":6,"column":4},"end":{"line":6,"column":127}},"5":{"start":{"line":7,"column":4},"end":{"line":7,"column":120}},"6":{"start":{"line":8,"column":4},"end":{"line":8,"column":150}}},"fnMap":{"0":{"name":"(anonymous_0)","decl":{"start":{"line":3,"column":26},"end":{"line":3,"column":27}},"loc":{"start":{"line":3,"column":38},"end":{"line":10,"column":1}},"line":3}},"branchMap":{"0":{"loc":{"start":{"line":4,"column":2},"end":{"line":9,"column":3}},"type":"if","locations":[{"start":{"line":4,"column":2},"end":{"line":9,"column":3}},{"start":{"line":4,"column":2},"end":{"line":9,"column":3}}],"line":4}},"s":{"0":24,"1":24,"2":103,"3":103,"4":103,"5":103,"6":103},"f":{"0":103},"b":{"0":[103,0]},"_coverageSchema":"1a1c01bbd47fc00a2c39e90264f33305004495a9","hash":"2f81bcf6cd3f970d5fa76a80d33357b8b1d8005b"}
,"/Users/kevinries/Development/Fachwerk/weave/weave/packages/core/lib/broker/broker.js": {"path":"/Users/kevinries/Development/Fachwerk/weave/weave/packages/core/lib/broker/broker.js","statementMap":{"0":{"start":{"line":7,"column":13},"end":{"line":7,"column":28}},"1":{"start":{"line":8,"column":11},"end":{"line":8,"column":24}},"2":{"start":{"line":9,"column":11},"end":{"line":9,"column":24}},"3":{"start":{"line":10,"column":13},"end":{"line":10,"column":28}},"4":{"start":{"line":11,"column":35},"end":{"line":11,"column":61}},"5":{"start":{"line":12,"column":30},"end":{"line":12,"column":58}},"6":{"start":{"line":13,"column":32},"end":{"line":13,"column":56}},"7":{"start":{"line":14,"column":36},"end":{"line":14,"column":66}},"8":{"start":{"line":15,"column":36},"end":{"line":15,"column":74}},"9":{"start":{"line":16,"column":36},"end":{"line":16,"column":67}},"10":{"start":{"line":17,"column":27},"end":{"line":17,"column":58}},"11":{"start":{"line":18,"column":33},"end":{"line":18,"column":61}},"12":{"start":{"line":19,"column":20},"end":{"line":19,"column":45}},"13":{"start":{"line":20,"column":28},"end":{"line":20,"column":50}},"14":{"start":{"line":21,"column":14},"end":{"line":21,"column":33}},"15":{"start":{"line":22,"column":26},"end":{"line":22,"column":45}},"16":{"start":{"line":23,"column":26},"end":{"line":23,"column":58}},"17":{"start":{"line":24,"column":28},"end":{"line":24,"column":69}},"18":{"start":{"line":25,"column":21},"end":{"line":25,"column":45}},"19":{"start":{"line":26,"column":23},"end":{"line":26,"column":43}},"20":{"start":{"line":27,"column":19},"end":{"line":27,"column":40}},"21":{"start":{"line":28,"column":27},"end":{"line":28,"column":48}},"22":{"start":{"line":29,"column":28},"end":{"line":29,"column":55}},"23":{"start":{"line":30,"column":20},"end":{"line":30,"column":49}},"24":{"start":{"line":38,"column":21},"end":{"line":750,"column":1}},"25":{"start":{"line":40,"column":2},"end":{"line":44,"column":3}},"26":{"start":{"line":41,"column":4},"end":{"line":43,"column":5}},"27":{"start":{"line":47,"column":25},"end":{"line":47,"column":44}},"28":{"start":{"line":50,"column":2},"end":{"line":50,"column":49}},"29":{"start":{"line":53,"column":2},"end":{"line":55,"column":3}},"30":{"start":{"line":54,"column":4},"end":{"line":54,"column":63}},"31":{"start":{"line":58,"column":2},"end":{"line":60,"column":3}},"32":{"start":{"line":59,"column":4},"end":{"line":59,"column":63}},"33":{"start":{"line":63,"column":17},"end":{"line":63,"column":68}},"34":{"start":{"line":66,"column":19},"end":{"line":66,"column":21}},"35":{"start":{"line":76,"column":23},"end":{"line":104,"column":3}},"36":{"start":{"line":77,"column":21},"end":{"line":79,"column":5}},"37":{"start":{"line":81,"column":4},"end":{"line":88,"column":5}},"38":{"start":{"line":82,"column":6},"end":{"line":82,"column":32}},"39":{"start":{"line":83,"column":6},"end":{"line":85,"column":7}},"40":{"start":{"line":84,"column":8},"end":{"line":84,"column":42}},"41":{"start":{"line":87,"column":6},"end":{"line":87,"column":38}},"42":{"start":{"line":90,"column":4},"end":{"line":92,"column":5}},"43":{"start":{"line":91,"column":6},"end":{"line":91,"column":55}},"44":{"start":{"line":95,"column":4},"end":{"line":101,"column":5}},"45":{"start":{"line":96,"column":6},"end":{"line":96,"column":65}},"46":{"start":{"line":97,"column":11},"end":{"line":101,"column":5}},"47":{"start":{"line":98,"column":6},"end":{"line":98,"column":66}},"48":{"start":{"line":100,"column":6},"end":{"line":100,"column":66}},"49":{"start":{"line":103,"column":4},"end":{"line":103,"column":56}},"50":{"start":{"line":107,"column":14},"end":{"line":107,"column":35}},"51":{"start":{"line":110,"column":28},"end":{"line":110,"column":53}},"52":{"start":{"line":111,"column":19},"end":{"line":111,"column":83}},"53":{"start":{"line":112,"column":25},"end":{"line":112,"column":47}},"54":{"start":{"line":113,"column":17},"end":{"line":113,"column":36}},"55":{"start":{"line":114,"column":20},"end":{"line":114,"column":37}},"56":{"start":{"line":115,"column":17},"end":{"line":115,"column":25}},"57":{"start":{"line":118,"column":27},"end":{"line":120,"column":3}},"58":{"start":{"line":119,"column":4},"end":{"line":119,"column":26}},"59":{"start":{"line":122,"column":26},"end":{"line":130,"column":3}},"60":{"start":{"line":124,"column":4},"end":{"line":124,"column":66}},"61":{"start":{"line":127,"column":4},"end":{"line":129,"column":5}},"62":{"start":{"line":128,"column":6},"end":{"line":128,"column":37}},"63":{"start":{"line":132,"column":31},"end":{"line":135,"column":3}},"64":{"start":{"line":133,"column":4},"end":{"line":133,"column":47}},"65":{"start":{"line":134,"column":4},"end":{"line":134,"column":27}},"66":{"start":{"line":137,"column":25},"end":{"line":147,"column":3}},"67":{"start":{"line":138,"column":4},"end":{"line":146,"column":5}},"68":{"start":{"line":139,"column":39},"end":{"line":139,"column":70}},"69":{"start":{"line":141,"column":22},"end":{"line":145,"column":8}},"70":{"start":{"line":142,"column":8},"end":{"line":142,"column":94}},"71":{"start":{"line":143,"column":8},"end":{"line":143,"column":23}},"72":{"start":{"line":144,"column":8},"end":{"line":144,"column":47}},"73":{"start":{"line":149,"column":25},"end":{"line":161,"column":81}},"74":{"start":{"line":149,"column":36},"end":{"line":161,"column":81}},"75":{"start":{"line":150,"column":16},"end":{"line":150,"column":30}},"76":{"start":{"line":151,"column":16},"end":{"line":151,"column":66}},"77":{"start":{"line":153,"column":6},"end":{"line":153,"column":63}},"78":{"start":{"line":154,"column":6},"end":{"line":154,"column":61}},"79":{"start":{"line":156,"column":6},"end":{"line":156,"column":51}},"80":{"start":{"line":158,"column":6},"end":{"line":158,"column":27}},"81":{"start":{"line":159,"column":6},"end":{"line":159,"column":30}},"82":{"start":{"line":161,"column":20},"end":{"line":161,"column":80}},"83":{"start":{"line":163,"column":27},"end":{"line":175,"column":3}},"84":{"start":{"line":164,"column":21},"end":{"line":164,"column":37}},"85":{"start":{"line":167,"column":4},"end":{"line":171,"column":6}},"86":{"start":{"line":168,"column":6},"end":{"line":170,"column":7}},"87":{"start":{"line":169,"column":8},"end":{"line":169,"column":33}},"88":{"start":{"line":173,"column":4},"end":{"line":174,"column":47}},"89":{"start":{"line":174,"column":18},"end":{"line":174,"column":46}},"90":{"start":{"line":178,"column":2},"end":{"line":178,"column":57}},"91":{"start":{"line":179,"column":2},"end":{"line":179,"column":32}},"92":{"start":{"line":181,"column":2},"end":{"line":183,"column":3}},"93":{"start":{"line":182,"column":4},"end":{"line":182,"column":47}},"94":{"start":{"line":186,"column":17},"end":{"line":636,"column":3}},"95":{"start":{"line":204,"column":6},"end":{"line":204,"column":149}},"96":{"start":{"line":205,"column":6},"end":{"line":205,"column":39}},"97":{"start":{"line":210,"column":6},"end":{"line":210,"column":73}},"98":{"start":{"line":220,"column":23},"end":{"line":220,"column":80}},"99":{"start":{"line":222,"column":6},"end":{"line":224,"column":7}},"100":{"start":{"line":223,"column":8},"end":{"line":223,"column":39}},"101":{"start":{"line":226,"column":21},"end":{"line":226,"column":36}},"102":{"start":{"line":227,"column":21},"end":{"line":227,"column":37}},"103":{"start":{"line":230,"column":6},"end":{"line":235,"column":7}},"104":{"start":{"line":231,"column":8},"end":{"line":231,"column":30}},"105":{"start":{"line":232,"column":8},"end":{"line":232,"column":31}},"106":{"start":{"line":234,"column":8},"end":{"line":234,"column":61}},"107":{"start":{"line":237,"column":6},"end":{"line":241,"column":7}},"108":{"start":{"line":238,"column":8},"end":{"line":238,"column":93}},"109":{"start":{"line":240,"column":8},"end":{"line":240,"column":110}},"110":{"start":{"line":243,"column":16},"end":{"line":243,"column":65}},"111":{"start":{"line":245,"column":6},"end":{"line":245,"column":25}},"112":{"start":{"line":247,"column":6},"end":{"line":247,"column":14}},"113":{"start":{"line":255,"column":6},"end":{"line":259,"column":7}},"114":{"start":{"line":256,"column":8},"end":{"line":256,"column":102}},"115":{"start":{"line":256,"column":47},"end":{"line":256,"column":100}},"116":{"start":{"line":258,"column":8},"end":{"line":258,"column":76}},"117":{"start":{"line":269,"column":6},"end":{"line":273,"column":7}},"118":{"start":{"line":270,"column":8},"end":{"line":270,"column":37}},"119":{"start":{"line":271,"column":13},"end":{"line":273,"column":7}},"120":{"start":{"line":272,"column":8},"end":{"line":272,"column":20}},"121":{"start":{"line":275,"column":23},"end":{"line":275,"column":25}},"122":{"start":{"line":276,"column":22},"end":{"line":276,"column":67}},"123":{"start":{"line":277,"column":6},"end":{"line":277,"column":32}},"124":{"start":{"line":278,"column":6},"end":{"line":278,"column":35}},"125":{"start":{"line":279,"column":6},"end":{"line":279,"column":42}},"126":{"start":{"line":282,"column":6},"end":{"line":284,"column":7}},"127":{"start":{"line":283,"column":8},"end":{"line":283,"column":41}},"128":{"start":{"line":286,"column":24},"end":{"line":286,"column":87}},"129":{"start":{"line":287,"column":31},"end":{"line":287,"column":33}},"130":{"start":{"line":289,"column":6},"end":{"line":306,"column":8}},"131":{"start":{"line":290,"column":8},"end":{"line":305,"column":9}},"132":{"start":{"line":291,"column":10},"end":{"line":304,"column":11}},"133":{"start":{"line":293,"column":12},"end":{"line":293,"column":59}},"134":{"start":{"line":295,"column":22},"end":{"line":295,"column":56}},"135":{"start":{"line":296,"column":12},"end":{"line":303,"column":13}},"136":{"start":{"line":297,"column":14},"end":{"line":297,"column":31}},"137":{"start":{"line":299,"column":14},"end":{"line":302,"column":15}},"138":{"start":{"line":309,"column":6},"end":{"line":318,"column":7}},"139":{"start":{"line":310,"column":8},"end":{"line":316,"column":12}},"140":{"start":{"line":312,"column":31},"end":{"line":312,"column":45}},"141":{"start":{"line":313,"column":12},"end":{"line":313,"column":60}},"142":{"start":{"line":314,"column":12},"end":{"line":314,"column":59}},"143":{"start":{"line":315,"column":12},"end":{"line":315,"column":63}},"144":{"start":{"line":320,"column":6},"end":{"line":320,"column":34}},"145":{"start":{"line":330,"column":6},"end":{"line":334,"column":7}},"146":{"start":{"line":331,"column":8},"end":{"line":331,"column":37}},"147":{"start":{"line":332,"column":13},"end":{"line":334,"column":7}},"148":{"start":{"line":333,"column":8},"end":{"line":333,"column":20}},"149":{"start":{"line":336,"column":23},"end":{"line":336,"column":25}},"150":{"start":{"line":338,"column":6},"end":{"line":358,"column":7}},"151":{"start":{"line":341,"column":24},"end":{"line":341,"column":69}},"152":{"start":{"line":342,"column":8},"end":{"line":342,"column":39}},"153":{"start":{"line":343,"column":8},"end":{"line":343,"column":37}},"154":{"start":{"line":344,"column":8},"end":{"line":344,"column":44}},"155":{"start":{"line":347,"column":8},"end":{"line":357,"column":9}},"156":{"start":{"line":348,"column":28},"end":{"line":348,"column":97}},"157":{"start":{"line":350,"column":10},"end":{"line":356,"column":12}},"158":{"start":{"line":351,"column":12},"end":{"line":355,"column":13}},"159":{"start":{"line":352,"column":33},"end":{"line":352,"column":47}},"160":{"start":{"line":353,"column":14},"end":{"line":353,"column":46}},"161":{"start":{"line":354,"column":14},"end":{"line":354,"column":65}},"162":{"start":{"line":360,"column":6},"end":{"line":360,"column":69}},"163":{"start":{"line":361,"column":6},"end":{"line":361,"column":34}},"164":{"start":{"line":372,"column":6},"end":{"line":376,"column":7}},"165":{"start":{"line":373,"column":8},"end":{"line":373,"column":37}},"166":{"start":{"line":374,"column":13},"end":{"line":376,"column":7}},"167":{"start":{"line":375,"column":8},"end":{"line":375,"column":20}},"168":{"start":{"line":378,"column":22},"end":{"line":378,"column":67}},"169":{"start":{"line":379,"column":6},"end":{"line":379,"column":42}},"170":{"start":{"line":380,"column":6},"end":{"line":380,"column":35}},"171":{"start":{"line":383,"column":6},"end":{"line":385,"column":7}},"172":{"start":{"line":384,"column":8},"end":{"line":384,"column":41}},"173":{"start":{"line":387,"column":6},"end":{"line":387,"column":47}},"174":{"start":{"line":397,"column":6},"end":{"line":409,"column":7}},"175":{"start":{"line":398,"column":27},"end":{"line":398,"column":123}},"176":{"start":{"line":401,"column":8},"end":{"line":404,"column":9}},"177":{"start":{"line":402,"column":10},"end":{"line":403,"column":94}},"178":{"start":{"line":403,"column":28},"end":{"line":403,"column":93}},"179":{"start":{"line":405,"column":8},"end":{"line":405,"column":25}},"180":{"start":{"line":407,"column":8},"end":{"line":407,"column":24}},"181":{"start":{"line":408,"column":8},"end":{"line":408,"column":19}},"182":{"start":{"line":417,"column":23},"end":{"line":417,"column":45}},"183":{"start":{"line":418,"column":21},"end":{"line":418,"column":38}},"184":{"start":{"line":419,"column":22},"end":{"line":419,"column":48}},"185":{"start":{"line":422,"column":6},"end":{"line":425,"column":7}},"186":{"start":{"line":423,"column":8},"end":{"line":423,"column":35}},"187":{"start":{"line":424,"column":8},"end":{"line":424,"column":60}},"188":{"start":{"line":427,"column":6},"end":{"line":427,"column":20}},"189":{"start":{"line":436,"column":27},"end":{"line":436,"column":65}},"190":{"start":{"line":437,"column":6},"end":{"line":437,"column":96}},"191":{"start":{"line":438,"column":6},"end":{"line":438,"column":61}},"192":{"start":{"line":439,"column":6},"end":{"line":439,"column":66}},"193":{"start":{"line":439,"column":39},"end":{"line":439,"column":65}},"194":{"start":{"line":440,"column":6},"end":{"line":440,"column":32}},"195":{"start":{"line":450,"column":6},"end":{"line":452,"column":7}},"196":{"start":{"line":451,"column":8},"end":{"line":451,"column":37}},"197":{"start":{"line":454,"column":29},"end":{"line":454,"column":39}},"198":{"start":{"line":455,"column":6},"end":{"line":475,"column":8}},"199":{"start":{"line":457,"column":8},"end":{"line":457,"column":73}},"200":{"start":{"line":459,"column":29},"end":{"line":473,"column":9}},"201":{"start":{"line":460,"column":24},"end":{"line":460,"column":92}},"202":{"start":{"line":460,"column":59},"end":{"line":460,"column":91}},"203":{"start":{"line":462,"column":10},"end":{"line":462,"column":99}},"204":{"start":{"line":464,"column":10},"end":{"line":466,"column":11}},"205":{"start":{"line":465,"column":12},"end":{"line":465,"column":28}},"206":{"start":{"line":468,"column":10},"end":{"line":470,"column":11}},"207":{"start":{"line":469,"column":12},"end":{"line":469,"column":158}},"208":{"start":{"line":472,"column":10},"end":{"line":472,"column":82}},"209":{"start":{"line":474,"column":8},"end":{"line":474,"column":22}},"210":{"start":{"line":482,"column":24},"end":{"line":482,"column":34}},"211":{"start":{"line":483,"column":6},"end":{"line":516,"column":10}},"212":{"start":{"line":484,"column":20},"end":{"line":484,"column":81}},"213":{"start":{"line":486,"column":10},"end":{"line":488,"column":11}},"214":{"start":{"line":487,"column":12},"end":{"line":487,"column":43}},"215":{"start":{"line":491,"column":10},"end":{"line":496,"column":14}},"216":{"start":{"line":491,"column":53},"end":{"line":491,"column":68}},"217":{"start":{"line":493,"column":14},"end":{"line":493,"column":67}},"218":{"start":{"line":494,"column":14},"end":{"line":494,"column":59}},"219":{"start":{"line":495,"column":14},"end":{"line":495,"column":25}},"220":{"start":{"line":499,"column":10},"end":{"line":499,"column":31}},"221":{"start":{"line":500,"column":10},"end":{"line":500,"column":48}},"222":{"start":{"line":503,"column":10},"end":{"line":505,"column":11}},"223":{"start":{"line":504,"column":12},"end":{"line":504,"column":44}},"224":{"start":{"line":507,"column":20},"end":{"line":507,"column":80}},"225":{"start":{"line":509,"column":10},"end":{"line":511,"column":11}},"226":{"start":{"line":510,"column":12},"end":{"line":510,"column":38}},"227":{"start":{"line":514,"column":27},"end":{"line":514,"column":49}},"228":{"start":{"line":515,"column":10},"end":{"line":515,"column":113}},"229":{"start":{"line":523,"column":6},"end":{"line":523,"column":28}},"230":{"start":{"line":524,"column":6},"end":{"line":561,"column":10}},"231":{"start":{"line":526,"column":10},"end":{"line":526,"column":47}},"232":{"start":{"line":528,"column":20},"end":{"line":528,"column":81}},"233":{"start":{"line":529,"column":20},"end":{"line":529,"column":72}},"234":{"start":{"line":529,"column":56},"end":{"line":529,"column":70}},"235":{"start":{"line":531,"column":10},"end":{"line":531,"column":63}},"236":{"start":{"line":532,"column":10},"end":{"line":532,"column":38}},"237":{"start":{"line":535,"column":10},"end":{"line":537,"column":11}},"238":{"start":{"line":536,"column":12},"end":{"line":536,"column":46}},"239":{"start":{"line":540,"column":10},"end":{"line":542,"column":11}},"240":{"start":{"line":541,"column":12},"end":{"line":541,"column":36}},"241":{"start":{"line":544,"column":20},"end":{"line":544,"column":80}},"242":{"start":{"line":546,"column":10},"end":{"line":550,"column":11}},"243":{"start":{"line":547,"column":12},"end":{"line":549,"column":13}},"244":{"start":{"line":548,"column":14},"end":{"line":548,"column":40}},"245":{"start":{"line":553,"column":10},"end":{"line":553,"column":73}},"246":{"start":{"line":555,"column":10},"end":{"line":555,"column":47}},"247":{"start":{"line":557,"column":10},"end":{"line":557,"column":55}},"248":{"start":{"line":558,"column":10},"end":{"line":558,"column":49}},"249":{"start":{"line":559,"column":10},"end":{"line":559,"column":51}},"250":{"start":{"line":560,"column":10},"end":{"line":560,"column":52}},"251":{"start":{"line":570,"column":6},"end":{"line":622,"column":7}},"252":{"start":{"line":571,"column":8},"end":{"line":621,"column":9}},"253":{"start":{"line":572,"column":10},"end":{"line":586,"column":12}},"254":{"start":{"line":573,"column":33},"end":{"line":576,"column":23}},"255":{"start":{"line":574,"column":14},"end":{"line":574,"column":55}},"256":{"start":{"line":575,"column":14},"end":{"line":575,"column":34}},"257":{"start":{"line":578,"column":32},"end":{"line":582,"column":13}},"258":{"start":{"line":579,"column":14},"end":{"line":579,"column":40}},"259":{"start":{"line":580,"column":14},"end":{"line":580,"column":55}},"260":{"start":{"line":581,"column":14},"end":{"line":581,"column":27}},"261":{"start":{"line":584,"column":12},"end":{"line":584,"column":52}},"262":{"start":{"line":585,"column":12},"end":{"line":585,"column":43}},"263":{"start":{"line":589,"column":24},"end":{"line":589,"column":26}},"264":{"start":{"line":591,"column":24},"end":{"line":593,"column":33}},"265":{"start":{"line":592,"column":28},"end":{"line":592,"column":41}},"266":{"start":{"line":593,"column":25},"end":{"line":593,"column":32}},"267":{"start":{"line":595,"column":27},"end":{"line":595,"column":41}},"268":{"start":{"line":597,"column":10},"end":{"line":599,"column":12}},"269":{"start":{"line":598,"column":12},"end":{"line":598,"column":32}},"270":{"start":{"line":601,"column":10},"end":{"line":620,"column":12}},"271":{"start":{"line":603,"column":33},"end":{"line":606,"column":23}},"272":{"start":{"line":604,"column":14},"end":{"line":604,"column":55}},"273":{"start":{"line":605,"column":14},"end":{"line":605,"column":28}},"274":{"start":{"line":608,"column":32},"end":{"line":616,"column":13}},"275":{"start":{"line":609,"column":14},"end":{"line":609,"column":39}},"276":{"start":{"line":610,"column":14},"end":{"line":610,"column":42}},"277":{"start":{"line":611,"column":14},"end":{"line":615,"column":15}},"278":{"start":{"line":612,"column":16},"end":{"line":612,"column":42}},"279":{"start":{"line":613,"column":16},"end":{"line":613,"column":57}},"280":{"start":{"line":614,"column":16},"end":{"line":614,"column":30}},"281":{"start":{"line":618,"column":12},"end":{"line":618,"column":52}},"282":{"start":{"line":619,"column":12},"end":{"line":619,"column":64}},"283":{"start":{"line":619,"column":32},"end":{"line":619,"column":63}},"284":{"start":{"line":623,"column":6},"end":{"line":623,"column":48}},"285":{"start":{"line":626,"column":6},"end":{"line":630,"column":7}},"286":{"start":{"line":627,"column":8},"end":{"line":627,"column":26}},"287":{"start":{"line":629,"column":8},"end":{"line":629,"column":35}},"288":{"start":{"line":632,"column":6},"end":{"line":634,"column":7}},"289":{"start":{"line":633,"column":8},"end":{"line":633,"column":23}},"290":{"start":{"line":639,"column":2},"end":{"line":642,"column":4}},"291":{"start":{"line":640,"column":4},"end":{"line":640,"column":58}},"292":{"start":{"line":641,"column":4},"end":{"line":641,"column":26}},"293":{"start":{"line":645,"column":2},"end":{"line":649,"column":3}},"294":{"start":{"line":646,"column":4},"end":{"line":648,"column":5}},"295":{"start":{"line":651,"column":2},"end":{"line":656,"column":3}},"296":{"start":{"line":652,"column":20},"end":{"line":652,"column":64}},"297":{"start":{"line":653,"column":4},"end":{"line":655,"column":5}},"298":{"start":{"line":654,"column":6},"end":{"line":654,"column":57}},"299":{"start":{"line":661,"column":2},"end":{"line":661,"column":58}},"300":{"start":{"line":662,"column":2},"end":{"line":662,"column":23}},"301":{"start":{"line":663,"column":2},"end":{"line":663,"column":25}},"302":{"start":{"line":666,"column":2},"end":{"line":666,"column":59}},"303":{"start":{"line":667,"column":2},"end":{"line":667,"column":32}},"304":{"start":{"line":668,"column":2},"end":{"line":668,"column":29}},"305":{"start":{"line":669,"column":2},"end":{"line":669,"column":39}},"306":{"start":{"line":670,"column":2},"end":{"line":670,"column":38}},"307":{"start":{"line":673,"column":2},"end":{"line":678,"column":3}},"308":{"start":{"line":674,"column":24},"end":{"line":674,"column":60}},"309":{"start":{"line":675,"column":4},"end":{"line":675,"column":53}},"310":{"start":{"line":676,"column":4},"end":{"line":676,"column":23}},"311":{"start":{"line":677,"column":4},"end":{"line":677,"column":50}},"312":{"start":{"line":685,"column":30},"end":{"line":725,"column":3}},"313":{"start":{"line":687,"column":4},"end":{"line":689,"column":5}},"314":{"start":{"line":688,"column":6},"end":{"line":688,"column":80}},"315":{"start":{"line":688,"column":46},"end":{"line":688,"column":79}},"316":{"start":{"line":692,"column":4},"end":{"line":715,"column":5}},"317":{"start":{"line":693,"column":6},"end":{"line":693,"column":54}},"318":{"start":{"line":696,"column":6},"end":{"line":698,"column":7}},"319":{"start":{"line":697,"column":8},"end":{"line":697,"column":51}},"320":{"start":{"line":700,"column":6},"end":{"line":700,"column":51}},"321":{"start":{"line":702,"column":6},"end":{"line":704,"column":7}},"322":{"start":{"line":703,"column":8},"end":{"line":703,"column":54}},"323":{"start":{"line":706,"column":6},"end":{"line":706,"column":57}},"324":{"start":{"line":707,"column":6},"end":{"line":707,"column":50}},"325":{"start":{"line":708,"column":6},"end":{"line":708,"column":48}},"326":{"start":{"line":709,"column":6},"end":{"line":709,"column":55}},"327":{"start":{"line":710,"column":6},"end":{"line":710,"column":50}},"328":{"start":{"line":712,"column":6},"end":{"line":714,"column":7}},"329":{"start":{"line":713,"column":8},"end":{"line":713,"column":52}},"330":{"start":{"line":718,"column":4},"end":{"line":718,"column":67}},"331":{"start":{"line":719,"column":4},"end":{"line":719,"column":82}},"332":{"start":{"line":720,"column":4},"end":{"line":720,"column":67}},"333":{"start":{"line":721,"column":4},"end":{"line":721,"column":82}},"334":{"start":{"line":722,"column":4},"end":{"line":722,"column":97}},"335":{"start":{"line":723,"column":4},"end":{"line":723,"column":88}},"336":{"start":{"line":724,"column":4},"end":{"line":724,"column":94}},"337":{"start":{"line":727,"column":2},"end":{"line":727,"column":42}},"338":{"start":{"line":735,"column":2},"end":{"line":735,"column":28}},"339":{"start":{"line":736,"column":2},"end":{"line":736,"column":35}},"340":{"start":{"line":737,"column":2},"end":{"line":737,"column":29}},"341":{"start":{"line":738,"column":2},"end":{"line":738,"column":31}},"342":{"start":{"line":739,"column":2},"end":{"line":739,"column":32}},"343":{"start":{"line":742,"column":2},"end":{"line":744,"column":3}},"344":{"start":{"line":743,"column":4},"end":{"line":743,"column":61}},"345":{"start":{"line":747,"column":2},"end":{"line":747,"column":57}},"346":{"start":{"line":749,"column":2},"end":{"line":749,"column":15}},"347":{"start":{"line":752,"column":0},"end":{"line":752,"column":29}}},"fnMap":{"0":{"name":"(anonymous_0)","decl":{"start":{"line":38,"column":21},"end":{"line":38,"column":22}},"loc":{"start":{"line":38,"column":39},"end":{"line":750,"column":1}},"line":38},"1":{"name":"(anonymous_1)","decl":{"start":{"line":76,"column":23},"end":{"line":76,"column":24}},"loc":{"start":{"line":76,"column":48},"end":{"line":104,"column":3}},"line":76},"2":{"name":"(anonymous_2)","decl":{"start":{"line":118,"column":27},"end":{"line":118,"column":28}},"loc":{"start":{"line":118,"column":38},"end":{"line":120,"column":3}},"line":118},"3":{"name":"(anonymous_3)","decl":{"start":{"line":122,"column":26},"end":{"line":122,"column":27}},"loc":{"start":{"line":122,"column":44},"end":{"line":130,"column":3}},"line":122},"4":{"name":"(anonymous_4)","decl":{"start":{"line":132,"column":31},"end":{"line":132,"column":32}},"loc":{"start":{"line":132,"column":65},"end":{"line":135,"column":3}},"line":132},"5":{"name":"(anonymous_5)","decl":{"start":{"line":137,"column":25},"end":{"line":137,"column":26}},"loc":{"start":{"line":137,"column":62},"end":{"line":147,"column":3}},"line":137},"6":{"name":"(anonymous_6)","decl":{"start":{"line":141,"column":49},"end":{"line":141,"column":50}},"loc":{"start":{"line":141,"column":74},"end":{"line":145,"column":7}},"line":141},"7":{"name":"(anonymous_7)","decl":{"start":{"line":149,"column":25},"end":{"line":149,"column":26}},"loc":{"start":{"line":149,"column":36},"end":{"line":161,"column":81}},"line":149},"8":{"name":"(anonymous_8)","decl":{"start":{"line":150,"column":10},"end":{"line":150,"column":11}},"loc":{"start":{"line":150,"column":16},"end":{"line":150,"column":30}},"line":150},"9":{"name":"(anonymous_9)","decl":{"start":{"line":151,"column":10},"end":{"line":151,"column":11}},"loc":{"start":{"line":151,"column":16},"end":{"line":151,"column":66}},"line":151},"10":{"name":"(anonymous_10)","decl":{"start":{"line":152,"column":10},"end":{"line":152,"column":11}},"loc":{"start":{"line":152,"column":16},"end":{"line":160,"column":5}},"line":152},"11":{"name":"(anonymous_11)","decl":{"start":{"line":161,"column":11},"end":{"line":161,"column":12}},"loc":{"start":{"line":161,"column":20},"end":{"line":161,"column":80}},"line":161},"12":{"name":"(anonymous_12)","decl":{"start":{"line":163,"column":27},"end":{"line":163,"column":28}},"loc":{"start":{"line":163,"column":48},"end":{"line":175,"column":3}},"line":163},"13":{"name":"(anonymous_13)","decl":{"start":{"line":167,"column":39},"end":{"line":167,"column":40}},"loc":{"start":{"line":167,"column":46},"end":{"line":171,"column":5}},"line":167},"14":{"name":"(anonymous_14)","decl":{"start":{"line":174,"column":12},"end":{"line":174,"column":13}},"loc":{"start":{"line":174,"column":18},"end":{"line":174,"column":46}},"line":174},"15":{"name":"(anonymous_15)","decl":{"start":{"line":203,"column":15},"end":{"line":203,"column":16}},"loc":{"start":{"line":203,"column":27},"end":{"line":206,"column":5}},"line":203},"16":{"name":"(anonymous_16)","decl":{"start":{"line":209,"column":4},"end":{"line":209,"column":5}},"loc":{"start":{"line":209,"column":53},"end":{"line":211,"column":5}},"line":209},"17":{"name":"(anonymous_17)","decl":{"start":{"line":219,"column":4},"end":{"line":219,"column":5}},"loc":{"start":{"line":219,"column":39},"end":{"line":248,"column":5}},"line":219},"18":{"name":"(anonymous_18)","decl":{"start":{"line":254,"column":4},"end":{"line":254,"column":5}},"loc":{"start":{"line":254,"column":24},"end":{"line":260,"column":5}},"line":254},"19":{"name":"(anonymous_19)","decl":{"start":{"line":256,"column":39},"end":{"line":256,"column":40}},"loc":{"start":{"line":256,"column":47},"end":{"line":256,"column":100}},"line":256},"20":{"name":"(anonymous_20)","decl":{"start":{"line":268,"column":4},"end":{"line":268,"column":5}},"loc":{"start":{"line":268,"column":39},"end":{"line":321,"column":5}},"line":268},"21":{"name":"(anonymous_21)","decl":{"start":{"line":289,"column":20},"end":{"line":289,"column":21}},"loc":{"start":{"line":289,"column":47},"end":{"line":306,"column":7}},"line":289},"22":{"name":"(anonymous_22)","decl":{"start":{"line":311,"column":19},"end":{"line":311,"column":20}},"loc":{"start":{"line":311,"column":38},"end":{"line":316,"column":11}},"line":311},"23":{"name":"(anonymous_23)","decl":{"start":{"line":329,"column":4},"end":{"line":329,"column":5}},"loc":{"start":{"line":329,"column":44},"end":{"line":362,"column":5}},"line":329},"24":{"name":"(anonymous_24)","decl":{"start":{"line":350,"column":24},"end":{"line":350,"column":25}},"loc":{"start":{"line":350,"column":36},"end":{"line":356,"column":11}},"line":350},"25":{"name":"(anonymous_25)","decl":{"start":{"line":370,"column":4},"end":{"line":370,"column":5}},"loc":{"start":{"line":370,"column":49},"end":{"line":388,"column":5}},"line":370},"26":{"name":"(anonymous_26)","decl":{"start":{"line":396,"column":4},"end":{"line":396,"column":5}},"loc":{"start":{"line":396,"column":27},"end":{"line":410,"column":5}},"line":396},"27":{"name":"(anonymous_27)","decl":{"start":{"line":403,"column":19},"end":{"line":403,"column":20}},"loc":{"start":{"line":403,"column":28},"end":{"line":403,"column":93}},"line":403},"28":{"name":"(anonymous_28)","decl":{"start":{"line":416,"column":4},"end":{"line":416,"column":5}},"loc":{"start":{"line":416,"column":27},"end":{"line":428,"column":5}},"line":416},"29":{"name":"(anonymous_29)","decl":{"start":{"line":435,"column":4},"end":{"line":435,"column":5}},"loc":{"start":{"line":435,"column":68},"end":{"line":441,"column":5}},"line":435},"30":{"name":"(anonymous_30)","decl":{"start":{"line":439,"column":27},"end":{"line":439,"column":28}},"loc":{"start":{"line":439,"column":39},"end":{"line":439,"column":65}},"line":439},"31":{"name":"(anonymous_31)","decl":{"start":{"line":449,"column":4},"end":{"line":449,"column":5}},"loc":{"start":{"line":449,"column":60},"end":{"line":476,"column":5}},"line":449},"32":{"name":"(anonymous_32)","decl":{"start":{"line":455,"column":25},"end":{"line":455,"column":26}},"loc":{"start":{"line":455,"column":46},"end":{"line":475,"column":7}},"line":455},"33":{"name":"(anonymous_33)","decl":{"start":{"line":459,"column":29},"end":{"line":459,"column":30}},"loc":{"start":{"line":459,"column":35},"end":{"line":473,"column":9}},"line":459},"34":{"name":"(anonymous_34)","decl":{"start":{"line":460,"column":44},"end":{"line":460,"column":45}},"loc":{"start":{"line":460,"column":59},"end":{"line":460,"column":91}},"line":460},"35":{"name":"(anonymous_35)","decl":{"start":{"line":481,"column":4},"end":{"line":481,"column":5}},"loc":{"start":{"line":481,"column":13},"end":{"line":517,"column":5}},"line":481},"36":{"name":"(anonymous_36)","decl":{"start":{"line":484,"column":14},"end":{"line":484,"column":15}},"loc":{"start":{"line":484,"column":20},"end":{"line":484,"column":81}},"line":484},"37":{"name":"(anonymous_37)","decl":{"start":{"line":485,"column":14},"end":{"line":485,"column":15}},"loc":{"start":{"line":485,"column":20},"end":{"line":489,"column":9}},"line":485},"38":{"name":"(anonymous_38)","decl":{"start":{"line":490,"column":14},"end":{"line":490,"column":15}},"loc":{"start":{"line":490,"column":20},"end":{"line":497,"column":9}},"line":490},"39":{"name":"(anonymous_39)","decl":{"start":{"line":491,"column":42},"end":{"line":491,"column":43}},"loc":{"start":{"line":491,"column":53},"end":{"line":491,"column":68}},"line":491},"40":{"name":"(anonymous_40)","decl":{"start":{"line":492,"column":19},"end":{"line":492,"column":20}},"loc":{"start":{"line":492,"column":28},"end":{"line":496,"column":13}},"line":492},"41":{"name":"(anonymous_41)","decl":{"start":{"line":498,"column":14},"end":{"line":498,"column":15}},"loc":{"start":{"line":498,"column":20},"end":{"line":501,"column":9}},"line":498},"42":{"name":"(anonymous_42)","decl":{"start":{"line":502,"column":14},"end":{"line":502,"column":15}},"loc":{"start":{"line":502,"column":20},"end":{"line":506,"column":9}},"line":502},"43":{"name":"(anonymous_43)","decl":{"start":{"line":507,"column":14},"end":{"line":507,"column":15}},"loc":{"start":{"line":507,"column":20},"end":{"line":507,"column":80}},"line":507},"44":{"name":"(anonymous_44)","decl":{"start":{"line":508,"column":14},"end":{"line":508,"column":15}},"loc":{"start":{"line":508,"column":20},"end":{"line":512,"column":9}},"line":508},"45":{"name":"(anonymous_45)","decl":{"start":{"line":513,"column":14},"end":{"line":513,"column":15}},"loc":{"start":{"line":513,"column":20},"end":{"line":516,"column":9}},"line":513},"46":{"name":"(anonymous_46)","decl":{"start":{"line":522,"column":4},"end":{"line":522,"column":5}},"loc":{"start":{"line":522,"column":12},"end":{"line":562,"column":5}},"line":522},"47":{"name":"(anonymous_47)","decl":{"start":{"line":525,"column":14},"end":{"line":525,"column":15}},"loc":{"start":{"line":525,"column":20},"end":{"line":527,"column":9}},"line":525},"48":{"name":"(anonymous_48)","decl":{"start":{"line":528,"column":14},"end":{"line":528,"column":15}},"loc":{"start":{"line":528,"column":20},"end":{"line":528,"column":81}},"line":528},"49":{"name":"(anonymous_49)","decl":{"start":{"line":529,"column":14},"end":{"line":529,"column":15}},"loc":{"start":{"line":529,"column":20},"end":{"line":529,"column":72}},"line":529},"50":{"name":"(anonymous_50)","decl":{"start":{"line":529,"column":45},"end":{"line":529,"column":46}},"loc":{"start":{"line":529,"column":56},"end":{"line":529,"column":70}},"line":529},"51":{"name":"(anonymous_51)","decl":{"start":{"line":530,"column":15},"end":{"line":530,"column":16}},"loc":{"start":{"line":530,"column":24},"end":{"line":533,"column":9}},"line":530},"52":{"name":"(anonymous_52)","decl":{"start":{"line":534,"column":14},"end":{"line":534,"column":15}},"loc":{"start":{"line":534,"column":20},"end":{"line":538,"column":9}},"line":534},"53":{"name":"(anonymous_53)","decl":{"start":{"line":539,"column":14},"end":{"line":539,"column":15}},"loc":{"start":{"line":539,"column":20},"end":{"line":543,"column":9}},"line":539},"54":{"name":"(anonymous_54)","decl":{"start":{"line":544,"column":14},"end":{"line":544,"column":15}},"loc":{"start":{"line":544,"column":20},"end":{"line":544,"column":80}},"line":544},"55":{"name":"(anonymous_55)","decl":{"start":{"line":545,"column":14},"end":{"line":545,"column":15}},"loc":{"start":{"line":545,"column":20},"end":{"line":551,"column":9}},"line":545},"56":{"name":"(anonymous_56)","decl":{"start":{"line":552,"column":14},"end":{"line":552,"column":15}},"loc":{"start":{"line":552,"column":20},"end":{"line":561,"column":9}},"line":552},"57":{"name":"(anonymous_57)","decl":{"start":{"line":569,"column":4},"end":{"line":569,"column":5}},"loc":{"start":{"line":569,"column":34},"end":{"line":624,"column":5}},"line":569},"58":{"name":"(anonymous_58)","decl":{"start":{"line":572,"column":29},"end":{"line":572,"column":30}},"loc":{"start":{"line":572,"column":42},"end":{"line":586,"column":11}},"line":572},"59":{"name":"(anonymous_59)","decl":{"start":{"line":573,"column":44},"end":{"line":573,"column":45}},"loc":{"start":{"line":573,"column":50},"end":{"line":576,"column":13}},"line":573},"60":{"name":"(anonymous_60)","decl":{"start":{"line":578,"column":32},"end":{"line":578,"column":33}},"loc":{"start":{"line":578,"column":40},"end":{"line":582,"column":13}},"line":578},"61":{"name":"(anonymous_61)","decl":{"start":{"line":592,"column":20},"end":{"line":592,"column":21}},"loc":{"start":{"line":592,"column":28},"end":{"line":592,"column":41}},"line":592},"62":{"name":"(anonymous_62)","decl":{"start":{"line":593,"column":17},"end":{"line":593,"column":18}},"loc":{"start":{"line":593,"column":25},"end":{"line":593,"column":32}},"line":593},"63":{"name":"(anonymous_63)","decl":{"start":{"line":597,"column":24},"end":{"line":597,"column":25}},"loc":{"start":{"line":597,"column":34},"end":{"line":599,"column":11}},"line":597},"64":{"name":"(anonymous_64)","decl":{"start":{"line":601,"column":29},"end":{"line":601,"column":30}},"loc":{"start":{"line":601,"column":42},"end":{"line":620,"column":11}},"line":601},"65":{"name":"(anonymous_65)","decl":{"start":{"line":603,"column":44},"end":{"line":603,"column":45}},"loc":{"start":{"line":603,"column":50},"end":{"line":606,"column":13}},"line":603},"66":{"name":"(anonymous_66)","decl":{"start":{"line":608,"column":32},"end":{"line":608,"column":33}},"loc":{"start":{"line":608,"column":40},"end":{"line":616,"column":13}},"line":608},"67":{"name":"(anonymous_67)","decl":{"start":{"line":619,"column":22},"end":{"line":619,"column":23}},"loc":{"start":{"line":619,"column":32},"end":{"line":619,"column":63}},"line":619},"68":{"name":"(anonymous_68)","decl":{"start":{"line":625,"column":4},"end":{"line":625,"column":5}},"loc":{"start":{"line":625,"column":52},"end":{"line":635,"column":5}},"line":625},"69":{"name":"(anonymous_69)","decl":{"start":{"line":639,"column":38},"end":{"line":639,"column":39}},"loc":{"start":{"line":639,"column":54},"end":{"line":642,"column":3}},"line":639},"70":{"name":"(anonymous_70)","decl":{"start":{"line":685,"column":30},"end":{"line":685,"column":31}},"loc":{"start":{"line":685,"column":51},"end":{"line":725,"column":3}},"line":685},"71":{"name":"(anonymous_71)","decl":{"start":{"line":688,"column":32},"end":{"line":688,"column":33}},"loc":{"start":{"line":688,"column":46},"end":{"line":688,"column":79}},"line":688}},"branchMap":{"0":{"loc":{"start":{"line":38,"column":22},"end":{"line":38,"column":34}},"type":"default-arg","locations":[{"start":{"line":38,"column":32},"end":{"line":38,"column":34}}],"line":38},"1":{"loc":{"start":{"line":40,"column":2},"end":{"line":44,"column":3}},"type":"if","locations":[{"start":{"line":40,"column":2},"end":{"line":44,"column":3}},{"start":{"line":40,"column":2},"end":{"line":44,"column":3}}],"line":40},"2":{"loc":{"start":{"line":53,"column":2},"end":{"line":55,"column":3}},"type":"if","locations":[{"start":{"line":53,"column":2},"end":{"line":55,"column":3}},{"start":{"line":53,"column":2},"end":{"line":55,"column":3}}],"line":53},"3":{"loc":{"start":{"line":53,"column":6},"end":{"line":53,"column":62}},"type":"binary-expr","locations":[{"start":{"line":53,"column":6},"end":{"line":53,"column":21}},{"start":{"line":53,"column":25},"end":{"line":53,"column":62}}],"line":53},"4":{"loc":{"start":{"line":58,"column":2},"end":{"line":60,"column":3}},"type":"if","locations":[{"start":{"line":58,"column":2},"end":{"line":60,"column":3}},{"start":{"line":58,"column":2},"end":{"line":60,"column":3}}],"line":58},"5":{"loc":{"start":{"line":58,"column":6},"end":{"line":58,"column":62}},"type":"binary-expr","locations":[{"start":{"line":58,"column":6},"end":{"line":58,"column":21}},{"start":{"line":58,"column":25},"end":{"line":58,"column":62}}],"line":58},"6":{"loc":{"start":{"line":63,"column":17},"end":{"line":63,"column":68}},"type":"binary-expr","locations":[{"start":{"line":63,"column":17},"end":{"line":63,"column":31}},{"start":{"line":63,"column":35},"end":{"line":63,"column":68}}],"line":63},"7":{"loc":{"start":{"line":81,"column":4},"end":{"line":88,"column":5}},"type":"if","locations":[{"start":{"line":81,"column":4},"end":{"line":88,"column":5}},{"start":{"line":81,"column":4},"end":{"line":88,"column":5}}],"line":81},"8":{"loc":{"start":{"line":83,"column":6},"end":{"line":85,"column":7}},"type":"if","locations":[{"start":{"line":83,"column":6},"end":{"line":85,"column":7}},{"start":{"line":83,"column":6},"end":{"line":85,"column":7}}],"line":83},"9":{"loc":{"start":{"line":90,"column":4},"end":{"line":92,"column":5}},"type":"if","locations":[{"start":{"line":90,"column":4},"end":{"line":92,"column":5}},{"start":{"line":90,"column":4},"end":{"line":92,"column":5}}],"line":90},"10":{"loc":{"start":{"line":95,"column":4},"end":{"line":101,"column":5}},"type":"if","locations":[{"start":{"line":95,"column":4},"end":{"line":101,"column":5}},{"start":{"line":95,"column":4},"end":{"line":101,"column":5}}],"line":95},"11":{"loc":{"start":{"line":96,"column":32},"end":{"line":96,"column":65}},"type":"binary-expr","locations":[{"start":{"line":96,"column":32},"end":{"line":96,"column":55}},{"start":{"line":96,"column":59},"end":{"line":96,"column":65}}],"line":96},"12":{"loc":{"start":{"line":97,"column":11},"end":{"line":101,"column":5}},"type":"if","locations":[{"start":{"line":97,"column":11},"end":{"line":101,"column":5}},{"start":{"line":97,"column":11},"end":{"line":101,"column":5}}],"line":97},"13":{"loc":{"start":{"line":98,"column":32},"end":{"line":98,"column":66}},"type":"binary-expr","locations":[{"start":{"line":98,"column":32},"end":{"line":98,"column":55}},{"start":{"line":98,"column":59},"end":{"line":98,"column":66}}],"line":98},"14":{"loc":{"start":{"line":100,"column":32},"end":{"line":100,"column":66}},"type":"binary-expr","locations":[{"start":{"line":100,"column":32},"end":{"line":100,"column":55}},{"start":{"line":100,"column":59},"end":{"line":100,"column":66}}],"line":100},"15":{"loc":{"start":{"line":127,"column":4},"end":{"line":129,"column":5}},"type":"if","locations":[{"start":{"line":127,"column":4},"end":{"line":129,"column":5}},{"start":{"line":127,"column":4},"end":{"line":129,"column":5}}],"line":127},"16":{"loc":{"start":{"line":127,"column":8},"end":{"line":127,"column":62}},"type":"binary-expr","locations":[{"start":{"line":127,"column":8},"end":{"line":127,"column":24}},{"start":{"line":127,"column":28},"end":{"line":127,"column":42}},{"start":{"line":127,"column":46},"end":{"line":127,"column":62}}],"line":127},"17":{"loc":{"start":{"line":132,"column":46},"end":{"line":132,"column":60}},"type":"default-arg","locations":[{"start":{"line":132,"column":55},"end":{"line":132,"column":60}}],"line":132},"18":{"loc":{"start":{"line":138,"column":4},"end":{"line":146,"column":5}},"type":"if","locations":[{"start":{"line":138,"column":4},"end":{"line":146,"column":5}},{"start":{"line":138,"column":4},"end":{"line":146,"column":5}}],"line":138},"19":{"loc":{"start":{"line":138,"column":8},"end":{"line":138,"column":44}},"type":"binary-expr","locations":[{"start":{"line":138,"column":8},"end":{"line":138,"column":24}},{"start":{"line":138,"column":28},"end":{"line":138,"column":44}}],"line":138},"20":{"loc":{"start":{"line":168,"column":6},"end":{"line":170,"column":7}},"type":"if","locations":[{"start":{"line":168,"column":6},"end":{"line":170,"column":7}},{"start":{"line":168,"column":6},"end":{"line":170,"column":7}}],"line":168},"21":{"loc":{"start":{"line":181,"column":2},"end":{"line":183,"column":3}},"type":"if","locations":[{"start":{"line":181,"column":2},"end":{"line":183,"column":3}},{"start":{"line":181,"column":2},"end":{"line":183,"column":3}}],"line":181},"22":{"loc":{"start":{"line":209,"column":39},"end":{"line":209,"column":51}},"type":"default-arg","locations":[{"start":{"line":209,"column":49},"end":{"line":209,"column":51}}],"line":209},"23":{"loc":{"start":{"line":219,"column":28},"end":{"line":219,"column":37}},"type":"default-arg","locations":[{"start":{"line":219,"column":35},"end":{"line":219,"column":37}}],"line":219},"24":{"loc":{"start":{"line":222,"column":6},"end":{"line":224,"column":7}},"type":"if","locations":[{"start":{"line":222,"column":6},"end":{"line":224,"column":7}},{"start":{"line":222,"column":6},"end":{"line":224,"column":7}}],"line":222},"25":{"loc":{"start":{"line":230,"column":6},"end":{"line":235,"column":7}},"type":"if","locations":[{"start":{"line":230,"column":6},"end":{"line":235,"column":7}},{"start":{"line":230,"column":6},"end":{"line":235,"column":7}}],"line":230},"26":{"loc":{"start":{"line":237,"column":6},"end":{"line":241,"column":7}},"type":"if","locations":[{"start":{"line":237,"column":6},"end":{"line":241,"column":7}},{"start":{"line":237,"column":6},"end":{"line":241,"column":7}}],"line":237},"27":{"loc":{"start":{"line":255,"column":6},"end":{"line":259,"column":7}},"type":"if","locations":[{"start":{"line":255,"column":6},"end":{"line":259,"column":7}},{"start":{"line":255,"column":6},"end":{"line":259,"column":7}}],"line":255},"28":{"loc":{"start":{"line":269,"column":6},"end":{"line":273,"column":7}},"type":"if","locations":[{"start":{"line":269,"column":6},"end":{"line":273,"column":7}},{"start":{"line":269,"column":6},"end":{"line":273,"column":7}}],"line":269},"29":{"loc":{"start":{"line":271,"column":13},"end":{"line":273,"column":7}},"type":"if","locations":[{"start":{"line":271,"column":13},"end":{"line":273,"column":7}},{"start":{"line":271,"column":13},"end":{"line":273,"column":7}}],"line":271},"30":{"loc":{"start":{"line":282,"column":6},"end":{"line":284,"column":7}},"type":"if","locations":[{"start":{"line":282,"column":6},"end":{"line":284,"column":7}},{"start":{"line":282,"column":6},"end":{"line":284,"column":7}}],"line":282},"31":{"loc":{"start":{"line":290,"column":8},"end":{"line":305,"column":9}},"type":"if","locations":[{"start":{"line":290,"column":8},"end":{"line":305,"column":9}},{"start":{"line":290,"column":8},"end":{"line":305,"column":9}}],"line":290},"32":{"loc":{"start":{"line":291,"column":10},"end":{"line":304,"column":11}},"type":"if","locations":[{"start":{"line":291,"column":10},"end":{"line":304,"column":11}},{"start":{"line":291,"column":10},"end":{"line":304,"column":11}}],"line":291},"33":{"loc":{"start":{"line":296,"column":12},"end":{"line":303,"column":13}},"type":"if","locations":[{"start":{"line":296,"column":12},"end":{"line":303,"column":13}},{"start":{"line":296,"column":12},"end":{"line":303,"column":13}}],"line":296},"34":{"loc":{"start":{"line":309,"column":6},"end":{"line":318,"column":7}},"type":"if","locations":[{"start":{"line":309,"column":6},"end":{"line":318,"column":7}},{"start":{"line":309,"column":6},"end":{"line":318,"column":7}}],"line":309},"35":{"loc":{"start":{"line":330,"column":6},"end":{"line":334,"column":7}},"type":"if","locations":[{"start":{"line":330,"column":6},"end":{"line":334,"column":7}},{"start":{"line":330,"column":6},"end":{"line":334,"column":7}}],"line":330},"36":{"loc":{"start":{"line":332,"column":13},"end":{"line":334,"column":7}},"type":"if","locations":[{"start":{"line":332,"column":13},"end":{"line":334,"column":7}},{"start":{"line":332,"column":13},"end":{"line":334,"column":7}}],"line":332},"37":{"loc":{"start":{"line":338,"column":6},"end":{"line":358,"column":7}},"type":"if","locations":[{"start":{"line":338,"column":6},"end":{"line":358,"column":7}},{"start":{"line":338,"column":6},"end":{"line":358,"column":7}}],"line":338},"38":{"loc":{"start":{"line":347,"column":8},"end":{"line":357,"column":9}},"type":"if","locations":[{"start":{"line":347,"column":8},"end":{"line":357,"column":9}},{"start":{"line":347,"column":8},"end":{"line":357,"column":9}}],"line":347},"39":{"loc":{"start":{"line":351,"column":12},"end":{"line":355,"column":13}},"type":"if","locations":[{"start":{"line":351,"column":12},"end":{"line":355,"column":13}},{"start":{"line":351,"column":12},"end":{"line":355,"column":13}}],"line":351},"40":{"loc":{"start":{"line":372,"column":6},"end":{"line":376,"column":7}},"type":"if","locations":[{"start":{"line":372,"column":6},"end":{"line":376,"column":7}},{"start":{"line":372,"column":6},"end":{"line":376,"column":7}}],"line":372},"41":{"loc":{"start":{"line":374,"column":13},"end":{"line":376,"column":7}},"type":"if","locations":[{"start":{"line":374,"column":13},"end":{"line":376,"column":7}},{"start":{"line":374,"column":13},"end":{"line":376,"column":7}}],"line":374},"42":{"loc":{"start":{"line":383,"column":6},"end":{"line":385,"column":7}},"type":"if","locations":[{"start":{"line":383,"column":6},"end":{"line":385,"column":7}},{"start":{"line":383,"column":6},"end":{"line":385,"column":7}}],"line":383},"43":{"loc":{"start":{"line":401,"column":8},"end":{"line":404,"column":9}},"type":"if","locations":[{"start":{"line":401,"column":8},"end":{"line":404,"column":9}},{"start":{"line":401,"column":8},"end":{"line":404,"column":9}}],"line":401},"44":{"loc":{"start":{"line":422,"column":6},"end":{"line":425,"column":7}},"type":"if","locations":[{"start":{"line":422,"column":6},"end":{"line":425,"column":7}},{"start":{"line":422,"column":6},"end":{"line":425,"column":7}}],"line":422},"45":{"loc":{"start":{"line":435,"column":18},"end":{"line":435,"column":39}},"type":"default-arg","locations":[{"start":{"line":435,"column":27},"end":{"line":435,"column":39}}],"line":435},"46":{"loc":{"start":{"line":435,"column":41},"end":{"line":435,"column":66}},"type":"default-arg","locations":[{"start":{"line":435,"column":52},"end":{"line":435,"column":66}}],"line":435},"47":{"loc":{"start":{"line":449,"column":44},"end":{"line":449,"column":58}},"type":"default-arg","locations":[{"start":{"line":449,"column":55},"end":{"line":449,"column":58}}],"line":449},"48":{"loc":{"start":{"line":450,"column":6},"end":{"line":452,"column":7}},"type":"if","locations":[{"start":{"line":450,"column":6},"end":{"line":452,"column":7}},{"start":{"line":450,"column":6},"end":{"line":452,"column":7}}],"line":450},"49":{"loc":{"start":{"line":464,"column":10},"end":{"line":466,"column":11}},"type":"if","locations":[{"start":{"line":464,"column":10},"end":{"line":466,"column":11}},{"start":{"line":464,"column":10},"end":{"line":466,"column":11}}],"line":464},"50":{"loc":{"start":{"line":468,"column":10},"end":{"line":470,"column":11}},"type":"if","locations":[{"start":{"line":468,"column":10},"end":{"line":470,"column":11}},{"start":{"line":468,"column":10},"end":{"line":470,"column":11}}],"line":468},"51":{"loc":{"start":{"line":468,"column":14},"end":{"line":468,"column":64}},"type":"binary-expr","locations":[{"start":{"line":468,"column":14},"end":{"line":468,"column":21}},{"start":{"line":468,"column":25},"end":{"line":468,"column":64}}],"line":468},"52":{"loc":{"start":{"line":486,"column":10},"end":{"line":488,"column":11}},"type":"if","locations":[{"start":{"line":486,"column":10},"end":{"line":488,"column":11}},{"start":{"line":486,"column":10},"end":{"line":488,"column":11}}],"line":486},"53":{"loc":{"start":{"line":503,"column":10},"end":{"line":505,"column":11}},"type":"if","locations":[{"start":{"line":503,"column":10},"end":{"line":505,"column":11}},{"start":{"line":503,"column":10},"end":{"line":505,"column":11}}],"line":503},"54":{"loc":{"start":{"line":509,"column":10},"end":{"line":511,"column":11}},"type":"if","locations":[{"start":{"line":509,"column":10},"end":{"line":511,"column":11}},{"start":{"line":509,"column":10},"end":{"line":511,"column":11}}],"line":509},"55":{"loc":{"start":{"line":509,"column":14},"end":{"line":509,"column":47}},"type":"binary-expr","locations":[{"start":{"line":509,"column":14},"end":{"line":509,"column":28}},{"start":{"line":509,"column":32},"end":{"line":509,"column":47}}],"line":509},"56":{"loc":{"start":{"line":535,"column":10},"end":{"line":537,"column":11}},"type":"if","locations":[{"start":{"line":535,"column":10},"end":{"line":537,"column":11}},{"start":{"line":535,"column":10},"end":{"line":537,"column":11}}],"line":535},"57":{"loc":{"start":{"line":540,"column":10},"end":{"line":542,"column":11}},"type":"if","locations":[{"start":{"line":540,"column":10},"end":{"line":542,"column":11}},{"start":{"line":540,"column":10},"end":{"line":542,"column":11}}],"line":540},"58":{"loc":{"start":{"line":546,"column":10},"end":{"line":550,"column":11}},"type":"if","locations":[{"start":{"line":546,"column":10},"end":{"line":550,"column":11}},{"start":{"line":546,"column":10},"end":{"line":550,"column":11}}],"line":546},"59":{"loc":{"start":{"line":547,"column":12},"end":{"line":549,"column":13}},"type":"if","locations":[{"start":{"line":547,"column":12},"end":{"line":549,"column":13}},{"start":{"line":547,"column":12},"end":{"line":549,"column":13}}],"line":547},"60":{"loc":{"start":{"line":569,"column":18},"end":{"line":569,"column":32}},"type":"default-arg","locations":[{"start":{"line":569,"column":28},"end":{"line":569,"column":32}}],"line":569},"61":{"loc":{"start":{"line":570,"column":6},"end":{"line":622,"column":7}},"type":"if","locations":[{"start":{"line":570,"column":6},"end":{"line":622,"column":7}},{"start":{"line":570,"column":6},"end":{"line":622,"column":7}}],"line":570},"62":{"loc":{"start":{"line":570,"column":10},"end":{"line":570,"column":58}},"type":"binary-expr","locations":[{"start":{"line":570,"column":10},"end":{"line":570,"column":26}},{"start":{"line":570,"column":30},"end":{"line":570,"column":58}}],"line":570},"63":{"loc":{"start":{"line":571,"column":8},"end":{"line":621,"column":9}},"type":"if","locations":[{"start":{"line":571,"column":8},"end":{"line":621,"column":9}},{"start":{"line":571,"column":8},"end":{"line":621,"column":9}}],"line":571},"64":{"loc":{"start":{"line":611,"column":14},"end":{"line":615,"column":15}},"type":"if","locations":[{"start":{"line":611,"column":14},"end":{"line":615,"column":15}},{"start":{"line":611,"column":14},"end":{"line":615,"column":15}}],"line":611},"65":{"loc":{"start":{"line":623,"column":29},"end":{"line":623,"column":47}},"type":"cond-expr","locations":[{"start":{"line":623,"column":38},"end":{"line":623,"column":42}},{"start":{"line":623,"column":45},"end":{"line":623,"column":47}}],"line":623},"66":{"loc":{"start":{"line":625,"column":32},"end":{"line":625,"column":50}},"type":"default-arg","locations":[{"start":{"line":625,"column":46},"end":{"line":625,"column":50}}],"line":625},"67":{"loc":{"start":{"line":626,"column":6},"end":{"line":630,"column":7}},"type":"if","locations":[{"start":{"line":626,"column":6},"end":{"line":630,"column":7}},{"start":{"line":626,"column":6},"end":{"line":630,"column":7}}],"line":626},"68":{"loc":{"start":{"line":632,"column":6},"end":{"line":634,"column":7}},"type":"if","locations":[{"start":{"line":632,"column":6},"end":{"line":634,"column":7}},{"start":{"line":632,"column":6},"end":{"line":634,"column":7}}],"line":632},"69":{"loc":{"start":{"line":645,"column":2},"end":{"line":649,"column":3}},"type":"if","locations":[{"start":{"line":645,"column":2},"end":{"line":649,"column":3}},{"start":{"line":645,"column":2},"end":{"line":649,"column":3}}],"line":645},"70":{"loc":{"start":{"line":651,"column":2},"end":{"line":656,"column":3}},"type":"if","locations":[{"start":{"line":651,"column":2},"end":{"line":656,"column":3}},{"start":{"line":651,"column":2},"end":{"line":656,"column":3}}],"line":651},"71":{"loc":{"start":{"line":653,"column":4},"end":{"line":655,"column":5}},"type":"if","locations":[{"start":{"line":653,"column":4},"end":{"line":655,"column":5}},{"start":{"line":653,"column":4},"end":{"line":655,"column":5}}],"line":653},"72":{"loc":{"start":{"line":673,"column":2},"end":{"line":678,"column":3}},"type":"if","locations":[{"start":{"line":673,"column":2},"end":{"line":678,"column":3}},{"start":{"line":673,"column":2},"end":{"line":678,"column":3}}],"line":673},"73":{"loc":{"start":{"line":687,"column":4},"end":{"line":689,"column":5}},"type":"if","locations":[{"start":{"line":687,"column":4},"end":{"line":689,"column":5}},{"start":{"line":687,"column":4},"end":{"line":689,"column":5}}],"line":687},"74":{"loc":{"start":{"line":687,"column":8},"end":{"line":687,"column":72}},"type":"binary-expr","locations":[{"start":{"line":687,"column":8},"end":{"line":687,"column":40}},{"start":{"line":687,"column":44},"end":{"line":687,"column":72}}],"line":687},"75":{"loc":{"start":{"line":692,"column":4},"end":{"line":715,"column":5}},"type":"if","locations":[{"start":{"line":692,"column":4},"end":{"line":715,"column":5}},{"start":{"line":692,"column":4},"end":{"line":715,"column":5}}],"line":692},"76":{"loc":{"start":{"line":696,"column":6},"end":{"line":698,"column":7}},"type":"if","locations":[{"start":{"line":696,"column":6},"end":{"line":698,"column":7}},{"start":{"line":696,"column":6},"end":{"line":698,"column":7}}],"line":696},"77":{"loc":{"start":{"line":696,"column":10},"end":{"line":696,"column":51}},"type":"binary-expr","locations":[{"start":{"line":696,"column":10},"end":{"line":696,"column":38}},{"start":{"line":696,"column":42},"end":{"line":696,"column":51}}],"line":696},"78":{"loc":{"start":{"line":702,"column":6},"end":{"line":704,"column":7}},"type":"if","locations":[{"start":{"line":702,"column":6},"end":{"line":704,"column":7}},{"start":{"line":702,"column":6},"end":{"line":704,"column":7}}],"line":702},"79":{"loc":{"start":{"line":712,"column":6},"end":{"line":714,"column":7}},"type":"if","locations":[{"start":{"line":712,"column":6},"end":{"line":714,"column":7}},{"start":{"line":712,"column":6},"end":{"line":714,"column":7}}],"line":712},"80":{"loc":{"start":{"line":742,"column":2},"end":{"line":744,"column":3}},"type":"if","locations":[{"start":{"line":742,"column":2},"end":{"line":744,"column":3}},{"start":{"line":742,"column":2},"end":{"line":744,"column":3}}],"line":742}},"s":{"0":24,"1":24,"2":24,"3":24,"4":24,"5":24,"6":24,"7":24,"8":24,"9":24,"10":24,"11":24,"12":24,"13":24,"14":24,"15":24,"16":24,"17":24,"18":24,"19":24,"20":24,"21":24,"22":24,"23":24,"24":24,"25":105,"26":1,"27":105,"28":105,"29":105,"30":1,"31":104,"32":1,"33":103,"34":103,"35":103,"36":766,"37":766,"38":153,"39":153,"40":0,"41":613,"42":766,"43":0,"44":766,"45":0,"46":766,"47":766,"48":0,"49":766,"50":103,"51":103,"52":103,"53":103,"54":103,"55":103,"56":103,"57":103,"58":152,"59":103,"60":686,"61":686,"62":0,"63":103,"64":125,"65":125,"66":103,"67":0,"68":0,"69":0,"70":0,"71":0,"72":0,"73":103,"74":0,"75":0,"76":0,"77":0,"78":0,"79":0,"80":0,"81":0,"82":0,"83":103,"84":0,"85":0,"86":0,"87":0,"88":0,"89":0,"90":103,"91":103,"92":103,"93":18,"94":103,"95":0,"96":0,"97":0,"98":48,"99":48,"100":2,"101":46,"102":46,"103":46,"104":0,"105":0,"106":46,"107":46,"108":30,"109":16,"110":46,"111":46,"112":46,"113":0,"114":0,"115":0,"116":0,"117":16,"118":2,"119":14,"120":14,"121":16,"122":16,"123":16,"124":16,"125":16,"126":16,"127":8,"128":16,"129":16,"130":16,"131":22,"132":22,"133":9,"134":13,"135":13,"136":0,"137":13,"138":16,"139":15,"140":13,"141":13,"142":13,"143":13,"144":16,"145":4,"146":2,"147":2,"148":2,"149":4,"150":4,"151":3,"152":3,"153":3,"154":3,"155":3,"156":3,"157":3,"158":17,"159":17,"160":17,"161":17,"162":4,"163":4,"164":1413,"165":0,"166":1413,"167":1409,"168":1413,"169":1413,"170":1413,"171":1413,"172":1409,"173":1413,"174":153,"175":153,"176":152,"177":0,"178":0,"179":152,"180":1,"181":1,"182":0,"183":0,"184":0,"185":0,"186":0,"187":0,"188":0,"189":0,"190":0,"191":0,"192":0,"193":0,"194":0,"195":2,"196":0,"197":2,"198":2,"199":2,"200":2,"201":2,"202":2,"203":2,"204":2,"205":2,"206":0,"207":0,"208":0,"209":2,"210":78,"211":78,"212":78,"213":78,"214":41,"215":77,"216":126,"217":1,"218":1,"219":1,"220":76,"221":76,"222":76,"223":40,"224":76,"225":76,"226":1,"227":76,"228":76,"229":58,"230":58,"231":58,"232":58,"233":58,"234":96,"235":1,"236":1,"237":56,"238":38,"239":56,"240":0,"241":56,"242":56,"243":56,"244":1,"245":56,"246":56,"247":56,"248":54,"249":54,"250":54,"251":6,"252":5,"253":3,"254":3,"255":1,"256":1,"257":3,"258":2,"259":2,"260":2,"261":3,"262":3,"263":2,"264":2,"265":3,"266":1,"267":2,"268":2,"269":1,"270":2,"271":2,"272":1,"273":1,"274":2,"275":1,"276":1,"277":1,"278":1,"279":1,"280":1,"281":2,"282":2,"283":1,"284":1,"285":1,"286":0,"287":1,"288":1,"289":1,"290":103,"291":235,"292":235,"293":103,"294":12,"295":103,"296":42,"297":42,"298":42,"299":103,"300":103,"301":103,"302":103,"303":103,"304":103,"305":103,"306":103,"307":103,"308":0,"309":0,"310":0,"311":0,"312":103,"313":103,"314":6,"315":6,"316":103,"317":102,"318":102,"319":102,"320":102,"321":102,"322":0,"323":102,"324":102,"325":102,"326":102,"327":102,"328":102,"329":1,"330":103,"331":103,"332":103,"333":103,"334":103,"335":103,"336":103,"337":103,"338":103,"339":103,"340":103,"341":103,"342":103,"343":103,"344":97,"345":103,"346":103,"347":24},"f":{"0":105,"1":766,"2":152,"3":686,"4":125,"5":0,"6":0,"7":0,"8":0,"9":0,"10":0,"11":0,"12":0,"13":0,"14":0,"15":0,"16":0,"17":48,"18":0,"19":0,"20":16,"21":22,"22":13,"23":4,"24":17,"25":1413,"26":153,"27":0,"28":0,"29":0,"30":0,"31":2,"32":2,"33":2,"34":2,"35":78,"36":78,"37":78,"38":77,"39":126,"40":1,"41":76,"42":76,"43":76,"44":76,"45":76,"46":58,"47":58,"48":58,"49":58,"50":96,"51":1,"52":56,"53":56,"54":56,"55":56,"56":56,"57":6,"58":3,"59":1,"60":2,"61":3,"62":1,"63":1,"64":2,"65":1,"66":1,"67":1,"68":1,"69":235,"70":103,"71":6},"b":{"0":[0],"1":[1,104],"2":[1,104],"3":[105,2],"4":[1,103],"5":[104,2],"6":[103,21],"7":[153,613],"8":[0,153],"9":[0,766],"10":[0,766],"11":[0,0],"12":[766,0],"13":[766,0],"14":[0,0],"15":[0,686],"16":[686,163,0],"17":[125],"18":[0,0],"19":[0,0],"20":[0,0],"21":[18,85],"22":[0],"23":[43],"24":[2,46],"25":[0,46],"26":[30,16],"27":[0,0],"28":[2,14],"29":[14,0],"30":[8,8],"31":[22,0],"32":[9,13],"33":[0,13],"34":[15,1],"35":[2,2],"36":[2,0],"37":[3,1],"38":[3,0],"39":[17,0],"40":[0,1413],"41":[1409,4],"42":[1409,4],"43":[0,152],"44":[0,0],"45":[0],"46":[0],"47":[2],"48":[0,2],"49":[2,0],"50":[0,0],"51":[0,0],"52":[41,37],"53":[40,36],"54":[1,75],"55":[76,76],"56":[38,18],"57":[0,56],"58":[56,0],"59":[1,55],"60":[6],"61":[5,1],"62":[6,5],"63":[3,2],"64":[1,0],"65":[0,1],"66":[1],"67":[0,1],"68":[1,0],"69":[12,91],"70":[42,61],"71":[42,0],"72":[0,103],"73":[6,97],"74":[103,6],"75":[102,1],"76":[102,0],"77":[102,102],"78":[0,102],"79":[1,101],"80":[97,6]},"_coverageSchema":"1a1c01bbd47fc00a2c39e90264f33305004495a9","hash":"102e181dde301c43cab36c9f81a8fbef37cde6da"}
,"/Users/kevinries/Development/Fachwerk/weave/weave/packages/core/lib/broker/context-factory.js": {"path":"/Users/kevinries/Development/Fachwerk/weave/weave/packages/core/lib/broker/context-factory.js","statementMap":{"0":{"start":{"line":8,"column":26},"end":{"line":8,"column":46}},"1":{"start":{"line":10,"column":0},"end":{"line":61,"column":2}},"2":{"start":{"line":10,"column":38},"end":{"line":61,"column":1}},"3":{"start":{"line":12,"column":4},"end":{"line":12,"column":24}},"4":{"start":{"line":15,"column":20},"end":{"line":15,"column":46}},"5":{"start":{"line":17,"column":4},"end":{"line":17,"column":21}},"6":{"start":{"line":18,"column":4},"end":{"line":18,"column":27}},"7":{"start":{"line":19,"column":4},"end":{"line":19,"column":39}},"8":{"start":{"line":20,"column":4},"end":{"line":20,"column":40}},"9":{"start":{"line":21,"column":4},"end":{"line":21,"column":26}},"10":{"start":{"line":24,"column":4},"end":{"line":28,"column":5}},"11":{"start":{"line":25,"column":6},"end":{"line":25,"column":40}},"12":{"start":{"line":26,"column":11},"end":{"line":28,"column":5}},"13":{"start":{"line":27,"column":6},"end":{"line":27,"column":54}},"14":{"start":{"line":31,"column":4},"end":{"line":35,"column":5}},"15":{"start":{"line":32,"column":6},"end":{"line":32,"column":74}},"16":{"start":{"line":33,"column":11},"end":{"line":35,"column":5}},"17":{"start":{"line":34,"column":6},"end":{"line":34,"column":30}},"18":{"start":{"line":38,"column":4},"end":{"line":43,"column":5}},"19":{"start":{"line":39,"column":6},"end":{"line":39,"column":46}},"20":{"start":{"line":40,"column":6},"end":{"line":40,"column":50}},"21":{"start":{"line":41,"column":6},"end":{"line":41,"column":50}},"22":{"start":{"line":42,"column":6},"end":{"line":42,"column":44}},"23":{"start":{"line":46,"column":4},"end":{"line":50,"column":5}},"24":{"start":{"line":47,"column":6},"end":{"line":49,"column":7}},"25":{"start":{"line":48,"column":8},"end":{"line":48,"column":38}},"26":{"start":{"line":52,"column":4},"end":{"line":57,"column":5}},"27":{"start":{"line":53,"column":6},"end":{"line":53,"column":39}},"28":{"start":{"line":54,"column":6},"end":{"line":54,"column":33}},"29":{"start":{"line":55,"column":6},"end":{"line":55,"column":38}},"30":{"start":{"line":56,"column":6},"end":{"line":56,"column":47}},"31":{"start":{"line":59,"column":4},"end":{"line":59,"column":18}}},"fnMap":{"0":{"name":"(anonymous_0)","decl":{"start":{"line":10,"column":31},"end":{"line":10,"column":32}},"loc":{"start":{"line":10,"column":38},"end":{"line":61,"column":1}},"line":10},"1":{"name":"(anonymous_1)","decl":{"start":{"line":11,"column":2},"end":{"line":11,"column":3}},"loc":{"start":{"line":11,"column":16},"end":{"line":13,"column":3}},"line":11},"2":{"name":"(anonymous_2)","decl":{"start":{"line":14,"column":2},"end":{"line":14,"column":3}},"loc":{"start":{"line":14,"column":32},"end":{"line":60,"column":3}},"line":14}},"branchMap":{"0":{"loc":{"start":{"line":17,"column":11},"end":{"line":17,"column":21}},"type":"binary-expr","locations":[{"start":{"line":17,"column":11},"end":{"line":17,"column":15}},{"start":{"line":17,"column":19},"end":{"line":17,"column":21}}],"line":17},"1":{"loc":{"start":{"line":19,"column":22},"end":{"line":19,"column":39}},"type":"binary-expr","locations":[{"start":{"line":19,"column":22},"end":{"line":19,"column":34}},{"start":{"line":19,"column":38},"end":{"line":19,"column":39}}],"line":19},"2":{"loc":{"start":{"line":24,"column":4},"end":{"line":28,"column":5}},"type":"if","locations":[{"start":{"line":24,"column":4},"end":{"line":28,"column":5}},{"start":{"line":24,"column":4},"end":{"line":28,"column":5}}],"line":24},"3":{"loc":{"start":{"line":26,"column":11},"end":{"line":28,"column":5}},"type":"if","locations":[{"start":{"line":26,"column":11},"end":{"line":28,"column":5}},{"start":{"line":26,"column":11},"end":{"line":28,"column":5}}],"line":26},"4":{"loc":{"start":{"line":26,"column":15},"end":{"line":26,"column":65}},"type":"binary-expr","locations":[{"start":{"line":26,"column":15},"end":{"line":26,"column":33}},{"start":{"line":26,"column":37},"end":{"line":26,"column":65}}],"line":26},"5":{"loc":{"start":{"line":31,"column":4},"end":{"line":35,"column":5}},"type":"if","locations":[{"start":{"line":31,"column":4},"end":{"line":35,"column":5}},{"start":{"line":31,"column":4},"end":{"line":35,"column":5}}],"line":31},"6":{"loc":{"start":{"line":31,"column":8},"end":{"line":31,"column":62}},"type":"binary-expr","locations":[{"start":{"line":31,"column":8},"end":{"line":31,"column":26}},{"start":{"line":31,"column":30},"end":{"line":31,"column":62}}],"line":31},"7":{"loc":{"start":{"line":33,"column":11},"end":{"line":35,"column":5}},"type":"if","locations":[{"start":{"line":33,"column":11},"end":{"line":35,"column":5}},{"start":{"line":33,"column":11},"end":{"line":35,"column":5}}],"line":33},"8":{"loc":{"start":{"line":38,"column":4},"end":{"line":43,"column":5}},"type":"if","locations":[{"start":{"line":38,"column":4},"end":{"line":43,"column":5}},{"start":{"line":38,"column":4},"end":{"line":43,"column":5}}],"line":38},"9":{"loc":{"start":{"line":46,"column":4},"end":{"line":50,"column":5}},"type":"if","locations":[{"start":{"line":46,"column":4},"end":{"line":50,"column":5}},{"start":{"line":46,"column":4},"end":{"line":50,"column":5}}],"line":46},"10":{"loc":{"start":{"line":46,"column":8},"end":{"line":46,"column":64}},"type":"binary-expr","locations":[{"start":{"line":46,"column":8},"end":{"line":46,"column":23}},{"start":{"line":46,"column":27},"end":{"line":46,"column":64}}],"line":46},"11":{"loc":{"start":{"line":47,"column":6},"end":{"line":49,"column":7}},"type":"if","locations":[{"start":{"line":47,"column":6},"end":{"line":49,"column":7}},{"start":{"line":47,"column":6},"end":{"line":49,"column":7}}],"line":47},"12":{"loc":{"start":{"line":52,"column":4},"end":{"line":57,"column":5}},"type":"if","locations":[{"start":{"line":52,"column":4},"end":{"line":57,"column":5}},{"start":{"line":52,"column":4},"end":{"line":57,"column":5}}],"line":52}},"s":{"0":24,"1":24,"2":108,"3":110,"4":1512,"5":1512,"6":1512,"7":1512,"8":1512,"9":1512,"10":1512,"11":1,"12":1511,"13":4,"14":1512,"15":4,"16":1508,"17":1,"18":1512,"19":4,"20":4,"21":4,"22":4,"23":1512,"24":0,"25":0,"26":1512,"27":78,"28":78,"29":78,"30":78,"31":1512},"f":{"0":108,"1":110,"2":1512},"b":{"0":[1512,33],"1":[1512,1512],"2":[1,1511],"3":[4,1507],"4":[1511,4],"5":[4,1508],"6":[1512,4],"7":[1,1507],"8":[4,1508],"9":[0,1512],"10":[1512,1512],"11":[0,0],"12":[78,1434]},"_coverageSchema":"1a1c01bbd47fc00a2c39e90264f33305004495a9","hash":"48f08bdaea3b5ff9dedfdafd63cc685fbe7ca3ec"}
[...]
nd":{"line":75,"column":11}},"44":{"start":{"line":74,"column":12},"end":{"line":74,"column":82}},"45":{"start":{"line":82,"column":4},"end":{"line":86,"column":6}},"46":{"start":{"line":90,"column":4},"end":{"line":90,"column":71}},"47":{"start":{"line":90,"column":38},"end":{"line":90,"column":64}},"48":{"start":{"line":92,"column":4},"end":{"line":92,"column":25}},"49":{"start":{"line":96,"column":4},"end":{"line":100,"column":5}},"50":{"start":{"line":97,"column":6},"end":{"line":97,"column":34}},"51":{"start":{"line":98,"column":6},"end":{"line":98,"column":26}},"52":{"start":{"line":99,"column":6},"end":{"line":99,"column":55}},"53":{"start":{"line":103,"column":2},"end":{"line":119,"column":3}},"54":{"start":{"line":106,"column":6},"end":{"line":108,"column":7}},"55":{"start":{"line":107,"column":8},"end":{"line":107,"column":32}},"56":{"start":{"line":110,"column":6},"end":{"line":112,"column":43}},"57":{"start":{"line":110,"column":39},"end":{"line":110,"column":114}},"58":{"start":{"line":111,"column":20},"end":{"line":111,"column":101}},"59":{"start":{"line":111,"column":37},"end":{"line":111,"column":63}},"60":{"start":{"line":112,"column":20},"end":{"line":112,"column":42}},"61":{"start":{"line":115,"column":6},"end":{"line":115,"column":21}},"62":{"start":{"line":116,"column":6},"end":{"line":116,"column":47}},"63":{"start":{"line":116,"column":32},"end":{"line":116,"column":46}},"64":{"start":{"line":117,"column":6},"end":{"line":117,"column":18}},"65":{"start":{"line":122,"column":0},"end":{"line":122,"column":39}}},"fnMap":{"0":{"name":"(anonymous_0)","decl":{"start":{"line":10,"column":31},"end":{"line":10,"column":32}},"loc":{"start":{"line":10,"column":53},"end":{"line":120,"column":1}},"line":10},"1":{"name":"(anonymous_1)","decl":{"start":{"line":19,"column":22},"end":{"line":19,"column":23}},"loc":{"start":{"line":19,"column":56},"end":{"line":52,"column":3}},"line":19},"2":{"name":"(anonymous_2)","decl":{"start":{"line":20,"column":23},"end":{"line":20,"column":24}},"loc":{"start":{"line":20,"column":44},"end":{"line":51,"column":5}},"line":20},"3":{"name":"(anonymous_3)","decl":{"start":{"line":24,"column":29},"end":{"line":24,"column":30}},"loc":{"start":{"line":24,"column":48},"end":{"line":35,"column":9}},"line":24},"4":{"name":"(anonymous_4)","decl":{"start":{"line":37,"column":53},"end":{"line":37,"column":54}},"loc":{"start":{"line":37,"column":59},"end":{"line":43,"column":9}},"line":37},"5":{"name":"(anonymous_5)","decl":{"start":{"line":54,"column":20},"end":{"line":54,"column":21}},"loc":{"start":{"line":54,"column":38},"end":{"line":58,"column":3}},"line":54},"6":{"name":"(anonymous_6)","decl":{"start":{"line":60,"column":20},"end":{"line":60,"column":21}},"loc":{"start":{"line":60,"column":39},"end":{"line":62,"column":3}},"line":60},"7":{"name":"sendMessage","decl":{"start":{"line":64,"column":11},"end":{"line":64,"column":22}},"loc":{"start":{"line":64,"column":33},"end":{"line":79,"column":3}},"line":64},"8":{"name":"(anonymous_8)","decl":{"start":{"line":70,"column":20},"end":{"line":70,"column":21}},"loc":{"start":{"line":70,"column":30},"end":{"line":78,"column":5}},"line":70},"9":{"name":"(anonymous_9)","decl":{"start":{"line":71,"column":34},"end":{"line":71,"column":35}},"loc":{"start":{"line":71,"column":42},"end":{"line":77,"column":7}},"line":71},"10":{"name":"(anonymous_10)","decl":{"start":{"line":72,"column":59},"end":{"line":72,"column":60}},"loc":{"start":{"line":72,"column":70},"end":{"line":76,"column":9}},"line":72},"11":{"name":"sendDiscoveryPackage","decl":{"start":{"line":81,"column":11},"end":{"line":81,"column":31}},"loc":{"start":{"line":81,"column":39},"end":{"line":87,"column":3}},"line":81},"12":{"name":"startDiscovering","decl":{"start":{"line":89,"column":11},"end":{"line":89,"column":27}},"loc":{"start":{"line":89,"column":35},"end":{"line":93,"column":3}},"line":89},"13":{"name":"(anonymous_13)","decl":{"start":{"line":90,"column":32},"end":{"line":90,"column":33}},"loc":{"start":{"line":90,"column":38},"end":{"line":90,"column":64}},"line":90},"14":{"name":"stopDiscovery","decl":{"start":{"line":95,"column":11},"end":{"line":95,"column":24}},"loc":{"start":{"line":95,"column":28},"end":{"line":101,"column":3}},"line":95},"15":{"name":"(anonymous_15)","decl":{"start":{"line":105,"column":4},"end":{"line":105,"column":5}},"loc":{"start":{"line":105,"column":16},"end":{"line":113,"column":5}},"line":105},"16":{"name":"(anonymous_16)","decl":{"start":{"line":110,"column":33},"end":{"line":110,"column":34}},"loc":{"start":{"line":110,"column":39},"end":{"line":110,"column":114}},"line":110},"17":{"name":"(anonymous_17)","decl":{"start":{"line":111,"column":14},"end":{"line":111,"column":15}},"loc":{"start":{"line":111,"column":20},"end":{"line":111,"column":101}},"line":111},"18":{"name":"(anonymous_18)","decl":{"start":{"line":111,"column":31},"end":{"line":111,"column":32}},"loc":{"start":{"line":111,"column":37},"end":{"line":111,"column":63}},"line":111},"19":{"name":"(anonymous_19)","decl":{"start":{"line":112,"column":14},"end":{"line":112,"column":15}},"loc":{"start":{"line":112,"column":20},"end":{"line":112,"column":42}},"line":112},"20":{"name":"(anonymous_20)","decl":{"start":{"line":114,"column":4},"end":{"line":114,"column":5}},"loc":{"start":{"line":114,"column":13},"end":{"line":118,"column":5}},"line":114},"21":{"name":"(anonymous_21)","decl":{"start":{"line":116,"column":22},"end":{"line":116,"column":23}},"loc":{"start":{"line":116,"column":32},"end":{"line":116,"column":46}},"line":116}},"branchMap":{"0":{"loc":{"start":{"line":28,"column":10},"end":{"line":34,"column":11}},"type":"switch","locations":[{"start":{"line":29,"column":10},"end":{"line":31,"column":17}},{"start":{"line":32,"column":10},"end":{"line":33,"column":36}}],"line":28},"1":{"loc":{"start":{"line":73,"column":10},"end":{"line":75,"column":11}},"type":"if","locations":[{"start":{"line":73,"column":10},"end":{"line":75,"column":11}},{"start":{"line":73,"column":10},"end":{"line":75,"column":11}}],"line":73},"2":{"loc":{"start":{"line":96,"column":4},"end":{"line":100,"column":5}},"type":"if","locations":[{"start":{"line":96,"column":4},"end":{"line":100,"column":5}},{"start":{"line":96,"column":4},"end":{"line":100,"column":5}}],"line":96},"3":{"loc":{"start":{"line":106,"column":6},"end":{"line":108,"column":7}},"type":"if","locations":[{"start":{"line":106,"column":6},"end":{"line":108,"column":7}},{"start":{"line":106,"column":6},"end":{"line":108,"column":7}}],"line":106}},"s":{"0":25,"1":25,"2":25,"3":25,"4":25,"5":25,"6":0,"7":0,"8":0,"9":0,"10":0,"11":0,"12":0,"13":0,"14":0,"15":0,"16":0,"17":0,"18":0,"19":0,"20":0,"21":0,"22":0,"23":0,"24":0,"25":0,"26":0,"27":0,"28":0,"29":0,"30":0,"31":0,"32":0,"33":0,"34":0,"35":0,"36":0,"37":0,"38":0,"39":0,"40":0,"41":0,"42":0,"43":0,"44":0,"45":0,"46":0,"47":0,"48":0,"49":0,"50":0,"51":0,"52":0,"53":0,"54":0,"55":0,"56":0,"57":0,"58":0,"59":0,"60":0,"61":0,"62":0,"63":0,"64":0,"65":25},"f":{"0":0,"1":0,"2":0,"3":0,"4":0,"5":0,"6":0,"7":0,"8":0,"9":0,"10":0,"11":0,"12":0,"13":0,"14":0,"15":0,"16":0,"17":0,"18":0,"19":0,"20":0,"21":0},"b":{"0":[0,0],"1":[0,0],"2":[0,0],"3":[0,0]},"_coverageSchema":"1a1c01bbd47fc00a2c39e90264f33305004495a9","hash":"4176b5d566975177554cf463b443dd95129985a4"}
,"/Users/kevinries/Development/Fachwerk/weave/weave/packages/core/lib/utils/options.js": {"path":"/Users/kevinries/Development/Fachwerk/weave/weave/packages/core/lib/utils/options.js","statementMap":{"0":{"start":{"line":10,"column":4},"end":{"line":10,"column":30}},"1":{"start":{"line":13,"column":2},"end":{"line":13,"column":43}},"2":{"start":{"line":17,"column":2},"end":{"line":17,"column":43}},"3":{"start":{"line":21,"column":2},"end":{"line":21,"column":49}},"4":{"start":{"line":25,"column":2},"end":{"line":36,"column":4}},"5":{"start":{"line":27,"column":4},"end":{"line":30,"column":5}},"6":{"start":{"line":28,"column":6},"end":{"line":28,"column":30}},"7":{"start":{"line":29,"column":6},"end":{"line":29,"column":12}},"8":{"start":{"line":32,"column":25},"end":{"line":32,"column":49}},"9":{"start":{"line":33,"column":31},"end":{"line":33,"column":61}},"10":{"start":{"line":35,"column":4},"end":{"line":35,"column":67}},"11":{"start":{"line":38,"column":2},"end":{"line":38,"column":21}},"12":{"start":{"line":42,"column":2},"end":{"line":53,"column":4}},"13":{"start":{"line":43,"column":24},"end":{"line":43,"column":48}},"14":{"start":{"line":44,"column":24},"end":{"line":44,"column":54}},"15":{"start":{"line":46,"column":18},"end":{"line":46,"column":120}},"16":{"start":{"line":47,"column":4},"end":{"line":49,"column":5}},"17":{"start":{"line":48,"column":6},"end":{"line":48,"column":26}},"18":{"start":{"line":51,"column":4},"end":{"line":51,"column":59}},"19":{"start":{"line":52,"column":4},"end":{"line":52,"column":39}},"20":{"start":{"line":54,"column":2},"end":{"line":54,"column":21}},"21":{"start":{"line":58,"column":2},"end":{"line":58,"column":44}},"22":{"start":{"line":62,"column":2},"end":{"line":72,"column":4}},"23":{"start":{"line":63,"column":4},"end":{"line":65,"column":5}},"24":{"start":{"line":64,"column":6},"end":{"line":64,"column":27}},"25":{"start":{"line":67,"column":4},"end":{"line":71,"column":6}},"26":{"start":{"line":68,"column":31},"end":{"line":68,"column":72}},"27":{"start":{"line":69,"column":31},"end":{"line":69,"column":72}},"28":{"start":{"line":70,"column":6},"end":{"line":70,"column":91}},"29":{"start":{"line":74,"column":2},"end":{"line":74,"column":15}},"30":{"start":{"line":78,"column":2},"end":{"line":78,"column":49}},"31":{"start":{"line":81,"column":0},"end":{"line":114,"column":1}},"32":{"start":{"line":82,"column":22},"end":{"line":82,"column":34}},"33":{"start":{"line":83,"column":23},"end":{"line":83,"column":42}},"34":{"start":{"line":85,"column":2},"end":{"line":111,"column":4}},"35":{"start":{"line":86,"column":4},"end":{"line":110,"column":5}},"36":{"start":{"line":88,"column":6},"end":{"line":88,"column":42}},"37":{"start":{"line":89,"column":11},"end":{"line":110,"column":5}},"38":{"start":{"line":90,"column":6},"end":{"line":90,"column":79}},"39":{"start":{"line":91,"column":11},"end":{"line":110,"column":5}},"40":{"start":{"line":92,"column":6},"end":{"line":92,"column":85}},"41":{"start":{"line":93,"column":11},"end":{"line":110,"column":5}},"42":{"start":{"line":94,"column":6},"end":{"line":94,"column":75}},"43":{"start":{"line":95,"column":11},"end":{"line":110,"column":5}},"44":{"start":{"line":96,"column":6},"end":{"line":96,"column":71}},"45":{"start":{"line":97,"column":11},"end":{"line":110,"column":5}},"46":{"start":{"line":98,"column":6},"end":{"line":98,"column":80}},"47":{"start":{"line":99,"column":11},"end":{"line":110,"column":5}},"48":{"start":{"line":100,"column":6},"end":{"line":100,"column":84}},"49":{"start":{"line":101,"column":11},"end":{"line":110,"column":5}},"50":{"start":{"line":102,"column":6},"end":{"line":102,"column":79}},"51":{"start":{"line":103,"column":11},"end":{"line":110,"column":5}},"52":{"start":{"line":104,"column":6},"end":{"line":104,"column":80}},"53":{"start":{"line":105,"column":11},"end":{"line":110,"column":5}},"54":{"start":{"line":106,"column":6},"end":{"line":106,"column":81}},"55":{"start":{"line":109,"column":6},"end":{"line":109,"column":42}},"56":{"start":{"line":113,"column":2},"end":{"line":113,"column":20}}},"fnMap":{"0":{"name":"mergeSettings","decl":{"start":{"line":12,"column":9},"end":{"line":12,"column":22}},"loc":{"start":{"line":12,"column":46},"end":{"line":14,"column":1}},"line":12},"1":{"name":"mergeMeta","decl":{"start":{"line":16,"column":9},"end":{"line":16,"column":18}},"loc":{"start":{"line":16,"column":42},"end":{"line":18,"column":1}},"line":16},"2":{"name":"mergeUniqueArrays","decl":{"start":{"line":20,"column":9},"end":{"line":20,"column":26}},"loc":{"start":{"line":20,"column":50},"end":{"line":22,"column":1}},"line":20},"3":{"name":"mergeActions","decl":{"start":{"line":24,"column":9},"end":{"line":24,"column":21}},"loc":{"start":{"line":24,"column":45},"end":{"line":39,"column":1}},"line":24},"4":{"name":"(anonymous_4)","decl":{"start":{"line":25,"column":26},"end":{"line":25,"column":27}},"loc":{"start":{"line":25,"column":33},"end":{"line":36,"column":3}},"line":25},"5":{"name":"mergeEvents","decl":{"start":{"line":41,"column":9},"end":{"line":41,"column":20}},"loc":{"start":{"line":41,"column":44},"end":{"line":55,"column":1}},"line":41},"6":{"name":"(anonymous_6)","decl":{"start":{"line":42,"column":26},"end":{"line":42,"column":27}},"loc":{"start":{"line":42,"column":33},"end":{"line":53,"column":3}},"line":42},"7":{"name":"mergeMethods","decl":{"start":{"line":57,"column":9},"end":{"line":57,"column":21}},"loc":{"start":{"line":57,"column":45},"end":{"line":59,"column":1}},"line":57},"8":{"name":"mergeActionHooks","decl":{"start":{"line":61,"column":9},"end":{"line":61,"column":25}},"loc":{"start":{"line":61,"column":43},"end":{"line":75,"column":1}},"line":61},"9":{"name":"(anonymous_9)","decl":{"start":{"line":62,"column":26},"end":{"line":62,"column":27}},"loc":{"start":{"line":62,"column":38},"end":{"line":72,"column":3}},"line":62},"10":{"name":"(anonymous_10)","decl":{"start":{"line":67,"column":38},"end":{"line":67,"column":39}},"loc":{"start":{"line":67,"column":52},"end":{"line":71,"column":5}},"line":67},"11":{"name":"mergeLifecicleHooks","decl":{"start":{"line":77,"column":9},"end":{"line":77,"column":28}},"loc":{"start":{"line":77,"column":52},"end":{"line":79,"column":1}},"line":77},"12":{"name":"(anonymous_12)","decl":{"start":{"line":81,"column":23},"end":{"line":81,"column":24}},"loc":{"start":{"line":81,"column":48},"end":{"line":114,"column":1}},"line":81},"13":{"name":"(anonymous_13)","decl":{"start":{"line":85,"column":36},"end":{"line":85,"column":37}},"loc":{"start":{"line":85,"column":43},"end":{"line":111,"column":3}},"line":85}},"branchMap":{"0":{"loc":{"start":{"line":27,"column":4},"end":{"line":30,"column":5}},"type":"if","locations":[{"start":{"line":27,"column":4},"end":{"line":30,"column":5}},{"start":{"line":27,"column":4},"end":{"line":30,"column":5}}],"line":27},"1":{"loc":{"start":{"line":27,"column":8},"end":{"line":27,"column":50}},"type":"binary-expr","locations":[{"start":{"line":27,"column":8},"end":{"line":27,"column":29}},{"start":{"line":27,"column":33},"end":{"line":27,"column":50}}],"line":27},"2":{"loc":{"start":{"line":46,"column":35},"end":{"line":46,"column":75}},"type":"cond-expr","locations":[{"start":{"line":46,"column":49},"end":{"line":46,"column":68}},{"start":{"line":46,"column":71},"end":{"line":46,"column":75}}],"line":46},"3":{"loc":{"start":{"line":46,"column":77},"end":{"line":46,"column":117}},"type":"cond-expr","locations":[{"start":{"line":46,"column":91},"end":{"line":46,"column":110}},{"start":{"line":46,"column":113},"end":{"line":46,"column":117}}],"line":46},"4":{"loc":{"start":{"line":47,"column":4},"end":{"line":49,"column":5}},"type":"if","locations":[{"start":{"line":47,"column":4},"end":{"line":49,"column":5}},{"start":{"line":47,"column":4},"end":{"line":49,"column":5}}],"line":47},"5":{"loc":{"start":{"line":63,"column":4},"end":{"line":65,"column":5}},"type":"if","locations":[{"start":{"line":63,"column":4},"end":{"line":65,"column":5}},{"start":{"line":63,"column":4},"end":{"line":65,"column":5}}],"line":63},"6":{"loc":{"start":{"line":86,"column":4},"end":{"line":110,"column":5}},"type":"if","locations":[{"start":{"line":86,"column":4},"end":{"line":110,"column":5}},{"start":{"line":86,"column":4},"end":{"line":110,"column":5}}],"line":86},"7":{"loc":{"start":{"line":89,"column":11},"end":{"line":110,"column":5}},"type":"if","locations":[{"start":{"line":89,"column":11},"end":{"line":110,"column":5}},{"start":{"line":89,"column":11},"end":{"line":110,"column":5}}],"line":89},"8":{"loc":{"start":{"line":91,"column":11},"end":{"line":110,"column":5}},"type":"if","locations":[{"start":{"line":91,"column":11},"end":{"line":110,"column":5}},{"start":{"line":91,"column":11},"end":{"line":110,"column":5}}],"line":91},"9":{"loc":{"start":{"line":92,"column":62},"end":{"line":92,"column":84}},"type":"binary-expr","locations":[{"start":{"line":92,"column":62},"end":{"line":92,"column":78}},{"start":{"line":92,"column":82},"end":{"line":92,"column":84}}],"line":92},"10":{"loc":{"start":{"line":93,"column":11},"end":{"line":110,"column":5}},"type":"if","locations":[{"start":{"line":93,"column":11},"end":{"line":110,"column":5}},{"start":{"line":93,"column":11},"end":{"line":110,"column":5}}],"line":93},"11":{"loc":{"start":{"line":95,"column":11},"end":{"line":110,"column":5}},"type":"if","locations":[{"start":{"line":95,"column":11},"end":{"line":110,"column":5}},{"start":{"line":95,"column":11},"end":{"line":110,"column":5}}],"line":95},"12":{"loc":{"start":{"line":97,"column":11},"end":{"line":110,"column":5}},"type":"if","locations":[{"start":{"line":97,"column":11},"end":{"line":110,"column":5}},{"start":{"line":97,"column":11},"end":{"line":110,"column":5}}],"line":97},"13":{"loc":{"start":{"line":98,"column":57},"end":{"line":98,"column":79}},"type":"binary-expr","locations":[{"start":{"line":98,"column":57},"end":{"line":98,"column":73}},{"start":{"line":98,"column":77},"end":{"line":98,"column":79}}],"line":98},"14":{"loc":{"start":{"line":99,"column":11},"end":{"line":110,"column":5}},"type":"if","locations":[{"start":{"line":99,"column":11},"end":{"line":110,"column":5}},{"start":{"line":99,"column":11},"end":{"line":110,"column":5}}],"line":99},"15":{"loc":{"start":{"line":100,"column":61},"end":{"line":100,"column":83}},"type":"binary-expr","locations":[{"start":{"line":100,"column":61},"end":{"line":100,"column":77}},{"start":{"line":100,"column":81},"end":{"line":100,"column":83}}],"line":100},"16":{"loc":{"start":{"line":101,"column":11},"end":{"line":110,"column":5}},"type":"if","locations":[{"start":{"line":101,"column":11},"end":{"line":110,"column":5}},{"start":{"line":101,"column":11},"end":{"line":110,"column":5}}],"line":101},"17":{"loc":{"start":{"line":102,"column":56},"end":{"line":102,"column":78}},"type":"binary-expr","locations":[{"start":{"line":102,"column":56},"end":{"line":102,"column":72}},{"start":{"line":102,"column":76},"end":{"line":102,"column":78}}],"line":102},"18":{"loc":{"start":{"line":103,"column":11},"end":{"line":110,"column":5}},"type":"if","locations":[{"start":{"line":103,"column":11},"end":{"line":110,"column":5}},{"start":{"line":103,"column":11},"end":{"line":110,"column":5}}],"line":103},"19":{"loc":{"start":{"line":104,"column":57},"end":{"line":104,"column":79}},"type":"binary-expr","locations":[{"start":{"line":104,"column":57},"end":{"line":104,"column":73}},{"start":{"line":104,"column":77},"end":{"line":104,"column":79}}],"line":104},"20":{"loc":{"start":{"line":105,"column":11},"end":{"line":110,"column":5}},"type":"if","locations":[{"start":{"line":105,"column":11},"end":{"line":110,"column":5}},{"start":{"line":105,"column":11},"end":{"line":110,"column":5}}],"line":105}},"s":{"0":25,"1":9,"2":9,"3":16,"4":11,"5":20,"6":9,"7":9,"8":11,"9":11,"10":11,"11":11,"12":15,"13":21,"14":21,"15":21,"16":21,"17":6,"18":21,"19":21,"20":15,"21":9,"22":9,"23":18,"24":0,"25":18,"26":18,"27":18,"28":18,"29":9,"30":33,"31":25,"32":25,"33":25,"34":25,"35":134,"36":23,"37":111,"38":2,"39":109,"40":14,"41":95,"42":9,"43":86,"44":9,"45":77,"46":11,"47":66,"48":9,"49":57,"50":15,"51":42,"52":9,"53":33,"54":33,"55":0,"56":25},"f":{"0":9,"1":9,"2":16,"3":11,"4":20,"5":15,"6":21,"7":9,"8":9,"9":18,"10":18,"11":33,"12":25,"13":134},"b":{"0":[9,11],"1":[20,9],"2":[21,0],"3":[15,6],"4":[6,15],"5":[0,18],"6":[23,111],"7":[2,109],"8":[14,95],"9":[14,12],"10":[9,86],"11":[9,77],"12":[11,66],"13":[11,0],"14":[9,57],"15":[9,0],"16":[15,42],"17":[15,0],"18":[9,33],"19":[9,9],"20":[33,0]},"_coverageSchema":"1a1c01bbd47fc00a2c39e90264f33305004495a9","hash":"5f888cbc93d7dce2c0fcf6eadb44414105b79f98"}
}
