TN:
SF:lib/constants.js
FNF:0
FNH:0
DA:7,24
DA:12,24
DA:18,24
LF:3
LH:3
BRF:0
BRH:0
end_of_record
TN:
SF:lib/errors.js
FN:8,(anonymous_0)
FN:19,(anonymous_1)
FN:29,(anonymous_2)
FN:43,(anonymous_3)
FN:56,(anonymous_4)
FN:67,(anonymous_5)
FN:73,(anonymous_6)
FN:79,(anonymous_7)
FN:84,(anonymous_8)
FNF:9
FNH:9
FNDA:37,(anonymous_0)
FNDA:9,(anonymous_1)
FNDA:2,(anonymous_2)
FNDA:3,(anonymous_3)
FNDA:1,(anonymous_4)
FNDA:3,(anonymous_5)
FNDA:5,(anonymous_6)
FNDA:8,(anonymous_7)
FNDA:4,(anonymous_8)
DA:9,37
DA:10,37
DA:11,37
DA:12,37
DA:13,37
DA:14,37
DA:20,9
DA:21,9
DA:22,9
DA:23,9
DA:24,9
DA:32,2
DA:33,1
DA:34,1
DA:35,1
DA:38,2
DA:45,3
DA:46,1
DA:48,2
DA:51,3
DA:57,1
DA:58,1
DA:62,1
DA:68,3
DA:74,5
DA:80,8
DA:84,26
DA:85,4
DA:87,4
DA:88,4
DA:90,4
DA:97,26
LF:32
LH:32
BRDA:11,0,0,37
BRDA:11,0,1,12
BRDA:21,1,0,9
BRDA:21,1,1,2
BRDA:29,2,0,0
BRDA:32,3,0,1
BRDA:32,3,1,1
BRDA:32,4,0,2
BRDA:32,4,1,2
BRDA:34,5,0,1
BRDA:34,5,1,0
BRDA:43,6,0,0
BRDA:45,7,0,1
BRDA:45,7,1,2
BRDA:57,8,0,1
BRDA:57,8,1,0
BRDA:87,9,0,4
BRDA:87,9,1,0
BRDA:88,10,0,4
BRF:19
BRH:14
end_of_record
TN:
SF:lib/index.js
FNF:0
FNH:0
DA:1,24
DA:2,24
DA:3,24
DA:4,24
DA:6,24
DA:9,24
LF:6
LH:6
BRF:0
BRH:0
end_of_record
TN:
SF:lib/broker/broker-metrics.js
FN:3,(anonymous_0)
FNF:1
FNH:1
FNDA:103,(anonymous_0)
DA:1,24
DA:3,24
DA:4,103
DA:5,103
DA:6,103
DA:7,103
DA:8,103
LF:7
LH:7
BRDA:4,0,0,103
BRDA:4,0,1,0
BRF:2
BRH:1
end_of_record
TN:
SF:lib/broker/broker.js
FN:38,(anonymous_0)
FN:76,(anonymous_1)
FN:118,(anonymous_2)
FN:122,(anonymous_3)
FN:132,(anonymous_4)
FN:137,(anonymous_5)
FN:141,(anonymous_6)
FN:149,(anonymous_7)
FN:150,(anonymous_8)
FN:151,(anonymous_9)
FN:152,(anonymous_10)
FN:161,(anonymous_11)
FN:163,(anonymous_12)
FN:167,(anonymous_13)
FN:174,(anonymous_14)
FN:203,(anonymous_15)
FN:209,(anonymous_16)
FN:219,(anonymous_17)
FN:254,(anonymous_18)
FN:256,(anonymous_19)
FN:268,(anonymous_20)
FN:289,(anonymous_21)
FN:311,(anonymous_22)
FN:329,(anonymous_23)
FN:350,(anonymous_24)
FN:370,(anonymous_25)
FN:396,(anonymous_26)
FN:403,(anonymous_27)
FN:416,(anonymous_28)
FN:435,(anonymous_29)
FN:439,(anonymous_30)
FN:449,(anonymous_31)
FN:455,(anonymous_32)
FN:459,(anonymous_33)
FN:460,(anonymous_34)
FN:481,(anonymous_35)
FN:484,(anonymous_36)
FN:485,(anonymous_37)
FN:490,(anonymous_38)
FN:491,(anonymous_39)
FN:492,(anonymous_40)
FN:498,(anonymous_41)
FN:502,(anonymous_42)
FN:507,(anonymous_43)
FN:508,(anonymous_44)
FN:513,(anonymous_45)
FN:522,(anonymous_46)
FN:525,(anonymous_47)
FN:528,(anonymous_48)
FN:529,(anonymous_49)
FN:529,(anonymous_50)
FN:530,(anonymous_51)
FN:534,(anonymous_52)
FN:539,(anonymous_53)
FN:544,(anonymous_54)
FN:545,(anonymous_55)
FN:552,(anonymous_56)
FN:569,(anonymous_57)
FN:572,(anonymous_58)
FN:573,(anonymous_59)
FN:578,(anonymous_60)
FN:592,(anonymous_61)
FN:593,(anonymous_62)
FN:597,(anonymous_63)
FN:601,(anonymous_64)
FN:603,(anonymous_65)
FN:608,(anonymous_66)
FN:619,(anonymous_67)
FN:625,(anonymous_68)
FN:639,(anonymous_69)
FN:685,(anonymous_70)
FN:688,(anonymous_71)
FNF:72
FNH:54
FNDA:105,(anonymous_0)
FNDA:766,(anonymous_1)
FNDA:152,(anonymous_2)
FNDA:686,(anonymous_3)
FNDA:125,(anonymous_4)
FNDA:0,(anonymous_5)
FNDA:0,(anonymous_6)
FNDA:0,(anonymous_7)
FNDA:0,(anonymous_8)
FNDA:0,(anonymous_9)
FNDA:0,(anonymous_10)
FNDA:0,(anonymous_11)
FNDA:0,(anonymous_12)
FNDA:0,(anonymous_13)
FNDA:0,(anonymous_14)
FNDA:0,(anonymous_15)
FNDA:0,(anonymous_16)
FNDA:48,(anonymous_17)
FNDA:0,(anonymous_18)
FNDA:0,(anonymous_19)
FNDA:16,(anonymous_20)
FNDA:22,(anonymous_21)
FNDA:13,(anonymous_22)
FNDA:4,(anonymous_23)
FNDA:17,(anonymous_24)
FNDA:1413,(anonymous_25)
FNDA:153,(anonymous_26)
FNDA:0,(anonymous_27)
FNDA:0,(anonymous_28)
FNDA:0,(anonymous_29)
FNDA:0,(anonymous_30)
FNDA:2,(anonymous_31)
FNDA:2,(anonymous_32)
FNDA:2,(anonymous_33)
FNDA:2,(anonymous_34)
FNDA:78,(anonymous_35)
FNDA:78,(anonymous_36)
FNDA:78,(anonymous_37)
FNDA:77,(anonymous_38)
FNDA:126,(anonymous_39)
FNDA:1,(anonymous_40)
FNDA:76,(anonymous_41)
FNDA:76,(anonymous_42)
FNDA:76,(anonymous_43)
FNDA:76,(anonymous_44)
FNDA:76,(anonymous_45)
FNDA:58,(anonymous_46)
FNDA:58,(anonymous_47)
FNDA:58,(anonymous_48)
FNDA:58,(anonymous_49)
FNDA:96,(anonymous_50)
FNDA:1,(anonymous_51)
FNDA:56,(anonymous_52)
FNDA:56,(anonymous_53)
FNDA:56,(anonymous_54)
FNDA:56,(anonymous_55)
FNDA:56,(anonymous_56)
FNDA:6,(anonymous_57)
FNDA:3,(anonymous_58)
FNDA:1,(anonymous_59)
FNDA:2,(anonymous_60)
FNDA:3,(anonymous_61)
FNDA:1,(anonymous_62)
FNDA:1,(anonymous_63)
FNDA:2,(anonymous_64)
FNDA:1,(anonymous_65)
FNDA:1,(anonymous_66)
FNDA:1,(anonymous_67)
FNDA:1,(anonymous_68)
FNDA:235,(anonymous_69)
FNDA:103,(anonymous_70)
FNDA:6,(anonymous_71)
DA:7,24
DA:8,24
DA:9,24
DA:10,24
DA:11,24
DA:12,24
DA:13,24
DA:14,24
DA:15,24
DA:16,24
DA:17,24
DA:18,24
DA:19,24
DA:20,24
DA:21,24
DA:22,24
DA:23,24
DA:24,24
DA:25,24
DA:26,24
DA:27,24
DA:28,24
DA:29,24
DA:30,24
DA:38,24
DA:40,105
DA:41,1
DA:47,105
DA:50,105
DA:53,105
DA:54,1
DA:58,104
DA:59,1
DA:63,103
DA:66,103
DA:76,103
DA:77,766
DA:81,766
DA:82,153
DA:83,153
DA:84,0
DA:87,613
DA:90,766
DA:91,0
DA:95,766
DA:96,0
DA:97,766
DA:98,766
DA:100,0
DA:103,766
DA:107,103
DA:110,103
DA:111,103
DA:112,103
DA:113,103
DA:114,103
DA:115,103
DA:118,103
DA:119,152
DA:122,103
DA:124,686
DA:127,686
DA:128,0
DA:132,103
DA:133,125
DA:134,125
DA:137,103
DA:138,0
DA:139,0
DA:141,0
DA:142,0
DA:143,0
DA:144,0
DA:149,103
DA:150,0
DA:151,0
DA:153,0
DA:154,0
DA:156,0
DA:158,0
DA:159,0
DA:161,0
DA:163,103
DA:164,0
DA:167,0
DA:168,0
DA:169,0
DA:173,0
DA:174,0
DA:178,103
DA:179,103
DA:181,103
DA:182,18
DA:186,103
DA:204,0
DA:205,0
DA:210,0
DA:220,48
DA:222,48
DA:223,2
DA:226,46
DA:227,46
DA:230,46
DA:231,0
DA:232,0
DA:234,46
DA:237,46
DA:238,30
DA:240,16
DA:243,46
DA:245,46
DA:247,46
DA:255,0
DA:256,0
DA:258,0
DA:269,16
DA:270,2
DA:271,14
DA:272,14
DA:275,16
DA:276,16
DA:277,16
DA:278,16
DA:279,16
DA:282,16
DA:283,8
DA:286,16
DA:287,16
DA:289,16
DA:290,22
DA:291,22
DA:293,9
DA:295,13
DA:296,13
DA:297,0
DA:299,13
DA:309,16
DA:310,15
DA:312,13
DA:313,13
DA:314,13
DA:315,13
DA:320,16
DA:330,4
DA:331,2
DA:332,2
DA:333,2
DA:336,4
DA:338,4
DA:341,3
DA:342,3
DA:343,3
DA:344,3
DA:347,3
DA:348,3
DA:350,3
DA:351,17
DA:352,17
DA:353,17
DA:354,17
DA:360,4
DA:361,4
DA:372,1413
DA:373,0
DA:374,1413
DA:375,1409
DA:378,1413
DA:379,1413
DA:380,1413
DA:383,1413
DA:384,1409
DA:387,1413
DA:397,153
DA:398,153
DA:401,152
DA:402,0
DA:403,0
DA:405,152
DA:407,1
DA:408,1
DA:417,0
DA:418,0
DA:419,0
DA:422,0
DA:423,0
DA:424,0
DA:427,0
DA:436,0
DA:437,0
DA:438,0
DA:439,0
DA:440,0
DA:450,2
DA:451,0
DA:454,2
DA:455,2
DA:457,2
DA:459,2
DA:460,2
DA:462,2
DA:464,2
DA:465,2
DA:468,0
DA:469,0
DA:472,0
DA:474,2
DA:482,78
DA:483,78
DA:484,78
DA:486,78
DA:487,41
DA:491,126
DA:493,1
DA:494,1
DA:495,1
DA:499,76
DA:500,76
DA:503,76
DA:504,40
DA:507,76
DA:509,76
DA:510,1
DA:514,76
DA:515,76
DA:523,58
DA:524,58
DA:526,58
DA:528,58
DA:529,96
DA:531,1
DA:532,1
DA:535,56
DA:536,38
DA:540,56
DA:541,0
DA:544,56
DA:546,56
DA:547,56
DA:548,1
DA:553,56
DA:555,56
DA:557,56
DA:558,54
DA:559,54
DA:560,54
DA:570,6
DA:571,5
DA:572,3
DA:573,3
DA:574,1
DA:575,1
DA:578,3
DA:579,2
DA:580,2
DA:581,2
DA:584,3
DA:585,3
DA:589,2
DA:591,2
DA:592,3
DA:593,1
DA:595,2
DA:597,2
DA:598,1
DA:601,2
DA:603,2
DA:604,1
DA:605,1
DA:608,2
DA:609,1
DA:610,1
DA:611,1
DA:612,1
DA:613,1
DA:614,1
DA:618,2
DA:619,2
DA:623,1
DA:626,1
DA:627,0
DA:629,1
DA:632,1
DA:633,1
DA:639,103
DA:640,235
DA:641,235
DA:645,103
DA:646,12
DA:651,103
DA:652,42
DA:653,42
DA:654,42
DA:661,103
DA:662,103
DA:663,103
DA:666,103
DA:667,103
DA:668,103
DA:669,103
DA:670,103
DA:673,103
DA:674,0
DA:675,0
DA:676,0
DA:677,0
DA:685,103
DA:687,103
DA:688,6
DA:692,103
DA:693,102
DA:696,102
DA:697,102
DA:700,102
DA:702,102
DA:703,0
DA:706,102
DA:707,102
DA:708,102
DA:709,102
DA:710,102
DA:712,102
DA:713,1
DA:718,103
DA:719,103
DA:720,103
DA:721,103
DA:722,103
DA:723,103
DA:724,103
DA:727,103
DA:735,103
DA:736,103
DA:737,103
DA:738,103
DA:739,103
DA:742,103
DA:743,97
DA:747,103
DA:749,103
DA:752,24
LF:340
LH:280
BRDA:38,0,0,0
BRDA:40,1,0,1
BRDA:40,1,1,104
BRDA:53,2,0,1
BRDA:53,2,1,104
BRDA:53,3,0,105
BRDA:53,3,1,2
BRDA:58,4,0,1
BRDA:58,4,1,103
BRDA:58,5,0,104
BRDA:58,5,1,2
BRDA:63,6,0,103
BRDA:63,6,1,21
BRDA:81,7,0,153
BRDA:81,7,1,613
BRDA:83,8,0,0
BRDA:83,8,1,153
BRDA:90,9,0,0
BRDA:90,9,1,766
BRDA:95,10,0,0
BRDA:95,10,1,766
BRDA:96,11,0,0
BRDA:96,11,1,0
BRDA:97,12,0,766
BRDA:97,12,1,0
BRDA:98,13,0,766
BRDA:98,13,1,0
BRDA:100,14,0,0
BRDA:100,14,1,0
BRDA:127,15,0,0
BRDA:127,15,1,686
BRDA:127,16,0,686
BRDA:127,16,1,163
BRDA:127,16,2,0
BRDA:132,17,0,125
BRDA:138,18,0,0
BRDA:138,18,1,0
BRDA:138,19,0,0
BRDA:138,19,1,0
BRDA:168,20,0,0
BRDA:168,20,1,0
BRDA:181,21,0,18
BRDA:181,21,1,85
BRDA:209,22,0,0
BRDA:219,23,0,43
BRDA:222,24,0,2
BRDA:222,24,1,46
BRDA:230,25,0,0
BRDA:230,25,1,46
BRDA:237,26,0,30
BRDA:237,26,1,16
BRDA:255,27,0,0
BRDA:255,27,1,0
BRDA:269,28,0,2
BRDA:269,28,1,14
BRDA:271,29,0,14
BRDA:271,29,1,0
BRDA:282,30,0,8
BRDA:282,30,1,8
BRDA:290,31,0,22
BRDA:290,31,1,0
BRDA:291,32,0,9
BRDA:291,32,1,13
BRDA:296,33,0,0
BRDA:296,33,1,13
BRDA:309,34,0,15
BRDA:309,34,1,1
BRDA:330,35,0,2
BRDA:330,35,1,2
BRDA:332,36,0,2
BRDA:332,36,1,0
BRDA:338,37,0,3
BRDA:338,37,1,1
BRDA:347,38,0,3
BRDA:347,38,1,0
BRDA:351,39,0,17
BRDA:351,39,1,0
BRDA:372,40,0,0
BRDA:372,40,1,1413
BRDA:374,41,0,1409
BRDA:374,41,1,4
BRDA:383,42,0,1409
BRDA:383,42,1,4
BRDA:401,43,0,0
BRDA:401,43,1,152
BRDA:422,44,0,0
BRDA:422,44,1,0
BRDA:435,45,0,0
BRDA:435,46,0,0
BRDA:449,47,0,2
BRDA:450,48,0,0
BRDA:450,48,1,2
BRDA:464,49,0,2
BRDA:464,49,1,0
BRDA:468,50,0,0
BRDA:468,50,1,0
BRDA:468,51,0,0
BRDA:468,51,1,0
BRDA:486,52,0,41
BRDA:486,52,1,37
BRDA:503,53,0,40
BRDA:503,53,1,36
BRDA:509,54,0,1
BRDA:509,54,1,75
BRDA:509,55,0,76
BRDA:509,55,1,76
BRDA:535,56,0,38
BRDA:535,56,1,18
BRDA:540,57,0,0
BRDA:540,57,1,56
BRDA:546,58,0,56
BRDA:546,58,1,0
BRDA:547,59,0,1
BRDA:547,59,1,55
BRDA:569,60,0,6
BRDA:570,61,0,5
BRDA:570,61,1,1
BRDA:570,62,0,6
BRDA:570,62,1,5
BRDA:571,63,0,3
BRDA:571,63,1,2
BRDA:611,64,0,1
BRDA:611,64,1,0
BRDA:623,65,0,0
BRDA:623,65,1,1
BRDA:625,66,0,1
BRDA:626,67,0,0
BRDA:626,67,1,1
BRDA:632,68,0,1
BRDA:632,68,1,0
BRDA:645,69,0,12
BRDA:645,69,1,91
BRDA:651,70,0,42
BRDA:651,70,1,61
BRDA:653,71,0,42
BRDA:653,71,1,0
BRDA:673,72,0,0
BRDA:673,72,1,103
BRDA:687,73,0,6
BRDA:687,73,1,97
BRDA:687,74,0,103
BRDA:687,74,1,6
BRDA:692,75,0,102
BRDA:692,75,1,1
BRDA:696,76,0,102
BRDA:696,76,1,0
BRDA:696,77,0,102
BRDA:696,77,1,102
BRDA:702,78,0,0
BRDA:702,78,1,102
BRDA:712,79,0,1
BRDA:712,79,1,101
BRDA:742,80,0,97
BRDA:742,80,1,6
BRF:154
BRH:104
end_of_record
TN:
SF:lib/broker/context-factory.js
FN:10,(anonymous_0)
FN:11,(anonymous_1)
FN:14,(anonymous_2)
FNF:3
FNH:3
FNDA:108,(anonymous_0)
FNDA:110,(anonymous_1)
FNDA:1512,(anonymous_2)
DA:8,24
DA:10,108
DA:12,110
DA:15,1512
DA:17,1512
DA:18,1512
DA:19,1512
DA:20,1512
DA:21,1512
DA:24,1512
DA:25,1
DA:26,1511
DA:27,4
DA:31,1512
DA:32,4
DA:33,1508
DA:34,1
DA:38,1512
DA:39,4
DA:40,4
DA:41,4
DA:42,4
DA:46,1512
DA:47,0
DA:48,0
DA:52,1512
DA:53,78
DA:54,78
DA:55,78
DA:56,78
DA:59,1512
LF:31
LH:29
BRDA:17,0,0,1512
BRDA:17,0,1,33
BRDA:19,1,0,1512
BRDA:19,1,1,1512
BRDA:24,2,0,1
BRDA:24,2,1,1511
BRDA:26,3,0,4
BRDA:26,3,1,1507
BRDA:26,4,0,1511
BRDA:26,4,1,4
BRDA:31,5,0,4
BRDA:31,5,1,1508
BRDA:31,6,0,1512
BRDA:31,6,1,4
BRDA:33,7,0,1
BRDA:33,7,1,1507
BRDA:38,8,0,4
BRDA:38,8,1,1508
BRDA:46,9,0,0
BRDA:46,9,1,1512
BRDA:46,10,0,1512
BRDA:46,10,1,1512
BRDA:47,11,0,0
BRDA:47,11,1,0
BRDA:52,12,0,78
BRDA:52,12,1,1434
BRF:26
BRH:23
end_of_record
TN:
SF:lib/broker/context.js
FN:11,(anonymous_0)
FN:31,(anonymous_1)
FN:34,(anonymous_2)
FN:40,(anonymous_3)
FN:43,(anonymous_4)
FN:53,(anonymous_5)
FN:61,(anonymous_6)
FN:68,(anonymous_7)
FN:76,(anonymous_8)
FNF:9
FNH:9
FNDA:1588,(anonymous_0)
FNDA:1560,(anonymous_1)
FNDA:46,(anonymous_2)
FNDA:1,(anonymous_3)
FNDA:1,(anonymous_4)
FNDA:4,(anonymous_5)
FNDA:3,(anonymous_6)
FNDA:3,(anonymous_7)
FNDA:30,(anonymous_8)
DA:8,24
DA:9,24
DA:11,24
DA:12,1588
DA:32,1560
DA:35,46
DA:36,46
DA:37,46
DA:38,46
DA:41,1
DA:44,1
DA:54,4
DA:55,4
DA:56,0
DA:59,4
DA:61,4
DA:62,3
DA:63,3
DA:65,3
DA:69,3
DA:70,0
DA:72,3
DA:74,3
DA:77,30
DA:79,30
DA:80,30
DA:81,30
DA:82,30
DA:83,30
DA:84,30
DA:85,30
DA:86,30
DA:87,30
DA:88,30
DA:89,30
DA:91,30
DA:96,1588
DA:97,1588
DA:98,1588
DA:99,1588
DA:103,1588
LF:41
LH:39
BRDA:14,0,0,1588
BRDA:14,0,1,0
BRDA:32,1,0,1560
BRDA:32,1,1,174
BRDA:53,2,0,4
BRDA:55,3,0,0
BRDA:55,3,1,4
BRDA:62,4,0,3
BRDA:62,4,1,0
BRDA:69,5,0,0
BRDA:69,5,1,3
BRDA:96,6,0,1588
BRDA:96,6,1,0
BRDA:98,7,0,1588
BRDA:98,7,1,0
BRF:15
BRH:9
end_of_record
TN:
SF:lib/broker/default-options.js
FN:133,(anonymous_0)
FNF:1
FNH:1
FNDA:105,(anonymous_0)
DA:9,24
DA:133,105
LF:2
LH:2
BRF:0
BRH:0
end_of_record
TN:
SF:lib/broker/health.js
FN:10,(anonymous_0)
FN:12,(anonymous_1)
FN:16,(anonymous_2)
FN:23,(anonymous_3)
FN:31,(anonymous_4)
FN:40,(anonymous_5)
FN:52,(anonymous_6)
FN:58,(anonymous_7)
FN:65,(anonymous_8)
FNF:9
FNH:9
FNDA:104,(anonymous_0)
FNDA:104,(anonymous_1)
FNDA:3,(anonymous_2)
FNDA:3,(anonymous_3)
FNDA:3,(anonymous_4)
FNDA:3,(anonymous_5)
FNDA:3,(anonymous_6)
FNDA:3,(anonymous_7)
FNDA:2,(anonymous_8)
DA:7,24
DA:8,24
DA:10,24
DA:11,104
DA:13,104
DA:14,104
DA:17,3
DA:24,3
DA:32,3
DA:33,3
DA:35,3
DA:41,3
DA:42,3
DA:53,3
DA:59,3
DA:60,2
DA:66,2
DA:79,24
LF:18
LH:18
BRDA:59,0,0,2
BRDA:59,0,1,1
BRF:2
BRH:2
end_of_record
TN:
SF:lib/broker/middleware-manager.js
FN:7,(anonymous_0)
FN:10,(anonymous_1)
FN:13,(anonymous_2)
FN:26,(anonymous_3)
FN:28,(anonymous_4)
FN:30,(anonymous_5)
FN:35,(anonymous_6)
FN:37,(anonymous_7)
FN:47,(anonymous_8)
FN:51,(anonymous_9)
FN:52,(anonymous_10)
FN:55,(anonymous_11)
FN:55,(anonymous_12)
FN:59,(anonymous_13)
FN:63,(anonymous_14)
FN:64,(anonymous_15)
FN:65,(anonymous_16)
FNF:17
FNH:17
FNDA:103,(anonymous_0)
FNDA:103,(anonymous_1)
FNDA:823,(anonymous_2)
FNDA:721,(anonymous_3)
FNDA:5761,(anonymous_4)
FNDA:5,(anonymous_5)
FNDA:952,(anonymous_6)
FNDA:7633,(anonymous_7)
FNDA:709,(anonymous_8)
FNDA:5637,(anonymous_9)
FNDA:12,(anonymous_10)
FNDA:12,(anonymous_11)
FNDA:12,(anonymous_12)
FNDA:408,(anonymous_13)
FNDA:3259,(anonymous_14)
FNDA:108,(anonymous_15)
FNDA:108,(anonymous_16)
DA:7,24
DA:8,103
DA:9,103
DA:11,103
DA:14,823
DA:15,0
DA:18,823
DA:19,102
DA:24,823
DA:27,721
DA:28,5761
DA:29,714
DA:30,5
DA:33,721
DA:36,952
DA:37,950
DA:38,7633
DA:39,7306
DA:41,327
DA:45,952
DA:48,709
DA:49,701
DA:50,701
DA:51,5637
DA:52,12
DA:54,701
DA:55,12
DA:60,408
DA:61,405
DA:62,405
DA:63,3259
DA:64,108
DA:65,108
LF:33
LH:32
BRDA:14,0,0,0
BRDA:14,0,1,823
BRDA:18,1,0,102
BRDA:18,1,1,721
BRDA:26,2,0,721
BRDA:27,3,0,714
BRDA:27,3,1,7
BRDA:29,4,0,5
BRDA:29,4,1,709
BRDA:36,5,0,950
BRDA:36,5,1,2
BRDA:38,6,0,7306
BRDA:38,6,1,327
BRDA:47,7,0,347
BRDA:48,8,0,701
BRDA:48,8,1,8
BRDA:49,9,0,357
BRDA:49,9,1,344
BRDA:54,10,0,12
BRDA:54,10,1,689
BRDA:59,11,0,408
BRDA:60,12,0,405
BRDA:60,12,1,3
BRDA:61,13,0,0
BRDA:61,13,1,405
BRF:25
BRH:23
end_of_record
TN:
SF:lib/broker/validator.js
FN:10,(anonymous_0)
FN:15,(anonymous_1)
FN:19,(anonymous_2)
FN:25,(anonymous_3)
FNF:4
FNH:4
FNDA:103,(anonymous_0)
FNDA:908,(anonymous_1)
FNDA:7,(anonymous_2)
FNDA:2,(anonymous_3)
DA:7,24
DA:8,24
DA:10,24
DA:11,103
DA:14,103
DA:16,908
DA:17,179
DA:19,179
DA:20,7
DA:22,7
DA:23,5
DA:25,2
DA:26,2
DA:31,729
DA:35,103
LF:15
LH:15
BRDA:16,0,0,179
BRDA:16,0,1,729
BRDA:16,1,0,908
BRDA:16,1,1,179
BRDA:22,2,0,5
BRDA:22,2,1,2
BRF:6
BRH:6
end_of_record
TN:
SF:lib/cache/base.js
FN:9,getCacheKeyByObject
FN:11,(anonymous_1)
FN:13,(anonymous_2)
FN:23,generateHash
FN:30,registerCacheMetrics
FN:34,(anonymous_5)
FN:39,(anonymous_6)
FN:48,(anonymous_7)
FN:52,(anonymous_8)
FN:56,(anonymous_9)
FN:60,(anonymous_10)
FN:64,(anonymous_11)
FN:68,(anonymous_12)
FN:80,(anonymous_13)
FN:103,(anonymous_14)
FN:105,cacheMiddleware
FN:109,(anonymous_16)
FN:115,(anonymous_17)
FNF:18
FNH:12
FNDA:4,getCacheKeyByObject
FNDA:0,(anonymous_1)
FNDA:3,(anonymous_2)
FNDA:1,generateHash
FNDA:2,registerCacheMetrics
FNDA:15,(anonymous_5)
FNDA:2,(anonymous_6)
FNDA:1,(anonymous_7)
FNDA:1,(anonymous_8)
FNDA:1,(anonymous_9)
FNDA:1,(anonymous_10)
FNDA:0,(anonymous_11)
FNDA:2,(anonymous_12)
FNDA:0,(anonymous_13)
FNDA:3,(anonymous_14)
FNDA:0,cacheMiddleware
FNDA:0,(anonymous_16)
FNDA:0,(anonymous_17)
DA:6,25
DA:7,25
DA:10,4
DA:11,0
DA:12,4
DA:13,1
DA:14,3
DA:16,3
DA:17,3
DA:19,0
DA:24,1
DA:34,25
DA:35,15
DA:40,2
DA:41,2
DA:43,2
DA:44,2
DA:69,2
DA:70,1
DA:72,1
DA:73,0
DA:74,0
DA:75,0
DA:76,0
DA:79,0
DA:80,0
DA:81,0
DA:83,0
DA:84,0
DA:85,0
DA:87,0
DA:90,0
DA:92,0
DA:95,1
DA:99,1
DA:103,15
DA:104,3
DA:105,1
DA:106,0
DA:107,0
DA:109,0
DA:110,0
DA:111,0
DA:112,0
DA:115,0
DA:116,0
DA:117,0
DA:122,2
DA:125,15
DA:127,25
LF:50
LH:26
BRDA:10,0,0,0
BRDA:10,0,1,4
BRDA:12,1,0,1
BRDA:12,1,1,3
BRDA:16,2,0,3
BRDA:16,2,1,0
BRDA:43,3,0,2
BRDA:43,3,1,0
BRDA:69,4,0,1
BRDA:69,4,1,1
BRDA:69,5,0,2
BRDA:69,5,1,1
BRDA:72,6,0,0
BRDA:72,6,1,1
BRDA:73,7,0,0
BRDA:73,7,1,0
BRDA:76,8,0,0
BRDA:76,8,1,0
BRDA:79,9,0,0
BRDA:79,9,1,0
BRDA:83,10,0,0
BRDA:83,10,1,0
BRDA:90,11,0,0
BRDA:90,11,1,0
BRDA:104,12,0,1
BRDA:104,12,1,2
BRDA:110,13,0,0
BRDA:110,13,1,0
BRF:28
BRH:12
end_of_record
TN:
SF:lib/cache/index.js
FN:17,(anonymous_0)
FN:18,(anonymous_1)
FN:23,(anonymous_2)
FNF:3
FNH:3
FNDA:6,(anonymous_0)
FNDA:4,(anonymous_1)
FNDA:5,(anonymous_2)
DA:7,25
DA:8,25
DA:10,25
DA:15,25
DA:18,6
DA:19,4
DA:20,1
DA:23,5
DA:24,3
DA:25,2
DA:31,6
DA:32,1
DA:33,5
DA:34,4
DA:36,4
DA:37,2
DA:39,2
DA:41,1
DA:42,1
DA:44,4
DA:45,4
LF:21
LH:21
BRDA:19,0,0,1
BRDA:19,0,1,3
BRDA:24,1,0,2
BRDA:24,1,1,1
BRDA:31,2,0,1
BRDA:31,2,1,5
BRDA:33,3,0,4
BRDA:33,3,1,1
BRDA:36,4,0,2
BRDA:36,4,1,2
BRDA:41,5,0,1
BRDA:41,5,1,0
BRDA:44,6,0,4
BRDA:44,6,1,0
BRF:14
BRH:12
end_of_record
TN:
SF:lib/cache/memory.js
FN:10,(anonymous_0)
FN:15,(anonymous_1)
FN:22,(anonymous_2)
FN:24,(anonymous_3)
FN:27,(anonymous_4)
FN:37,(anonymous_5)
FN:51,(anonymous_6)
FN:65,(anonymous_7)
FN:71,(anonymous_8)
FN:72,(anonymous_9)
FNF:10
FNH:7
FNDA:5,(anonymous_0)
FNDA:0,(anonymous_1)
FNDA:1,(anonymous_2)
FNDA:0,(anonymous_3)
FNDA:0,(anonymous_4)
FNDA:4,(anonymous_5)
FNDA:4,(anonymous_6)
FNDA:3,(anonymous_7)
FNDA:1,(anonymous_8)
FNDA:2,(anonymous_9)
DA:7,25
DA:8,25
DA:10,25
DA:11,5
DA:12,5
DA:13,5
DA:15,5
DA:16,0
DA:19,5
DA:22,5
DA:24,5
DA:25,0
DA:27,0
DA:28,0
DA:29,0
DA:30,0
DA:35,5
DA:38,4
DA:40,4
DA:41,2
DA:42,0
DA:45,2
DA:47,2
DA:49,2
DA:52,4
DA:53,4
DA:56,4
DA:61,4
DA:63,4
DA:66,3
DA:67,3
DA:69,3
DA:72,1
DA:73,2
DA:74,2
DA:75,2
DA:78,1
DA:82,5
DA:85,25
LF:39
LH:32
BRDA:10,0,0,3
BRDA:28,1,0,0
BRDA:28,1,1,0
BRDA:28,2,0,0
BRDA:28,2,1,0
BRDA:40,3,0,2
BRDA:40,3,1,2
BRDA:41,4,0,0
BRDA:41,4,1,2
BRDA:52,5,0,4
BRDA:52,5,1,0
BRDA:58,6,0,0
BRDA:58,6,1,4
BRDA:71,7,0,1
BRDA:73,8,0,2
BRDA:73,8,1,0
BRF:16
BRH:8
end_of_record
TN:
SF:lib/cache/redis.js
FN:9,(anonymous_0)
FN:21,(anonymous_1)
FN:25,(anonymous_2)
FN:35,(anonymous_3)
FN:40,(anonymous_4)
FN:45,(anonymous_5)
FN:59,(anonymous_6)
FN:60,(anonymous_7)
FN:73,(anonymous_8)
FN:75,(anonymous_9)
FN:79,(anonymous_10)
FN:80,(anonymous_11)
FN:85,(anonymous_12)
FN:88,(anonymous_13)
FN:95,(anonymous_14)
FN:101,(anonymous_15)
FNF:16
FNH:15
FNDA:5,(anonymous_0)
FNDA:1,(anonymous_1)
FNDA:2,(anonymous_2)
FNDA:1,(anonymous_3)
FNDA:0,(anonymous_4)
FNDA:4,(anonymous_5)
FNDA:4,(anonymous_6)
FNDA:4,(anonymous_7)
FNDA:1,(anonymous_8)
FNDA:1,(anonymous_9)
FNDA:1,(anonymous_10)
FNDA:1,(anonymous_11)
FNDA:1,(anonymous_12)
FNDA:2,(anonymous_13)
FNDA:1,(anonymous_14)
FNDA:2,(anonymous_15)
DA:7,25
DA:9,25
DA:11,5
DA:17,5
DA:18,5
DA:21,5
DA:23,5
DA:27,2
DA:28,2
DA:30,0
DA:31,0
DA:33,2
DA:35,2
DA:40,2
DA:46,4
DA:47,4
DA:48,4
DA:51,4
DA:52,0
DA:54,4
DA:56,4
DA:57,4
DA:60,4
DA:61,4
DA:62,2
DA:63,2
DA:64,2
DA:65,2
DA:67,0
DA:70,2
DA:74,1
DA:76,1
DA:80,1
DA:81,1
DA:85,1
DA:86,1
DA:87,1
DA:88,1
DA:89,2
DA:91,1
DA:95,1
DA:96,1
DA:97,1
DA:102,2
DA:106,5
DA:109,25
LF:46
LH:42
BRDA:9,0,0,4
BRDA:47,1,0,4
BRDA:47,1,1,0
BRDA:51,2,0,0
BRDA:51,2,1,4
BRDA:61,3,0,2
BRDA:61,3,1,2
BRDA:79,4,0,1
BRDA:86,5,0,1
BRDA:86,5,1,0
BRF:10
BRH:7
end_of_record
TN:
SF:lib/log/logger.js
FN:32,(anonymous_0)
FN:34,(anonymous_1)
FN:37,(anonymous_2)
FN:44,(anonymous_3)
FN:45,(anonymous_4)
FN:46,(anonymous_5)
FN:49,(anonymous_6)
FN:50,(anonymous_7)
FN:51,(anonymous_8)
FN:54,(anonymous_9)
FN:59,(anonymous_10)
FN:66,(anonymous_11)
FN:74,(anonymous_12)
FN:84,(anonymous_13)
FN:87,(anonymous_14)
FN:93,(anonymous_15)
FN:95,(anonymous_16)
FN:100,(anonymous_17)
FN:102,(anonymous_18)
FN:104,(anonymous_19)
FN:106,(anonymous_20)
FN:108,(anonymous_21)
FN:119,(anonymous_22)
FN:125,(anonymous_23)
FN:127,(anonymous_24)
FN:131,(anonymous_25)
FN:135,(anonymous_26)
FN:167,(anonymous_27)
FN:196,(anonymous_28)
FN:198,(anonymous_29)
FN:201,logger
FNF:31
FNH:24
FNDA:37049,(anonymous_0)
FNDA:766,(anonymous_1)
FNDA:9536,(anonymous_2)
FNDA:766,(anonymous_3)
FNDA:10724,(anonymous_4)
FNDA:9958,(anonymous_5)
FNDA:766,(anonymous_6)
FNDA:10724,(anonymous_7)
FNDA:9958,(anonymous_8)
FNDA:90,(anonymous_9)
FNDA:766,(anonymous_10)
FNDA:10724,(anonymous_11)
FNDA:90,(anonymous_12)
FNDA:0,(anonymous_13)
FNDA:0,(anonymous_14)
FNDA:0,(anonymous_15)
FNDA:0,(anonymous_16)
FNDA:90,(anonymous_17)
FNDA:0,(anonymous_18)
FNDA:180,(anonymous_19)
FNDA:90,(anonymous_20)
FNDA:90,(anonymous_21)
FNDA:180,(anonymous_22)
FNDA:90,(anonymous_23)
FNDA:0,(anonymous_24)
FNDA:90,(anonymous_25)
FNDA:90,(anonymous_26)
FNDA:0,(anonymous_27)
FNDA:90,(anonymous_28)
FNDA:90,(anonymous_29)
FNDA:90,logger
DA:10,24
DA:13,24
DA:14,24
DA:15,24
DA:18,24
DA:20,24
DA:23,24
DA:32,24
DA:34,24
DA:35,766
DA:37,766
DA:38,9536
DA:41,766
DA:44,24
DA:45,10724
DA:46,9958
DA:49,24
DA:50,10724
DA:51,9958
DA:54,24
DA:55,90
DA:56,90
DA:59,24
DA:60,766
DA:62,766
DA:63,766
DA:66,766
DA:67,10724
DA:68,10724
DA:71,766
DA:72,766
DA:74,766
DA:76,90
DA:77,18
DA:78,72
DA:79,72
DA:81,90
DA:84,766
DA:85,0
DA:87,0
DA:89,0
DA:91,0
DA:93,0
DA:95,0
DA:97,0
DA:100,766
DA:102,766
DA:104,766
DA:106,766
DA:108,766
DA:109,90
DA:111,90
DA:112,90
DA:113,90
DA:114,90
DA:117,90
DA:118,90
DA:119,180
DA:122,0
DA:125,766
DA:127,766
DA:128,0
DA:131,766
DA:132,90
DA:135,766
DA:136,90
DA:138,90
DA:139,0
DA:140,0
DA:142,0
DA:143,0
DA:144,0
DA:147,90
DA:150,90
DA:151,90
DA:153,90
DA:154,0
DA:155,0
DA:158,90
DA:159,90
DA:160,90
DA:163,90
DA:164,0
DA:166,0
DA:167,0
DA:169,0
DA:172,90
DA:173,90
DA:174,90
DA:177,90
DA:178,90
DA:179,90
DA:180,90
DA:183,90
DA:185,90
DA:186,0
DA:189,90
DA:190,6
DA:193,90
DA:196,766
DA:197,90
DA:198,90
DA:202,90
DA:203,90
DA:205,90
DA:208,766
LF:106
LH:85
BRDA:46,0,0,4596
BRDA:46,0,1,5362
BRDA:51,1,0,6128
BRDA:51,1,1,3830
BRDA:67,2,0,10724
BRDA:67,2,1,1022
BRDA:68,3,0,733
BRDA:68,3,1,9991
BRDA:76,4,0,18
BRDA:76,4,1,72
BRDA:78,5,0,72
BRDA:78,5,1,0
BRDA:97,6,0,0
BRDA:97,6,1,0
BRDA:104,7,0,90
BRDA:104,7,1,90
BRDA:111,8,0,90
BRDA:111,8,1,0
BRDA:117,9,0,90
BRDA:117,9,1,0
BRDA:128,10,0,0
BRDA:128,10,1,0
BRDA:128,11,0,0
BRDA:128,11,1,0
BRDA:138,12,0,0
BRDA:138,12,1,90
BRDA:138,13,0,90
BRDA:138,13,1,90
BRDA:138,13,2,0
BRDA:139,14,0,0
BRDA:139,14,1,0
BRDA:144,15,0,0
BRDA:144,15,1,0
BRDA:153,16,0,0
BRDA:153,16,1,90
BRDA:158,17,0,90
BRDA:158,17,1,0
BRDA:158,18,0,90
BRDA:158,18,1,90
BRDA:163,19,0,0
BRDA:163,19,1,90
BRDA:163,20,0,90
BRDA:163,20,1,0
BRDA:172,21,0,90
BRDA:172,21,1,0
BRDA:172,22,0,90
BRDA:172,22,1,90
BRDA:177,23,0,90
BRDA:177,23,1,0
BRDA:185,24,0,0
BRDA:185,24,1,90
BRDA:189,25,0,6
BRDA:189,25,1,84
BRDA:196,26,0,90
BRF:54
BRH:32
end_of_record
TN:
SF:lib/log/types.js
FNF:0
FNH:0
DA:1,24
DA:3,24
LF:2
LH:2
BRF:0
BRH:0
end_of_record
TN:
SF:lib/metrics/constants.js
FNF:0
FNH:0
DA:2,24
DA:3,24
DA:4,24
DA:5,24
DA:8,24
DA:9,24
DA:10,24
DA:13,24
DA:14,24
DA:15,24
DA:16,24
DA:19,24
DA:20,24
DA:21,24
DA:22,24
DA:25,24
LF:16
LH:16
BRF:0
BRH:0
end_of_record
TN:
SF:lib/metrics/index.js
FNF:0
FNH:0
DA:1,24
DA:3,24
LF:2
LH:2
BRF:0
BRH:0
end_of_record
TN:
SF:lib/metrics/registry.js
FN:4,(anonymous_0)
FN:8,(anonymous_1)
FN:16,(anonymous_2)
FN:24,(anonymous_3)
FN:49,(anonymous_4)
FN:58,(anonymous_5)
FN:67,(anonymous_6)
FN:76,(anonymous_7)
FN:79,(anonymous_8)
FNF:9
FNH:3
FNDA:103,(anonymous_0)
FNDA:103,(anonymous_1)
FNDA:0,(anonymous_2)
FNDA:420,(anonymous_3)
FNDA:0,(anonymous_4)
FNDA:0,(anonymous_5)
FNDA:0,(anonymous_6)
FNDA:0,(anonymous_7)
FNDA:0,(anonymous_8)
DA:1,24
DA:2,24
DA:4,24
DA:5,103
DA:9,103
DA:11,103
DA:12,103
DA:13,0
DA:16,103
DA:17,0
DA:18,0
DA:22,103
DA:25,420
DA:26,0
DA:29,420
DA:30,0
DA:33,420
DA:34,0
DA:37,420
DA:39,420
DA:40,0
DA:43,420
DA:45,420
DA:47,420
DA:50,0
DA:52,0
DA:53,0
DA:56,0
DA:59,0
DA:61,0
DA:62,0
DA:65,0
DA:68,0
DA:70,0
DA:71,0
DA:74,0
DA:77,0
DA:79,0
DA:80,0
DA:83,0
LF:40
LH:17
BRDA:11,0,0,103
BRDA:11,0,1,0
BRDA:12,1,0,0
BRDA:12,1,1,103
BRDA:25,2,0,0
BRDA:25,2,1,420
BRDA:29,3,0,0
BRDA:29,3,1,420
BRDA:33,4,0,0
BRDA:33,4,1,420
BRDA:39,5,0,0
BRDA:39,5,1,420
BRDA:49,6,0,0
BRDA:52,7,0,0
BRDA:52,7,1,0
BRDA:58,8,0,0
BRDA:61,9,0,0
BRDA:61,9,1,0
BRDA:70,10,0,0
BRDA:70,10,1,0
BRDA:76,11,0,0
BRF:21
BRH:6
end_of_record
TN:
SF:lib/metrics/types/base.js
FN:2,(anonymous_0)
FN:9,(anonymous_1)
FN:16,(anonymous_2)
FN:28,(anonymous_3)
FN:33,(anonymous_4)
FN:37,(anonymous_5)
FNF:6
FNH:2
FNDA:420,(anonymous_0)
FNDA:412,(anonymous_1)
FNDA:0,(anonymous_2)
FNDA:0,(anonymous_3)
FNDA:0,(anonymous_4)
FNDA:0,(anonymous_5)
DA:1,24
DA:3,420
DA:4,420
DA:5,420
DA:6,420
DA:10,412
DA:11,412
DA:14,0
DA:16,0
DA:17,0
DA:18,0
DA:19,0
DA:20,0
DA:22,0
DA:25,0
DA:29,0
DA:30,0
DA:34,0
DA:38,0
LF:19
LH:7
BRDA:5,0,0,420
BRDA:5,0,1,420
BRDA:10,1,0,412
BRDA:10,1,1,0
BRDA:10,2,0,412
BRDA:10,2,1,0
BRDA:17,3,0,0
BRDA:17,3,1,0
BRDA:19,4,0,0
BRDA:19,4,1,0
BRF:10
BRH:4
end_of_record
TN:
SF:lib/metrics/types/counter.js
FN:8,(anonymous_0)
FNF:1
FNH:0
FNDA:0,(anonymous_0)
DA:1,24
DA:3,24
DA:9,0
LF:3
LH:2
BRF:0
BRH:0
end_of_record
TN:
SF:lib/metrics/types/gauge.js
FN:4,(anonymous_0)
FN:10,(anonymous_1)
FN:16,(anonymous_2)
FN:22,(anonymous_3)
FN:24,(anonymous_4)
FN:32,(anonymous_5)
FNF:6
FNH:1
FNDA:8,(anonymous_0)
FNDA:0,(anonymous_1)
FNDA:0,(anonymous_2)
FNDA:0,(anonymous_3)
FNDA:0,(anonymous_4)
FNDA:0,(anonymous_5)
DA:1,24
DA:3,24
DA:5,8
DA:6,8
DA:7,8
DA:11,0
DA:13,0
DA:17,0
DA:19,0
DA:23,0
DA:25,0
DA:33,0
DA:34,0
DA:36,0
DA:38,0
DA:39,0
DA:40,0
DA:41,0
DA:44,0
DA:49,0
DA:51,0
LF:21
LH:5
BRDA:13,0,0,0
BRDA:13,0,1,0
BRDA:19,1,0,0
BRDA:19,1,1,0
BRDA:38,2,0,0
BRDA:38,2,1,0
BRDA:39,3,0,0
BRDA:39,3,1,0
BRF:8
BRH:0
end_of_record
TN:
SF:lib/metrics/types/index.js
FN:7,(anonymous_0)
FN:8,(anonymous_1)
FN:16,(anonymous_2)
FNF:3
FNH:3
FNDA:420,(anonymous_0)
FNDA:1246,(anonymous_1)
FNDA:420,(anonymous_2)
DA:1,24
DA:7,24
DA:8,1246
DA:10,420
DA:11,420
DA:15,24
DA:17,420
LF:7
LH:7
BRDA:10,0,0,420
BRDA:10,0,1,0
BRF:2
BRH:1
end_of_record
TN:
SF:lib/metrics/types/info.js
FN:4,(anonymous_0)
FN:10,(anonymous_1)
FN:12,(anonymous_2)
FN:20,(anonymous_3)
FNF:4
FNH:2
FNDA:412,(anonymous_0)
FNDA:0,(anonymous_1)
FNDA:0,(anonymous_2)
FNDA:412,(anonymous_3)
DA:1,24
DA:3,24
DA:5,412
DA:6,412
DA:7,412
DA:11,0
DA:13,0
DA:21,412
DA:22,412
DA:24,412
DA:26,412
DA:27,0
DA:28,0
DA:29,0
DA:30,0
DA:33,412
DA:39,412
DA:41,412
LF:18
LH:12
BRDA:26,0,0,0
BRDA:26,0,1,412
BRDA:27,1,0,0
BRDA:27,1,1,0
BRDA:30,2,0,0
BRDA:30,2,1,0
BRDA:36,3,0,412
BRDA:36,3,1,412
BRF:8
BRH:3
end_of_record
TN:
SF:lib/middlewares/action-hooks.js
FN:7,callHook
FN:11,(anonymous_1)
FN:11,(anonymous_2)
FN:15,sanitizeHooks
FN:21,(anonymous_4)
FN:31,(anonymous_5)
FN:32,(anonymous_6)
FN:45,actionHookMiddleware
FN:50,(anonymous_8)
FN:55,(anonymous_9)
FN:59,(anonymous_10)
FN:63,(anonymous_11)
FN:68,(anonymous_12)
FN:73,(anonymous_13)
FN:77,(anonymous_14)
FNF:15
FNH:15
FNDA:18,callHook
FNDA:12,(anonymous_1)
FNDA:12,(anonymous_2)
FNDA:36,sanitizeHooks
FNDA:16,(anonymous_4)
FNDA:102,(anonymous_5)
FNDA:908,(anonymous_6)
FNDA:5,actionHookMiddleware
FNDA:5,(anonymous_8)
FNDA:3,(anonymous_9)
FNDA:5,(anonymous_10)
FNDA:4,(anonymous_11)
FNDA:4,(anonymous_12)
FNDA:1,(anonymous_13)
FNDA:1,(anonymous_14)
DA:8,18
DA:9,12
DA:10,6
DA:11,12
DA:16,36
DA:17,10
DA:20,36
DA:21,12
DA:22,16
DA:23,14
DA:25,2
DA:28,24
DA:31,24
DA:32,102
DA:33,908
DA:34,908
DA:36,908
DA:37,6
DA:38,6
DA:39,6
DA:40,6
DA:41,6
DA:42,6
DA:44,6
DA:45,6
DA:46,5
DA:49,5
DA:50,5
DA:54,5
DA:55,3
DA:59,5
DA:62,5
DA:63,4
DA:67,5
DA:68,5
DA:72,5
DA:73,1
DA:76,5
DA:77,5
DA:80,5
DA:84,902
DA:87,24
LF:42
LH:42
BRDA:8,0,0,12
BRDA:8,0,1,6
BRDA:10,1,0,6
BRDA:10,1,1,0
BRDA:16,2,0,10
BRDA:16,2,1,26
BRDA:20,3,0,12
BRDA:20,3,1,24
BRDA:22,4,0,14
BRDA:22,4,1,2
BRDA:23,5,0,14
BRDA:23,5,1,0
BRDA:23,6,0,14
BRDA:23,6,1,14
BRDA:34,7,0,908
BRDA:34,7,1,0
BRDA:34,8,0,908
BRDA:34,8,1,908
BRDA:36,9,0,6
BRDA:36,9,1,902
BRDA:37,10,0,6
BRDA:37,10,1,0
BRDA:38,11,0,6
BRDA:38,11,1,0
BRDA:39,12,0,6
BRDA:39,12,1,0
BRDA:40,13,0,6
BRDA:40,13,1,0
BRDA:41,14,0,6
BRDA:41,14,1,0
BRDA:42,15,0,6
BRDA:42,15,1,0
BRDA:44,16,0,6
BRDA:44,16,1,0
BRDA:44,17,0,6
BRDA:44,17,1,0
BRDA:44,17,2,0
BRDA:44,17,3,0
BRDA:44,17,4,0
BRDA:44,17,5,0
BRDA:49,18,0,5
BRDA:49,18,1,0
BRDA:54,19,0,3
BRDA:54,19,1,2
BRDA:62,20,0,4
BRDA:62,20,1,1
BRDA:67,21,0,5
BRDA:67,21,1,0
BRDA:72,22,0,1
BRDA:72,22,1,4
BRDA:76,23,0,5
BRDA:76,23,1,0
BRF:52
BRH:34
end_of_record
TN:
SF:lib/middlewares/bulkhead.js
FN:9,(anonymous_0)
FN:17,(anonymous_1)
FN:25,(anonymous_2)
FN:30,(anonymous_3)
FN:37,bulkheadMiddlware
FN:42,(anonymous_5)
FN:47,(anonymous_6)
FN:64,(anonymous_7)
FN:69,(anonymous_8)
FNF:9
FNH:7
FNDA:912,(anonymous_0)
FNDA:23,(anonymous_1)
FNDA:19,(anonymous_2)
FNDA:0,(anonymous_3)
FNDA:30,bulkheadMiddlware
FNDA:4,(anonymous_5)
FNDA:0,(anonymous_6)
FNDA:19,(anonymous_7)
FNDA:103,(anonymous_8)
DA:7,24
DA:9,24
DA:10,912
DA:11,912
DA:13,912
DA:14,3
DA:15,3
DA:17,3
DA:18,23
DA:19,19
DA:21,19
DA:23,19
DA:24,19
DA:26,19
DA:27,19
DA:28,19
DA:31,0
DA:32,0
DA:33,0
DA:37,3
DA:39,30
DA:40,4
DA:41,4
DA:43,4
DA:44,4
DA:45,4
DA:48,0
DA:49,0
DA:50,0
DA:55,26
DA:56,7
DA:64,19
DA:67,909
DA:69,24
DA:70,103
LF:35
LH:29
BRDA:11,0,0,912
BRDA:11,0,1,0
BRDA:13,1,0,3
BRDA:13,1,1,909
BRDA:18,2,0,4
BRDA:18,2,1,19
BRDA:19,3,0,0
BRDA:19,3,1,19
BRDA:39,4,0,4
BRDA:39,4,1,26
BRDA:55,5,0,7
BRDA:55,5,1,19
BRDA:55,6,0,26
BRDA:55,6,1,26
BRF:14
BRH:12
end_of_record
TN:
SF:lib/middlewares/circuit-breaker.js
FN:7,(anonymous_0)
FN:12,createWindowTimer
FN:13,(anonymous_2)
FN:17,clearEndpointStore
FN:18,(anonymous_4)
FN:29,getEndpointState
FN:46,success
FN:56,failure
FN:63,checkThreshold
FN:69,openCircuitBreaker
FN:72,(anonymous_10)
FN:77,halfOpenCircuitBreaker
FN:84,closeCircuitBreaker
FN:98,wrapCircuitBreakerMiddleware
FN:103,curcuitBreakerMiddleware
FN:108,(anonymous_15)
FN:114,(anonymous_16)
FN:125,(anonymous_17)
FN:137,(anonymous_18)
FNF:19
FNH:14
FNDA:102,(anonymous_0)
FNDA:1,createWindowTimer
FNDA:0,(anonymous_2)
FNDA:0,clearEndpointStore
FNDA:0,(anonymous_4)
FNDA:18,getEndpointState
FNDA:7,success
FNDA:4,failure
FNDA:11,checkThreshold
FNDA:3,openCircuitBreaker
FNDA:2,(anonymous_10)
FNDA:2,halfOpenCircuitBreaker
FNDA:0,closeCircuitBreaker
FNDA:916,wrapCircuitBreakerMiddleware
FNDA:11,curcuitBreakerMiddleware
FNDA:7,(anonymous_15)
FNDA:4,(anonymous_16)
FNDA:102,(anonymous_17)
FNDA:0,(anonymous_18)
DA:7,24
DA:8,102
DA:9,102
DA:10,102
DA:13,1
DA:14,1
DA:18,0
DA:19,0
DA:20,0
DA:21,0
DA:24,0
DA:25,0
DA:30,18
DA:31,18
DA:32,2
DA:40,2
DA:43,18
DA:47,7
DA:49,7
DA:50,0
DA:52,7
DA:57,4
DA:58,4
DA:60,4
DA:64,11
DA:65,3
DA:70,3
DA:71,3
DA:72,3
DA:74,3
DA:78,2
DA:79,2
DA:81,2
DA:85,0
DA:86,0
DA:87,0
DA:88,0
DA:90,0
DA:91,0
DA:92,0
DA:95,0
DA:99,916
DA:100,916
DA:102,916
DA:103,13
DA:104,11
DA:105,11
DA:107,11
DA:109,7
DA:110,7
DA:112,7
DA:115,4
DA:117,4
DA:121,903
DA:124,102
DA:126,102
DA:127,102
DA:129,102
DA:132,1
DA:138,0
LF:60
LH:44
BRDA:19,0,0,0
BRDA:19,0,1,0
BRDA:31,1,0,2
BRDA:31,1,1,16
BRDA:49,2,0,0
BRDA:49,2,1,7
BRDA:64,3,0,3
BRDA:64,3,1,8
BRDA:90,4,0,0
BRDA:90,4,1,0
BRDA:100,5,0,916
BRDA:100,5,1,916
BRDA:102,6,0,13
BRDA:102,6,1,903
BRDA:129,7,0,1
BRDA:129,7,1,101
BRF:16
BRH:11
end_of_record
TN:
SF:lib/middlewares/error-handler.js
FN:9,(anonymous_0)
FN:11,errorHandlerMiddlware
FN:13,(anonymous_2)
FN:26,(anonymous_3)
FNF:4
FNH:4
FNDA:916,(anonymous_0)
FNDA:61,errorHandlerMiddlware
FNDA:15,(anonymous_2)
FNDA:102,(anonymous_3)
DA:7,24
DA:9,24
DA:10,916
DA:11,916
DA:12,61
DA:14,15
DA:15,0
DA:17,15
DA:18,4
DA:21,15
DA:22,15
DA:26,24
DA:27,102
LF:13
LH:12
BRDA:14,0,0,0
BRDA:14,0,1,15
BRDA:17,1,0,4
BRDA:17,1,1,11
BRF:4
BRH:3
end_of_record
TN:
SF:lib/middlewares/index.js
FNF:0
FNH:0
DA:7,24
LF:1
LH:1
BRF:0
BRH:0
end_of_record
TN:
SF:lib/middlewares/metrics.js
FN:8,(anonymous_0)
FN:9,wrapMetricMiddleware
FN:17,metricMiddleware
FN:24,(anonymous_3)
FN:28,(anonymous_4)
FN:39,(anonymous_5)
FN:58,(anonymous_6)
FN:67,(anonymous_7)
FN:76,(anonymous_8)
FN:77,(anonymous_9)
FN:82,(anonymous_10)
FN:83,(anonymous_11)
FN:88,(anonymous_12)
FN:89,(anonymous_13)
FNF:14
FNH:7
FNDA:2,(anonymous_0)
FNDA:5,wrapMetricMiddleware
FNDA:0,metricMiddleware
FNDA:0,(anonymous_3)
FNDA:0,(anonymous_4)
FNDA:1,(anonymous_5)
FNDA:6,(anonymous_6)
FNDA:0,(anonymous_7)
FNDA:1,(anonymous_8)
FNDA:0,(anonymous_9)
FNDA:1,(anonymous_10)
FNDA:0,(anonymous_11)
FNDA:1,(anonymous_12)
FNDA:0,(anonymous_13)
DA:6,24
DA:8,24
DA:10,5
DA:11,5
DA:13,5
DA:14,5
DA:16,5
DA:17,5
DA:18,0
DA:20,0
DA:21,0
DA:23,0
DA:25,0
DA:26,0
DA:29,0
DA:30,0
DA:31,0
DA:35,0
DA:38,2
DA:40,1
DA:42,1
DA:44,1
DA:45,1
DA:46,1
DA:49,1
DA:50,1
DA:51,1
DA:52,1
DA:55,1
DA:59,6
DA:61,6
DA:62,5
DA:65,1
DA:68,0
DA:70,0
DA:71,0
DA:74,0
DA:77,1
DA:78,0
DA:79,0
DA:83,1
DA:84,0
DA:85,0
DA:89,1
DA:90,0
DA:91,0
LF:46
LH:26
BRDA:11,0,0,5
BRDA:11,0,1,0
BRDA:13,1,0,5
BRDA:13,1,1,0
BRDA:16,2,0,5
BRDA:16,2,1,0
BRDA:40,3,0,1
BRDA:40,3,1,0
BRDA:42,4,0,1
BRDA:42,4,1,0
BRDA:59,5,0,6
BRDA:59,5,1,0
BRDA:61,6,0,5
BRDA:61,6,1,1
BRDA:68,7,0,0
BRDA:68,7,1,0
BRDA:70,8,0,0
BRDA:70,8,1,0
BRF:18
BRH:8
end_of_record
TN:
SF:lib/middlewares/retry.js
FN:10,(anonymous_0)
FN:17,retryMiddleware
FN:24,(anonymous_2)
FN:28,(anonymous_3)
FN:37,(anonymous_4)
FNF:5
FNH:5
FNDA:920,(anonymous_0)
FNDA:2,retryMiddleware
FNDA:2,(anonymous_2)
FNDA:1,(anonymous_3)
FNDA:103,(anonymous_4)
DA:8,24
DA:10,24
DA:11,920
DA:12,920
DA:15,920
DA:17,3
DA:19,2
DA:20,2
DA:23,2
DA:24,2
DA:25,2
DA:26,1
DA:27,1
DA:28,1
DA:30,1
DA:34,917
DA:37,24
DA:38,103
LF:18
LH:18
BRDA:12,0,0,920
BRDA:12,0,1,920
BRDA:15,1,0,3
BRDA:15,1,1,917
BRDA:19,2,0,2
BRDA:19,2,1,0
BRDA:23,3,0,0
BRDA:23,3,1,2
BRDA:25,4,0,1
BRDA:25,4,1,1
BRDA:25,5,0,2
BRDA:25,5,1,1
BRF:12
BRH:10
end_of_record
TN:
SF:lib/middlewares/timeout.js
FN:10,(anonymous_0)
FN:14,timeoutMiddleware
FN:27,(anonymous_2)
FN:39,(anonymous_3)
FNF:4
FNH:3
FNDA:916,(anonymous_0)
FNDA:61,timeoutMiddleware
FNDA:0,(anonymous_2)
FNDA:102,(anonymous_3)
DA:7,24
DA:8,24
DA:10,24
DA:11,916
DA:12,916
DA:14,916
DA:15,61
DA:16,45
DA:19,61
DA:20,0
DA:23,61
DA:25,61
DA:26,0
DA:28,0
DA:29,0
DA:32,0
DA:35,61
DA:39,24
DA:40,102
LF:19
LH:14
BRDA:12,0,0,916
BRDA:12,0,1,0
BRDA:15,1,0,45
BRDA:15,1,1,16
BRDA:15,2,0,61
BRDA:15,2,1,16
BRDA:16,3,0,45
BRDA:16,3,1,45
BRDA:19,4,0,0
BRDA:19,4,1,61
BRDA:19,5,0,61
BRDA:19,5,1,0
BRDA:25,6,0,0
BRDA:25,6,1,61
BRDA:28,7,0,0
BRDA:28,7,1,0
BRF:16
BRH:10
end_of_record
TN:
SF:lib/middlewares/tracing.js
FN:7,(anonymous_0)
FN:12,metricsLocalMiddleware
FN:37,(anonymous_2)
FN:41,(anonymous_3)
FN:62,(anonymous_4)
FNF:5
FNH:4
FNDA:908,(anonymous_0)
FNDA:3,metricsLocalMiddleware
FNDA:3,(anonymous_2)
FNDA:0,(anonymous_3)
FNDA:102,(anonymous_4)
DA:7,24
DA:8,908
DA:9,908
DA:11,908
DA:12,22
DA:13,3
DA:20,3
DA:34,3
DA:36,3
DA:38,3
DA:39,3
DA:42,0
DA:45,0
DA:49,886
DA:62,24
DA:63,102
LF:16
LH:14
BRDA:9,0,0,908
BRDA:9,0,1,0
BRDA:11,1,0,22
BRDA:11,1,1,886
BRDA:15,2,0,3
BRDA:15,2,1,0
BRDA:25,3,0,3
BRDA:25,3,1,0
BRF:8
BRH:5
end_of_record
TN:
SF:lib/registry/action-endpoint.js
FN:7,(anonymous_0)
FN:17,(anonymous_1)
FN:21,(anonymous_2)
FNF:3
FNH:2
FNDA:1168,(anonymous_0)
FNDA:0,(anonymous_1)
FNDA:164,(anonymous_2)
DA:7,24
DA:8,1168
DA:17,1168
DA:18,0
DA:21,1168
DA:22,164
DA:25,1168
LF:7
LH:6
BRF:0
BRH:0
end_of_record
TN:
SF:lib/registry/define-service.js
FN:6,(anonymous_0)
FNF:1
FNH:1
FNDA:1,(anonymous_0)
DA:6,24
DA:7,1
LF:2
LH:2
BRF:0
BRH:0
end_of_record
TN:
SF:lib/registry/node.js
FN:9,(anonymous_0)
FN:27,(anonymous_1)
FN:43,(anonymous_2)
FN:44,(anonymous_3)
FN:53,(anonymous_4)
FN:63,(anonymous_5)
FNF:6
FNH:6
FNDA:269,(anonymous_0)
FNDA:244,(anonymous_1)
FNDA:12504,(anonymous_2)
FNDA:12504,(anonymous_3)
FNDA:22692,(anonymous_4)
FNDA:235,(anonymous_5)
DA:7,24
DA:9,24
DA:10,269
DA:28,244
DA:30,244
DA:31,244
DA:32,244
DA:33,244
DA:35,244
DA:36,201
DA:37,201
DA:39,201
DA:41,43
DA:44,12504
DA:45,12504
DA:47,12504
DA:48,666
DA:49,666
DA:54,22692
DA:55,0
DA:56,0
DA:59,22692
DA:60,22692
DA:61,22692
DA:64,235
DA:65,235
DA:66,235
DA:69,235
LF:28
LH:26
BRDA:28,0,0,244
BRDA:28,0,1,0
BRDA:32,1,0,244
BRDA:32,1,1,0
BRDA:33,2,0,244
BRDA:33,2,1,0
BRDA:35,3,0,201
BRDA:35,3,1,43
BRDA:35,4,0,244
BRDA:35,4,1,78
BRDA:47,5,0,666
BRDA:47,5,1,11838
BRDA:54,6,0,0
BRDA:54,6,1,22692
BRDA:61,7,0,22692
BRDA:61,7,1,11
BRDA:64,8,0,235
BRDA:64,8,1,0
BRF:18
BRH:13
end_of_record
TN:
SF:lib/registry/registry.js
FN:17,(anonymous_0)
FN:19,(anonymous_1)
FN:22,(anonymous_2)
FN:38,(anonymous_3)
FN:52,(anonymous_4)
FN:67,(anonymous_5)
FN:98,(anonymous_6)
FN:99,(anonymous_7)
FN:121,(anonymous_8)
FN:139,(anonymous_9)
FN:144,(anonymous_10)
FN:164,(anonymous_11)
FN:165,(anonymous_12)
FN:183,(anonymous_13)
FN:184,(anonymous_14)
FN:202,(anonymous_15)
FN:205,(anonymous_16)
FN:210,(anonymous_17)
FN:218,(anonymous_18)
FN:221,(anonymous_19)
FN:224,(anonymous_20)
FN:258,(anonymous_21)
FN:265,(anonymous_22)
FN:268,(anonymous_23)
FN:271,(anonymous_24)
FN:288,(anonymous_25)
FN:297,(anonymous_26)
FN:304,(anonymous_27)
FN:327,(anonymous_28)
FN:363,(anonymous_29)
FN:372,(anonymous_30)
FN:377,(anonymous_31)
FN:380,(anonymous_32)
FNF:33
FNH:25
FNDA:0,(anonymous_0)
FNDA:103,(anonymous_1)
FNDA:103,(anonymous_2)
FNDA:76,(anonymous_3)
FNDA:399,(anonymous_4)
FNDA:125,(anonymous_5)
FNDA:201,(anonymous_6)
FNDA:173,(anonymous_7)
FNDA:0,(anonymous_8)
FNDA:1116,(anonymous_9)
FNDA:205,(anonymous_10)
FNDA:298,(anonymous_11)
FNDA:250,(anonymous_12)
FNDA:298,(anonymous_13)
FNDA:399,(anonymous_14)
FNDA:1,(anonymous_15)
FNDA:0,(anonymous_16)
FNDA:0,(anonymous_17)
FNDA:235,(anonymous_18)
FNDA:2,(anonymous_19)
FNDA:48,(anonymous_20)
FNDA:0,(anonymous_21)
FNDA:80,(anonymous_22)
FNDA:519,(anonymous_23)
FNDA:16,(anonymous_24)
FNDA:0,(anonymous_25)
FNDA:44,(anonymous_26)
FNDA:201,(anonymous_27)
FNDA:244,(anonymous_28)
FNDA:235,(anonymous_29)
FNDA:0,(anonymous_30)
FNDA:3,(anonymous_31)
FNDA:0,(anonymous_32)
DA:8,24
DA:9,24
DA:10,24
DA:11,24
DA:12,24
DA:13,24
DA:14,24
DA:15,24
DA:17,24
DA:19,24
DA:21,103
DA:23,103
DA:25,103
DA:26,103
DA:29,103
DA:32,103
DA:33,103
DA:34,103
DA:35,103
DA:38,103
DA:39,76
DA:40,76
DA:53,399
DA:54,399
DA:56,0
DA:57,0
DA:59,0
DA:68,125
DA:69,125
DA:71,125
DA:72,125
DA:74,125
DA:75,125
DA:78,125
DA:80,125
DA:82,125
DA:83,0
DA:85,125
DA:88,125
DA:99,201
DA:102,173
DA:104,173
DA:105,173
DA:107,0
DA:108,0
DA:111,173
DA:112,173
DA:115,173
DA:116,173
DA:119,173
DA:121,0
DA:123,0
DA:139,201
DA:140,1116
DA:142,173
DA:144,173
DA:145,205
DA:146,173
DA:150,173
DA:151,0
DA:155,201
DA:165,298
DA:166,250
DA:168,250
DA:169,34
DA:172,250
DA:173,250
DA:184,298
DA:185,399
DA:187,399
DA:188,0
DA:191,399
DA:192,391
DA:194,8
DA:197,399
DA:199,399
DA:203,1
DA:206,0
DA:209,0
DA:210,0
DA:211,0
DA:214,0
DA:215,0
DA:219,235
DA:222,2
DA:225,48
DA:226,0
DA:229,48
DA:230,0
DA:233,0
DA:234,0
DA:235,0
DA:238,0
DA:240,48
DA:242,48
DA:243,0
DA:244,0
DA:247,48
DA:249,48
DA:250,2
DA:251,2
DA:254,46
DA:259,0
DA:260,0
DA:261,0
DA:263,0
DA:266,80
DA:269,519
DA:272,16
DA:274,16
DA:275,0
DA:276,0
DA:279,16
DA:281,16
DA:282,0
DA:283,0
DA:286,16
DA:289,0
DA:291,0
DA:292,0
DA:295,0
DA:298,44
DA:299,0
DA:302,44
DA:305,201
DA:306,201
DA:308,201
DA:309,76
DA:312,201
DA:313,76
DA:321,125
DA:324,201
DA:325,201
DA:328,244
DA:329,244
DA:330,244
DA:331,244
DA:334,244
DA:335,166
DA:336,166
DA:337,166
DA:338,78
DA:340,35
DA:341,35
DA:342,35
DA:346,244
DA:348,244
DA:349,201
DA:352,244
DA:353,166
DA:354,166
DA:355,78
DA:356,35
DA:357,35
DA:359,43
DA:360,43
DA:364,235
DA:365,235
DA:366,235
DA:367,235
DA:368,235
DA:369,235
DA:373,0
DA:374,0
DA:375,0
DA:378,3
DA:381,0
DA:385,103
LF:168
LH:127
BRDA:39,0,0,76
BRDA:39,0,1,0
BRDA:53,1,0,399
BRDA:53,1,1,0
BRDA:53,2,0,399
BRDA:53,2,1,0
BRDA:56,3,0,0
BRDA:56,3,1,0
BRDA:56,4,0,0
BRDA:56,4,1,0
BRDA:68,5,0,125
BRDA:68,5,1,0
BRDA:71,6,0,125
BRDA:71,6,1,0
BRDA:74,7,0,125
BRDA:74,7,1,0
BRDA:82,8,0,0
BRDA:82,8,1,125
BRDA:104,9,0,173
BRDA:104,9,1,0
BRDA:111,10,0,173
BRDA:111,10,1,0
BRDA:115,11,0,173
BRDA:115,11,1,0
BRDA:119,12,0,0
BRDA:119,12,1,173
BRDA:123,13,0,0
BRDA:123,13,1,0
BRDA:140,14,0,943
BRDA:140,14,1,173
BRDA:145,15,0,173
BRDA:145,15,1,32
BRDA:150,16,0,0
BRDA:150,16,1,173
BRDA:168,17,0,34
BRDA:168,17,1,216
BRDA:187,18,0,0
BRDA:187,18,1,399
BRDA:191,19,0,391
BRDA:191,19,1,8
BRDA:206,20,0,0
BRDA:206,20,1,0
BRDA:209,21,0,0
BRDA:209,21,1,0
BRDA:214,22,0,0
BRDA:214,22,1,0
BRDA:214,23,0,0
BRDA:214,23,1,0
BRDA:224,24,0,0
BRDA:225,25,0,0
BRDA:225,25,1,48
BRDA:229,26,0,0
BRDA:229,26,1,48
BRDA:233,27,0,0
BRDA:233,27,1,0
BRDA:242,28,0,0
BRDA:242,28,1,48
BRDA:249,29,0,2
BRDA:249,29,1,46
BRDA:260,30,0,0
BRDA:260,30,1,0
BRDA:274,31,0,0
BRDA:274,31,1,16
BRDA:281,32,0,0
BRDA:281,32,1,16
BRDA:291,33,0,0
BRDA:291,33,1,0
BRDA:298,34,0,0
BRDA:298,34,1,44
BRDA:298,35,0,44
BRDA:298,35,1,44
BRDA:304,36,0,0
BRDA:308,37,0,76
BRDA:308,37,1,125
BRDA:312,38,0,76
BRDA:312,38,1,125
BRDA:334,39,0,166
BRDA:334,39,1,78
BRDA:338,40,0,35
BRDA:338,40,1,43
BRDA:348,41,0,201
BRDA:348,41,1,43
BRDA:348,42,0,244
BRDA:348,42,1,201
BRDA:352,43,0,166
BRDA:352,43,1,78
BRDA:355,44,0,35
BRDA:355,44,1,43
BRDA:365,45,0,235
BRDA:365,45,1,0
BRDA:365,46,0,235
BRDA:365,46,1,235
BRDA:369,47,0,0
BRDA:369,47,1,235
BRF:94
BRH:51
end_of_record
TN:
SF:lib/registry/service-item.js
FN:8,(anonymous_0)
FN:19,(anonymous_1)
FN:23,(anonymous_2)
FN:27,(anonymous_3)
FN:31,(anonymous_4)
FNF:5
FNH:4
FNDA:298,(anonymous_0)
FNDA:399,(anonymous_1)
FNDA:250,(anonymous_2)
FNDA:1241,(anonymous_3)
FNDA:0,(anonymous_4)
DA:8,24
DA:9,298
DA:11,298
DA:12,298
DA:13,298
DA:14,298
DA:15,298
DA:16,298
DA:17,298
DA:19,298
DA:20,399
DA:23,298
DA:24,250
DA:27,298
DA:28,1241
DA:31,298
DA:32,0
DA:33,0
DA:36,298
LF:19
LH:17
BRDA:13,0,0,298
BRDA:13,0,1,0
BRDA:28,1,0,1241
BRDA:28,1,1,301
BRDA:28,1,2,301
BRDA:28,1,3,126
BRF:6
BRH:5
end_of_record
TN:
SF:lib/registry/service.js
FN:23,(anonymous_0)
FN:57,(anonymous_1)
FN:80,(anonymous_2)
FN:90,(anonymous_3)
FN:92,(anonymous_4)
FN:92,(anonymous_5)
FN:98,(anonymous_6)
FN:104,(anonymous_7)
FN:131,(anonymous_8)
FN:197,(anonymous_9)
FN:203,(anonymous_10)
FN:216,(anonymous_11)
FN:229,(anonymous_12)
FN:246,(anonymous_13)
FN:253,(anonymous_14)
FN:266,(anonymous_15)
FN:276,(anonymous_16)
FN:278,(anonymous_17)
FN:279,(anonymous_18)
FN:283,(anonymous_19)
FN:290,(anonymous_20)
FN:291,(anonymous_21)
FN:294,(anonymous_22)
FN:295,(anonymous_23)
FN:299,(anonymous_24)
FN:302,(anonymous_25)
FN:305,(anonymous_26)
FN:312,(anonymous_27)
FN:313,(anonymous_28)
FN:316,(anonymous_29)
FN:317,(anonymous_30)
FNF:31
FNH:28
FNDA:520,(anonymous_0)
FNDA:32,(anonymous_1)
FNDA:12,(anonymous_2)
FNDA:25,(anonymous_3)
FNDA:14,(anonymous_4)
FNDA:28,(anonymous_5)
FNDA:14,(anonymous_6)
FNDA:14,(anonymous_7)
FNDA:153,(anonymous_8)
FNDA:0,(anonymous_9)
FNDA:8,(anonymous_10)
FNDA:520,(anonymous_11)
FNDA:0,(anonymous_12)
FNDA:32,(anonymous_13)
FNDA:0,(anonymous_14)
FNDA:2,(anonymous_15)
FNDA:126,(anonymous_16)
FNDA:126,(anonymous_17)
FNDA:126,(anonymous_18)
FNDA:126,(anonymous_19)
FNDA:4,(anonymous_20)
FNDA:4,(anonymous_21)
FNDA:125,(anonymous_22)
FNDA:125,(anonymous_23)
FNDA:96,(anonymous_24)
FNDA:96,(anonymous_25)
FNDA:95,(anonymous_26)
FNDA:4,(anonymous_27)
FNDA:4,(anonymous_28)
FNDA:94,(anonymous_29)
FNDA:94,(anonymous_30)
DA:1,24
DA:2,24
DA:3,24
DA:4,24
DA:23,24
DA:24,520
DA:27,520
DA:28,26
DA:29,494
DA:30,494
DA:32,0
DA:35,520
DA:38,520
DA:39,1
DA:42,519
DA:43,519
DA:46,519
DA:47,0
DA:50,519
DA:51,519
DA:52,519
DA:54,519
DA:57,24
DA:61,32
DA:62,20
DA:63,12
DA:64,12
DA:66,0
DA:70,32
DA:71,0
DA:74,32
DA:77,32
DA:78,26
DA:79,6
DA:80,6
DA:81,12
DA:85,32
DA:86,32
DA:89,32
DA:90,26
DA:91,6
DA:92,28
DA:95,32
DA:98,24
DA:99,14
DA:100,14
DA:101,14
DA:105,14
DA:106,2
DA:108,14
DA:110,26
DA:111,15
DA:115,14
DA:117,14
DA:119,0
DA:131,24
DA:132,153
DA:135,153
DA:138,153
DA:141,153
DA:142,0
DA:146,153
DA:147,12
DA:151,153
DA:154,153
DA:155,0
DA:159,153
DA:162,153
DA:164,153
DA:167,153
DA:170,153
DA:173,153
DA:176,153
DA:177,153
DA:180,153
DA:191,153
DA:192,0
DA:193,0
DA:196,0
DA:197,0
DA:202,153
DA:203,3
DA:204,8
DA:206,8
DA:207,0
DA:210,8
DA:215,153
DA:216,120
DA:217,520
DA:220,520
DA:222,520
DA:223,519
DA:225,519
DA:226,519
DA:229,519
DA:232,0
DA:233,0
DA:236,0
DA:239,0
DA:245,152
DA:246,25
DA:247,32
DA:248,32
DA:251,32
DA:253,32
DA:254,0
DA:260,152
DA:261,7
DA:262,6
DA:265,7
DA:266,2
DA:276,152
DA:277,126
DA:278,126
DA:280,126
DA:281,0
DA:284,126
DA:285,5
DA:288,121
DA:289,2
DA:290,4
DA:291,4
DA:294,125
DA:295,125
DA:299,152
DA:300,96
DA:301,96
DA:303,96
DA:306,95
DA:307,4
DA:310,91
DA:311,2
DA:312,4
DA:313,4
DA:316,94
DA:317,94
DA:320,152
DA:323,152
DA:325,152
LF:139
LH:121
BRDA:27,0,0,26
BRDA:27,0,1,494
BRDA:29,1,0,494
BRDA:29,1,1,0
BRDA:38,2,0,1
BRDA:38,2,1,519
BRDA:42,3,0,519
BRDA:42,3,1,519
BRDA:46,4,0,0
BRDA:46,4,1,519
BRDA:61,5,0,20
BRDA:61,5,1,12
BRDA:63,6,0,12
BRDA:63,6,1,0
BRDA:70,7,0,0
BRDA:70,7,1,32
BRDA:70,8,0,32
BRDA:70,8,1,6
BRDA:77,9,0,26
BRDA:77,9,1,6
BRDA:79,10,0,6
BRDA:79,10,1,0
BRDA:85,11,0,32
BRDA:85,11,1,0
BRDA:89,12,0,26
BRDA:89,12,1,6
BRDA:91,13,0,6
BRDA:91,13,1,0
BRDA:100,14,0,14
BRDA:100,14,1,0
BRDA:105,15,0,2
BRDA:105,15,1,12
BRDA:110,16,0,15
BRDA:110,16,1,11
BRDA:115,17,0,0
BRDA:115,17,1,14
BRDA:141,18,0,0
BRDA:141,18,1,153
BRDA:146,19,0,12
BRDA:146,19,1,141
BRDA:154,20,0,0
BRDA:154,20,1,153
BRDA:164,21,0,0
BRDA:164,21,1,153
BRDA:170,22,0,153
BRDA:170,22,1,153
BRDA:173,23,0,153
BRDA:173,23,1,153
BRDA:191,24,0,0
BRDA:191,24,1,153
BRDA:192,25,0,0
BRDA:192,25,1,0
BRDA:196,26,0,0
BRDA:196,26,1,0
BRDA:202,27,0,3
BRDA:202,27,1,150
BRDA:206,28,0,0
BRDA:206,28,1,8
BRDA:215,29,0,120
BRDA:215,29,1,33
BRDA:220,30,0,0
BRDA:220,30,1,520
BRDA:232,31,0,0
BRDA:232,31,1,0
BRDA:232,32,0,0
BRDA:232,32,1,0
BRDA:236,33,0,0
BRDA:236,33,1,0
BRDA:245,34,0,25
BRDA:245,34,1,127
BRDA:260,35,0,7
BRDA:260,35,1,145
BRDA:261,36,0,6
BRDA:261,36,1,1
BRDA:265,37,0,1
BRDA:265,37,1,6
BRDA:280,38,0,0
BRDA:280,38,1,126
BRDA:281,39,0,0
BRDA:281,39,1,0
BRDA:284,40,0,5
BRDA:284,40,1,121
BRDA:288,41,0,2
BRDA:288,41,1,119
BRDA:306,42,0,4
BRDA:306,42,1,91
BRDA:310,43,0,2
BRDA:310,43,1,89
BRF:88
BRH:60
end_of_record
TN:
SF:lib/registry/collections/action-collection.js
FN:22,(anonymous_0)
FN:27,(anonymous_1)
FN:35,(anonymous_2)
FN:38,(anonymous_3)
FN:39,(anonymous_4)
FN:43,(anonymous_5)
FN:49,(anonymous_6)
FN:51,(anonymous_7)
FN:79,(anonymous_8)
FNF:9
FNH:7
FNDA:103,(anonymous_0)
FNDA:399,(anonymous_1)
FNDA:80,(anonymous_2)
FNDA:235,(anonymous_3)
FNDA:1199,(anonymous_4)
FNDA:0,(anonymous_5)
FNDA:1,(anonymous_6)
FNDA:5,(anonymous_7)
FNDA:0,(anonymous_8)
DA:7,24
DA:8,24
DA:22,24
DA:23,103
DA:24,103
DA:26,103
DA:28,399
DA:29,399
DA:30,399
DA:31,399
DA:33,399
DA:36,80
DA:39,235
DA:40,1199
DA:44,0
DA:45,0
DA:46,0
DA:50,1
DA:51,1
DA:52,5
DA:53,0
DA:56,5
DA:57,0
DA:60,5
DA:68,5
DA:69,5
DA:70,5
DA:71,5
DA:74,5
DA:75,0
DA:78,5
DA:79,0
DA:80,0
DA:86,5
DA:88,1
LF:35
LH:27
BRDA:29,0,0,399
BRDA:29,0,1,0
BRDA:45,1,0,0
BRDA:45,1,1,0
BRDA:49,2,0,1
BRDA:49,3,0,1
BRDA:49,4,0,1
BRDA:52,5,0,0
BRDA:52,5,1,5
BRDA:52,6,0,5
BRDA:52,6,1,0
BRDA:56,7,0,0
BRDA:56,7,1,5
BRDA:56,8,0,5
BRDA:56,8,1,0
BRDA:68,9,0,5
BRDA:68,9,1,0
BRDA:70,10,0,5
BRDA:70,10,1,0
BRDA:74,11,0,0
BRDA:74,11,1,5
BRDA:74,12,0,5
BRDA:74,12,1,5
BRDA:78,13,0,0
BRDA:78,13,1,5
BRF:25
BRH:14
end_of_record
TN:
SF:lib/registry/collections/endpoint-collection.js
FN:10,(anonymous_0)
FN:21,(anonymous_1)
FN:22,(anonymous_2)
FN:25,(anonymous_3)
FN:26,(anonymous_4)
FN:40,(anonymous_5)
FN:40,(anonymous_6)
FN:42,(anonymous_7)
FN:44,(anonymous_8)
FN:70,(anonymous_9)
FN:78,(anonymous_10)
FN:91,(anonymous_11)
FN:99,(anonymous_12)
FN:101,(anonymous_13)
FN:101,(anonymous_14)
FN:103,(anonymous_15)
FN:104,(anonymous_16)
FN:109,(anonymous_17)
FN:110,(anonymous_18)
FN:119,select
FN:128,(anonymous_20)
FNF:21
FNH:16
FNDA:519,(anonymous_0)
FNDA:3076,(anonymous_1)
FNDA:2489,(anonymous_2)
FNDA:649,(anonymous_3)
FNDA:180,(anonymous_4)
FNDA:5,(anonymous_5)
FNDA:5,(anonymous_6)
FNDA:47,(anonymous_7)
FNDA:70,(anonymous_8)
FNDA:35,(anonymous_9)
FNDA:90,(anonymous_10)
FNDA:14,(anonymous_11)
FNDA:5,(anonymous_12)
FNDA:0,(anonymous_13)
FNDA:0,(anonymous_14)
FNDA:0,(anonymous_15)
FNDA:0,(anonymous_16)
FNDA:2427,(anonymous_17)
FNDA:1947,(anonymous_18)
FNDA:27,select
FNDA:0,(anonymous_20)
DA:7,24
DA:8,24
DA:10,24
DA:11,519
DA:12,519
DA:13,519
DA:14,519
DA:15,519
DA:16,519
DA:17,519
DA:18,519
DA:19,519
DA:21,519
DA:22,3076
DA:25,519
DA:26,649
DA:28,649
DA:29,0
DA:30,0
DA:33,649
DA:35,649
DA:36,649
DA:37,649
DA:40,519
DA:42,519
DA:44,519
DA:45,70
DA:46,0
DA:50,70
DA:51,12
DA:55,58
DA:56,45
DA:57,45
DA:58,43
DA:60,2
DA:63,13
DA:64,0
DA:65,0
DA:66,0
DA:70,35
DA:71,13
DA:72,0
DA:75,13
DA:78,519
DA:79,90
DA:80,33
DA:83,57
DA:84,43
DA:85,43
DA:86,43
DA:88,0
DA:91,14
DA:92,14
DA:93,0
DA:96,14
DA:99,519
DA:101,519
DA:103,519
DA:104,0
DA:105,0
DA:106,0
DA:109,519
DA:110,2427
DA:111,2427
DA:112,447
DA:114,2427
DA:117,519
DA:121,27
DA:122,27
DA:123,7
DA:125,27
DA:126,27
DA:128,0
DA:129,0
LF:74
LH:60
BRDA:26,0,0,180
BRDA:26,0,1,0
BRDA:28,1,0,0
BRDA:28,1,1,649
BRDA:45,2,0,0
BRDA:45,2,1,70
BRDA:50,3,0,12
BRDA:50,3,1,58
BRDA:50,4,0,70
BRDA:50,4,1,13
BRDA:55,5,0,45
BRDA:55,5,1,13
BRDA:57,6,0,43
BRDA:57,6,1,2
BRDA:63,7,0,0
BRDA:63,7,1,13
BRDA:63,8,0,13
BRDA:63,8,1,13
BRDA:65,9,0,0
BRDA:65,9,1,0
BRDA:65,10,0,0
BRDA:65,10,1,0
BRDA:71,11,0,0
BRDA:71,11,1,13
BRDA:79,12,0,33
BRDA:79,12,1,57
BRDA:83,13,0,43
BRDA:83,13,1,14
BRDA:85,14,0,43
BRDA:85,14,1,0
BRDA:92,15,0,0
BRDA:92,15,1,14
BRDA:111,16,0,447
BRDA:111,16,1,1980
BRDA:121,17,0,27
BRDA:121,17,1,0
BRDA:122,18,0,7
BRDA:122,18,1,20
BRF:38
BRH:26
end_of_record
TN:
SF:lib/registry/collections/event-collection.js
FN:10,(anonymous_0)
FN:13,(anonymous_1)
FN:13,(anonymous_2)
FN:16,(anonymous_3)
FN:25,(anonymous_4)
FN:26,(anonymous_5)
FN:28,(anonymous_6)
FN:29,(anonymous_7)
FN:33,(anonymous_8)
FN:35,(anonymous_9)
FN:36,(anonymous_10)
FN:37,(anonymous_11)
FN:38,(anonymous_12)
FN:40,(anonymous_13)
FN:42,(anonymous_14)
FN:43,(anonymous_15)
FN:43,(anonymous_16)
FN:44,(anonymous_17)
FN:46,(anonymous_18)
FN:48,(anonymous_19)
FN:49,(anonymous_20)
FN:52,(anonymous_21)
FN:67,(anonymous_22)
FN:72,(anonymous_23)
FN:73,(anonymous_24)
FN:75,(anonymous_25)
FN:90,(anonymous_26)
FN:92,(anonymous_27)
FN:117,(anonymous_28)
FNF:29
FNH:22
FNDA:103,(anonymous_0)
FNDA:1462,(anonymous_1)
FNDA:4188,(anonymous_2)
FNDA:250,(anonymous_3)
FNDA:250,(anonymous_4)
FNDA:754,(anonymous_5)
FNDA:235,(anonymous_6)
FNDA:1228,(anonymous_7)
FNDA:16,(anonymous_8)
FNDA:25,(anonymous_9)
FNDA:22,(anonymous_10)
FNDA:22,(anonymous_11)
FNDA:22,(anonymous_12)
FNDA:0,(anonymous_13)
FNDA:0,(anonymous_14)
FNDA:0,(anonymous_15)
FNDA:0,(anonymous_16)
FNDA:0,(anonymous_17)
FNDA:3,(anonymous_18)
FNDA:9,(anonymous_19)
FNDA:6,(anonymous_20)
FNDA:3,(anonymous_21)
FNDA:1443,(anonymous_22)
FNDA:97,(anonymous_23)
FNDA:97,(anonymous_24)
FNDA:136,(anonymous_25)
FNDA:1,(anonymous_26)
FNDA:0,(anonymous_27)
FNDA:0,(anonymous_28)
DA:6,24
DA:7,24
DA:8,24
DA:10,24
DA:11,103
DA:12,103
DA:13,4188
DA:15,103
DA:17,250
DA:18,250
DA:19,250
DA:20,120
DA:21,120
DA:23,250
DA:26,754
DA:29,235
DA:30,1228
DA:34,16
DA:35,25
DA:36,22
DA:37,22
DA:38,22
DA:41,0
DA:42,0
DA:43,0
DA:44,0
DA:47,3
DA:48,9
DA:49,6
DA:51,3
DA:52,3
DA:55,3
DA:56,3
DA:58,3
DA:59,17
DA:60,17
DA:62,17
DA:65,3
DA:68,1443
DA:69,1443
DA:70,1443
DA:71,1443
DA:72,97
DA:74,97
DA:75,51
DA:76,136
DA:77,17
DA:81,46
DA:82,46
DA:83,13
DA:88,1443
DA:91,1
DA:92,1
DA:93,0
DA:94,0
DA:97,0
DA:98,0
DA:101,0
DA:109,0
DA:110,0
DA:111,0
DA:112,0
DA:116,0
DA:117,0
DA:118,0
DA:124,0
DA:126,1
LF:67
LH:50
BRDA:17,0,0,250
BRDA:17,0,1,250
BRDA:19,1,0,120
BRDA:19,1,1,130
BRDA:26,2,0,754
BRDA:26,2,1,202
BRDA:35,3,0,25
BRDA:35,3,1,6
BRDA:35,3,2,6
BRDA:37,4,0,22
BRDA:37,4,1,22
BRDA:48,5,0,9
BRDA:48,5,1,6
BRDA:48,5,2,6
BRDA:51,6,0,3
BRDA:51,6,1,0
BRDA:59,7,0,17
BRDA:59,7,1,0
BRDA:72,8,0,97
BRDA:72,8,1,0
BRDA:72,8,2,0
BRDA:74,9,0,51
BRDA:74,9,1,46
BRDA:76,10,0,17
BRDA:76,10,1,119
BRDA:76,11,0,136
BRDA:76,11,1,17
BRDA:82,12,0,13
BRDA:82,12,1,33
BRDA:82,13,0,46
BRDA:82,13,1,13
BRDA:82,13,2,13
BRDA:90,14,0,1
BRDA:90,15,0,1
BRDA:90,16,0,1
BRDA:93,17,0,0
BRDA:93,17,1,0
BRDA:93,18,0,0
BRDA:93,18,1,0
BRDA:97,19,0,0
BRDA:97,19,1,0
BRDA:97,20,0,0
BRDA:97,20,1,0
BRDA:109,21,0,0
BRDA:109,21,1,0
BRDA:111,22,0,0
BRDA:111,22,1,0
BRDA:116,23,0,0
BRDA:116,23,1,0
BRF:49
BRH:31
end_of_record
TN:
SF:lib/registry/collections/node-collection.js
FN:11,(anonymous_0)
FN:17,(anonymous_1)
FN:20,(anonymous_2)
FN:23,(anonymous_3)
FN:26,(anonymous_4)
FN:29,(anonymous_5)
FN:32,(anonymous_6)
FN:34,(anonymous_7)
FN:43,(anonymous_8)
FN:52,(anonymous_9)
FN:54,(anonymous_10)
FN:60,(anonymous_11)
FNF:12
FNH:6
FNDA:103,(anonymous_0)
FNDA:0,(anonymous_1)
FNDA:269,(anonymous_2)
FNDA:0,(anonymous_3)
FNDA:23171,(anonymous_4)
FNDA:0,(anonymous_5)
FNDA:24931,(anonymous_6)
FNDA:45187,(anonymous_7)
FNDA:0,(anonymous_8)
FNDA:0,(anonymous_9)
FNDA:0,(anonymous_10)
FNDA:103,(anonymous_11)
DA:7,24
DA:8,24
DA:9,24
DA:11,24
DA:12,103
DA:13,103
DA:15,103
DA:18,0
DA:21,269
DA:24,0
DA:27,23171
DA:30,0
DA:33,24931
DA:34,24931
DA:35,45187
DA:36,45187
DA:38,0
DA:41,24931
DA:44,0
DA:45,0
DA:46,0
DA:47,0
DA:48,0
DA:49,0
DA:53,0
DA:54,0
DA:55,0
DA:60,103
DA:61,103
DA:63,103
DA:64,103
DA:65,103
DA:71,103
DA:72,103
DA:73,103
DA:75,103
DA:78,103
DA:80,103
LF:38
LH:25
BRDA:32,0,0,18681
BRDA:35,1,0,45187
BRDA:35,1,1,0
BRDA:45,2,0,0
BRDA:45,2,1,0
BRDA:45,3,0,0
BRDA:45,3,1,0
BRDA:49,4,0,0
BRDA:49,4,1,0
BRF:9
BRH:2
end_of_record
TN:
SF:lib/registry/collections/service-collection.js
FN:11,(anonymous_0)
FN:18,(anonymous_1)
FN:19,(anonymous_2)
FN:22,(anonymous_3)
FN:28,(anonymous_4)
FN:28,(anonymous_5)
FN:30,(anonymous_6)
FN:30,(anonymous_7)
FN:32,(anonymous_8)
FN:38,(anonymous_9)
FN:42,(anonymous_10)
FN:43,(anonymous_11)
FN:53,(anonymous_12)
FN:71,(anonymous_13)
FN:73,(anonymous_14)
FN:76,(anonymous_15)
FN:85,(anonymous_16)
FN:87,(anonymous_17)
FN:98,(anonymous_18)
FN:100,(anonymous_19)
FN:126,(anonymous_20)
FN:134,(anonymous_21)
FN:144,(anonymous_22)
FNF:23
FNH:12
FNDA:103,(anonymous_0)
FNDA:0,(anonymous_1)
FNDA:0,(anonymous_2)
FNDA:298,(anonymous_3)
FNDA:173,(anonymous_4)
FNDA:981,(anonymous_5)
FNDA:127,(anonymous_6)
FNDA:55,(anonymous_7)
FNDA:0,(anonymous_8)
FNDA:0,(anonymous_9)
FNDA:235,(anonymous_10)
FNDA:974,(anonymous_11)
FNDA:0,(anonymous_12)
FNDA:0,(anonymous_13)
FNDA:0,(anonymous_14)
FNDA:0,(anonymous_15)
FNDA:0,(anonymous_16)
FNDA:0,(anonymous_17)
FNDA:77,(anonymous_18)
FNDA:125,(anonymous_19)
FNDA:31,(anonymous_20)
FNDA:32,(anonymous_21)
FNDA:0,(anonymous_22)
DA:7,24
DA:8,24
DA:9,24
DA:11,24
DA:12,103
DA:13,103
DA:14,103
DA:15,103
DA:16,103
DA:18,103
DA:19,0
DA:22,103
DA:23,298
DA:24,298
DA:25,298
DA:28,981
DA:30,127
DA:32,103
DA:33,0
DA:35,0
DA:36,0
DA:37,0
DA:38,0
DA:42,103
DA:43,235
DA:44,974
DA:45,235
DA:46,235
DA:47,235
DA:49,739
DA:53,103
DA:54,0
DA:56,0
DA:57,0
DA:58,0
DA:59,0
DA:62,0
DA:64,0
DA:65,0
DA:68,0
DA:71,103
DA:73,103
DA:74,0
DA:76,0
DA:77,0
DA:78,0
DA:79,0
DA:82,0
DA:85,103
DA:86,0
DA:87,0
DA:88,0
DA:93,0
DA:95,0
DA:98,103
DA:99,77
DA:100,77
DA:101,125
DA:102,71
DA:104,54
DA:105,0
DA:108,54
DA:109,0
DA:112,54
DA:119,54
DA:120,53
DA:123,54
DA:124,53
DA:125,53
DA:127,31
DA:131,54
DA:132,53
DA:133,53
DA:135,32
DA:139,54
DA:141,77
DA:144,103
DA:145,0
DA:146,0
DA:147,0
DA:151,103
LF:81
LH:50
BRDA:19,0,0,0
BRDA:19,0,1,0
BRDA:35,1,0,0
BRDA:35,1,1,0
BRDA:44,2,0,235
BRDA:44,2,1,739
BRDA:56,3,0,0
BRDA:56,3,1,0
BRDA:64,4,0,0
BRDA:64,4,1,0
BRDA:78,5,0,0
BRDA:78,5,1,0
BRDA:98,6,0,1
BRDA:98,7,0,1
BRDA:98,8,0,1
BRDA:98,9,0,0
BRDA:98,10,0,1
BRDA:101,11,0,71
BRDA:101,11,1,54
BRDA:101,12,0,125
BRDA:101,12,1,72
BRDA:104,13,0,0
BRDA:104,13,1,54
BRDA:104,14,0,54
BRDA:104,14,1,54
BRDA:108,15,0,0
BRDA:108,15,1,54
BRDA:108,16,0,54
BRDA:108,16,1,53
BRDA:119,17,0,53
BRDA:119,17,1,1
BRDA:123,18,0,53
BRDA:123,18,1,1
BRDA:131,19,0,53
BRDA:131,19,1,1
BRDA:146,20,0,0
BRDA:146,20,1,0
BRF:37
BRH:22
end_of_record
TN:
SF:lib/tracing/index.js
FNF:0
FNH:0
DA:1,24
LF:1
LH:1
BRF:0
BRH:0
end_of_record
TN:
SF:lib/tracing/span.js
FN:5,(anonymous_0)
FN:28,(anonymous_1)
FN:33,(anonymous_2)
FN:39,(anonymous_3)
FN:47,(anonymous_4)
FN:56,(anonymous_5)
FNF:6
FNH:4
FNDA:3,(anonymous_0)
FNDA:3,(anonymous_1)
FNDA:3,(anonymous_2)
FNDA:0,(anonymous_3)
FNDA:3,(anonymous_4)
FNDA:0,(anonymous_5)
DA:1,24
DA:2,24
DA:6,3
DA:7,3
DA:9,3
DA:10,3
DA:11,3
DA:12,3
DA:13,3
DA:14,3
DA:15,3
DA:16,3
DA:17,3
DA:19,3
DA:20,3
DA:21,3
DA:23,3
DA:24,3
DA:29,3
DA:30,3
DA:34,3
DA:35,3
DA:36,3
DA:40,0
DA:44,0
DA:48,3
DA:49,3
DA:50,3
DA:51,3
DA:53,3
DA:57,0
DA:58,0
DA:62,24
LF:33
LH:29
BRDA:9,0,0,3
BRDA:9,0,1,0
BRDA:10,1,0,3
BRDA:10,1,1,0
BRDA:17,2,0,0
BRDA:17,2,1,3
BRDA:23,3,0,3
BRDA:23,3,1,0
BRDA:34,4,0,3
BRDA:34,4,1,3
BRDA:48,5,0,3
BRDA:48,5,1,3
BRF:12
BRH:8
end_of_record
TN:
SF:lib/tracing/time.js
FN:4,getNanoSeconds
FN:9,now
FN:16,(anonymous_2)
FNF:3
FNH:3
FNDA:54,getNanoSeconds
FNDA:30,now
FNDA:6,(anonymous_2)
DA:1,24
DA:2,24
DA:5,54
DA:6,54
DA:10,30
DA:13,24
DA:14,24
DA:16,24
LF:8
LH:8
BRF:0
BRH:0
end_of_record
TN:
SF:lib/tracing/tracer.js
FN:4,(anonymous_0)
FN:8,(anonymous_1)
FN:17,(anonymous_2)
FN:24,(anonymous_3)
FN:41,(anonymous_4)
FN:42,(anonymous_5)
FN:44,(anonymous_6)
FNF:7
FNH:7
FNDA:103,(anonymous_0)
FNDA:103,(anonymous_1)
FNDA:2,(anonymous_2)
FNDA:3,(anonymous_3)
FNDA:6,(anonymous_4)
FNDA:6,(anonymous_5)
FNDA:3,(anonymous_6)
DA:1,24
DA:2,24
DA:4,24
DA:5,103
DA:6,103
DA:7,103
DA:9,103
DA:10,103
DA:14,103
DA:15,2
DA:16,2
DA:18,2
DA:19,2
DA:20,2
DA:25,3
DA:27,3
DA:28,3
DA:31,0
DA:32,0
DA:35,0
DA:36,0
DA:37,0
DA:39,0
DA:42,6
DA:45,3
DA:49,3
DA:51,3
LF:27
LH:21
BRDA:14,0,0,2
BRDA:14,0,1,101
BRDA:27,1,0,3
BRDA:27,1,1,0
BRDA:31,2,0,0
BRDA:31,2,1,0
BRDA:35,3,0,0
BRDA:35,3,1,0
BRF:8
BRH:3
end_of_record
TN:
SF:lib/tracing/collectors/base.js
FN:2,(anonymous_0)
FN:6,(anonymous_1)
FN:10,(anonymous_2)
FN:14,(anonymous_3)
FN:18,(anonymous_4)
FN:19,(anonymous_5)
FNF:6
FNH:2
FNDA:2,(anonymous_0)
FNDA:2,(anonymous_1)
FNDA:0,(anonymous_2)
FNDA:0,(anonymous_3)
FNDA:0,(anonymous_4)
FNDA:0,(anonymous_5)
DA:3,2
DA:7,2
DA:19,0
DA:25,24
LF:4
LH:3
BRDA:3,0,0,2
BRDA:3,0,1,0
BRDA:18,1,0,0
BRF:3
BRH:1
end_of_record
TN:
SF:lib/tracing/collectors/event.js
FN:4,(anonymous_0)
FN:16,(anonymous_1)
FN:21,(anonymous_2)
FN:26,(anonymous_3)
FNF:4
FNH:4
FNDA:2,(anonymous_0)
FNDA:2,(anonymous_1)
FNDA:3,(anonymous_2)
FNDA:3,(anonymous_3)
DA:1,24
DA:5,2
DA:7,2
DA:17,2
DA:18,2
DA:23,3
DA:28,3
DA:84,24
LF:8
LH:8
BRF:0
BRH:0
end_of_record
TN:
SF:lib/tracing/collectors/index.js
FN:6,(anonymous_0)
FN:7,(anonymous_1)
FN:11,(anonymous_2)
FNF:3
FNH:3
FNDA:2,(anonymous_0)
FNDA:4,(anonymous_1)
FNDA:2,(anonymous_2)
DA:1,24
DA:6,24
DA:7,4
DA:8,2
DA:11,24
DA:13,2
DA:14,2
DA:16,2
DA:17,0
DA:20,2
LF:10
LH:9
BRDA:13,0,0,2
BRDA:13,0,1,0
BRDA:16,1,0,0
BRDA:16,1,1,2
BRF:4
BRH:2
end_of_record
TN:
SF:lib/transport/message-handlers.js
FN:12,(anonymous_0)
FN:15,(anonymous_1)
FN:40,(anonymous_2)
FN:44,(anonymous_3)
FN:46,(anonymous_4)
FN:70,(anonymous_5)
FN:93,(anonymous_6)
FN:94,(anonymous_7)
FN:100,(anonymous_8)
FN:129,(anonymous_9)
FN:167,(anonymous_10)
FN:175,(anonymous_11)
FN:187,(anonymous_12)
FN:211,(anonymous_13)
FN:215,(anonymous_14)
FN:234,(anonymous_15)
FNF:16
FNH:14
FNDA:42,(anonymous_0)
FNDA:16,(anonymous_1)
FNDA:241,(anonymous_2)
FNDA:244,(anonymous_3)
FNDA:16,(anonymous_4)
FNDA:0,(anonymous_5)
FNDA:12,(anonymous_6)
FNDA:4,(anonymous_7)
FNDA:16,(anonymous_8)
FNDA:0,(anonymous_9)
FNDA:8,(anonymous_10)
FNDA:34,(anonymous_11)
FNDA:30,(anonymous_12)
FNDA:235,(anonymous_13)
FNDA:22692,(anonymous_14)
FNDA:23516,(anonymous_15)
DA:7,24
DA:8,24
DA:9,24
DA:10,24
DA:12,24
DA:13,42
DA:15,42
DA:16,16
DA:19,16
DA:22,16
DA:23,0
DA:24,0
DA:28,16
DA:31,16
DA:32,0
DA:33,0
DA:37,16
DA:40,42
DA:41,241
DA:44,244
DA:46,42
DA:47,16
DA:48,16
DA:49,16
DA:51,16
DA:53,16
DA:54,16
DA:56,0
DA:57,0
DA:58,0
DA:59,0
DA:60,0
DA:61,0
DA:63,0
DA:64,0
DA:65,0
DA:67,16
DA:68,0
DA:71,0
DA:72,0
DA:75,0
DA:78,16
DA:79,16
DA:81,16
DA:82,16
DA:83,16
DA:84,16
DA:85,16
DA:86,16
DA:87,16
DA:88,16
DA:89,16
DA:90,16
DA:92,16
DA:93,12
DA:94,4
DA:96,0
DA:100,42
DA:101,16
DA:102,16
DA:104,16
DA:105,0
DA:109,16
DA:111,16
DA:112,0
DA:114,0
DA:115,0
DA:116,0
DA:117,0
DA:118,0
DA:119,0
DA:121,0
DA:122,0
DA:125,0
DA:127,0
DA:130,0
DA:131,0
DA:135,0
DA:137,0
DA:138,0
DA:142,16
DA:144,16
DA:145,4
DA:147,4
DA:148,0
DA:149,0
DA:150,0
DA:151,0
DA:152,0
DA:155,4
DA:156,4
DA:158,4
DA:159,4
DA:162,4
DA:164,16
DA:167,42
DA:168,8
DA:175,42
DA:176,34
DA:177,34
DA:178,34
DA:180,34
DA:187,42
DA:189,30
DA:192,30
DA:193,30
DA:194,30
DA:195,30
DA:196,30
DA:197,30
DA:198,30
DA:199,30
DA:200,30
DA:203,30
DA:204,30
DA:206,30
DA:211,42
DA:212,235
DA:215,42
DA:217,22692
DA:218,22692
DA:220,22692
DA:221,22692
DA:222,0
DA:224,0
DA:226,22692
DA:230,0
DA:234,42
DA:235,23516
DA:236,23516
DA:237,0
DA:240,23516
DA:241,23516
DA:243,23516
DA:244,0
DA:255,23516
DA:257,241
DA:258,241
DA:260,244
DA:261,244
DA:263,16
DA:264,16
DA:266,16
DA:267,16
DA:269,8
DA:270,8
DA:272,34
DA:273,34
DA:275,235
DA:276,235
DA:278,22692
DA:279,22692
DA:281,30
DA:282,30
DA:285,0
LF:155
LH:109
BRDA:22,0,0,0
BRDA:22,0,1,16
BRDA:22,1,0,16
BRDA:22,1,1,16
BRDA:31,2,0,0
BRDA:31,2,1,16
BRDA:51,3,0,16
BRDA:51,3,1,0
BRDA:54,4,0,0
BRDA:54,4,1,16
BRDA:56,5,0,0
BRDA:56,5,1,0
BRDA:64,6,0,0
BRDA:64,6,1,0
BRDA:67,7,0,0
BRDA:67,7,1,16
BRDA:69,8,0,0
BRDA:69,8,1,0
BRDA:83,9,0,16
BRDA:83,9,1,16
BRDA:86,10,0,16
BRDA:86,10,1,0
BRDA:90,11,0,16
BRDA:90,11,1,16
BRDA:90,11,2,16
BRDA:104,12,0,0
BRDA:104,12,1,16
BRDA:111,13,0,0
BRDA:111,13,1,16
BRDA:114,14,0,0
BRDA:114,14,1,0
BRDA:115,15,0,0
BRDA:115,15,1,0
BRDA:122,16,0,0
BRDA:122,16,1,0
BRDA:128,17,0,0
BRDA:128,17,1,0
BRDA:144,18,0,4
BRDA:144,18,1,12
BRDA:147,19,0,0
BRDA:147,19,1,4
BRDA:156,20,0,4
BRDA:156,20,1,4
BRDA:158,21,0,4
BRDA:158,21,1,0
BRDA:196,22,0,30
BRDA:196,22,1,30
BRDA:200,23,0,30
BRDA:200,23,1,30
BRDA:200,23,2,30
BRDA:204,24,0,17
BRDA:204,24,1,13
BRDA:220,25,0,22692
BRDA:220,25,1,0
BRDA:221,26,0,0
BRDA:221,26,1,22692
BRDA:236,27,0,0
BRDA:236,27,1,23516
BRDA:243,28,0,0
BRDA:243,28,1,23516
BRDA:255,29,0,241
BRDA:255,29,1,244
BRDA:255,29,2,16
BRDA:255,29,3,16
BRDA:255,29,4,8
BRDA:255,29,5,34
BRDA:255,29,6,235
BRDA:255,29,7,22692
BRDA:255,29,8,30
BRF:69
BRH:41
end_of_record
TN:
SF:lib/transport/message-types.js
FNF:0
FNH:0
DA:45,26
DA:46,26
DA:47,26
DA:48,26
DA:49,26
DA:50,26
DA:51,26
DA:52,26
DA:53,26
DA:54,26
DA:55,26
DA:56,26
DA:57,26
DA:58,26
DA:59,26
LF:15
LH:15
BRF:0
BRH:0
end_of_record
TN:
SF:lib/transport/transport-factory.js
FN:19,(anonymous_0)
FN:34,(anonymous_1)
FN:74,(anonymous_2)
FN:83,(anonymous_3)
FN:90,(anonymous_4)
FN:93,(anonymous_5)
FN:100,(anonymous_6)
FN:122,(anonymous_7)
FN:123,(anonymous_8)
FN:127,(anonymous_9)
FN:128,(anonymous_10)
FN:133,(anonymous_11)
FN:147,(anonymous_12)
FN:156,(anonymous_13)
FN:158,(anonymous_14)
FN:164,(anonymous_15)
FN:178,(anonymous_16)
FN:183,(anonymous_17)
FN:186,(anonymous_18)
FN:189,(anonymous_19)
FN:192,(anonymous_20)
FN:194,(anonymous_21)
FN:195,(anonymous_22)
FN:204,(anonymous_23)
FN:225,(anonymous_24)
FN:234,(anonymous_25)
FN:239,(anonymous_26)
FN:241,(anonymous_27)
FN:251,(anonymous_28)
FN:258,(anonymous_29)
FN:269,(anonymous_30)
FN:271,(anonymous_31)
FN:306,(anonymous_32)
FN:313,(anonymous_33)
FN:316,(anonymous_34)
FN:327,(anonymous_35)
FN:343,(anonymous_36)
FN:350,(anonymous_37)
FN:352,(anonymous_38)
FN:357,(anonymous_39)
FN:358,(anonymous_40)
FN:359,(anonymous_41)
FN:368,(anonymous_42)
FN:384,(anonymous_43)
FN:386,(anonymous_44)
FN:390,(anonymous_45)
FN:398,(anonymous_46)
FN:406,makeSubscriptions
FN:422,startHeartbeatTimer
FN:423,(anonymous_49)
FN:427,startRemoteNodeCheckTimer
FN:428,(anonymous_51)
FN:432,startOfflineNodeCheckTimer
FN:433,(anonymous_53)
FN:437,startUpdateLocalNodeTimer
FN:438,(anonymous_55)
FN:446,stopTimers
FN:453,sendHeartbeat
FN:466,checkRemoteNodes
FN:468,(anonymous_59)
FN:480,checkOfflineNodes
FN:482,(anonymous_61)
FNF:62
FNH:42
FNDA:42,(anonymous_0)
FNDA:16,(anonymous_1)
FNDA:16,(anonymous_2)
FNDA:0,(anonymous_3)
FNDA:0,(anonymous_4)
FNDA:0,(anonymous_5)
FNDA:0,(anonymous_6)
FNDA:41,(anonymous_7)
FNDA:41,(anonymous_8)
FNDA:41,(anonymous_9)
FNDA:0,(anonymous_10)
FNDA:0,(anonymous_11)
FNDA:38,(anonymous_12)
FNDA:38,(anonymous_13)
FNDA:40,(anonymous_14)
FNDA:281,(anonymous_15)
FNDA:6449,(anonymous_16)
FNDA:4,(anonymous_17)
FNDA:41,(anonymous_18)
FNDA:0,(anonymous_19)
FNDA:0,(anonymous_20)
FNDA:0,(anonymous_21)
FNDA:0,(anonymous_22)
FNDA:30,(anonymous_23)
FNDA:0,(anonymous_24)
FNDA:4,(anonymous_25)
FNDA:235,(anonymous_26)
FNDA:0,(anonymous_27)
FNDA:6449,(anonymous_28)
FNDA:16,(anonymous_29)
FNDA:16,(anonymous_30)
FNDA:16,(anonymous_31)
FNDA:0,(anonymous_32)
FNDA:0,(anonymous_33)
FNDA:0,(anonymous_34)
FNDA:0,(anonymous_35)
FNDA:0,(anonymous_36)
FNDA:41,(anonymous_37)
FNDA:41,(anonymous_38)
FNDA:41,(anonymous_39)
FNDA:41,(anonymous_40)
FNDA:40,(anonymous_41)
FNDA:40,(anonymous_42)
FNDA:0,(anonymous_43)
FNDA:0,(anonymous_44)
FNDA:0,(anonymous_45)
FNDA:42,(anonymous_46)
FNDA:41,makeSubscriptions
FNDA:40,startHeartbeatTimer
FNDA:6252,(anonymous_49)
FNDA:40,startRemoteNodeCheckTimer
FNDA:6250,(anonymous_51)
FNDA:40,startOfflineNodeCheckTimer
FNDA:18678,(anonymous_53)
FNDA:40,startUpdateLocalNodeTimer
FNDA:6252,(anonymous_55)
FNDA:38,stopTimers
FNDA:6252,sendHeartbeat
FNDA:6250,checkRemoteNodes
FNDA:10359,(anonymous_59)
FNDA:18678,checkOfflineNodes
FNDA:34824,(anonymous_61)
DA:8,24
DA:9,24
DA:10,24
DA:11,24
DA:19,24
DA:25,42
DA:26,42
DA:28,42
DA:34,42
DA:35,16
DA:37,16
DA:46,16
DA:48,16
DA:50,16
DA:66,16
DA:67,0
DA:68,0
DA:71,16
DA:73,16
DA:75,16
DA:76,0
DA:77,0
DA:79,0
DA:80,0
DA:83,0
DA:84,0
DA:86,0
DA:87,0
DA:89,0
DA:90,0
DA:93,0
DA:94,0
DA:95,0
DA:96,0
DA:97,0
DA:100,0
DA:101,0
DA:107,42
DA:123,41
DA:124,41
DA:125,41
DA:127,41
DA:128,41
DA:129,0
DA:130,0
DA:132,0
DA:133,0
DA:134,0
DA:135,0
DA:139,41
DA:144,41
DA:148,38
DA:150,38
DA:151,38
DA:153,38
DA:155,38
DA:156,38
DA:159,40
DA:160,40
DA:161,40
DA:165,281
DA:166,237
DA:169,44
DA:170,44
DA:179,6449
DA:180,6449
DA:181,6449
DA:184,4
DA:187,41
DA:190,0
DA:193,0
DA:194,0
DA:196,0
DA:205,30
DA:206,30
DA:226,0
DA:227,0
DA:235,4
DA:236,4
DA:237,4
DA:240,235
DA:241,235
DA:242,0
DA:243,0
DA:245,0
DA:247,0
DA:248,0
DA:252,6449
DA:260,16
DA:261,0
DA:269,16
DA:273,16
DA:274,16
DA:281,16
DA:282,4
DA:293,16
DA:294,0
DA:295,0
DA:296,0
DA:298,0
DA:299,0
DA:300,0
DA:303,0
DA:304,0
DA:306,0
DA:307,0
DA:308,0
DA:309,0
DA:310,0
DA:311,0
DA:312,0
DA:313,0
DA:316,0
DA:317,0
DA:319,0
DA:320,0
DA:321,0
DA:323,0
DA:324,0
DA:327,0
DA:328,0
DA:330,0
DA:331,0
DA:333,0
DA:334,0
DA:337,0
DA:340,0
DA:342,0
DA:343,0
DA:346,16
DA:350,42
DA:351,41
DA:353,41
DA:354,41
DA:357,41
DA:358,41
DA:360,40
DA:361,40
DA:363,40
DA:364,40
DA:365,40
DA:369,40
DA:371,40
DA:372,40
DA:375,40
DA:376,40
DA:379,40
DA:380,40
DA:384,42
DA:385,0
DA:387,0
DA:388,0
DA:391,0
DA:395,42
DA:397,42
DA:399,42
DA:400,42
DA:401,42
DA:404,42
DA:407,41
DA:423,6252
DA:424,40
DA:428,6250
DA:429,40
DA:433,18678
DA:434,40
DA:438,40
DA:439,6252
DA:440,6252
DA:443,40
DA:447,38
DA:448,38
DA:449,38
DA:450,38
DA:454,6252
DA:455,6252
DA:457,6252
DA:459,6252
DA:467,6250
DA:468,6250
DA:469,10359
DA:470,6250
DA:473,4109
DA:474,0
DA:481,18678
DA:482,18678
DA:483,34824
DA:484,28952
DA:487,5872
DA:488,0
LF:190
LH:114
BRDA:53,0,0,0
BRDA:53,0,1,16
BRDA:66,1,0,0
BRDA:66,1,1,16
BRDA:66,2,0,16
BRDA:66,2,1,0
BRDA:67,3,0,0
BRDA:67,3,1,0
BRDA:75,4,0,0
BRDA:75,4,1,16
BRDA:79,5,0,0
BRDA:79,5,1,0
BRDA:132,6,0,0
BRDA:132,6,1,0
BRDA:159,7,0,40
BRDA:159,7,1,0
BRDA:165,8,0,237
BRDA:165,8,1,44
BRDA:165,9,0,281
BRDA:165,9,1,44
BRDA:180,10,0,6449
BRDA:180,10,1,6371
BRDA:206,11,0,30
BRDA:206,11,1,0
BRDA:242,12,0,0
BRDA:242,12,1,0
BRDA:253,13,0,6449
BRDA:253,13,1,0
BRDA:255,14,0,6449
BRDA:255,14,1,79
BRDA:260,15,0,0
BRDA:260,15,1,16
BRDA:260,16,0,16
BRDA:260,16,1,15
BRDA:281,17,0,4
BRDA:281,17,1,12
BRDA:285,18,0,4
BRDA:285,18,1,4
BRDA:293,19,0,0
BRDA:293,19,1,16
BRDA:298,20,0,0
BRDA:298,20,1,0
BRDA:299,21,0,0
BRDA:299,21,1,0
BRDA:333,22,0,0
BRDA:333,22,1,0
BRDA:350,23,0,41
BRDA:350,24,0,41
BRDA:350,25,0,41
BRDA:353,26,0,41
BRDA:353,26,1,0
BRDA:363,27,0,40
BRDA:363,27,1,0
BRDA:371,28,0,40
BRDA:371,28,1,0
BRDA:375,29,0,40
BRDA:375,29,1,0
BRDA:379,30,0,40
BRDA:379,30,1,0
BRDA:469,31,0,6250
BRDA:469,31,1,4109
BRDA:469,32,0,10359
BRDA:469,32,1,4109
BRDA:473,33,0,0
BRDA:473,33,1,4109
BRDA:473,34,0,4109
BRDA:473,34,1,0
BRDA:483,35,0,28952
BRDA:483,35,1,5872
BRDA:483,36,0,34824
BRDA:483,36,1,16146
BRDA:487,37,0,0
BRDA:487,37,1,5872
BRF:73
BRH:42
end_of_record
TN:
SF:lib/transport/adapters/adapter-base.js
FN:9,(anonymous_0)
FN:19,(anonymous_1)
FN:35,(anonymous_2)
FN:46,(anonymous_3)
FN:49,(anonymous_4)
FN:52,(anonymous_5)
FN:56,(anonymous_6)
FN:59,(anonymous_7)
FN:62,(anonymous_8)
FN:67,(anonymous_9)
FN:76,(anonymous_10)
FN:83,(anonymous_11)
FN:86,(anonymous_12)
FNF:13
FNH:8
FNDA:42,(anonymous_0)
FNDA:42,(anonymous_1)
FNDA:0,(anonymous_2)
FNDA:0,(anonymous_3)
FNDA:0,(anonymous_4)
FNDA:6900,(anonymous_5)
FNDA:6449,(anonymous_6)
FNDA:0,(anonymous_7)
FNDA:23516,(anonymous_8)
FNDA:6449,(anonymous_9)
FNDA:23516,(anonymous_10)
FNDA:23516,(anonymous_11)
FNDA:0,(anonymous_12)
DA:7,25
DA:9,25
DA:10,42
DA:12,42
DA:20,42
DA:21,42
DA:22,42
DA:23,42
DA:25,42
DA:26,18
DA:29,42
DA:30,0
DA:33,42
DA:36,0
DA:47,0
DA:50,0
DA:53,6900
DA:54,6900
DA:57,6449
DA:60,0
DA:63,23516
DA:64,23516
DA:65,23516
DA:68,6449
DA:70,6449
DA:71,6449
DA:73,0
DA:77,23516
DA:78,23516
DA:80,0
DA:84,23516
DA:87,0
DA:92,25
LF:33
LH:25
BRDA:25,0,0,18
BRDA:25,0,1,24
BRDA:29,1,0,0
BRDA:29,1,1,42
BRDA:46,2,0,0
BRDA:53,3,0,365
BRDA:53,3,1,6535
BRF:7
BRH:5
end_of_record
TN:
SF:lib/transport/adapters/adapters.js
FNF:0
FNH:0
DA:7,25
LF:1
LH:1
BRF:0
BRH:0
end_of_record
TN:
SF:lib/transport/adapters/fromURI.js
FN:9,fromURI
FNF:1
FNH:1
FNDA:3,fromURI
DA:6,25
DA:7,25
DA:10,3
DA:11,1
DA:14,2
DA:16,2
DA:17,1
DA:20,1
DA:22,1
DA:24,1
DA:25,1
DA:28,0
DA:29,0
DA:30,0
DA:32,0
DA:35,25
LF:16
LH:12
BRDA:10,0,0,1
BRDA:10,0,1,2
BRDA:16,1,0,1
BRDA:16,1,1,1
BRDA:24,2,0,1
BRDA:24,2,1,0
BRDA:29,3,0,0
BRDA:29,3,1,0
BRF:8
BRH:5
end_of_record
TN:
SF:lib/transport/adapters/getAdapterByName.js
FN:3,(anonymous_0)
FN:7,(anonymous_1)
FNF:2
FNH:2
FNDA:36,(anonymous_0)
FNDA:73,(anonymous_1)
DA:1,25
DA:3,25
DA:4,36
DA:5,0
DA:7,73
DA:8,36
DA:9,35
LF:7
LH:6
BRDA:4,0,0,0
BRDA:4,0,1,36
BRDA:8,1,0,35
BRDA:8,1,1,1
BRF:4
BRH:3
end_of_record
TN:
SF:lib/transport/adapters/index.js
FN:12,(anonymous_0)
FNF:1
FNH:1
FNDA:42,(anonymous_0)
DA:7,24
DA:8,24
DA:9,24
DA:10,24
DA:12,24
DA:13,42
DA:14,42
DA:15,35
DA:17,35
DA:18,35
DA:20,0
DA:23,7
DA:46,0
DA:49,24
LF:14
LH:12
BRDA:13,0,0,42
BRDA:13,0,1,0
BRDA:14,1,0,35
BRDA:14,1,1,7
BRDA:17,2,0,35
BRDA:17,2,1,0
BRF:6
BRH:4
end_of_record
TN:
SF:lib/transport/adapters/dummy/index.js
FN:16,(anonymous_0)
FN:21,(anonymous_1)
FN:26,(anonymous_2)
FN:29,(anonymous_3)
FN:35,(anonymous_4)
FN:37,(anonymous_5)
FNF:6
FNH:6
FNDA:42,(anonymous_0)
FNDA:41,(anonymous_1)
FNDA:38,(anonymous_2)
FNDA:6449,(anonymous_3)
FNDA:451,(anonymous_4)
FNDA:23516,(anonymous_5)
DA:7,25
DA:8,25
DA:11,25
DA:16,25
DA:17,42
DA:19,42
DA:22,41
DA:23,41
DA:24,41
DA:27,38
DA:30,6449
DA:31,6449
DA:32,6449
DA:33,6449
DA:36,451
DA:37,23516
DA:42,25
LF:17
LH:17
BRDA:21,0,0,0
BRF:1
BRH:0
end_of_record
TN:
SF:lib/transport/adapters/tcp/index.js
FN:20,SwimTransport
FN:28,(anonymous_1)
FN:35,(anonymous_2)
FN:51,(anonymous_3)
FN:67,(anonymous_4)
FN:86,(anonymous_5)
FN:103,addDiscoveredNode
FN:118,(anonymous_7)
FN:131,startDiscoveryServer
FN:132,(anonymous_9)
FN:150,startTCPServer
FN:156,(anonymous_11)
FN:161,(anonymous_12)
FN:174,startTimers
FN:175,(anonymous_14)
FN:179,sendGossipRequest
FN:193,(anonymous_16)
FN:225,sendGossipRequestToRandomEndpoint
FN:234,(anonymous_18)
FN:240,onGossipHelloMessage
FN:255,onGossipRequestMessage
FN:266,(anonymous_21)
FN:335,(anonymous_22)
FN:342,onGossipResponseMessage
FN:349,(anonymous_24)
FN:390,(anonymous_25)
FN:414,onMessage
FNF:27
FNH:0
FNDA:0,SwimTransport
FNDA:0,(anonymous_1)
FNDA:0,(anonymous_2)
FNDA:0,(anonymous_3)
FNDA:0,(anonymous_4)
FNDA:0,(anonymous_5)
FNDA:0,addDiscoveredNode
FNDA:0,(anonymous_7)
FNDA:0,startDiscoveryServer
FNDA:0,(anonymous_9)
FNDA:0,startTCPServer
FNDA:0,(anonymous_11)
FNDA:0,(anonymous_12)
FNDA:0,startTimers
FNDA:0,(anonymous_14)
FNDA:0,sendGossipRequest
FNDA:0,(anonymous_16)
FNDA:0,sendGossipRequestToRandomEndpoint
FNDA:0,(anonymous_18)
FNDA:0,onGossipHelloMessage
FNDA:0,onGossipRequestMessage
FNDA:0,(anonymous_21)
FNDA:0,(anonymous_22)
FNDA:0,onGossipResponseMessage
FNDA:0,(anonymous_24)
FNDA:0,(anonymous_25)
FNDA:0,onMessage
DA:2,25
DA:3,25
DA:4,25
DA:5,25
DA:6,25
DA:7,25
DA:10,25
DA:20,25
DA:21,0
DA:23,0
DA:28,0
DA:29,0
DA:30,0
DA:33,0
DA:35,0
DA:36,0
DA:38,0
DA:39,0
DA:41,0
DA:43,0
DA:44,0
DA:46,0
DA:48,0
DA:51,0
DA:52,0
DA:60,0
DA:63,0
DA:64,0
DA:67,0
DA:68,0
DA:70,0
DA:71,0
DA:74,0
DA:76,0
DA:81,0
DA:83,0
DA:86,0
DA:87,0
DA:88,0
DA:89,0
DA:91,0
DA:92,0
DA:94,0
DA:95,0
DA:98,0
DA:100,0
DA:104,0
DA:106,0
DA:107,0
DA:108,0
DA:109,0
DA:110,0
DA:111,0
DA:112,0
DA:113,0
DA:115,0
DA:118,0
DA:119,0
DA:121,0
DA:123,0
DA:125,0
DA:127,0
DA:132,0
DA:133,0
DA:134,0
DA:135,0
DA:136,0
DA:138,0
DA:139,0
DA:141,0
DA:142,0
DA:147,0
DA:151,0
DA:152,0
DA:154,0
DA:156,0
DA:157,0
DA:158,0
DA:161,0
DA:162,0
DA:163,0
DA:171,0
DA:175,0
DA:176,0
DA:180,0
DA:181,0
DA:182,0
DA:185,0
DA:190,0
DA:191,0
DA:193,0
DA:194,0
DA:195,0
DA:197,0
DA:198,0
DA:201,0
DA:202,0
DA:204,0
DA:208,0
DA:209,0
DA:212,0
DA:213,0
DA:216,0
DA:217,0
DA:220,0
DA:221,0
DA:226,0
DA:227,0
DA:230,0
DA:231,0
DA:232,0
DA:234,0
DA:235,0
DA:241,0
DA:242,0
DA:243,0
DA:244,0
DA:245,0
DA:247,0
DA:248,0
DA:251,0
DA:256,0
DA:257,0
DA:258,0
DA:259,0
DA:261,0
DA:266,0
DA:267,0
DA:268,0
DA:273,0
DA:274,0
DA:275,0
DA:276,0
DA:279,0
DA:281,0
DA:282,0
DA:283,0
DA:285,0
DA:287,0
DA:291,0
DA:293,0
DA:295,0
DA:296,0
DA:298,0
DA:299,0
DA:301,0
DA:302,0
DA:303,0
DA:304,0
DA:305,0
DA:306,0
DA:308,0
DA:309,0
DA:310,0
DA:311,0
DA:315,0
DA:316,0
DA:319,0
DA:324,0
DA:325,0
DA:328,0
DA:329,0
DA:332,0
DA:333,0
DA:334,0
DA:335,0
DA:338,0
DA:343,0
DA:344,0
DA:345,0
DA:348,0
DA:349,0
DA:350,0
DA:351,0
DA:354,0
DA:356,0
DA:357,0
DA:364,0
DA:365,0
DA:366,0
DA:367,0
DA:368,0
DA:369,0
DA:372,0
DA:373,0
DA:375,0
DA:376,0
DA:379,0
DA:380,0
DA:389,0
DA:390,0
DA:391,0
DA:393,0
DA:394,0
DA:396,0
DA:397,0
DA:401,0
DA:402,0
DA:403,0
DA:405,0
DA:410,0
DA:415,0
DA:418,0
DA:420,0
DA:424,0
LF:205
LH:8
BRDA:52,0,0,0
BRDA:52,0,1,0
BRDA:52,1,0,0
BRDA:52,1,1,0
BRDA:70,2,0,0
BRDA:70,2,1,0
BRDA:88,3,0,0
BRDA:88,3,1,0
BRDA:91,4,0,0
BRDA:91,4,1,0
BRDA:94,5,0,0
BRDA:94,5,1,0
BRDA:119,6,0,0
BRDA:119,6,1,0
BRDA:119,6,2,0
BRDA:119,6,3,0
BRDA:133,7,0,0
BRDA:133,7,1,0
BRDA:133,8,0,0
BRDA:133,8,1,0
BRDA:135,9,0,0
BRDA:135,9,1,0
BRDA:139,10,0,0
BRDA:139,10,1,0
BRDA:181,11,0,0
BRDA:181,11,1,0
BRDA:181,12,0,0
BRDA:181,12,1,0
BRDA:194,13,0,0
BRDA:194,13,1,0
BRDA:195,14,0,0
BRDA:195,14,1,0
BRDA:195,15,0,0
BRDA:195,15,1,0
BRDA:197,16,0,0
BRDA:197,16,1,0
BRDA:201,17,0,0
BRDA:201,17,1,0
BRDA:208,18,0,0
BRDA:208,18,1,0
BRDA:212,19,0,0
BRDA:212,19,1,0
BRDA:216,20,0,0
BRDA:216,20,1,0
BRDA:220,21,0,0
BRDA:220,21,1,0
BRDA:226,22,0,0
BRDA:226,22,1,0
BRDA:226,23,0,0
BRDA:226,23,1,0
BRDA:231,24,0,0
BRDA:231,24,1,0
BRDA:247,25,0,0
BRDA:247,25,1,0
BRDA:267,26,0,0
BRDA:267,26,1,0
BRDA:268,27,0,0
BRDA:268,27,1,0
BRDA:273,28,0,0
BRDA:273,28,1,0
BRDA:275,29,0,0
BRDA:275,29,1,0
BRDA:279,30,0,0
BRDA:279,30,1,0
BRDA:279,31,0,0
BRDA:279,31,1,0
BRDA:281,32,0,0
BRDA:281,32,1,0
BRDA:283,33,0,0
BRDA:283,33,1,0
BRDA:283,34,0,0
BRDA:283,34,1,0
BRDA:291,35,0,0
BRDA:291,35,1,0
BRDA:293,36,0,0
BRDA:293,36,1,0
BRDA:295,37,0,0
BRDA:295,37,1,0
BRDA:299,38,0,0
BRDA:299,38,1,0
BRDA:303,39,0,0
BRDA:303,39,1,0
BRDA:306,40,0,0
BRDA:306,40,1,0
BRDA:306,41,0,0
BRDA:306,41,1,0
BRDA:308,42,0,0
BRDA:308,42,1,0
BRDA:309,43,0,0
BRDA:309,43,1,0
BRDA:310,44,0,0
BRDA:310,44,1,0
BRDA:315,45,0,0
BRDA:315,45,1,0
BRDA:316,46,0,0
BRDA:316,46,1,0
BRDA:316,47,0,0
BRDA:316,47,1,0
BRDA:324,48,0,0
BRDA:324,48,1,0
BRDA:328,49,0,0
BRDA:328,49,1,0
BRDA:332,50,0,0
BRDA:332,50,1,0
BRDA:332,51,0,0
BRDA:332,51,1,0
BRDA:348,52,0,0
BRDA:348,52,1,0
BRDA:350,53,0,0
BRDA:350,53,1,0
BRDA:356,54,0,0
BRDA:356,54,1,0
BRDA:364,55,0,0
BRDA:364,55,1,0
BRDA:366,56,0,0
BRDA:366,56,1,0
BRDA:368,57,0,0
BRDA:368,57,1,0
BRDA:373,58,0,0
BRDA:373,58,1,0
BRDA:373,59,0,0
BRDA:373,59,1,0
BRDA:373,59,2,0
BRDA:379,60,0,0
BRDA:379,60,1,0
BRDA:379,61,0,0
BRDA:379,61,1,0
BRDA:379,61,2,0
BRDA:389,62,0,0
BRDA:389,62,1,0
BRDA:391,63,0,0
BRDA:391,63,1,0
BRDA:396,64,0,0
BRDA:396,64,1,0
BRDA:401,65,0,0
BRDA:401,65,1,0
BRDA:402,66,0,0
BRDA:402,66,1,0
BRF:138
BRH:0
end_of_record
TN:
SF:lib/transport/adapters/tcp/tcp-messagetypes.js
FN:1,(anonymous_0)
FN:6,(anonymous_1)
FN:11,(anonymous_2)
FN:14,(anonymous_3)
FN:15,(anonymous_4)
FNF:5
FNH:0
FNDA:0,(anonymous_0)
FNDA:0,(anonymous_1)
FNDA:0,(anonymous_2)
FNDA:0,(anonymous_3)
FNDA:0,(anonymous_4)
DA:1,25
DA:2,0
DA:4,0
DA:7,0
DA:10,0
DA:12,0
DA:15,0
LF:7
LH:1
BRF:0
BRH:0
end_of_record
TN:
SF:lib/transport/adapters/tcp/tcpReader.js
FN:5,(anonymous_0)
FN:12,(anonymous_1)
FN:13,(anonymous_2)
FN:14,(anonymous_3)
FN:16,(anonymous_4)
FN:21,(anonymous_5)
FN:30,(anonymous_6)
FN:32,(anonymous_7)
FN:37,onTCPClientConnected
FN:43,(anonymous_9)
FN:48,(anonymous_10)
FN:52,(anonymous_11)
FN:57,(anonymous_12)
FN:62,closeSocket
FNF:14
FNH:0
FNDA:0,(anonymous_0)
FNDA:0,(anonymous_1)
FNDA:0,(anonymous_2)
FNDA:0,(anonymous_3)
FNDA:0,(anonymous_4)
FNDA:0,(anonymous_5)
FNDA:0,(anonymous_6)
FNDA:0,(anonymous_7)
FNDA:0,onTCPClientConnected
FNDA:0,(anonymous_9)
FNDA:0,(anonymous_10)
FNDA:0,(anonymous_11)
FNDA:0,(anonymous_12)
FNDA:0,closeSocket
DA:1,25
DA:2,25
DA:3,25
DA:5,25
DA:6,0
DA:7,0
DA:10,0
DA:12,0
DA:13,0
DA:14,0
DA:16,0
DA:17,0
DA:18,0
DA:21,0
DA:22,0
DA:23,0
DA:24,0
DA:25,0
DA:30,0
DA:31,0
DA:32,0
DA:33,0
DA:38,0
DA:40,0
DA:41,0
DA:43,0
DA:44,0
DA:45,0
DA:48,0
DA:49,0
DA:52,0
DA:53,0
DA:54,0
DA:57,0
DA:58,0
DA:63,0
DA:64,0
DA:67,0
LF:38
LH:4
BRDA:31,0,0,0
BRDA:31,0,1,0
BRDA:31,1,0,0
BRDA:31,1,1,0
BRF:4
BRH:0
end_of_record
TN:
SF:lib/transport/adapters/tcp/tcpWriteStream.js
FN:8,(anonymous_0)
FN:16,(anonymous_1)
FNF:2
FNH:0
FNDA:0,(anonymous_0)
FNDA:0,(anonymous_1)
DA:2,25
DA:3,25
DA:4,25
DA:5,25
DA:7,25
DA:9,0
DA:10,0
DA:11,0
DA:12,0
DA:13,0
DA:17,0
DA:19,0
DA:20,0
DA:21,0
DA:24,0
DA:25,0
DA:26,0
DA:27,0
DA:30,0
DA:31,0
DA:34,0
DA:36,0
DA:37,0
DA:40,0
DA:41,0
DA:42,0
DA:43,0
DA:45,0
DA:46,0
DA:48,0
DA:49,0
DA:52,0
LF:32
LH:5
BRDA:19,0,0,0
BRDA:19,0,1,0
BRDA:19,1,0,0
BRDA:19,1,1,0
BRDA:25,2,0,0
BRDA:25,2,1,0
BRDA:30,3,0,0
BRDA:30,3,1,0
BRDA:36,4,0,0
BRDA:36,4,1,0
BRDA:41,5,0,0
BRDA:41,5,1,0
BRF:12
BRH:0
end_of_record
TN:
SF:lib/transport/adapters/tcp/tcpWriter.js
FN:6,(anonymous_0)
FN:12,(anonymous_1)
FN:21,(anonymous_2)
FN:23,(anonymous_3)
FN:32,(anonymous_4)
FN:33,(anonymous_5)
FN:36,(anonymous_6)
FN:55,(anonymous_7)
FN:65,(anonymous_8)
FN:74,(anonymous_9)
FN:76,(anonymous_10)
FN:84,(anonymous_11)
FN:85,(anonymous_12)
FN:97,(anonymous_13)
FN:108,(anonymous_14)
FN:109,(anonymous_15)
FNF:16
FNH:0
FNDA:0,(anonymous_0)
FNDA:0,(anonymous_1)
FNDA:0,(anonymous_2)
FNDA:0,(anonymous_3)
FNDA:0,(anonymous_4)
FNDA:0,(anonymous_5)
FNDA:0,(anonymous_6)
FNDA:0,(anonymous_7)
FNDA:0,(anonymous_8)
FNDA:0,(anonymous_9)
FNDA:0,(anonymous_10)
FNDA:0,(anonymous_11)
FNDA:0,(anonymous_12)
FNDA:0,(anonymous_13)
FNDA:0,(anonymous_14)
FNDA:0,(anonymous_15)
DA:1,25
DA:2,25
DA:3,25
DA:4,25
DA:6,25
DA:7,0
DA:8,0
DA:9,0
DA:10,0
DA:12,0
DA:13,0
DA:14,0
DA:15,0
DA:18,0
DA:19,0
DA:21,0
DA:22,0
DA:23,0
DA:25,0
DA:26,0
DA:27,0
DA:29,0
DA:31,0
DA:32,0
DA:33,0
DA:36,0
DA:37,0
DA:39,0
DA:41,0
DA:42,0
DA:46,0
DA:48,0
DA:49,0
DA:55,0
DA:56,0
DA:58,0
DA:59,0
DA:62,0
DA:65,0
DA:66,0
DA:67,0
DA:68,0
DA:71,0
DA:74,0
DA:75,0
DA:77,0
DA:79,0
DA:80,0
DA:82,0
DA:85,0
DA:86,0
DA:88,0
DA:89,0
DA:91,0
DA:92,0
DA:94,0
DA:96,0
DA:97,0
DA:98,0
DA:101,0
DA:102,0
DA:108,0
DA:109,0
DA:110,0
DA:111,0
DA:113,0
DA:115,0
DA:118,0
LF:68
LH:5
BRDA:14,0,0,0
BRDA:14,0,1,0
BRDA:41,1,0,0
BRDA:41,1,1,0
BRDA:48,2,0,0
BRDA:48,2,1,0
BRDA:58,3,0,0
BRDA:58,3,1,0
BRDA:58,4,0,0
BRDA:58,4,1,0
BRDA:58,4,2,0
BRDA:67,5,0,0
BRDA:67,5,1,0
BRDA:67,6,0,0
BRDA:67,6,1,0
BRDA:79,7,0,0
BRDA:79,7,1,0
BRDA:79,8,0,0
BRDA:79,8,1,0
BRDA:110,9,0,0
BRDA:110,9,1,0
BRF:21
BRH:0
end_of_record
TN:
SF:lib/transport/adapters/tcp/discovery/codec.js
FN:1,createCodec
FN:3,(anonymous_1)
FN:6,(anonymous_2)
FNF:3
FNH:3
FNDA:1,createCodec
FNDA:1,(anonymous_1)
FNDA:1,(anonymous_2)
DA:1,26
DA:2,1
DA:4,1
DA:7,1
LF:4
LH:4
BRF:0
BRH:0
end_of_record
TN:
SF:lib/transport/adapters/tcp/discovery/index.js
FN:10,(anonymous_0)
FN:19,(anonymous_1)
FN:20,(anonymous_2)
FN:24,(anonymous_3)
FN:37,(anonymous_4)
FN:54,(anonymous_5)
FN:60,(anonymous_6)
FN:64,sendMessage
FN:70,(anonymous_8)
FN:71,(anonymous_9)
FN:72,(anonymous_10)
FN:81,sendDiscoveryPackage
FN:89,startDiscovering
FN:90,(anonymous_13)
FN:95,stopDiscovery
FN:105,(anonymous_15)
FN:110,(anonymous_16)
FN:111,(anonymous_17)
FN:111,(anonymous_18)
FN:112,(anonymous_19)
FN:114,(anonymous_20)
FN:116,(anonymous_21)
FNF:22
FNH:0
FNDA:0,(anonymous_0)
FNDA:0,(anonymous_1)
FNDA:0,(anonymous_2)
FNDA:0,(anonymous_3)
FNDA:0,(anonymous_4)
FNDA:0,(anonymous_5)
FNDA:0,(anonymous_6)
FNDA:0,sendMessage
FNDA:0,(anonymous_8)
FNDA:0,(anonymous_9)
FNDA:0,(anonymous_10)
FNDA:0,sendDiscoveryPackage
FNDA:0,startDiscovering
FNDA:0,(anonymous_13)
FNDA:0,stopDiscovery
FNDA:0,(anonymous_15)
FNDA:0,(anonymous_16)
FNDA:0,(anonymous_17)
FNDA:0,(anonymous_18)
FNDA:0,(anonymous_19)
FNDA:0,(anonymous_20)
FNDA:0,(anonymous_21)
DA:1,25
DA:2,25
DA:3,25
DA:4,25
DA:6,25
DA:10,25
DA:11,0
DA:12,0
DA:13,0
DA:14,0
DA:16,0
DA:19,0
DA:20,0
DA:21,0
DA:22,0
DA:24,0
DA:25,0
DA:26,0
DA:28,0
DA:30,0
DA:31,0
DA:33,0
DA:37,0
DA:38,0
DA:39,0
DA:40,0
DA:41,0
DA:42,0
DA:45,0
DA:47,0
DA:49,0
DA:54,0
DA:55,0
DA:56,0
DA:57,0
DA:60,0
DA:61,0
DA:65,0
DA:66,0
DA:68,0
DA:70,0
DA:71,0
DA:72,0
DA:73,0
DA:74,0
DA:82,0
DA:90,0
DA:92,0
DA:96,0
DA:97,0
DA:98,0
DA:99,0
DA:103,0
DA:106,0
DA:107,0
DA:110,0
DA:111,0
DA:112,0
DA:115,0
DA:116,0
DA:117,0
DA:122,25
LF:62
LH:7
BRDA:28,0,0,0
BRDA:28,0,1,0
BRDA:73,1,0,0
BRDA:73,1,1,0
BRDA:96,2,0,0
BRDA:96,2,1,0
BRDA:106,3,0,0
BRDA:106,3,1,0
BRF:8
BRH:0
end_of_record
TN:
SF:lib/utils/options.js
FN:12,mergeSettings
FN:16,mergeMeta
FN:20,mergeUniqueArrays
FN:24,mergeActions
FN:25,(anonymous_4)
FN:41,mergeEvents
FN:42,(anonymous_6)
FN:57,mergeMethods
FN:61,mergeActionHooks
FN:62,(anonymous_9)
FN:67,(anonymous_10)
FN:77,mergeLifecicleHooks
FN:81,(anonymous_12)
FN:85,(anonymous_13)
FNF:14
FNH:14
FNDA:9,mergeSettings
FNDA:9,mergeMeta
FNDA:16,mergeUniqueArrays
FNDA:11,mergeActions
FNDA:20,(anonymous_4)
FNDA:15,mergeEvents
FNDA:21,(anonymous_6)
FNDA:9,mergeMethods
FNDA:9,mergeActionHooks
FNDA:18,(anonymous_9)
FNDA:18,(anonymous_10)
FNDA:33,mergeLifecicleHooks
FNDA:25,(anonymous_12)
FNDA:134,(anonymous_13)
DA:10,25
DA:13,9
DA:17,9
DA:21,16
DA:25,11
DA:27,20
DA:28,9
DA:29,9
DA:32,11
DA:33,11
DA:35,11
DA:38,11
DA:42,15
DA:43,21
DA:44,21
DA:46,21
DA:47,21
DA:48,6
DA:51,21
DA:52,21
DA:54,15
DA:58,9
DA:62,9
DA:63,18
DA:64,0
DA:67,18
DA:68,18
DA:69,18
DA:70,18
DA:74,9
DA:78,33
DA:81,25
DA:82,25
DA:83,25
DA:85,25
DA:86,134
DA:88,23
DA:89,111
DA:90,2
DA:91,109
DA:92,14
DA:93,95
DA:94,9
DA:95,86
DA:96,9
DA:97,77
DA:98,11
DA:99,66
DA:100,9
DA:101,57
DA:102,15
DA:103,42
DA:104,9
DA:105,33
DA:106,33
DA:109,0
DA:113,25
LF:57
LH:55
BRDA:27,0,0,9
BRDA:27,0,1,11
BRDA:27,1,0,20
BRDA:27,1,1,9
BRDA:46,2,0,21
BRDA:46,2,1,0
BRDA:46,3,0,15
BRDA:46,3,1,6
BRDA:47,4,0,6
BRDA:47,4,1,15
BRDA:63,5,0,0
BRDA:63,5,1,18
BRDA:86,6,0,23
BRDA:86,6,1,111
BRDA:89,7,0,2
BRDA:89,7,1,109
BRDA:91,8,0,14
BRDA:91,8,1,95
BRDA:92,9,0,14
BRDA:92,9,1,12
BRDA:93,10,0,9
BRDA:93,10,1,86
BRDA:95,11,0,9
BRDA:95,11,1,77
BRDA:97,12,0,11
BRDA:97,12,1,66
BRDA:98,13,0,11
BRDA:98,13,1,0
BRDA:99,14,0,9
BRDA:99,14,1,57
BRDA:100,15,0,9
BRDA:100,15,1,0
BRDA:101,16,0,15
BRDA:101,16,1,42
BRDA:102,17,0,15
BRDA:102,17,1,0
BRDA:103,18,0,9
BRDA:103,18,1,33
BRDA:104,19,0,9
BRDA:104,19,1,9
BRDA:105,20,0,33
BRDA:105,20,1,0
BRF:42
BRH:36
end_of_record
